<?xml version="1.0" encoding="UTF-8"?>
<testsuite xmlns:xsi="http://www.w3.org/2001/XMLSchema-instance" xsi:noNamespaceSchemaLocation="https://maven.apache.org/surefire/maven-surefire-plugin/xsd/surefire-test-report.xsd" name="tacos.HomeControllerTest" time="0.964" tests="1" errors="1" skipped="0" failures="0">
  <properties>
    <property name="java.specification.version" value="17"/>
    <property name="sun.jnu.encoding" value="UTF-8"/>
    <property name="java.class.path" value="/Users/aselaillayapparachchi/IdeaProjects/learn-spring-in-action/taco-cloud-data-rest-jpa/target/test-classes:/Users/aselaillayapparachchi/IdeaProjects/learn-spring-in-action/taco-cloud-data-rest-jpa/target/classes:/Users/aselaillayapparachchi/.m2/repository/org/springframework/boot/spring-boot-starter-thymeleaf/2.5.3/spring-boot-starter-thymeleaf-2.5.3.jar:/Users/aselaillayapparachchi/.m2/repository/org/springframework/boot/spring-boot-starter/2.5.3/spring-boot-starter-2.5.3.jar:/Users/aselaillayapparachchi/.m2/repository/org/springframework/boot/spring-boot-starter-logging/2.5.3/spring-boot-starter-logging-2.5.3.jar:/Users/aselaillayapparachchi/.m2/repository/ch/qos/logback/logback-classic/1.2.4/logback-classic-1.2.4.jar:/Users/aselaillayapparachchi/.m2/repository/ch/qos/logback/logback-core/1.2.4/logback-core-1.2.4.jar:/Users/aselaillayapparachchi/.m2/repository/org/apache/logging/log4j/log4j-to-slf4j/2.14.1/log4j-to-slf4j-2.14.1.jar:/Users/aselaillayapparachchi/.m2/repository/org/apache/logging/log4j/log4j-api/2.14.1/log4j-api-2.14.1.jar:/Users/aselaillayapparachchi/.m2/repository/org/slf4j/jul-to-slf4j/1.7.32/jul-to-slf4j-1.7.32.jar:/Users/aselaillayapparachchi/.m2/repository/jakarta/annotation/jakarta.annotation-api/1.3.5/jakarta.annotation-api-1.3.5.jar:/Users/aselaillayapparachchi/.m2/repository/org/yaml/snakeyaml/1.28/snakeyaml-1.28.jar:/Users/aselaillayapparachchi/.m2/repository/org/thymeleaf/thymeleaf-spring5/3.0.12.RELEASE/thymeleaf-spring5-3.0.12.RELEASE.jar:/Users/aselaillayapparachchi/.m2/repository/org/thymeleaf/thymeleaf/3.0.12.RELEASE/thymeleaf-3.0.12.RELEASE.jar:/Users/aselaillayapparachchi/.m2/repository/org/attoparser/attoparser/2.0.5.RELEASE/attoparser-2.0.5.RELEASE.jar:/Users/aselaillayapparachchi/.m2/repository/org/unbescape/unbescape/1.1.6.RELEASE/unbescape-1.1.6.RELEASE.jar:/Users/aselaillayapparachchi/.m2/repository/org/slf4j/slf4j-api/1.7.32/slf4j-api-1.7.32.jar:/Users/aselaillayapparachchi/.m2/repository/org/thymeleaf/extras/thymeleaf-extras-java8time/3.0.4.RELEASE/thymeleaf-extras-java8time-3.0.4.RELEASE.jar:/Users/aselaillayapparachchi/.m2/repository/org/springframework/boot/spring-boot-starter-web/2.5.3/spring-boot-starter-web-2.5.3.jar:/Users/aselaillayapparachchi/.m2/repository/org/springframework/boot/spring-boot-starter-json/2.5.3/spring-boot-starter-json-2.5.3.jar:/Users/aselaillayapparachchi/.m2/repository/com/fasterxml/jackson/core/jackson-databind/2.12.4/jackson-databind-2.12.4.jar:/Users/aselaillayapparachchi/.m2/repository/com/fasterxml/jackson/core/jackson-core/2.12.4/jackson-core-2.12.4.jar:/Users/aselaillayapparachchi/.m2/repository/com/fasterxml/jackson/datatype/jackson-datatype-jdk8/2.12.4/jackson-datatype-jdk8-2.12.4.jar:/Users/aselaillayapparachchi/.m2/repository/com/fasterxml/jackson/datatype/jackson-datatype-jsr310/2.12.4/jackson-datatype-jsr310-2.12.4.jar:/Users/aselaillayapparachchi/.m2/repository/com/fasterxml/jackson/module/jackson-module-parameter-names/2.12.4/jackson-module-parameter-names-2.12.4.jar:/Users/aselaillayapparachchi/.m2/repository/org/springframework/boot/spring-boot-starter-tomcat/2.5.3/spring-boot-starter-tomcat-2.5.3.jar:/Users/aselaillayapparachchi/.m2/repository/org/apache/tomcat/embed/tomcat-embed-core/9.0.50/tomcat-embed-core-9.0.50.jar:/Users/aselaillayapparachchi/.m2/repository/org/apache/tomcat/embed/tomcat-embed-websocket/9.0.50/tomcat-embed-websocket-9.0.50.jar:/Users/aselaillayapparachchi/.m2/repository/org/springframework/spring-web/5.3.9/spring-web-5.3.9.jar:/Users/aselaillayapparachchi/.m2/repository/org/springframework/spring-beans/5.3.9/spring-beans-5.3.9.jar:/Users/aselaillayapparachchi/.m2/repository/org/springframework/spring-webmvc/5.3.9/spring-webmvc-5.3.9.jar:/Users/aselaillayapparachchi/.m2/repository/org/springframework/spring-context/5.3.9/spring-context-5.3.9.jar:/Users/aselaillayapparachchi/.m2/repository/org/springframework/spring-expression/5.3.9/spring-expression-5.3.9.jar:/Users/aselaillayapparachchi/.m2/repository/org/springframework/boot/spring-boot-starter-actuator/2.5.3/spring-boot-starter-actuator-2.5.3.jar:/Users/aselaillayapparachchi/.m2/repository/org/springframework/boot/spring-boot-actuator-autoconfigure/2.5.3/spring-boot-actuator-autoconfigure-2.5.3.jar:/Users/aselaillayapparachchi/.m2/repository/org/springframework/boot/spring-boot-actuator/2.5.3/spring-boot-actuator-2.5.3.jar:/Users/aselaillayapparachchi/.m2/repository/io/micrometer/micrometer-core/1.7.2/micrometer-core-1.7.2.jar:/Users/aselaillayapparachchi/.m2/repository/org/hdrhistogram/HdrHistogram/2.1.12/HdrHistogram-2.1.12.jar:/Users/aselaillayapparachchi/.m2/repository/org/latencyutils/LatencyUtils/2.0.3/LatencyUtils-2.0.3.jar:/Users/aselaillayapparachchi/.m2/repository/org/springframework/boot/spring-boot-starter-data-jpa/2.5.3/spring-boot-starter-data-jpa-2.5.3.jar:/Users/aselaillayapparachchi/.m2/repository/org/springframework/boot/spring-boot-starter-aop/2.5.3/spring-boot-starter-aop-2.5.3.jar:/Users/aselaillayapparachchi/.m2/repository/org/aspectj/aspectjweaver/1.9.7/aspectjweaver-1.9.7.jar:/Users/aselaillayapparachchi/.m2/repository/org/springframework/boot/spring-boot-starter-jdbc/2.5.3/spring-boot-starter-jdbc-2.5.3.jar:/Users/aselaillayapparachchi/.m2/repository/com/zaxxer/HikariCP/4.0.3/HikariCP-4.0.3.jar:/Users/aselaillayapparachchi/.m2/repository/org/springframework/spring-jdbc/5.3.9/spring-jdbc-5.3.9.jar:/Users/aselaillayapparachchi/.m2/repository/jakarta/transaction/jakarta.transaction-api/1.3.3/jakarta.transaction-api-1.3.3.jar:/Users/aselaillayapparachchi/.m2/repository/jakarta/persistence/jakarta.persistence-api/2.2.3/jakarta.persistence-api-2.2.3.jar:/Users/aselaillayapparachchi/.m2/repository/org/hibernate/hibernate-core/5.4.32.Final/hibernate-core-5.4.32.Final.jar:/Users/aselaillayapparachchi/.m2/repository/org/jboss/logging/jboss-logging/3.4.2.Final/jboss-logging-3.4.2.Final.jar:/Users/aselaillayapparachchi/.m2/repository/org/javassist/javassist/3.27.0-GA/javassist-3.27.0-GA.jar:/Users/aselaillayapparachchi/.m2/repository/net/bytebuddy/byte-buddy/1.10.22/byte-buddy-1.10.22.jar:/Users/aselaillayapparachchi/.m2/repository/antlr/antlr/2.7.7/antlr-2.7.7.jar:/Users/aselaillayapparachchi/.m2/repository/org/jboss/jandex/2.2.3.Final/jandex-2.2.3.Final.jar:/Users/aselaillayapparachchi/.m2/repository/com/fasterxml/classmate/1.5.1/classmate-1.5.1.jar:/Users/aselaillayapparachchi/.m2/repository/org/dom4j/dom4j/2.1.3/dom4j-2.1.3.jar:/Users/aselaillayapparachchi/.m2/repository/org/hibernate/common/hibernate-commons-annotations/5.1.2.Final/hibernate-commons-annotations-5.1.2.Final.jar:/Users/aselaillayapparachchi/.m2/repository/org/glassfish/jaxb/jaxb-runtime/2.3.4/jaxb-runtime-2.3.4.jar:/Users/aselaillayapparachchi/.m2/repository/org/glassfish/jaxb/txw2/2.3.4/txw2-2.3.4.jar:/Users/aselaillayapparachchi/.m2/repository/com/sun/istack/istack-commons-runtime/3.0.12/istack-commons-runtime-3.0.12.jar:/Users/aselaillayapparachchi/.m2/repository/com/sun/activation/jakarta.activation/1.2.2/jakarta.activation-1.2.2.jar:/Users/aselaillayapparachchi/.m2/repository/org/springframework/data/spring-data-jpa/2.5.3/spring-data-jpa-2.5.3.jar:/Users/aselaillayapparachchi/.m2/repository/org/springframework/data/spring-data-commons/2.5.3/spring-data-commons-2.5.3.jar:/Users/aselaillayapparachchi/.m2/repository/org/springframework/spring-orm/5.3.9/spring-orm-5.3.9.jar:/Users/aselaillayapparachchi/.m2/repository/org/springframework/spring-tx/5.3.9/spring-tx-5.3.9.jar:/Users/aselaillayapparachchi/.m2/repository/org/springframework/spring-aspects/5.3.9/spring-aspects-5.3.9.jar:/Users/aselaillayapparachchi/.m2/repository/org/springframework/boot/spring-boot-starter-data-rest/2.5.3/spring-boot-starter-data-rest-2.5.3.jar:/Users/aselaillayapparachchi/.m2/repository/org/springframework/data/spring-data-rest-webmvc/3.5.3/spring-data-rest-webmvc-3.5.3.jar:/Users/aselaillayapparachchi/.m2/repository/org/springframework/data/spring-data-rest-core/3.5.3/spring-data-rest-core-3.5.3.jar:/Users/aselaillayapparachchi/.m2/repository/org/springframework/hateoas/spring-hateoas/1.3.3/spring-hateoas-1.3.3.jar:/Users/aselaillayapparachchi/.m2/repository/org/springframework/plugin/spring-plugin-core/2.0.0.RELEASE/spring-plugin-core-2.0.0.RELEASE.jar:/Users/aselaillayapparachchi/.m2/repository/org/atteo/evo-inflector/1.2.2/evo-inflector-1.2.2.jar:/Users/aselaillayapparachchi/.m2/repository/com/fasterxml/jackson/core/jackson-annotations/2.12.4/jackson-annotations-2.12.4.jar:/Users/aselaillayapparachchi/.m2/repository/org/springframework/boot/spring-boot-starter-validation/2.5.3/spring-boot-starter-validation-2.5.3.jar:/Users/aselaillayapparachchi/.m2/repository/org/apache/tomcat/embed/tomcat-embed-el/9.0.50/tomcat-embed-el-9.0.50.jar:/Users/aselaillayapparachchi/.m2/repository/org/hibernate/validator/hibernate-validator/6.2.0.Final/hibernate-validator-6.2.0.Final.jar:/Users/aselaillayapparachchi/.m2/repository/jakarta/validation/jakarta.validation-api/2.0.2/jakarta.validation-api-2.0.2.jar:/Users/aselaillayapparachchi/.m2/repository/org/springframework/boot/spring-boot-starter-security/2.5.3/spring-boot-starter-security-2.5.3.jar:/Users/aselaillayapparachchi/.m2/repository/org/springframework/spring-aop/5.3.9/spring-aop-5.3.9.jar:/Users/aselaillayapparachchi/.m2/repository/org/springframework/security/spring-security-config/5.5.1/spring-security-config-5.5.1.jar:/Users/aselaillayapparachchi/.m2/repository/org/springframework/security/spring-security-core/5.5.1/spring-security-core-5.5.1.jar:/Users/aselaillayapparachchi/.m2/repository/org/springframework/security/spring-security-crypto/5.5.1/spring-security-crypto-5.5.1.jar:/Users/aselaillayapparachchi/.m2/repository/org/springframework/security/spring-security-web/5.5.1/spring-security-web-5.5.1.jar:/Users/aselaillayapparachchi/.m2/repository/org/springframework/boot/spring-boot-devtools/2.5.3/spring-boot-devtools-2.5.3.jar:/Users/aselaillayapparachchi/.m2/repository/org/springframework/boot/spring-boot/2.5.3/spring-boot-2.5.3.jar:/Users/aselaillayapparachchi/.m2/repository/org/springframework/boot/spring-boot-autoconfigure/2.5.3/spring-boot-autoconfigure-2.5.3.jar:/Users/aselaillayapparachchi/.m2/repository/org/springframework/boot/spring-boot-starter-test/2.5.3/spring-boot-starter-test-2.5.3.jar:/Users/aselaillayapparachchi/.m2/repository/org/springframework/boot/spring-boot-test/2.5.3/spring-boot-test-2.5.3.jar:/Users/aselaillayapparachchi/.m2/repository/org/springframework/boot/spring-boot-test-autoconfigure/2.5.3/spring-boot-test-autoconfigure-2.5.3.jar:/Users/aselaillayapparachchi/.m2/repository/com/jayway/jsonpath/json-path/2.5.0/json-path-2.5.0.jar:/Users/aselaillayapparachchi/.m2/repository/net/minidev/json-smart/2.4.7/json-smart-2.4.7.jar:/Users/aselaillayapparachchi/.m2/repository/net/minidev/accessors-smart/2.4.7/accessors-smart-2.4.7.jar:/Users/aselaillayapparachchi/.m2/repository/org/ow2/asm/asm/9.1/asm-9.1.jar:/Users/aselaillayapparachchi/.m2/repository/jakarta/xml/bind/jakarta.xml.bind-api/2.3.3/jakarta.xml.bind-api-2.3.3.jar:/Users/aselaillayapparachchi/.m2/repository/jakarta/activation/jakarta.activation-api/1.2.2/jakarta.activation-api-1.2.2.jar:/Users/aselaillayapparachchi/.m2/repository/org/assertj/assertj-core/3.19.0/assertj-core-3.19.0.jar:/Users/aselaillayapparachchi/.m2/repository/org/hamcrest/hamcrest/2.2/hamcrest-2.2.jar:/Users/aselaillayapparachchi/.m2/repository/org/junit/jupiter/junit-jupiter/5.7.2/junit-jupiter-5.7.2.jar:/Users/aselaillayapparachchi/.m2/repository/org/junit/jupiter/junit-jupiter-api/5.7.2/junit-jupiter-api-5.7.2.jar:/Users/aselaillayapparachchi/.m2/repository/org/apiguardian/apiguardian-api/1.1.0/apiguardian-api-1.1.0.jar:/Users/aselaillayapparachchi/.m2/repository/org/opentest4j/opentest4j/1.2.0/opentest4j-1.2.0.jar:/Users/aselaillayapparachchi/.m2/repository/org/junit/platform/junit-platform-commons/1.7.2/junit-platform-commons-1.7.2.jar:/Users/aselaillayapparachchi/.m2/repository/org/junit/jupiter/junit-jupiter-params/5.7.2/junit-jupiter-params-5.7.2.jar:/Users/aselaillayapparachchi/.m2/repository/org/junit/jupiter/junit-jupiter-engine/5.7.2/junit-jupiter-engine-5.7.2.jar:/Users/aselaillayapparachchi/.m2/repository/org/junit/platform/junit-platform-engine/1.7.2/junit-platform-engine-1.7.2.jar:/Users/aselaillayapparachchi/.m2/repository/org/mockito/mockito-core/3.9.0/mockito-core-3.9.0.jar:/Users/aselaillayapparachchi/.m2/repository/net/bytebuddy/byte-buddy-agent/1.10.22/byte-buddy-agent-1.10.22.jar:/Users/aselaillayapparachchi/.m2/repository/org/objenesis/objenesis/3.2/objenesis-3.2.jar:/Users/aselaillayapparachchi/.m2/repository/org/mockito/mockito-junit-jupiter/3.9.0/mockito-junit-jupiter-3.9.0.jar:/Users/aselaillayapparachchi/.m2/repository/org/skyscreamer/jsonassert/1.5.0/jsonassert-1.5.0.jar:/Users/aselaillayapparachchi/.m2/repository/com/vaadin/external/google/android-json/0.0.20131108.vaadin1/android-json-0.0.20131108.vaadin1.jar:/Users/aselaillayapparachchi/.m2/repository/org/springframework/spring-core/5.3.9/spring-core-5.3.9.jar:/Users/aselaillayapparachchi/.m2/repository/org/springframework/spring-jcl/5.3.9/spring-jcl-5.3.9.jar:/Users/aselaillayapparachchi/.m2/repository/org/springframework/spring-test/5.3.9/spring-test-5.3.9.jar:/Users/aselaillayapparachchi/.m2/repository/org/xmlunit/xmlunit-core/2.8.2/xmlunit-core-2.8.2.jar:/Users/aselaillayapparachchi/.m2/repository/org/projectlombok/lombok/1.18.20/lombok-1.18.20.jar:/Users/aselaillayapparachchi/.m2/repository/com/h2database/h2/1.4.196/h2-1.4.196.jar:"/>
    <property name="java.vm.vendor" value="Oracle Corporation"/>
    <property name="sun.arch.data.model" value="64"/>
    <property name="java.vendor.url" value="https://java.oracle.com/"/>
    <property name="os.name" value="Mac OS X"/>
    <property name="java.vm.specification.version" value="17"/>
    <property name="sun.java.launcher" value="SUN_STANDARD"/>
    <property name="user.country" value="SG"/>
    <property name="sun.boot.library.path" value="/Library/Java/JavaVirtualMachines/jdk-17.0.1.jdk/Contents/Home/lib"/>
    <property name="sun.java.command" value="/Users/aselaillayapparachchi/IdeaProjects/learn-spring-in-action/taco-cloud-data-rest-jpa/target/surefire/surefirebooter9708438944140620912.jar /Users/aselaillayapparachchi/IdeaProjects/learn-spring-in-action/taco-cloud-data-rest-jpa/target/surefire 2024-01-13T22-39-06_656-jvmRun1 surefire8950879407496856878tmp surefire_04689310638491635535tmp"/>
    <property name="http.nonProxyHosts" value="local|*.local|169.254/16|*.169.254/16"/>
    <property name="jdk.debug" value="release"/>
    <property name="surefire.test.class.path" value="/Users/aselaillayapparachchi/IdeaProjects/learn-spring-in-action/taco-cloud-data-rest-jpa/target/test-classes:/Users/aselaillayapparachchi/IdeaProjects/learn-spring-in-action/taco-cloud-data-rest-jpa/target/classes:/Users/aselaillayapparachchi/.m2/repository/org/springframework/boot/spring-boot-starter-thymeleaf/2.5.3/spring-boot-starter-thymeleaf-2.5.3.jar:/Users/aselaillayapparachchi/.m2/repository/org/springframework/boot/spring-boot-starter/2.5.3/spring-boot-starter-2.5.3.jar:/Users/aselaillayapparachchi/.m2/repository/org/springframework/boot/spring-boot-starter-logging/2.5.3/spring-boot-starter-logging-2.5.3.jar:/Users/aselaillayapparachchi/.m2/repository/ch/qos/logback/logback-classic/1.2.4/logback-classic-1.2.4.jar:/Users/aselaillayapparachchi/.m2/repository/ch/qos/logback/logback-core/1.2.4/logback-core-1.2.4.jar:/Users/aselaillayapparachchi/.m2/repository/org/apache/logging/log4j/log4j-to-slf4j/2.14.1/log4j-to-slf4j-2.14.1.jar:/Users/aselaillayapparachchi/.m2/repository/org/apache/logging/log4j/log4j-api/2.14.1/log4j-api-2.14.1.jar:/Users/aselaillayapparachchi/.m2/repository/org/slf4j/jul-to-slf4j/1.7.32/jul-to-slf4j-1.7.32.jar:/Users/aselaillayapparachchi/.m2/repository/jakarta/annotation/jakarta.annotation-api/1.3.5/jakarta.annotation-api-1.3.5.jar:/Users/aselaillayapparachchi/.m2/repository/org/yaml/snakeyaml/1.28/snakeyaml-1.28.jar:/Users/aselaillayapparachchi/.m2/repository/org/thymeleaf/thymeleaf-spring5/3.0.12.RELEASE/thymeleaf-spring5-3.0.12.RELEASE.jar:/Users/aselaillayapparachchi/.m2/repository/org/thymeleaf/thymeleaf/3.0.12.RELEASE/thymeleaf-3.0.12.RELEASE.jar:/Users/aselaillayapparachchi/.m2/repository/org/attoparser/attoparser/2.0.5.RELEASE/attoparser-2.0.5.RELEASE.jar:/Users/aselaillayapparachchi/.m2/repository/org/unbescape/unbescape/1.1.6.RELEASE/unbescape-1.1.6.RELEASE.jar:/Users/aselaillayapparachchi/.m2/repository/org/slf4j/slf4j-api/1.7.32/slf4j-api-1.7.32.jar:/Users/aselaillayapparachchi/.m2/repository/org/thymeleaf/extras/thymeleaf-extras-java8time/3.0.4.RELEASE/thymeleaf-extras-java8time-3.0.4.RELEASE.jar:/Users/aselaillayapparachchi/.m2/repository/org/springframework/boot/spring-boot-starter-web/2.5.3/spring-boot-starter-web-2.5.3.jar:/Users/aselaillayapparachchi/.m2/repository/org/springframework/boot/spring-boot-starter-json/2.5.3/spring-boot-starter-json-2.5.3.jar:/Users/aselaillayapparachchi/.m2/repository/com/fasterxml/jackson/core/jackson-databind/2.12.4/jackson-databind-2.12.4.jar:/Users/aselaillayapparachchi/.m2/repository/com/fasterxml/jackson/core/jackson-core/2.12.4/jackson-core-2.12.4.jar:/Users/aselaillayapparachchi/.m2/repository/com/fasterxml/jackson/datatype/jackson-datatype-jdk8/2.12.4/jackson-datatype-jdk8-2.12.4.jar:/Users/aselaillayapparachchi/.m2/repository/com/fasterxml/jackson/datatype/jackson-datatype-jsr310/2.12.4/jackson-datatype-jsr310-2.12.4.jar:/Users/aselaillayapparachchi/.m2/repository/com/fasterxml/jackson/module/jackson-module-parameter-names/2.12.4/jackson-module-parameter-names-2.12.4.jar:/Users/aselaillayapparachchi/.m2/repository/org/springframework/boot/spring-boot-starter-tomcat/2.5.3/spring-boot-starter-tomcat-2.5.3.jar:/Users/aselaillayapparachchi/.m2/repository/org/apache/tomcat/embed/tomcat-embed-core/9.0.50/tomcat-embed-core-9.0.50.jar:/Users/aselaillayapparachchi/.m2/repository/org/apache/tomcat/embed/tomcat-embed-websocket/9.0.50/tomcat-embed-websocket-9.0.50.jar:/Users/aselaillayapparachchi/.m2/repository/org/springframework/spring-web/5.3.9/spring-web-5.3.9.jar:/Users/aselaillayapparachchi/.m2/repository/org/springframework/spring-beans/5.3.9/spring-beans-5.3.9.jar:/Users/aselaillayapparachchi/.m2/repository/org/springframework/spring-webmvc/5.3.9/spring-webmvc-5.3.9.jar:/Users/aselaillayapparachchi/.m2/repository/org/springframework/spring-context/5.3.9/spring-context-5.3.9.jar:/Users/aselaillayapparachchi/.m2/repository/org/springframework/spring-expression/5.3.9/spring-expression-5.3.9.jar:/Users/aselaillayapparachchi/.m2/repository/org/springframework/boot/spring-boot-starter-actuator/2.5.3/spring-boot-starter-actuator-2.5.3.jar:/Users/aselaillayapparachchi/.m2/repository/org/springframework/boot/spring-boot-actuator-autoconfigure/2.5.3/spring-boot-actuator-autoconfigure-2.5.3.jar:/Users/aselaillayapparachchi/.m2/repository/org/springframework/boot/spring-boot-actuator/2.5.3/spring-boot-actuator-2.5.3.jar:/Users/aselaillayapparachchi/.m2/repository/io/micrometer/micrometer-core/1.7.2/micrometer-core-1.7.2.jar:/Users/aselaillayapparachchi/.m2/repository/org/hdrhistogram/HdrHistogram/2.1.12/HdrHistogram-2.1.12.jar:/Users/aselaillayapparachchi/.m2/repository/org/latencyutils/LatencyUtils/2.0.3/LatencyUtils-2.0.3.jar:/Users/aselaillayapparachchi/.m2/repository/org/springframework/boot/spring-boot-starter-data-jpa/2.5.3/spring-boot-starter-data-jpa-2.5.3.jar:/Users/aselaillayapparachchi/.m2/repository/org/springframework/boot/spring-boot-starter-aop/2.5.3/spring-boot-starter-aop-2.5.3.jar:/Users/aselaillayapparachchi/.m2/repository/org/aspectj/aspectjweaver/1.9.7/aspectjweaver-1.9.7.jar:/Users/aselaillayapparachchi/.m2/repository/org/springframework/boot/spring-boot-starter-jdbc/2.5.3/spring-boot-starter-jdbc-2.5.3.jar:/Users/aselaillayapparachchi/.m2/repository/com/zaxxer/HikariCP/4.0.3/HikariCP-4.0.3.jar:/Users/aselaillayapparachchi/.m2/repository/org/springframework/spring-jdbc/5.3.9/spring-jdbc-5.3.9.jar:/Users/aselaillayapparachchi/.m2/repository/jakarta/transaction/jakarta.transaction-api/1.3.3/jakarta.transaction-api-1.3.3.jar:/Users/aselaillayapparachchi/.m2/repository/jakarta/persistence/jakarta.persistence-api/2.2.3/jakarta.persistence-api-2.2.3.jar:/Users/aselaillayapparachchi/.m2/repository/org/hibernate/hibernate-core/5.4.32.Final/hibernate-core-5.4.32.Final.jar:/Users/aselaillayapparachchi/.m2/repository/org/jboss/logging/jboss-logging/3.4.2.Final/jboss-logging-3.4.2.Final.jar:/Users/aselaillayapparachchi/.m2/repository/org/javassist/javassist/3.27.0-GA/javassist-3.27.0-GA.jar:/Users/aselaillayapparachchi/.m2/repository/net/bytebuddy/byte-buddy/1.10.22/byte-buddy-1.10.22.jar:/Users/aselaillayapparachchi/.m2/repository/antlr/antlr/2.7.7/antlr-2.7.7.jar:/Users/aselaillayapparachchi/.m2/repository/org/jboss/jandex/2.2.3.Final/jandex-2.2.3.Final.jar:/Users/aselaillayapparachchi/.m2/repository/com/fasterxml/classmate/1.5.1/classmate-1.5.1.jar:/Users/aselaillayapparachchi/.m2/repository/org/dom4j/dom4j/2.1.3/dom4j-2.1.3.jar:/Users/aselaillayapparachchi/.m2/repository/org/hibernate/common/hibernate-commons-annotations/5.1.2.Final/hibernate-commons-annotations-5.1.2.Final.jar:/Users/aselaillayapparachchi/.m2/repository/org/glassfish/jaxb/jaxb-runtime/2.3.4/jaxb-runtime-2.3.4.jar:/Users/aselaillayapparachchi/.m2/repository/org/glassfish/jaxb/txw2/2.3.4/txw2-2.3.4.jar:/Users/aselaillayapparachchi/.m2/repository/com/sun/istack/istack-commons-runtime/3.0.12/istack-commons-runtime-3.0.12.jar:/Users/aselaillayapparachchi/.m2/repository/com/sun/activation/jakarta.activation/1.2.2/jakarta.activation-1.2.2.jar:/Users/aselaillayapparachchi/.m2/repository/org/springframework/data/spring-data-jpa/2.5.3/spring-data-jpa-2.5.3.jar:/Users/aselaillayapparachchi/.m2/repository/org/springframework/data/spring-data-commons/2.5.3/spring-data-commons-2.5.3.jar:/Users/aselaillayapparachchi/.m2/repository/org/springframework/spring-orm/5.3.9/spring-orm-5.3.9.jar:/Users/aselaillayapparachchi/.m2/repository/org/springframework/spring-tx/5.3.9/spring-tx-5.3.9.jar:/Users/aselaillayapparachchi/.m2/repository/org/springframework/spring-aspects/5.3.9/spring-aspects-5.3.9.jar:/Users/aselaillayapparachchi/.m2/repository/org/springframework/boot/spring-boot-starter-data-rest/2.5.3/spring-boot-starter-data-rest-2.5.3.jar:/Users/aselaillayapparachchi/.m2/repository/org/springframework/data/spring-data-rest-webmvc/3.5.3/spring-data-rest-webmvc-3.5.3.jar:/Users/aselaillayapparachchi/.m2/repository/org/springframework/data/spring-data-rest-core/3.5.3/spring-data-rest-core-3.5.3.jar:/Users/aselaillayapparachchi/.m2/repository/org/springframework/hateoas/spring-hateoas/1.3.3/spring-hateoas-1.3.3.jar:/Users/aselaillayapparachchi/.m2/repository/org/springframework/plugin/spring-plugin-core/2.0.0.RELEASE/spring-plugin-core-2.0.0.RELEASE.jar:/Users/aselaillayapparachchi/.m2/repository/org/atteo/evo-inflector/1.2.2/evo-inflector-1.2.2.jar:/Users/aselaillayapparachchi/.m2/repository/com/fasterxml/jackson/core/jackson-annotations/2.12.4/jackson-annotations-2.12.4.jar:/Users/aselaillayapparachchi/.m2/repository/org/springframework/boot/spring-boot-starter-validation/2.5.3/spring-boot-starter-validation-2.5.3.jar:/Users/aselaillayapparachchi/.m2/repository/org/apache/tomcat/embed/tomcat-embed-el/9.0.50/tomcat-embed-el-9.0.50.jar:/Users/aselaillayapparachchi/.m2/repository/org/hibernate/validator/hibernate-validator/6.2.0.Final/hibernate-validator-6.2.0.Final.jar:/Users/aselaillayapparachchi/.m2/repository/jakarta/validation/jakarta.validation-api/2.0.2/jakarta.validation-api-2.0.2.jar:/Users/aselaillayapparachchi/.m2/repository/org/springframework/boot/spring-boot-starter-security/2.5.3/spring-boot-starter-security-2.5.3.jar:/Users/aselaillayapparachchi/.m2/repository/org/springframework/spring-aop/5.3.9/spring-aop-5.3.9.jar:/Users/aselaillayapparachchi/.m2/repository/org/springframework/security/spring-security-config/5.5.1/spring-security-config-5.5.1.jar:/Users/aselaillayapparachchi/.m2/repository/org/springframework/security/spring-security-core/5.5.1/spring-security-core-5.5.1.jar:/Users/aselaillayapparachchi/.m2/repository/org/springframework/security/spring-security-crypto/5.5.1/spring-security-crypto-5.5.1.jar:/Users/aselaillayapparachchi/.m2/repository/org/springframework/security/spring-security-web/5.5.1/spring-security-web-5.5.1.jar:/Users/aselaillayapparachchi/.m2/repository/org/springframework/boot/spring-boot-devtools/2.5.3/spring-boot-devtools-2.5.3.jar:/Users/aselaillayapparachchi/.m2/repository/org/springframework/boot/spring-boot/2.5.3/spring-boot-2.5.3.jar:/Users/aselaillayapparachchi/.m2/repository/org/springframework/boot/spring-boot-autoconfigure/2.5.3/spring-boot-autoconfigure-2.5.3.jar:/Users/aselaillayapparachchi/.m2/repository/org/springframework/boot/spring-boot-starter-test/2.5.3/spring-boot-starter-test-2.5.3.jar:/Users/aselaillayapparachchi/.m2/repository/org/springframework/boot/spring-boot-test/2.5.3/spring-boot-test-2.5.3.jar:/Users/aselaillayapparachchi/.m2/repository/org/springframework/boot/spring-boot-test-autoconfigure/2.5.3/spring-boot-test-autoconfigure-2.5.3.jar:/Users/aselaillayapparachchi/.m2/repository/com/jayway/jsonpath/json-path/2.5.0/json-path-2.5.0.jar:/Users/aselaillayapparachchi/.m2/repository/net/minidev/json-smart/2.4.7/json-smart-2.4.7.jar:/Users/aselaillayapparachchi/.m2/repository/net/minidev/accessors-smart/2.4.7/accessors-smart-2.4.7.jar:/Users/aselaillayapparachchi/.m2/repository/org/ow2/asm/asm/9.1/asm-9.1.jar:/Users/aselaillayapparachchi/.m2/repository/jakarta/xml/bind/jakarta.xml.bind-api/2.3.3/jakarta.xml.bind-api-2.3.3.jar:/Users/aselaillayapparachchi/.m2/repository/jakarta/activation/jakarta.activation-api/1.2.2/jakarta.activation-api-1.2.2.jar:/Users/aselaillayapparachchi/.m2/repository/org/assertj/assertj-core/3.19.0/assertj-core-3.19.0.jar:/Users/aselaillayapparachchi/.m2/repository/org/hamcrest/hamcrest/2.2/hamcrest-2.2.jar:/Users/aselaillayapparachchi/.m2/repository/org/junit/jupiter/junit-jupiter/5.7.2/junit-jupiter-5.7.2.jar:/Users/aselaillayapparachchi/.m2/repository/org/junit/jupiter/junit-jupiter-api/5.7.2/junit-jupiter-api-5.7.2.jar:/Users/aselaillayapparachchi/.m2/repository/org/apiguardian/apiguardian-api/1.1.0/apiguardian-api-1.1.0.jar:/Users/aselaillayapparachchi/.m2/repository/org/opentest4j/opentest4j/1.2.0/opentest4j-1.2.0.jar:/Users/aselaillayapparachchi/.m2/repository/org/junit/platform/junit-platform-commons/1.7.2/junit-platform-commons-1.7.2.jar:/Users/aselaillayapparachchi/.m2/repository/org/junit/jupiter/junit-jupiter-params/5.7.2/junit-jupiter-params-5.7.2.jar:/Users/aselaillayapparachchi/.m2/repository/org/junit/jupiter/junit-jupiter-engine/5.7.2/junit-jupiter-engine-5.7.2.jar:/Users/aselaillayapparachchi/.m2/repository/org/junit/platform/junit-platform-engine/1.7.2/junit-platform-engine-1.7.2.jar:/Users/aselaillayapparachchi/.m2/repository/org/mockito/mockito-core/3.9.0/mockito-core-3.9.0.jar:/Users/aselaillayapparachchi/.m2/repository/net/bytebuddy/byte-buddy-agent/1.10.22/byte-buddy-agent-1.10.22.jar:/Users/aselaillayapparachchi/.m2/repository/org/objenesis/objenesis/3.2/objenesis-3.2.jar:/Users/aselaillayapparachchi/.m2/repository/org/mockito/mockito-junit-jupiter/3.9.0/mockito-junit-jupiter-3.9.0.jar:/Users/aselaillayapparachchi/.m2/repository/org/skyscreamer/jsonassert/1.5.0/jsonassert-1.5.0.jar:/Users/aselaillayapparachchi/.m2/repository/com/vaadin/external/google/android-json/0.0.20131108.vaadin1/android-json-0.0.20131108.vaadin1.jar:/Users/aselaillayapparachchi/.m2/repository/org/springframework/spring-core/5.3.9/spring-core-5.3.9.jar:/Users/aselaillayapparachchi/.m2/repository/org/springframework/spring-jcl/5.3.9/spring-jcl-5.3.9.jar:/Users/aselaillayapparachchi/.m2/repository/org/springframework/spring-test/5.3.9/spring-test-5.3.9.jar:/Users/aselaillayapparachchi/.m2/repository/org/xmlunit/xmlunit-core/2.8.2/xmlunit-core-2.8.2.jar:/Users/aselaillayapparachchi/.m2/repository/org/projectlombok/lombok/1.18.20/lombok-1.18.20.jar:/Users/aselaillayapparachchi/.m2/repository/com/h2database/h2/1.4.196/h2-1.4.196.jar:"/>
    <property name="sun.cpu.endian" value="little"/>
    <property name="user.home" value="/Users/aselaillayapparachchi"/>
    <property name="user.language" value="en"/>
    <property name="java.specification.vendor" value="Oracle Corporation"/>
    <property name="java.version.date" value="2021-10-19"/>
    <property name="java.home" value="/Library/Java/JavaVirtualMachines/jdk-17.0.1.jdk/Contents/Home"/>
    <property name="file.separator" value="/"/>
    <property name="basedir" value="/Users/aselaillayapparachchi/IdeaProjects/learn-spring-in-action/taco-cloud-data-rest-jpa"/>
    <property name="java.vm.compressedOopsMode" value="Zero based"/>
    <property name="line.separator" value="&#10;"/>
    <property name="java.specification.name" value="Java Platform API Specification"/>
    <property name="java.vm.specification.vendor" value="Oracle Corporation"/>
    <property name="surefire.real.class.path" value="/Users/aselaillayapparachchi/IdeaProjects/learn-spring-in-action/taco-cloud-data-rest-jpa/target/surefire/surefirebooter9708438944140620912.jar"/>
    <property name="sun.management.compiler" value="HotSpot 64-Bit Tiered Compilers"/>
    <property name="ftp.nonProxyHosts" value="local|*.local|169.254/16|*.169.254/16"/>
    <property name="java.runtime.version" value="17.0.1+12-LTS-39"/>
    <property name="user.name" value="aselaillayapparachchi"/>
    <property name="path.separator" value=":"/>
    <property name="os.version" value="13.5.1"/>
    <property name="java.runtime.name" value="Java(TM) SE Runtime Environment"/>
    <property name="file.encoding" value="US-ASCII"/>
    <property name="java.vm.name" value="Java HotSpot(TM) 64-Bit Server VM"/>
    <property name="localRepository" value="/Users/aselaillayapparachchi/.m2/repository"/>
    <property name="java.vendor.url.bug" value="https://bugreport.java.com/bugreport/"/>
    <property name="java.io.tmpdir" value="/var/folders/nt/bdr6qcdj6b50mt0mbjgh23jc0000gn/T/"/>
    <property name="idea.version" value="2021.3.2"/>
    <property name="java.version" value="17.0.1"/>
    <property name="user.dir" value="/Users/aselaillayapparachchi/IdeaProjects/learn-spring-in-action/taco-cloud-data-rest-jpa"/>
    <property name="os.arch" value="aarch64"/>
    <property name="java.vm.specification.name" value="Java Virtual Machine Specification"/>
    <property name="native.encoding" value="US-ASCII"/>
    <property name="java.library.path" value="/Users/aselaillayapparachchi/Library/Java/Extensions:/Library/Java/Extensions:/Network/Library/Java/Extensions:/System/Library/Java/Extensions:/usr/lib/java:."/>
    <property name="java.vm.info" value="mixed mode, sharing"/>
    <property name="java.vendor" value="Oracle Corporation"/>
    <property name="java.vm.version" value="17.0.1+12-LTS-39"/>
    <property name="sun.io.unicode.encoding" value="UnicodeBig"/>
    <property name="socksNonProxyHosts" value="local|*.local|169.254/16|*.169.254/16"/>
    <property name="java.class.version" value="61.0"/>
  </properties>
  <testcase name="testHomePage" classname="tacos.HomeControllerTest" time="0">
    <error message="Failed to load ApplicationContext" type="java.lang.IllegalStateException">java.lang.IllegalStateException: Failed to load ApplicationContext
Caused by: org.springframework.beans.factory.UnsatisfiedDependencyException: Error creating bean with name 'ingredientByIdConverter' defined in file [/Users/aselaillayapparachchi/IdeaProjects/learn-spring-in-action/taco-cloud-data-rest-jpa/target/classes/tacos/IngredientByIdConverter.class]: Unsatisfied dependency expressed through constructor parameter 0; nested exception is org.springframework.beans.factory.NoSuchBeanDefinitionException: No qualifying bean of type 'tacos.data.jdbc.IngredientDataRepository' available: expected at least 1 bean which qualifies as autowire candidate. Dependency annotations: {}
Caused by: org.springframework.beans.factory.NoSuchBeanDefinitionException: No qualifying bean of type 'tacos.data.jdbc.IngredientDataRepository' available: expected at least 1 bean which qualifies as autowire candidate. Dependency annotations: {}
</error>
    <system-out><![CDATA[2024-01-13 22:39:12.287 DEBUG 58992 --- [           main] o.s.test.context.BootstrapUtils          : Instantiating CacheAwareContextLoaderDelegate from class [org.springframework.test.context.cache.DefaultCacheAwareContextLoaderDelegate]
2024-01-13 22:39:12.287 DEBUG 58992 --- [           main] o.s.test.context.BootstrapUtils          : Instantiating BootstrapContext using constructor [public org.springframework.test.context.support.DefaultBootstrapContext(java.lang.Class,org.springframework.test.context.CacheAwareContextLoaderDelegate)]
2024-01-13 22:39:12.287 DEBUG 58992 --- [           main] o.s.test.context.BootstrapUtils          : Instantiating TestContextBootstrapper for test class [tacos.HomeControllerTest] from class [org.springframework.boot.test.autoconfigure.web.servlet.WebMvcTestContextBootstrapper]
2024-01-13 22:39:12.288 TRACE 58992 --- [           main] .b.t.a.w.s.WebMvcTestContextBootstrapper : Resolving ContextLoader for context configuration attributes [ContextConfigurationAttributes@50177966 declaringClass = 'tacos.HomeControllerTest', classes = '{}', locations = '{}', inheritLocations = false, initializers = '{}', inheritInitializers = true, name = [null], contextLoaderClass = 'org.springframework.test.context.ContextLoader']
2024-01-13 22:39:12.288 TRACE 58992 --- [           main] .b.t.a.w.s.WebMvcTestContextBootstrapper : Using ContextLoader class [org.springframework.boot.test.context.SpringBootContextLoader] for test class [tacos.HomeControllerTest]
2024-01-13 22:39:12.288  INFO 58992 --- [           main] .b.t.a.w.s.WebMvcTestContextBootstrapper : Neither @ContextConfiguration nor @ContextHierarchy found for test class [tacos.HomeControllerTest], using SpringBootContextLoader
2024-01-13 22:39:12.288 TRACE 58992 --- [           main] .b.t.a.w.s.WebMvcTestContextBootstrapper : Resolving ContextLoader for context configuration attributes [ContextConfigurationAttributes@50177966 declaringClass = 'tacos.HomeControllerTest', classes = '{}', locations = '{}', inheritLocations = false, initializers = '{}', inheritInitializers = true, name = [null], contextLoaderClass = 'org.springframework.test.context.ContextLoader']
2024-01-13 22:39:12.288 TRACE 58992 --- [           main] .b.t.a.w.s.WebMvcTestContextBootstrapper : Using ContextLoader class [org.springframework.boot.test.context.SpringBootContextLoader] for test class [tacos.HomeControllerTest]
2024-01-13 22:39:12.288 TRACE 58992 --- [           main] .b.t.a.w.s.WebMvcTestContextBootstrapper : Processing locations and classes for context configuration attributes [ContextConfigurationAttributes@50177966 declaringClass = 'tacos.HomeControllerTest', classes = '{}', locations = '{}', inheritLocations = false, initializers = '{}', inheritInitializers = true, name = [null], contextLoaderClass = 'org.springframework.test.context.ContextLoader']
2024-01-13 22:39:12.288 DEBUG 58992 --- [           main] o.s.t.c.support.AbstractContextLoader    : Did not detect default resource location for test class [tacos.HomeControllerTest]: class path resource [tacos/HomeControllerTest-context.xml] does not exist
2024-01-13 22:39:12.288 DEBUG 58992 --- [           main] o.s.t.c.support.AbstractContextLoader    : Did not detect default resource location for test class [tacos.HomeControllerTest]: class path resource [tacos/HomeControllerTestContext.groovy] does not exist
2024-01-13 22:39:12.288  INFO 58992 --- [           main] o.s.t.c.support.AbstractContextLoader    : Could not detect default resource locations for test class [tacos.HomeControllerTest]: no resource found for suffixes {-context.xml, Context.groovy}.
2024-01-13 22:39:12.288  INFO 58992 --- [           main] t.c.s.AnnotationConfigContextLoaderUtils : Could not detect default configuration classes for test class [tacos.HomeControllerTest]: HomeControllerTest does not declare any static, non-private, non-final, nested classes annotated with @Configuration.
2024-01-13 22:39:12.288 TRACE 58992 --- [           main] o.s.c.io.support.SpringFactoriesLoader   : Loaded [org.springframework.test.context.ContextCustomizerFactory] names: [org.springframework.boot.test.context.ImportsContextCustomizerFactory, org.springframework.boot.test.context.filter.ExcludeFilterContextCustomizerFactory, org.springframework.boot.test.json.DuplicateJsonObjectContextCustomizerFactory, org.springframework.boot.test.mock.mockito.MockitoContextCustomizerFactory, org.springframework.boot.test.web.client.TestRestTemplateContextCustomizerFactory, org.springframework.boot.test.web.reactive.server.WebTestClientContextCustomizerFactory, org.springframework.boot.test.autoconfigure.OverrideAutoConfigurationContextCustomizerFactory, org.springframework.boot.test.autoconfigure.actuate.metrics.MetricsExportContextCustomizerFactory, org.springframework.boot.test.autoconfigure.filter.TypeExcludeFiltersContextCustomizerFactory, org.springframework.boot.test.autoconfigure.properties.PropertyMappingContextCustomizerFactory, org.springframework.boot.test.autoconfigure.web.servlet.WebDriverContextCustomizerFactory, org.springframework.test.context.web.socket.MockServerContainerContextCustomizerFactory, org.springframework.test.context.support.DynamicPropertiesContextCustomizerFactory]
2024-01-13 22:39:12.294 TRACE 58992 --- [           main] t.c.s.ApplicationContextInitializerUtils : Processing context initializers for configuration attributes [ContextConfigurationAttributes@50177966 declaringClass = 'tacos.HomeControllerTest', classes = '{}', locations = '{}', inheritLocations = false, initializers = '{}', inheritInitializers = true, name = [null], contextLoaderClass = 'org.springframework.test.context.ContextLoader']
2024-01-13 22:39:12.294 DEBUG 58992 --- [           main] o.s.t.c.support.ActiveProfilesUtils      : Could not find an 'annotation declaring class' for annotation type [org.springframework.test.context.ActiveProfiles] and class [tacos.HomeControllerTest]
2024-01-13 22:39:12.295  INFO 58992 --- [           main] .b.t.c.SpringBootTestContextBootstrapper : Found @SpringBootConfiguration tacos.TacoCloudApplicationJpa for test class tacos.HomeControllerTest
2024-01-13 22:39:12.295 DEBUG 58992 --- [           main] .b.t.a.w.s.WebMvcTestContextBootstrapper : @TestExecutionListeners is not present for class [tacos.HomeControllerTest]: using defaults.
2024-01-13 22:39:12.295  INFO 58992 --- [           main] .b.t.a.w.s.WebMvcTestContextBootstrapper : Loaded default TestExecutionListener class names from location [META-INF/spring.factories]: [org.springframework.boot.test.mock.mockito.MockitoTestExecutionListener, org.springframework.boot.test.mock.mockito.ResetMocksTestExecutionListener, org.springframework.boot.test.autoconfigure.restdocs.RestDocsTestExecutionListener, org.springframework.boot.test.autoconfigure.web.client.MockRestServiceServerResetTestExecutionListener, org.springframework.boot.test.autoconfigure.web.servlet.MockMvcPrintOnlyOnFailureTestExecutionListener, org.springframework.boot.test.autoconfigure.web.servlet.WebDriverTestExecutionListener, org.springframework.boot.test.autoconfigure.webservices.client.MockWebServiceServerTestExecutionListener, org.springframework.test.context.web.ServletTestExecutionListener, org.springframework.test.context.support.DirtiesContextBeforeModesTestExecutionListener, org.springframework.test.context.event.ApplicationEventsTestExecutionListener, org.springframework.test.context.support.DependencyInjectionTestExecutionListener, org.springframework.test.context.support.DirtiesContextTestExecutionListener, org.springframework.test.context.transaction.TransactionalTestExecutionListener, org.springframework.test.context.jdbc.SqlScriptsTestExecutionListener, org.springframework.test.context.event.EventPublishingTestExecutionListener]
2024-01-13 22:39:12.295 TRACE 58992 --- [           main] o.s.c.io.support.SpringFactoriesLoader   : Loaded [org.springframework.boot.test.context.DefaultTestExecutionListenersPostProcessor] names: [org.springframework.boot.test.autoconfigure.SpringBootDependencyInjectionTestExecutionListener$PostProcessor]
2024-01-13 22:39:12.295  INFO 58992 --- [           main] .b.t.a.w.s.WebMvcTestContextBootstrapper : Using TestExecutionListeners: [org.springframework.test.context.web.ServletTestExecutionListener@28c38eeb, org.springframework.test.context.support.DirtiesContextBeforeModesTestExecutionListener@4ce9985f, org.springframework.test.context.event.ApplicationEventsTestExecutionListener@4283f29b, org.springframework.boot.test.mock.mockito.MockitoTestExecutionListener@56d4481f, org.springframework.boot.test.autoconfigure.SpringBootDependencyInjectionTestExecutionListener@625430f8, org.springframework.test.context.support.DirtiesContextTestExecutionListener@627f678d, org.springframework.test.context.transaction.TransactionalTestExecutionListener@3fb54673, org.springframework.test.context.jdbc.SqlScriptsTestExecutionListener@4b55652a, org.springframework.test.context.event.EventPublishingTestExecutionListener@8c54f48, org.springframework.boot.test.mock.mockito.ResetMocksTestExecutionListener@119f02d2, org.springframework.boot.test.autoconfigure.restdocs.RestDocsTestExecutionListener@48c584c, org.springframework.boot.test.autoconfigure.web.client.MockRestServiceServerResetTestExecutionListener@641001c2, org.springframework.boot.test.autoconfigure.web.servlet.MockMvcPrintOnlyOnFailureTestExecutionListener@468dbd07, org.springframework.boot.test.autoconfigure.web.servlet.WebDriverTestExecutionListener@2fedae96, org.springframework.boot.test.autoconfigure.webservices.client.MockWebServiceServerTestExecutionListener@4945cd1f]
2024-01-13 22:39:12.295 TRACE 58992 --- [           main] o.s.test.context.TestContextManager      : Registering TestExecutionListener: org.springframework.test.context.web.ServletTestExecutionListener@28c38eeb
2024-01-13 22:39:12.295 TRACE 58992 --- [           main] o.s.test.context.TestContextManager      : Registering TestExecutionListener: org.springframework.test.context.support.DirtiesContextBeforeModesTestExecutionListener@4ce9985f
2024-01-13 22:39:12.295 TRACE 58992 --- [           main] o.s.test.context.TestContextManager      : Registering TestExecutionListener: org.springframework.test.context.event.ApplicationEventsTestExecutionListener@4283f29b
2024-01-13 22:39:12.295 TRACE 58992 --- [           main] o.s.test.context.TestContextManager      : Registering TestExecutionListener: org.springframework.boot.test.mock.mockito.MockitoTestExecutionListener@56d4481f
2024-01-13 22:39:12.295 TRACE 58992 --- [           main] o.s.test.context.TestContextManager      : Registering TestExecutionListener: org.springframework.boot.test.autoconfigure.SpringBootDependencyInjectionTestExecutionListener@625430f8
2024-01-13 22:39:12.295 TRACE 58992 --- [           main] o.s.test.context.TestContextManager      : Registering TestExecutionListener: org.springframework.test.context.support.DirtiesContextTestExecutionListener@627f678d
2024-01-13 22:39:12.295 TRACE 58992 --- [           main] o.s.test.context.TestContextManager      : Registering TestExecutionListener: org.springframework.test.context.transaction.TransactionalTestExecutionListener@3fb54673
2024-01-13 22:39:12.295 TRACE 58992 --- [           main] o.s.test.context.TestContextManager      : Registering TestExecutionListener: org.springframework.test.context.jdbc.SqlScriptsTestExecutionListener@4b55652a
2024-01-13 22:39:12.295 TRACE 58992 --- [           main] o.s.test.context.TestContextManager      : Registering TestExecutionListener: org.springframework.test.context.event.EventPublishingTestExecutionListener@8c54f48
2024-01-13 22:39:12.295 TRACE 58992 --- [           main] o.s.test.context.TestContextManager      : Registering TestExecutionListener: org.springframework.boot.test.mock.mockito.ResetMocksTestExecutionListener@119f02d2
2024-01-13 22:39:12.295 TRACE 58992 --- [           main] o.s.test.context.TestContextManager      : Registering TestExecutionListener: org.springframework.boot.test.autoconfigure.restdocs.RestDocsTestExecutionListener@48c584c
2024-01-13 22:39:12.295 TRACE 58992 --- [           main] o.s.test.context.TestContextManager      : Registering TestExecutionListener: org.springframework.boot.test.autoconfigure.web.client.MockRestServiceServerResetTestExecutionListener@641001c2
2024-01-13 22:39:12.295 TRACE 58992 --- [           main] o.s.test.context.TestContextManager      : Registering TestExecutionListener: org.springframework.boot.test.autoconfigure.web.servlet.MockMvcPrintOnlyOnFailureTestExecutionListener@468dbd07
2024-01-13 22:39:12.295 TRACE 58992 --- [           main] o.s.test.context.TestContextManager      : Registering TestExecutionListener: org.springframework.boot.test.autoconfigure.web.servlet.WebDriverTestExecutionListener@2fedae96
2024-01-13 22:39:12.295 TRACE 58992 --- [           main] o.s.test.context.TestContextManager      : Registering TestExecutionListener: org.springframework.boot.test.autoconfigure.webservices.client.MockWebServiceServerTestExecutionListener@4945cd1f
2024-01-13 22:39:12.295 TRACE 58992 --- [           main] o.s.test.context.TestContextManager      : beforeTestClass(): class [tacos.HomeControllerTest]
2024-01-13 22:39:12.295 DEBUG 58992 --- [           main] tractDirtiesContextTestExecutionListener : Before test class: context [DefaultTestContext@2dbfcbe4 testClass = HomeControllerTest, testInstance = [null], testMethod = [null], testException = [null], mergedContextConfiguration = [WebMergedContextConfiguration@6f13ed1 testClass = HomeControllerTest, locations = '{}', classes = '{class tacos.TacoCloudApplicationJpa}', contextInitializerClasses = '[]', activeProfiles = '{}', propertySourceLocations = '{}', propertySourceProperties = '{org.springframework.boot.test.autoconfigure.web.servlet.WebMvcTestContextBootstrapper=true}', contextCustomizers = set[[ImportsContextCustomizer@44aaa987 key = [org.springframework.boot.autoconfigure.cache.CacheAutoConfiguration, org.springframework.boot.autoconfigure.context.MessageSourceAutoConfiguration, org.springframework.boot.autoconfigure.data.web.SpringDataWebAutoConfiguration, org.springframework.boot.autoconfigure.freemarker.FreeMarkerAutoConfiguration, org.springframework.boot.autoconfigure.groovy.template.GroovyTemplateAutoConfiguration, org.springframework.boot.autoconfigure.gson.GsonAutoConfiguration, org.springframework.boot.autoconfigure.hateoas.HypermediaAutoConfiguration, org.springframework.boot.autoconfigure.http.HttpMessageConvertersAutoConfiguration, org.springframework.boot.autoconfigure.jackson.JacksonAutoConfiguration, org.springframework.boot.autoconfigure.jsonb.JsonbAutoConfiguration, org.springframework.boot.autoconfigure.mustache.MustacheAutoConfiguration, org.springframework.boot.autoconfigure.task.TaskExecutionAutoConfiguration, org.springframework.boot.autoconfigure.thymeleaf.ThymeleafAutoConfiguration, org.springframework.boot.autoconfigure.validation.ValidationAutoConfiguration, org.springframework.boot.autoconfigure.web.servlet.error.ErrorMvcAutoConfiguration, org.springframework.boot.autoconfigure.web.servlet.HttpEncodingAutoConfiguration, org.springframework.boot.autoconfigure.web.servlet.WebMvcAutoConfiguration, org.springframework.boot.test.autoconfigure.web.servlet.MockMvcAutoConfiguration, org.springframework.boot.test.autoconfigure.web.servlet.MockMvcWebClientAutoConfiguration, org.springframework.boot.test.autoconfigure.web.servlet.MockMvcWebDriverAutoConfiguration, org.springframework.boot.autoconfigure.security.oauth2.client.servlet.OAuth2ClientAutoConfiguration, org.springframework.boot.autoconfigure.security.oauth2.resource.servlet.OAuth2ResourceServerAutoConfiguration, org.springframework.boot.autoconfigure.security.servlet.SecurityAutoConfiguration, org.springframework.boot.autoconfigure.security.servlet.SecurityFilterAutoConfiguration, org.springframework.boot.autoconfigure.security.servlet.UserDetailsServiceAutoConfiguration, org.springframework.boot.test.autoconfigure.web.servlet.MockMvcSecurityConfiguration]], org.springframework.boot.test.context.filter.ExcludeFilterContextCustomizer@51f116b8, org.springframework.boot.test.json.DuplicateJsonObjectContextCustomizerFactory$DuplicateJsonObjectContextCustomizer@140c9f39, org.springframework.boot.test.mock.mockito.MockitoContextCustomizer@0, org.springframework.boot.test.autoconfigure.OverrideAutoConfigurationContextCustomizerFactory$DisableAutoConfigurationContextCustomizer@35d44cd3, org.springframework.boot.test.autoconfigure.actuate.metrics.MetricsExportContextCustomizerFactory$DisableMetricExportContextCustomizer@696da30b, org.springframework.boot.test.autoconfigure.filter.TypeExcludeFiltersContextCustomizer@ce4732b2, org.springframework.boot.test.autoconfigure.properties.PropertyMappingContextCustomizer@49831519, org.springframework.boot.test.autoconfigure.web.servlet.WebDriverContextCustomizerFactory$Customizer@34f5090e, org.springframework.boot.test.context.SpringBootTestArgs@1, org.springframework.boot.test.context.SpringBootTestWebEnvironment@0], resourceBasePath = 'src/main/webapp', contextLoader = 'org.springframework.boot.test.context.SpringBootContextLoader', parent = [null]], attributes = map[[empty]]], class annotated with @DirtiesContext [false] with mode [null].
2024-01-13 22:39:12.296 TRACE 58992 --- [           main] o.s.test.context.TestContextManager      : prepareTestInstance(): instance [tacos.HomeControllerTest@23e0b938]
2024-01-13 22:39:12.296 DEBUG 58992 --- [           main] DependencyInjectionTestExecutionListener : Performing dependency injection for test context [[DefaultTestContext@2dbfcbe4 testClass = HomeControllerTest, testInstance = tacos.HomeControllerTest@23e0b938, testMethod = [null], testException = [null], mergedContextConfiguration = [WebMergedContextConfiguration@6f13ed1 testClass = HomeControllerTest, locations = '{}', classes = '{class tacos.TacoCloudApplicationJpa}', contextInitializerClasses = '[]', activeProfiles = '{}', propertySourceLocations = '{}', propertySourceProperties = '{org.springframework.boot.test.autoconfigure.web.servlet.WebMvcTestContextBootstrapper=true}', contextCustomizers = set[[ImportsContextCustomizer@44aaa987 key = [org.springframework.boot.autoconfigure.cache.CacheAutoConfiguration, org.springframework.boot.autoconfigure.context.MessageSourceAutoConfiguration, org.springframework.boot.autoconfigure.data.web.SpringDataWebAutoConfiguration, org.springframework.boot.autoconfigure.freemarker.FreeMarkerAutoConfiguration, org.springframework.boot.autoconfigure.groovy.template.GroovyTemplateAutoConfiguration, org.springframework.boot.autoconfigure.gson.GsonAutoConfiguration, org.springframework.boot.autoconfigure.hateoas.HypermediaAutoConfiguration, org.springframework.boot.autoconfigure.http.HttpMessageConvertersAutoConfiguration, org.springframework.boot.autoconfigure.jackson.JacksonAutoConfiguration, org.springframework.boot.autoconfigure.jsonb.JsonbAutoConfiguration, org.springframework.boot.autoconfigure.mustache.MustacheAutoConfiguration, org.springframework.boot.autoconfigure.task.TaskExecutionAutoConfiguration, org.springframework.boot.autoconfigure.thymeleaf.ThymeleafAutoConfiguration, org.springframework.boot.autoconfigure.validation.ValidationAutoConfiguration, org.springframework.boot.autoconfigure.web.servlet.error.ErrorMvcAutoConfiguration, org.springframework.boot.autoconfigure.web.servlet.HttpEncodingAutoConfiguration, org.springframework.boot.autoconfigure.web.servlet.WebMvcAutoConfiguration, org.springframework.boot.test.autoconfigure.web.servlet.MockMvcAutoConfiguration, org.springframework.boot.test.autoconfigure.web.servlet.MockMvcWebClientAutoConfiguration, org.springframework.boot.test.autoconfigure.web.servlet.MockMvcWebDriverAutoConfiguration, org.springframework.boot.autoconfigure.security.oauth2.client.servlet.OAuth2ClientAutoConfiguration, org.springframework.boot.autoconfigure.security.oauth2.resource.servlet.OAuth2ResourceServerAutoConfiguration, org.springframework.boot.autoconfigure.security.servlet.SecurityAutoConfiguration, org.springframework.boot.autoconfigure.security.servlet.SecurityFilterAutoConfiguration, org.springframework.boot.autoconfigure.security.servlet.UserDetailsServiceAutoConfiguration, org.springframework.boot.test.autoconfigure.web.servlet.MockMvcSecurityConfiguration]], org.springframework.boot.test.context.filter.ExcludeFilterContextCustomizer@51f116b8, org.springframework.boot.test.json.DuplicateJsonObjectContextCustomizerFactory$DuplicateJsonObjectContextCustomizer@140c9f39, org.springframework.boot.test.mock.mockito.MockitoContextCustomizer@0, org.springframework.boot.test.autoconfigure.OverrideAutoConfigurationContextCustomizerFactory$DisableAutoConfigurationContextCustomizer@35d44cd3, org.springframework.boot.test.autoconfigure.actuate.metrics.MetricsExportContextCustomizerFactory$DisableMetricExportContextCustomizer@696da30b, org.springframework.boot.test.autoconfigure.filter.TypeExcludeFiltersContextCustomizer@ce4732b2, org.springframework.boot.test.autoconfigure.properties.PropertyMappingContextCustomizer@49831519, org.springframework.boot.test.autoconfigure.web.servlet.WebDriverContextCustomizerFactory$Customizer@34f5090e, org.springframework.boot.test.context.SpringBootTestArgs@1, org.springframework.boot.test.context.SpringBootTestWebEnvironment@0], resourceBasePath = 'src/main/webapp', contextLoader = 'org.springframework.boot.test.context.SpringBootContextLoader', parent = [null]], attributes = map['org.springframework.test.context.event.ApplicationEventsTestExecutionListener.recordApplicationEvents' -> false]]].
2024-01-13 22:39:12.296 DEBUG 58992 --- [           main] o.s.t.c.support.TestPropertySourceUtils  : Adding inlined properties to environment: {spring.jmx.enabled=false, org.springframework.boot.test.autoconfigure.web.servlet.WebMvcTestContextBootstrapper=true}
2024-01-13 22:39:12.297 TRACE 58992 --- [           main] o.s.c.io.support.SpringFactoriesLoader   : Loaded [org.springframework.boot.logging.LoggingSystemFactory] names: [org.springframework.boot.logging.logback.LogbackLoggingSystem.Factory, org.springframework.boot.logging.log4j2.Log4J2LoggingSystem.Factory, org.springframework.boot.logging.java.JavaLoggingSystem.Factory]
2024-01-13 22:39:12.298 TRACE 58992 --- [           main] o.s.c.e.PropertySourcesPropertyResolver  : Searching for key 'spring.main.cloud-platform' in PropertySource 'configurationProperties'
2024-01-13 22:39:12.298 TRACE 58992 --- [           main] o.s.c.e.PropertySourcesPropertyResolver  : Searching for key 'spring.main.cloud-platform' in PropertySource 'Inlined Test Properties'
2024-01-13 22:39:12.298 TRACE 58992 --- [           main] o.s.c.e.PropertySourcesPropertyResolver  : Searching for key 'spring.main.cloud-platform' in PropertySource 'systemProperties'
2024-01-13 22:39:12.298 TRACE 58992 --- [           main] o.s.c.e.PropertySourcesPropertyResolver  : Searching for key 'spring.main.cloud-platform' in PropertySource 'systemEnvironment'
2024-01-13 22:39:12.298 TRACE 58992 --- [           main] o.s.c.e.PropertySourcesPropertyResolver  : Searching for key 'spring.main.cloud-platform' in PropertySource 'random'
2024-01-13 22:39:12.298 TRACE 58992 --- [           main] o.s.c.e.PropertySourcesPropertyResolver  : Could not find key 'spring.main.cloud-platform' in any property source
2024-01-13 22:39:12.298 TRACE 58992 --- [           main] o.s.c.io.support.SpringFactoriesLoader   : Loaded [org.springframework.boot.env.PropertySourceLoader] names: [org.springframework.boot.env.PropertiesPropertySourceLoader, org.springframework.boot.env.YamlPropertySourceLoader]
2024-01-13 22:39:12.300 DEBUG 58992 --- [           main] o.s.boot.env.OriginTrackedYamlLoader     : Loading from YAML: class path resource [application.yml]
2024-01-13 22:39:12.300 DEBUG 58992 --- [           main] o.s.boot.env.OriginTrackedYamlLoader     : Merging document (no matchers set): {logging={level={root=TRACE}}}
2024-01-13 22:39:12.300 DEBUG 58992 --- [           main] o.s.boot.env.OriginTrackedYamlLoader     : Loaded 1 document from YAML resource: class path resource [application.yml]
2024-01-13 22:39:12.301 TRACE 58992 --- [           main] o.s.c.e.PropertySourcesPropertyResolver  : Searching for key 'spring.main.cloud-platform' in PropertySource 'configurationProperties'
2024-01-13 22:39:12.301 TRACE 58992 --- [           main] o.s.c.e.PropertySourcesPropertyResolver  : Searching for key 'spring.main.cloud-platform' in PropertySource 'Inlined Test Properties'
2024-01-13 22:39:12.301 TRACE 58992 --- [           main] o.s.c.e.PropertySourcesPropertyResolver  : Searching for key 'spring.main.cloud-platform' in PropertySource 'systemProperties'
2024-01-13 22:39:12.301 TRACE 58992 --- [           main] o.s.c.e.PropertySourcesPropertyResolver  : Searching for key 'spring.main.cloud-platform' in PropertySource 'systemEnvironment'
2024-01-13 22:39:12.302 TRACE 58992 --- [           main] o.s.c.e.PropertySourcesPropertyResolver  : Searching for key 'spring.main.cloud-platform' in PropertySource 'random'
2024-01-13 22:39:12.302 TRACE 58992 --- [           main] o.s.c.e.PropertySourcesPropertyResolver  : Could not find key 'spring.main.cloud-platform' in any property source
2024-01-13 22:39:12.302 TRACE 58992 --- [           main] o.s.c.e.PropertySourcesPropertyResolver  : Searching for key 'spring.main.cloud-platform' in PropertySource 'configurationProperties'
2024-01-13 22:39:12.302 TRACE 58992 --- [           main] o.s.c.e.PropertySourcesPropertyResolver  : Searching for key 'spring.main.cloud-platform' in PropertySource 'Inlined Test Properties'
2024-01-13 22:39:12.302 TRACE 58992 --- [           main] o.s.c.e.PropertySourcesPropertyResolver  : Searching for key 'spring.main.cloud-platform' in PropertySource 'systemProperties'
2024-01-13 22:39:12.302 TRACE 58992 --- [           main] o.s.c.e.PropertySourcesPropertyResolver  : Searching for key 'spring.main.cloud-platform' in PropertySource 'systemEnvironment'
2024-01-13 22:39:12.302 TRACE 58992 --- [           main] o.s.c.e.PropertySourcesPropertyResolver  : Searching for key 'spring.main.cloud-platform' in PropertySource 'random'
2024-01-13 22:39:12.302 TRACE 58992 --- [           main] o.s.c.e.PropertySourcesPropertyResolver  : Could not find key 'spring.main.cloud-platform' in any property source
2024-01-13 22:39:12.302 TRACE 58992 --- [           main] o.s.c.e.PropertySourcesPropertyResolver  : Searching for key 'spring.main.cloud-platform' in PropertySource 'configurationProperties'
2024-01-13 22:39:12.302 TRACE 58992 --- [           main] o.s.c.e.PropertySourcesPropertyResolver  : Searching for key 'spring.main.cloud-platform' in PropertySource 'Inlined Test Properties'
2024-01-13 22:39:12.302 TRACE 58992 --- [           main] o.s.c.e.PropertySourcesPropertyResolver  : Searching for key 'spring.main.cloud-platform' in PropertySource 'systemProperties'
2024-01-13 22:39:12.302 TRACE 58992 --- [           main] o.s.c.e.PropertySourcesPropertyResolver  : Searching for key 'spring.main.cloud-platform' in PropertySource 'systemEnvironment'
2024-01-13 22:39:12.302 TRACE 58992 --- [           main] o.s.c.e.PropertySourcesPropertyResolver  : Searching for key 'spring.main.cloud-platform' in PropertySource 'random'
2024-01-13 22:39:12.302 TRACE 58992 --- [           main] o.s.c.e.PropertySourcesPropertyResolver  : Could not find key 'spring.main.cloud-platform' in any property source
2024-01-13 22:39:12.302 TRACE 58992 --- [           main] o.s.c.e.PropertySourcesPropertyResolver  : Searching for key 'spring.main.cloud-platform' in PropertySource 'configurationProperties'
2024-01-13 22:39:12.302 TRACE 58992 --- [           main] o.s.c.e.PropertySourcesPropertyResolver  : Searching for key 'spring.main.cloud-platform' in PropertySource 'Inlined Test Properties'
2024-01-13 22:39:12.302 TRACE 58992 --- [           main] o.s.c.e.PropertySourcesPropertyResolver  : Searching for key 'spring.main.cloud-platform' in PropertySource 'systemProperties'
2024-01-13 22:39:12.302 TRACE 58992 --- [           main] o.s.c.e.PropertySourcesPropertyResolver  : Searching for key 'spring.main.cloud-platform' in PropertySource 'systemEnvironment'
2024-01-13 22:39:12.302 TRACE 58992 --- [           main] o.s.c.e.PropertySourcesPropertyResolver  : Searching for key 'spring.main.cloud-platform' in PropertySource 'random'
2024-01-13 22:39:12.302 TRACE 58992 --- [           main] o.s.c.e.PropertySourcesPropertyResolver  : Could not find key 'spring.main.cloud-platform' in any property source
2024-01-13 22:39:12.302 TRACE 58992 --- [           main] o.s.c.e.PropertySourcesPropertyResolver  : Searching for key 'spring.main.cloud-platform' in PropertySource 'configurationProperties'
2024-01-13 22:39:12.302 TRACE 58992 --- [           main] o.s.c.e.PropertySourcesPropertyResolver  : Searching for key 'spring.main.cloud-platform' in PropertySource 'Inlined Test Properties'
2024-01-13 22:39:12.302 TRACE 58992 --- [           main] o.s.c.e.PropertySourcesPropertyResolver  : Searching for key 'spring.main.cloud-platform' in PropertySource 'systemProperties'
2024-01-13 22:39:12.302 TRACE 58992 --- [           main] o.s.c.e.PropertySourcesPropertyResolver  : Searching for key 'spring.main.cloud-platform' in PropertySource 'systemEnvironment'
2024-01-13 22:39:12.302 TRACE 58992 --- [           main] o.s.c.e.PropertySourcesPropertyResolver  : Searching for key 'spring.main.cloud-platform' in PropertySource 'random'
2024-01-13 22:39:12.302 TRACE 58992 --- [           main] o.s.c.e.PropertySourcesPropertyResolver  : Could not find key 'spring.main.cloud-platform' in any property source
2024-01-13 22:39:12.302 TRACE 58992 --- [           main] o.s.c.e.PropertySourcesPropertyResolver  : Searching for key 'spring.main.cloud-platform' in PropertySource 'configurationProperties'
2024-01-13 22:39:12.302 TRACE 58992 --- [           main] o.s.c.e.PropertySourcesPropertyResolver  : Searching for key 'spring.main.cloud-platform' in PropertySource 'Inlined Test Properties'
2024-01-13 22:39:12.302 TRACE 58992 --- [           main] o.s.c.e.PropertySourcesPropertyResolver  : Searching for key 'spring.main.cloud-platform' in PropertySource 'systemProperties'
2024-01-13 22:39:12.302 TRACE 58992 --- [           main] o.s.c.e.PropertySourcesPropertyResolver  : Searching for key 'spring.main.cloud-platform' in PropertySource 'systemEnvironment'
2024-01-13 22:39:12.302 TRACE 58992 --- [           main] o.s.c.e.PropertySourcesPropertyResolver  : Searching for key 'spring.main.cloud-platform' in PropertySource 'random'
2024-01-13 22:39:12.302 TRACE 58992 --- [           main] o.s.c.e.PropertySourcesPropertyResolver  : Could not find key 'spring.main.cloud-platform' in any property source
2024-01-13 22:39:12.302 TRACE 58992 --- [           main] o.s.c.e.PropertySourcesPropertyResolver  : Searching for key 'spring.profiles.active' in PropertySource 'configurationProperties'
2024-01-13 22:39:12.302 TRACE 58992 --- [           main] o.s.c.e.PropertySourcesPropertyResolver  : Searching for key 'spring.profiles.active' in PropertySource 'Inlined Test Properties'
2024-01-13 22:39:12.302 TRACE 58992 --- [           main] o.s.c.e.PropertySourcesPropertyResolver  : Searching for key 'spring.profiles.active' in PropertySource 'systemProperties'
2024-01-13 22:39:12.302 TRACE 58992 --- [           main] o.s.c.e.PropertySourcesPropertyResolver  : Searching for key 'spring.profiles.active' in PropertySource 'systemEnvironment'
2024-01-13 22:39:12.302 TRACE 58992 --- [           main] o.s.c.e.PropertySourcesPropertyResolver  : Searching for key 'spring.profiles.active' in PropertySource 'random'
2024-01-13 22:39:12.302 TRACE 58992 --- [           main] o.s.c.e.PropertySourcesPropertyResolver  : Could not find key 'spring.profiles.active' in any property source
2024-01-13 22:39:12.302 TRACE 58992 --- [           main] o.s.c.e.PropertySourcesPropertyResolver  : Searching for key 'spring.profiles.active' in PropertySource 'configurationProperties'
2024-01-13 22:39:12.302 TRACE 58992 --- [           main] o.s.c.e.PropertySourcesPropertyResolver  : Searching for key 'spring.profiles.active' in PropertySource 'Inlined Test Properties'
2024-01-13 22:39:12.302 TRACE 58992 --- [           main] o.s.c.e.PropertySourcesPropertyResolver  : Searching for key 'spring.profiles.active' in PropertySource 'systemProperties'
2024-01-13 22:39:12.302 TRACE 58992 --- [           main] o.s.c.e.PropertySourcesPropertyResolver  : Searching for key 'spring.profiles.active' in PropertySource 'systemEnvironment'
2024-01-13 22:39:12.302 TRACE 58992 --- [           main] o.s.c.e.PropertySourcesPropertyResolver  : Searching for key 'spring.profiles.active' in PropertySource 'random'
2024-01-13 22:39:12.302 TRACE 58992 --- [           main] o.s.c.e.PropertySourcesPropertyResolver  : Could not find key 'spring.profiles.active' in any property source
2024-01-13 22:39:12.302 TRACE 58992 --- [           main] o.s.c.e.PropertySourcesPropertyResolver  : Searching for key 'spring.profiles.default' in PropertySource 'configurationProperties'
2024-01-13 22:39:12.302 TRACE 58992 --- [           main] o.s.c.e.PropertySourcesPropertyResolver  : Searching for key 'spring.profiles.default' in PropertySource 'Inlined Test Properties'
2024-01-13 22:39:12.302 TRACE 58992 --- [           main] o.s.c.e.PropertySourcesPropertyResolver  : Searching for key 'spring.profiles.default' in PropertySource 'systemProperties'
2024-01-13 22:39:12.303 TRACE 58992 --- [           main] o.s.c.e.PropertySourcesPropertyResolver  : Searching for key 'spring.profiles.default' in PropertySource 'systemEnvironment'
2024-01-13 22:39:12.303 TRACE 58992 --- [           main] o.s.c.e.PropertySourcesPropertyResolver  : Searching for key 'spring.profiles.default' in PropertySource 'random'
2024-01-13 22:39:12.303 TRACE 58992 --- [           main] o.s.c.e.PropertySourcesPropertyResolver  : Could not find key 'spring.profiles.default' in any property source
2024-01-13 22:39:12.303 TRACE 58992 --- [           main] o.s.c.e.PropertySourcesPropertyResolver  : Searching for key 'spring.profiles.default' in PropertySource 'configurationProperties'
2024-01-13 22:39:12.303 TRACE 58992 --- [           main] o.s.c.e.PropertySourcesPropertyResolver  : Searching for key 'spring.profiles.default' in PropertySource 'Inlined Test Properties'
2024-01-13 22:39:12.303 TRACE 58992 --- [           main] o.s.c.e.PropertySourcesPropertyResolver  : Searching for key 'spring.profiles.default' in PropertySource 'systemProperties'
2024-01-13 22:39:12.303 TRACE 58992 --- [           main] o.s.c.e.PropertySourcesPropertyResolver  : Searching for key 'spring.profiles.default' in PropertySource 'systemEnvironment'
2024-01-13 22:39:12.303 TRACE 58992 --- [           main] o.s.c.e.PropertySourcesPropertyResolver  : Searching for key 'spring.profiles.default' in PropertySource 'random'
2024-01-13 22:39:12.303 TRACE 58992 --- [           main] o.s.c.e.PropertySourcesPropertyResolver  : Could not find key 'spring.profiles.default' in any property source
2024-01-13 22:39:12.304 DEBUG 58992 --- [           main] o.s.core.env.StandardEnvironment         : Activating profiles []
2024-01-13 22:39:12.305 TRACE 58992 --- [           main] o.s.c.e.PropertySourcesPropertyResolver  : Searching for key 'spring.output.ansi.console-available' in PropertySource 'configurationProperties'
2024-01-13 22:39:12.305 TRACE 58992 --- [           main] o.s.c.e.PropertySourcesPropertyResolver  : Searching for key 'spring.output.ansi.console-available' in PropertySource 'Inlined Test Properties'
2024-01-13 22:39:12.305 TRACE 58992 --- [           main] o.s.c.e.PropertySourcesPropertyResolver  : Searching for key 'spring.output.ansi.console-available' in PropertySource 'systemProperties'
2024-01-13 22:39:12.305 TRACE 58992 --- [           main] o.s.c.e.PropertySourcesPropertyResolver  : Searching for key 'spring.output.ansi.console-available' in PropertySource 'systemEnvironment'
2024-01-13 22:39:12.305 TRACE 58992 --- [           main] o.s.c.e.PropertySourcesPropertyResolver  : Searching for key 'spring.output.ansi.console-available' in PropertySource 'random'
2024-01-13 22:39:12.305 TRACE 58992 --- [           main] o.s.c.e.PropertySourcesPropertyResolver  : Searching for key 'spring.output.ansi.console-available' in PropertySource 'Config resource 'class path resource [application.properties]' via location 'optional:classpath:/''
2024-01-13 22:39:12.305 TRACE 58992 --- [           main] o.s.c.e.PropertySourcesPropertyResolver  : Searching for key 'spring.output.ansi.console-available' in PropertySource 'Config resource 'class path resource [application.yml]' via location 'optional:classpath:/''
2024-01-13 22:39:12.305 TRACE 58992 --- [           main] o.s.c.e.PropertySourcesPropertyResolver  : Could not find key 'spring.output.ansi.console-available' in any property source
2024-01-13 22:39:12.305 TRACE 58992 --- [           main] o.s.c.e.PropertySourcesPropertyResolver  : Searching for key 'logging.exception-conversion-word' in PropertySource 'configurationProperties'
2024-01-13 22:39:12.305 TRACE 58992 --- [           main] o.s.c.e.PropertySourcesPropertyResolver  : Searching for key 'logging.exception-conversion-word' in PropertySource 'Inlined Test Properties'
2024-01-13 22:39:12.305 TRACE 58992 --- [           main] o.s.c.e.PropertySourcesPropertyResolver  : Searching for key 'logging.exception-conversion-word' in PropertySource 'systemProperties'
2024-01-13 22:39:12.305 TRACE 58992 --- [           main] o.s.c.e.PropertySourcesPropertyResolver  : Searching for key 'logging.exception-conversion-word' in PropertySource 'systemEnvironment'
2024-01-13 22:39:12.305 TRACE 58992 --- [           main] o.s.c.e.PropertySourcesPropertyResolver  : Searching for key 'logging.exception-conversion-word' in PropertySource 'random'
2024-01-13 22:39:12.305 TRACE 58992 --- [           main] o.s.c.e.PropertySourcesPropertyResolver  : Searching for key 'logging.exception-conversion-word' in PropertySource 'Config resource 'class path resource [application.properties]' via location 'optional:classpath:/''
2024-01-13 22:39:12.305 TRACE 58992 --- [           main] o.s.c.e.PropertySourcesPropertyResolver  : Searching for key 'logging.exception-conversion-word' in PropertySource 'Config resource 'class path resource [application.yml]' via location 'optional:classpath:/''
2024-01-13 22:39:12.305 TRACE 58992 --- [           main] o.s.c.e.PropertySourcesPropertyResolver  : Could not find key 'logging.exception-conversion-word' in any property source
2024-01-13 22:39:12.305 TRACE 58992 --- [           main] o.s.c.e.PropertySourcesPropertyResolver  : Searching for key 'logging.pattern.console' in PropertySource 'configurationProperties'
2024-01-13 22:39:12.305 TRACE 58992 --- [           main] o.s.c.e.PropertySourcesPropertyResolver  : Searching for key 'logging.pattern.console' in PropertySource 'Inlined Test Properties'
2024-01-13 22:39:12.305 TRACE 58992 --- [           main] o.s.c.e.PropertySourcesPropertyResolver  : Searching for key 'logging.pattern.console' in PropertySource 'systemProperties'
2024-01-13 22:39:12.305 TRACE 58992 --- [           main] o.s.c.e.PropertySourcesPropertyResolver  : Searching for key 'logging.pattern.console' in PropertySource 'systemEnvironment'
2024-01-13 22:39:12.305 TRACE 58992 --- [           main] o.s.c.e.PropertySourcesPropertyResolver  : Searching for key 'logging.pattern.console' in PropertySource 'random'
2024-01-13 22:39:12.305 TRACE 58992 --- [           main] o.s.c.e.PropertySourcesPropertyResolver  : Searching for key 'logging.pattern.console' in PropertySource 'Config resource 'class path resource [application.properties]' via location 'optional:classpath:/''
2024-01-13 22:39:12.305 TRACE 58992 --- [           main] o.s.c.e.PropertySourcesPropertyResolver  : Searching for key 'logging.pattern.console' in PropertySource 'Config resource 'class path resource [application.yml]' via location 'optional:classpath:/''
2024-01-13 22:39:12.305 TRACE 58992 --- [           main] o.s.c.e.PropertySourcesPropertyResolver  : Could not find key 'logging.pattern.console' in any property source
2024-01-13 22:39:12.305 TRACE 58992 --- [           main] o.s.c.e.PropertySourcesPropertyResolver  : Searching for key 'logging.charset.console' in PropertySource 'configurationProperties'
2024-01-13 22:39:12.305 TRACE 58992 --- [           main] o.s.c.e.PropertySourcesPropertyResolver  : Searching for key 'logging.charset.console' in PropertySource 'Inlined Test Properties'
2024-01-13 22:39:12.305 TRACE 58992 --- [           main] o.s.c.e.PropertySourcesPropertyResolver  : Searching for key 'logging.charset.console' in PropertySource 'systemProperties'
2024-01-13 22:39:12.305 TRACE 58992 --- [           main] o.s.c.e.PropertySourcesPropertyResolver  : Searching for key 'logging.charset.console' in PropertySource 'systemEnvironment'
2024-01-13 22:39:12.305 TRACE 58992 --- [           main] o.s.c.e.PropertySourcesPropertyResolver  : Searching for key 'logging.charset.console' in PropertySource 'random'
2024-01-13 22:39:12.305 TRACE 58992 --- [           main] o.s.c.e.PropertySourcesPropertyResolver  : Searching for key 'logging.charset.console' in PropertySource 'Config resource 'class path resource [application.properties]' via location 'optional:classpath:/''
2024-01-13 22:39:12.305 TRACE 58992 --- [           main] o.s.c.e.PropertySourcesPropertyResolver  : Searching for key 'logging.charset.console' in PropertySource 'Config resource 'class path resource [application.yml]' via location 'optional:classpath:/''
2024-01-13 22:39:12.305 TRACE 58992 --- [           main] o.s.c.e.PropertySourcesPropertyResolver  : Could not find key 'logging.charset.console' in any property source
2024-01-13 22:39:12.305 TRACE 58992 --- [           main] o.s.c.e.PropertySourcesPropertyResolver  : Searching for key 'logging.pattern.dateformat' in PropertySource 'configurationProperties'
2024-01-13 22:39:12.305 TRACE 58992 --- [           main] o.s.c.e.PropertySourcesPropertyResolver  : Searching for key 'logging.pattern.dateformat' in PropertySource 'Inlined Test Properties'
2024-01-13 22:39:12.305 TRACE 58992 --- [           main] o.s.c.e.PropertySourcesPropertyResolver  : Searching for key 'logging.pattern.dateformat' in PropertySource 'systemProperties'
2024-01-13 22:39:12.305 TRACE 58992 --- [           main] o.s.c.e.PropertySourcesPropertyResolver  : Searching for key 'logging.pattern.dateformat' in PropertySource 'systemEnvironment'
2024-01-13 22:39:12.305 TRACE 58992 --- [           main] o.s.c.e.PropertySourcesPropertyResolver  : Searching for key 'logging.pattern.dateformat' in PropertySource 'random'
2024-01-13 22:39:12.305 TRACE 58992 --- [           main] o.s.c.e.PropertySourcesPropertyResolver  : Searching for key 'logging.pattern.dateformat' in PropertySource 'Config resource 'class path resource [application.properties]' via location 'optional:classpath:/''
2024-01-13 22:39:12.305 TRACE 58992 --- [           main] o.s.c.e.PropertySourcesPropertyResolver  : Searching for key 'logging.pattern.dateformat' in PropertySource 'Config resource 'class path resource [application.yml]' via location 'optional:classpath:/''
2024-01-13 22:39:12.305 TRACE 58992 --- [           main] o.s.c.e.PropertySourcesPropertyResolver  : Could not find key 'logging.pattern.dateformat' in any property source
2024-01-13 22:39:12.305 TRACE 58992 --- [           main] o.s.c.e.PropertySourcesPropertyResolver  : Searching for key 'logging.pattern.file' in PropertySource 'configurationProperties'
2024-01-13 22:39:12.305 TRACE 58992 --- [           main] o.s.c.e.PropertySourcesPropertyResolver  : Searching for key 'logging.pattern.file' in PropertySource 'Inlined Test Properties'
2024-01-13 22:39:12.305 TRACE 58992 --- [           main] o.s.c.e.PropertySourcesPropertyResolver  : Searching for key 'logging.pattern.file' in PropertySource 'systemProperties'
2024-01-13 22:39:12.305 TRACE 58992 --- [           main] o.s.c.e.PropertySourcesPropertyResolver  : Searching for key 'logging.pattern.file' in PropertySource 'systemEnvironment'
2024-01-13 22:39:12.305 TRACE 58992 --- [           main] o.s.c.e.PropertySourcesPropertyResolver  : Searching for key 'logging.pattern.file' in PropertySource 'random'
2024-01-13 22:39:12.305 TRACE 58992 --- [           main] o.s.c.e.PropertySourcesPropertyResolver  : Searching for key 'logging.pattern.file' in PropertySource 'Config resource 'class path resource [application.properties]' via location 'optional:classpath:/''
2024-01-13 22:39:12.305 TRACE 58992 --- [           main] o.s.c.e.PropertySourcesPropertyResolver  : Searching for key 'logging.pattern.file' in PropertySource 'Config resource 'class path resource [application.yml]' via location 'optional:classpath:/''
2024-01-13 22:39:12.305 TRACE 58992 --- [           main] o.s.c.e.PropertySourcesPropertyResolver  : Could not find key 'logging.pattern.file' in any property source
2024-01-13 22:39:12.305 TRACE 58992 --- [           main] o.s.c.e.PropertySourcesPropertyResolver  : Searching for key 'logging.charset.file' in PropertySource 'configurationProperties'
2024-01-13 22:39:12.305 TRACE 58992 --- [           main] o.s.c.e.PropertySourcesPropertyResolver  : Searching for key 'logging.charset.file' in PropertySource 'Inlined Test Properties'
2024-01-13 22:39:12.305 TRACE 58992 --- [           main] o.s.c.e.PropertySourcesPropertyResolver  : Searching for key 'logging.charset.file' in PropertySource 'systemProperties'
2024-01-13 22:39:12.305 TRACE 58992 --- [           main] o.s.c.e.PropertySourcesPropertyResolver  : Searching for key 'logging.charset.file' in PropertySource 'systemEnvironment'
2024-01-13 22:39:12.305 TRACE 58992 --- [           main] o.s.c.e.PropertySourcesPropertyResolver  : Searching for key 'logging.charset.file' in PropertySource 'random'
2024-01-13 22:39:12.305 TRACE 58992 --- [           main] o.s.c.e.PropertySourcesPropertyResolver  : Searching for key 'logging.charset.file' in PropertySource 'Config resource 'class path resource [application.properties]' via location 'optional:classpath:/''
2024-01-13 22:39:12.305 TRACE 58992 --- [           main] o.s.c.e.PropertySourcesPropertyResolver  : Searching for key 'logging.charset.file' in PropertySource 'Config resource 'class path resource [application.yml]' via location 'optional:classpath:/''
2024-01-13 22:39:12.305 TRACE 58992 --- [           main] o.s.c.e.PropertySourcesPropertyResolver  : Could not find key 'logging.charset.file' in any property source
2024-01-13 22:39:12.305 TRACE 58992 --- [           main] o.s.c.e.PropertySourcesPropertyResolver  : Searching for key 'logging.pattern.level' in PropertySource 'configurationProperties'
2024-01-13 22:39:12.305 TRACE 58992 --- [           main] o.s.c.e.PropertySourcesPropertyResolver  : Searching for key 'logging.pattern.level' in PropertySource 'Inlined Test Properties'
2024-01-13 22:39:12.305 TRACE 58992 --- [           main] o.s.c.e.PropertySourcesPropertyResolver  : Searching for key 'logging.pattern.level' in PropertySource 'systemProperties'
2024-01-13 22:39:12.305 TRACE 58992 --- [           main] o.s.c.e.PropertySourcesPropertyResolver  : Searching for key 'logging.pattern.level' in PropertySource 'systemEnvironment'
2024-01-13 22:39:12.305 TRACE 58992 --- [           main] o.s.c.e.PropertySourcesPropertyResolver  : Searching for key 'logging.pattern.level' in PropertySource 'random'
2024-01-13 22:39:12.305 TRACE 58992 --- [           main] o.s.c.e.PropertySourcesPropertyResolver  : Searching for key 'logging.pattern.level' in PropertySource 'Config resource 'class path resource [application.properties]' via location 'optional:classpath:/''
2024-01-13 22:39:12.305 TRACE 58992 --- [           main] o.s.c.e.PropertySourcesPropertyResolver  : Searching for key 'logging.pattern.level' in PropertySource 'Config resource 'class path resource [application.yml]' via location 'optional:classpath:/''
2024-01-13 22:39:12.305 TRACE 58992 --- [           main] o.s.c.e.PropertySourcesPropertyResolver  : Could not find key 'logging.pattern.level' in any property source
2024-01-13 22:39:12.305 TRACE 58992 --- [           main] o.s.c.e.PropertySourcesPropertyResolver  : Searching for key 'logging.file.clean-history-on-start' in PropertySource 'configurationProperties'
2024-01-13 22:39:12.305 TRACE 58992 --- [           main] o.s.c.e.PropertySourcesPropertyResolver  : Searching for key 'logging.file.clean-history-on-start' in PropertySource 'Inlined Test Properties'
2024-01-13 22:39:12.305 TRACE 58992 --- [           main] o.s.c.e.PropertySourcesPropertyResolver  : Searching for key 'logging.file.clean-history-on-start' in PropertySource 'systemProperties'
2024-01-13 22:39:12.305 TRACE 58992 --- [           main] o.s.c.e.PropertySourcesPropertyResolver  : Searching for key 'logging.file.clean-history-on-start' in PropertySource 'systemEnvironment'
2024-01-13 22:39:12.305 TRACE 58992 --- [           main] o.s.c.e.PropertySourcesPropertyResolver  : Searching for key 'logging.file.clean-history-on-start' in PropertySource 'random'
2024-01-13 22:39:12.305 TRACE 58992 --- [           main] o.s.c.e.PropertySourcesPropertyResolver  : Searching for key 'logging.file.clean-history-on-start' in PropertySource 'Config resource 'class path resource [application.properties]' via location 'optional:classpath:/''
2024-01-13 22:39:12.305 TRACE 58992 --- [           main] o.s.c.e.PropertySourcesPropertyResolver  : Searching for key 'logging.file.clean-history-on-start' in PropertySource 'Config resource 'class path resource [application.yml]' via location 'optional:classpath:/''
2024-01-13 22:39:12.305 TRACE 58992 --- [           main] o.s.c.e.PropertySourcesPropertyResolver  : Could not find key 'logging.file.clean-history-on-start' in any property source
2024-01-13 22:39:12.305 TRACE 58992 --- [           main] o.s.c.e.PropertySourcesPropertyResolver  : Searching for key 'logging.file.max-history' in PropertySource 'configurationProperties'
2024-01-13 22:39:12.305 TRACE 58992 --- [           main] o.s.c.e.PropertySourcesPropertyResolver  : Searching for key 'logging.file.max-history' in PropertySource 'Inlined Test Properties'
2024-01-13 22:39:12.305 TRACE 58992 --- [           main] o.s.c.e.PropertySourcesPropertyResolver  : Searching for key 'logging.file.max-history' in PropertySource 'systemProperties'
2024-01-13 22:39:12.305 TRACE 58992 --- [           main] o.s.c.e.PropertySourcesPropertyResolver  : Searching for key 'logging.file.max-history' in PropertySource 'systemEnvironment'
2024-01-13 22:39:12.305 TRACE 58992 --- [           main] o.s.c.e.PropertySourcesPropertyResolver  : Searching for key 'logging.file.max-history' in PropertySource 'random'
2024-01-13 22:39:12.305 TRACE 58992 --- [           main] o.s.c.e.PropertySourcesPropertyResolver  : Searching for key 'logging.file.max-history' in PropertySource 'Config resource 'class path resource [application.properties]' via location 'optional:classpath:/''
2024-01-13 22:39:12.305 TRACE 58992 --- [           main] o.s.c.e.PropertySourcesPropertyResolver  : Searching for key 'logging.file.max-history' in PropertySource 'Config resource 'class path resource [application.yml]' via location 'optional:classpath:/''
2024-01-13 22:39:12.305 TRACE 58992 --- [           main] o.s.c.e.PropertySourcesPropertyResolver  : Could not find key 'logging.file.max-history' in any property source
2024-01-13 22:39:12.305 TRACE 58992 --- [           main] o.s.c.e.PropertySourcesPropertyResolver  : Searching for key 'logging.file.max-size' in PropertySource 'configurationProperties'
2024-01-13 22:39:12.305 TRACE 58992 --- [           main] o.s.c.e.PropertySourcesPropertyResolver  : Searching for key 'logging.file.max-size' in PropertySource 'Inlined Test Properties'
2024-01-13 22:39:12.305 TRACE 58992 --- [           main] o.s.c.e.PropertySourcesPropertyResolver  : Searching for key 'logging.file.max-size' in PropertySource 'systemProperties'
2024-01-13 22:39:12.305 TRACE 58992 --- [           main] o.s.c.e.PropertySourcesPropertyResolver  : Searching for key 'logging.file.max-size' in PropertySource 'systemEnvironment'
2024-01-13 22:39:12.305 TRACE 58992 --- [           main] o.s.c.e.PropertySourcesPropertyResolver  : Searching for key 'logging.file.max-size' in PropertySource 'random'
2024-01-13 22:39:12.305 TRACE 58992 --- [           main] o.s.c.e.PropertySourcesPropertyResolver  : Searching for key 'logging.file.max-size' in PropertySource 'Config resource 'class path resource [application.properties]' via location 'optional:classpath:/''
2024-01-13 22:39:12.305 TRACE 58992 --- [           main] o.s.c.e.PropertySourcesPropertyResolver  : Searching for key 'logging.file.max-size' in PropertySource 'Config resource 'class path resource [application.yml]' via location 'optional:classpath:/''
2024-01-13 22:39:12.305 TRACE 58992 --- [           main] o.s.c.e.PropertySourcesPropertyResolver  : Could not find key 'logging.file.max-size' in any property source
2024-01-13 22:39:12.305 TRACE 58992 --- [           main] o.s.c.e.PropertySourcesPropertyResolver  : Searching for key 'logging.file.total-size-cap' in PropertySource 'configurationProperties'
2024-01-13 22:39:12.305 TRACE 58992 --- [           main] o.s.c.e.PropertySourcesPropertyResolver  : Searching for key 'logging.file.total-size-cap' in PropertySource 'Inlined Test Properties'
2024-01-13 22:39:12.305 TRACE 58992 --- [           main] o.s.c.e.PropertySourcesPropertyResolver  : Searching for key 'logging.file.total-size-cap' in PropertySource 'systemProperties'
2024-01-13 22:39:12.305 TRACE 58992 --- [           main] o.s.c.e.PropertySourcesPropertyResolver  : Searching for key 'logging.file.total-size-cap' in PropertySource 'systemEnvironment'
2024-01-13 22:39:12.305 TRACE 58992 --- [           main] o.s.c.e.PropertySourcesPropertyResolver  : Searching for key 'logging.file.total-size-cap' in PropertySource 'random'
2024-01-13 22:39:12.305 TRACE 58992 --- [           main] o.s.c.e.PropertySourcesPropertyResolver  : Searching for key 'logging.file.total-size-cap' in PropertySource 'Config resource 'class path resource [application.properties]' via location 'optional:classpath:/''
2024-01-13 22:39:12.305 TRACE 58992 --- [           main] o.s.c.e.PropertySourcesPropertyResolver  : Searching for key 'logging.file.total-size-cap' in PropertySource 'Config resource 'class path resource [application.yml]' via location 'optional:classpath:/''
2024-01-13 22:39:12.305 TRACE 58992 --- [           main] o.s.c.e.PropertySourcesPropertyResolver  : Could not find key 'logging.file.total-size-cap' in any property source
2024-01-13 22:39:12.305 TRACE 58992 --- [           main] o.s.c.e.PropertySourcesPropertyResolver  : Searching for key 'logging.pattern.rolling-file-name' in PropertySource 'configurationProperties'
2024-01-13 22:39:12.305 TRACE 58992 --- [           main] o.s.c.e.PropertySourcesPropertyResolver  : Searching for key 'logging.pattern.rolling-file-name' in PropertySource 'Inlined Test Properties'
2024-01-13 22:39:12.305 TRACE 58992 --- [           main] o.s.c.e.PropertySourcesPropertyResolver  : Searching for key 'logging.pattern.rolling-file-name' in PropertySource 'systemProperties'
2024-01-13 22:39:12.305 TRACE 58992 --- [           main] o.s.c.e.PropertySourcesPropertyResolver  : Searching for key 'logging.pattern.rolling-file-name' in PropertySource 'systemEnvironment'
2024-01-13 22:39:12.305 TRACE 58992 --- [           main] o.s.c.e.PropertySourcesPropertyResolver  : Searching for key 'logging.pattern.rolling-file-name' in PropertySource 'random'
2024-01-13 22:39:12.305 TRACE 58992 --- [           main] o.s.c.e.PropertySourcesPropertyResolver  : Searching for key 'logging.pattern.rolling-file-name' in PropertySource 'Config resource 'class path resource [application.properties]' via location 'optional:classpath:/''
2024-01-13 22:39:12.305 TRACE 58992 --- [           main] o.s.c.e.PropertySourcesPropertyResolver  : Searching for key 'logging.pattern.rolling-file-name' in PropertySource 'Config resource 'class path resource [application.yml]' via location 'optional:classpath:/''
2024-01-13 22:39:12.305 TRACE 58992 --- [           main] o.s.c.e.PropertySourcesPropertyResolver  : Could not find key 'logging.pattern.rolling-file-name' in any property source
2024-01-13 22:39:12.305 TRACE 58992 --- [           main] o.s.c.e.PropertySourcesPropertyResolver  : Searching for key 'logging.logback.rollingpolicy.file-name-pattern' in PropertySource 'configurationProperties'
2024-01-13 22:39:12.306 TRACE 58992 --- [           main] o.s.c.e.PropertySourcesPropertyResolver  : Searching for key 'logging.logback.rollingpolicy.file-name-pattern' in PropertySource 'Inlined Test Properties'
2024-01-13 22:39:12.306 TRACE 58992 --- [           main] o.s.c.e.PropertySourcesPropertyResolver  : Searching for key 'logging.logback.rollingpolicy.file-name-pattern' in PropertySource 'systemProperties'
2024-01-13 22:39:12.306 TRACE 58992 --- [           main] o.s.c.e.PropertySourcesPropertyResolver  : Searching for key 'logging.logback.rollingpolicy.file-name-pattern' in PropertySource 'systemEnvironment'
2024-01-13 22:39:12.306 TRACE 58992 --- [           main] o.s.c.e.PropertySourcesPropertyResolver  : Searching for key 'logging.logback.rollingpolicy.file-name-pattern' in PropertySource 'random'
2024-01-13 22:39:12.306 TRACE 58992 --- [           main] o.s.c.e.PropertySourcesPropertyResolver  : Searching for key 'logging.logback.rollingpolicy.file-name-pattern' in PropertySource 'Config resource 'class path resource [application.properties]' via location 'optional:classpath:/''
2024-01-13 22:39:12.306 TRACE 58992 --- [           main] o.s.c.e.PropertySourcesPropertyResolver  : Searching for key 'logging.logback.rollingpolicy.file-name-pattern' in PropertySource 'Config resource 'class path resource [application.yml]' via location 'optional:classpath:/''
2024-01-13 22:39:12.306 TRACE 58992 --- [           main] o.s.c.e.PropertySourcesPropertyResolver  : Could not find key 'logging.logback.rollingpolicy.file-name-pattern' in any property source
2024-01-13 22:39:12.306 TRACE 58992 --- [           main] o.s.c.e.PropertySourcesPropertyResolver  : Searching for key 'logging.pattern.rolling-file-name' in PropertySource 'configurationProperties'
2024-01-13 22:39:12.306 TRACE 58992 --- [           main] o.s.c.e.PropertySourcesPropertyResolver  : Searching for key 'logging.pattern.rolling-file-name' in PropertySource 'Inlined Test Properties'
2024-01-13 22:39:12.306 TRACE 58992 --- [           main] o.s.c.e.PropertySourcesPropertyResolver  : Searching for key 'logging.pattern.rolling-file-name' in PropertySource 'systemProperties'
2024-01-13 22:39:12.306 TRACE 58992 --- [           main] o.s.c.e.PropertySourcesPropertyResolver  : Searching for key 'logging.pattern.rolling-file-name' in PropertySource 'systemEnvironment'
2024-01-13 22:39:12.306 TRACE 58992 --- [           main] o.s.c.e.PropertySourcesPropertyResolver  : Searching for key 'logging.pattern.rolling-file-name' in PropertySource 'random'
2024-01-13 22:39:12.306 TRACE 58992 --- [           main] o.s.c.e.PropertySourcesPropertyResolver  : Searching for key 'logging.pattern.rolling-file-name' in PropertySource 'Config resource 'class path resource [application.properties]' via location 'optional:classpath:/''
2024-01-13 22:39:12.306 TRACE 58992 --- [           main] o.s.c.e.PropertySourcesPropertyResolver  : Searching for key 'logging.pattern.rolling-file-name' in PropertySource 'Config resource 'class path resource [application.yml]' via location 'optional:classpath:/''
2024-01-13 22:39:12.306 TRACE 58992 --- [           main] o.s.c.e.PropertySourcesPropertyResolver  : Could not find key 'logging.pattern.rolling-file-name' in any property source
2024-01-13 22:39:12.306 TRACE 58992 --- [           main] o.s.c.e.PropertySourcesPropertyResolver  : Searching for key 'logging.logback.rollingpolicy.clean-history-on-start' in PropertySource 'configurationProperties'
2024-01-13 22:39:12.306 TRACE 58992 --- [           main] o.s.c.e.PropertySourcesPropertyResolver  : Searching for key 'logging.logback.rollingpolicy.clean-history-on-start' in PropertySource 'Inlined Test Properties'
2024-01-13 22:39:12.306 TRACE 58992 --- [           main] o.s.c.e.PropertySourcesPropertyResolver  : Searching for key 'logging.logback.rollingpolicy.clean-history-on-start' in PropertySource 'systemProperties'
2024-01-13 22:39:12.306 TRACE 58992 --- [           main] o.s.c.e.PropertySourcesPropertyResolver  : Searching for key 'logging.logback.rollingpolicy.clean-history-on-start' in PropertySource 'systemEnvironment'
2024-01-13 22:39:12.306 TRACE 58992 --- [           main] o.s.c.e.PropertySourcesPropertyResolver  : Searching for key 'logging.logback.rollingpolicy.clean-history-on-start' in PropertySource 'random'
2024-01-13 22:39:12.306 TRACE 58992 --- [           main] o.s.c.e.PropertySourcesPropertyResolver  : Searching for key 'logging.logback.rollingpolicy.clean-history-on-start' in PropertySource 'Config resource 'class path resource [application.properties]' via location 'optional:classpath:/''
2024-01-13 22:39:12.306 TRACE 58992 --- [           main] o.s.c.e.PropertySourcesPropertyResolver  : Searching for key 'logging.logback.rollingpolicy.clean-history-on-start' in PropertySource 'Config resource 'class path resource [application.yml]' via location 'optional:classpath:/''
2024-01-13 22:39:12.306 TRACE 58992 --- [           main] o.s.c.e.PropertySourcesPropertyResolver  : Could not find key 'logging.logback.rollingpolicy.clean-history-on-start' in any property source
2024-01-13 22:39:12.306 TRACE 58992 --- [           main] o.s.c.e.PropertySourcesPropertyResolver  : Searching for key 'logging.file.clean-history-on-start' in PropertySource 'configurationProperties'
2024-01-13 22:39:12.306 TRACE 58992 --- [           main] o.s.c.e.PropertySourcesPropertyResolver  : Searching for key 'logging.file.clean-history-on-start' in PropertySource 'Inlined Test Properties'
2024-01-13 22:39:12.306 TRACE 58992 --- [           main] o.s.c.e.PropertySourcesPropertyResolver  : Searching for key 'logging.file.clean-history-on-start' in PropertySource 'systemProperties'
2024-01-13 22:39:12.306 TRACE 58992 --- [           main] o.s.c.e.PropertySourcesPropertyResolver  : Searching for key 'logging.file.clean-history-on-start' in PropertySource 'systemEnvironment'
2024-01-13 22:39:12.306 TRACE 58992 --- [           main] o.s.c.e.PropertySourcesPropertyResolver  : Searching for key 'logging.file.clean-history-on-start' in PropertySource 'random'
2024-01-13 22:39:12.306 TRACE 58992 --- [           main] o.s.c.e.PropertySourcesPropertyResolver  : Searching for key 'logging.file.clean-history-on-start' in PropertySource 'Config resource 'class path resource [application.properties]' via location 'optional:classpath:/''
2024-01-13 22:39:12.306 TRACE 58992 --- [           main] o.s.c.e.PropertySourcesPropertyResolver  : Searching for key 'logging.file.clean-history-on-start' in PropertySource 'Config resource 'class path resource [application.yml]' via location 'optional:classpath:/''
2024-01-13 22:39:12.306 TRACE 58992 --- [           main] o.s.c.e.PropertySourcesPropertyResolver  : Could not find key 'logging.file.clean-history-on-start' in any property source
2024-01-13 22:39:12.306 TRACE 58992 --- [           main] o.s.c.e.PropertySourcesPropertyResolver  : Searching for key 'logging.logback.rollingpolicy.max-file-size' in PropertySource 'configurationProperties'
2024-01-13 22:39:12.306 TRACE 58992 --- [           main] o.s.c.e.PropertySourcesPropertyResolver  : Searching for key 'logging.logback.rollingpolicy.max-file-size' in PropertySource 'Inlined Test Properties'
2024-01-13 22:39:12.306 TRACE 58992 --- [           main] o.s.c.e.PropertySourcesPropertyResolver  : Searching for key 'logging.logback.rollingpolicy.max-file-size' in PropertySource 'systemProperties'
2024-01-13 22:39:12.306 TRACE 58992 --- [           main] o.s.c.e.PropertySourcesPropertyResolver  : Searching for key 'logging.logback.rollingpolicy.max-file-size' in PropertySource 'systemEnvironment'
2024-01-13 22:39:12.306 TRACE 58992 --- [           main] o.s.c.e.PropertySourcesPropertyResolver  : Searching for key 'logging.logback.rollingpolicy.max-file-size' in PropertySource 'random'
2024-01-13 22:39:12.306 TRACE 58992 --- [           main] o.s.c.e.PropertySourcesPropertyResolver  : Searching for key 'logging.logback.rollingpolicy.max-file-size' in PropertySource 'Config resource 'class path resource [application.properties]' via location 'optional:classpath:/''
2024-01-13 22:39:12.306 TRACE 58992 --- [           main] o.s.c.e.PropertySourcesPropertyResolver  : Searching for key 'logging.logback.rollingpolicy.max-file-size' in PropertySource 'Config resource 'class path resource [application.yml]' via location 'optional:classpath:/''
2024-01-13 22:39:12.306 TRACE 58992 --- [           main] o.s.c.e.PropertySourcesPropertyResolver  : Could not find key 'logging.logback.rollingpolicy.max-file-size' in any property source
2024-01-13 22:39:12.306 TRACE 58992 --- [           main] o.s.c.e.PropertySourcesPropertyResolver  : Searching for key 'logging.file.max-size' in PropertySource 'configurationProperties'
2024-01-13 22:39:12.306 TRACE 58992 --- [           main] o.s.c.e.PropertySourcesPropertyResolver  : Searching for key 'logging.file.max-size' in PropertySource 'Inlined Test Properties'
2024-01-13 22:39:12.306 TRACE 58992 --- [           main] o.s.c.e.PropertySourcesPropertyResolver  : Searching for key 'logging.file.max-size' in PropertySource 'systemProperties'
2024-01-13 22:39:12.306 TRACE 58992 --- [           main] o.s.c.e.PropertySourcesPropertyResolver  : Searching for key 'logging.file.max-size' in PropertySource 'systemEnvironment'
2024-01-13 22:39:12.306 TRACE 58992 --- [           main] o.s.c.e.PropertySourcesPropertyResolver  : Searching for key 'logging.file.max-size' in PropertySource 'random'
2024-01-13 22:39:12.306 TRACE 58992 --- [           main] o.s.c.e.PropertySourcesPropertyResolver  : Searching for key 'logging.file.max-size' in PropertySource 'Config resource 'class path resource [application.properties]' via location 'optional:classpath:/''
2024-01-13 22:39:12.306 TRACE 58992 --- [           main] o.s.c.e.PropertySourcesPropertyResolver  : Searching for key 'logging.file.max-size' in PropertySource 'Config resource 'class path resource [application.yml]' via location 'optional:classpath:/''
2024-01-13 22:39:12.306 TRACE 58992 --- [           main] o.s.c.e.PropertySourcesPropertyResolver  : Could not find key 'logging.file.max-size' in any property source
2024-01-13 22:39:12.306 TRACE 58992 --- [           main] o.s.c.e.PropertySourcesPropertyResolver  : Searching for key 'logging.logback.rollingpolicy.total-size-cap' in PropertySource 'configurationProperties'
2024-01-13 22:39:12.306 TRACE 58992 --- [           main] o.s.c.e.PropertySourcesPropertyResolver  : Searching for key 'logging.logback.rollingpolicy.total-size-cap' in PropertySource 'Inlined Test Properties'
2024-01-13 22:39:12.306 TRACE 58992 --- [           main] o.s.c.e.PropertySourcesPropertyResolver  : Searching for key 'logging.logback.rollingpolicy.total-size-cap' in PropertySource 'systemProperties'
2024-01-13 22:39:12.306 TRACE 58992 --- [           main] o.s.c.e.PropertySourcesPropertyResolver  : Searching for key 'logging.logback.rollingpolicy.total-size-cap' in PropertySource 'systemEnvironment'
2024-01-13 22:39:12.306 TRACE 58992 --- [           main] o.s.c.e.PropertySourcesPropertyResolver  : Searching for key 'logging.logback.rollingpolicy.total-size-cap' in PropertySource 'random'
2024-01-13 22:39:12.306 TRACE 58992 --- [           main] o.s.c.e.PropertySourcesPropertyResolver  : Searching for key 'logging.logback.rollingpolicy.total-size-cap' in PropertySource 'Config resource 'class path resource [application.properties]' via location 'optional:classpath:/''
2024-01-13 22:39:12.306 TRACE 58992 --- [           main] o.s.c.e.PropertySourcesPropertyResolver  : Searching for key 'logging.logback.rollingpolicy.total-size-cap' in PropertySource 'Config resource 'class path resource [application.yml]' via location 'optional:classpath:/''
2024-01-13 22:39:12.306 TRACE 58992 --- [           main] o.s.c.e.PropertySourcesPropertyResolver  : Could not find key 'logging.logback.rollingpolicy.total-size-cap' in any property source
2024-01-13 22:39:12.306 TRACE 58992 --- [           main] o.s.c.e.PropertySourcesPropertyResolver  : Searching for key 'logging.file.total-size-cap' in PropertySource 'configurationProperties'
2024-01-13 22:39:12.306 TRACE 58992 --- [           main] o.s.c.e.PropertySourcesPropertyResolver  : Searching for key 'logging.file.total-size-cap' in PropertySource 'Inlined Test Properties'
2024-01-13 22:39:12.306 TRACE 58992 --- [           main] o.s.c.e.PropertySourcesPropertyResolver  : Searching for key 'logging.file.total-size-cap' in PropertySource 'systemProperties'
2024-01-13 22:39:12.306 TRACE 58992 --- [           main] o.s.c.e.PropertySourcesPropertyResolver  : Searching for key 'logging.file.total-size-cap' in PropertySource 'systemEnvironment'
2024-01-13 22:39:12.306 TRACE 58992 --- [           main] o.s.c.e.PropertySourcesPropertyResolver  : Searching for key 'logging.file.total-size-cap' in PropertySource 'random'
2024-01-13 22:39:12.306 TRACE 58992 --- [           main] o.s.c.e.PropertySourcesPropertyResolver  : Searching for key 'logging.file.total-size-cap' in PropertySource 'Config resource 'class path resource [application.properties]' via location 'optional:classpath:/''
2024-01-13 22:39:12.306 TRACE 58992 --- [           main] o.s.c.e.PropertySourcesPropertyResolver  : Searching for key 'logging.file.total-size-cap' in PropertySource 'Config resource 'class path resource [application.yml]' via location 'optional:classpath:/''
2024-01-13 22:39:12.306 TRACE 58992 --- [           main] o.s.c.e.PropertySourcesPropertyResolver  : Could not find key 'logging.file.total-size-cap' in any property source
2024-01-13 22:39:12.306 TRACE 58992 --- [           main] o.s.c.e.PropertySourcesPropertyResolver  : Searching for key 'logging.logback.rollingpolicy.max-history' in PropertySource 'configurationProperties'
2024-01-13 22:39:12.306 TRACE 58992 --- [           main] o.s.c.e.PropertySourcesPropertyResolver  : Searching for key 'logging.logback.rollingpolicy.max-history' in PropertySource 'Inlined Test Properties'
2024-01-13 22:39:12.306 TRACE 58992 --- [           main] o.s.c.e.PropertySourcesPropertyResolver  : Searching for key 'logging.logback.rollingpolicy.max-history' in PropertySource 'systemProperties'
2024-01-13 22:39:12.306 TRACE 58992 --- [           main] o.s.c.e.PropertySourcesPropertyResolver  : Searching for key 'logging.logback.rollingpolicy.max-history' in PropertySource 'systemEnvironment'
2024-01-13 22:39:12.306 TRACE 58992 --- [           main] o.s.c.e.PropertySourcesPropertyResolver  : Searching for key 'logging.logback.rollingpolicy.max-history' in PropertySource 'random'
2024-01-13 22:39:12.306 TRACE 58992 --- [           main] o.s.c.e.PropertySourcesPropertyResolver  : Searching for key 'logging.logback.rollingpolicy.max-history' in PropertySource 'Config resource 'class path resource [application.properties]' via location 'optional:classpath:/''
2024-01-13 22:39:12.306 TRACE 58992 --- [           main] o.s.c.e.PropertySourcesPropertyResolver  : Searching for key 'logging.logback.rollingpolicy.max-history' in PropertySource 'Config resource 'class path resource [application.yml]' via location 'optional:classpath:/''
2024-01-13 22:39:12.306 TRACE 58992 --- [           main] o.s.c.e.PropertySourcesPropertyResolver  : Could not find key 'logging.logback.rollingpolicy.max-history' in any property source
2024-01-13 22:39:12.306 TRACE 58992 --- [           main] o.s.c.e.PropertySourcesPropertyResolver  : Searching for key 'logging.file.max-history' in PropertySource 'configurationProperties'
2024-01-13 22:39:12.306 TRACE 58992 --- [           main] o.s.c.e.PropertySourcesPropertyResolver  : Searching for key 'logging.file.max-history' in PropertySource 'Inlined Test Properties'
2024-01-13 22:39:12.306 TRACE 58992 --- [           main] o.s.c.e.PropertySourcesPropertyResolver  : Searching for key 'logging.file.max-history' in PropertySource 'systemProperties'
2024-01-13 22:39:12.306 TRACE 58992 --- [           main] o.s.c.e.PropertySourcesPropertyResolver  : Searching for key 'logging.file.max-history' in PropertySource 'systemEnvironment'
2024-01-13 22:39:12.306 TRACE 58992 --- [           main] o.s.c.e.PropertySourcesPropertyResolver  : Searching for key 'logging.file.max-history' in PropertySource 'random'
2024-01-13 22:39:12.306 TRACE 58992 --- [           main] o.s.c.e.PropertySourcesPropertyResolver  : Searching for key 'logging.file.max-history' in PropertySource 'Config resource 'class path resource [application.properties]' via location 'optional:classpath:/''
2024-01-13 22:39:12.306 TRACE 58992 --- [           main] o.s.c.e.PropertySourcesPropertyResolver  : Searching for key 'logging.file.max-history' in PropertySource 'Config resource 'class path resource [application.yml]' via location 'optional:classpath:/''
2024-01-13 22:39:12.306 TRACE 58992 --- [           main] o.s.c.e.PropertySourcesPropertyResolver  : Could not find key 'logging.file.max-history' in any property source
2024-01-13 22:39:12.306 TRACE 58992 --- [           main] o.s.c.e.PropertySourcesPropertyResolver  : Searching for key 'logging.file.name' in PropertySource 'configurationProperties'
2024-01-13 22:39:12.306 TRACE 58992 --- [           main] o.s.c.e.PropertySourcesPropertyResolver  : Searching for key 'logging.file.name' in PropertySource 'Inlined Test Properties'
2024-01-13 22:39:12.306 TRACE 58992 --- [           main] o.s.c.e.PropertySourcesPropertyResolver  : Searching for key 'logging.file.name' in PropertySource 'systemProperties'
2024-01-13 22:39:12.306 TRACE 58992 --- [           main] o.s.c.e.PropertySourcesPropertyResolver  : Searching for key 'logging.file.name' in PropertySource 'systemEnvironment'
2024-01-13 22:39:12.306 TRACE 58992 --- [           main] o.s.c.e.PropertySourcesPropertyResolver  : Searching for key 'logging.file.name' in PropertySource 'random'
2024-01-13 22:39:12.306 TRACE 58992 --- [           main] o.s.c.e.PropertySourcesPropertyResolver  : Searching for key 'logging.file.name' in PropertySource 'Config resource 'class path resource [application.properties]' via location 'optional:classpath:/''
2024-01-13 22:39:12.306 TRACE 58992 --- [           main] o.s.c.e.PropertySourcesPropertyResolver  : Searching for key 'logging.file.name' in PropertySource 'Config resource 'class path resource [application.yml]' via location 'optional:classpath:/''
2024-01-13 22:39:12.306 TRACE 58992 --- [           main] o.s.c.e.PropertySourcesPropertyResolver  : Could not find key 'logging.file.name' in any property source
2024-01-13 22:39:12.306 TRACE 58992 --- [           main] o.s.c.e.PropertySourcesPropertyResolver  : Searching for key 'logging.file.path' in PropertySource 'configurationProperties'
2024-01-13 22:39:12.306 TRACE 58992 --- [           main] o.s.c.e.PropertySourcesPropertyResolver  : Searching for key 'logging.file.path' in PropertySource 'Inlined Test Properties'
2024-01-13 22:39:12.306 TRACE 58992 --- [           main] o.s.c.e.PropertySourcesPropertyResolver  : Searching for key 'logging.file.path' in PropertySource 'systemProperties'
2024-01-13 22:39:12.306 TRACE 58992 --- [           main] o.s.c.e.PropertySourcesPropertyResolver  : Searching for key 'logging.file.path' in PropertySource 'systemEnvironment'
2024-01-13 22:39:12.306 TRACE 58992 --- [           main] o.s.c.e.PropertySourcesPropertyResolver  : Searching for key 'logging.file.path' in PropertySource 'random'
2024-01-13 22:39:12.306 TRACE 58992 --- [           main] o.s.c.e.PropertySourcesPropertyResolver  : Searching for key 'logging.file.path' in PropertySource 'Config resource 'class path resource [application.properties]' via location 'optional:classpath:/''
2024-01-13 22:39:12.306 TRACE 58992 --- [           main] o.s.c.e.PropertySourcesPropertyResolver  : Searching for key 'logging.file.path' in PropertySource 'Config resource 'class path resource [application.yml]' via location 'optional:classpath:/''
2024-01-13 22:39:12.306 TRACE 58992 --- [           main] o.s.c.e.PropertySourcesPropertyResolver  : Could not find key 'logging.file.path' in any property source
2024-01-13 22:39:12.306 TRACE 58992 --- [           main] o.s.c.e.PropertySourcesPropertyResolver  : Searching for key 'debug' in PropertySource 'configurationProperties'
2024-01-13 22:39:12.306 TRACE 58992 --- [           main] o.s.c.e.PropertySourcesPropertyResolver  : Searching for key 'debug' in PropertySource 'Inlined Test Properties'
2024-01-13 22:39:12.306 TRACE 58992 --- [           main] o.s.c.e.PropertySourcesPropertyResolver  : Searching for key 'debug' in PropertySource 'systemProperties'
2024-01-13 22:39:12.306 TRACE 58992 --- [           main] o.s.c.e.PropertySourcesPropertyResolver  : Searching for key 'debug' in PropertySource 'systemEnvironment'
2024-01-13 22:39:12.306 TRACE 58992 --- [           main] o.s.c.e.PropertySourcesPropertyResolver  : Searching for key 'debug' in PropertySource 'random'
2024-01-13 22:39:12.306 TRACE 58992 --- [           main] o.s.c.e.PropertySourcesPropertyResolver  : Searching for key 'debug' in PropertySource 'Config resource 'class path resource [application.properties]' via location 'optional:classpath:/''
2024-01-13 22:39:12.306 TRACE 58992 --- [           main] o.s.c.e.PropertySourcesPropertyResolver  : Searching for key 'debug' in PropertySource 'Config resource 'class path resource [application.yml]' via location 'optional:classpath:/''
2024-01-13 22:39:12.306 TRACE 58992 --- [           main] o.s.c.e.PropertySourcesPropertyResolver  : Could not find key 'debug' in any property source
2024-01-13 22:39:12.306 TRACE 58992 --- [           main] o.s.c.e.PropertySourcesPropertyResolver  : Searching for key 'trace' in PropertySource 'configurationProperties'
2024-01-13 22:39:12.306 TRACE 58992 --- [           main] o.s.c.e.PropertySourcesPropertyResolver  : Searching for key 'trace' in PropertySource 'Inlined Test Properties'
2024-01-13 22:39:12.306 TRACE 58992 --- [           main] o.s.c.e.PropertySourcesPropertyResolver  : Searching for key 'trace' in PropertySource 'systemProperties'
2024-01-13 22:39:12.306 TRACE 58992 --- [           main] o.s.c.e.PropertySourcesPropertyResolver  : Searching for key 'trace' in PropertySource 'systemEnvironment'
2024-01-13 22:39:12.306 TRACE 58992 --- [           main] o.s.c.e.PropertySourcesPropertyResolver  : Searching for key 'trace' in PropertySource 'random'
2024-01-13 22:39:12.306 TRACE 58992 --- [           main] o.s.c.e.PropertySourcesPropertyResolver  : Searching for key 'trace' in PropertySource 'Config resource 'class path resource [application.properties]' via location 'optional:classpath:/''
2024-01-13 22:39:12.306 TRACE 58992 --- [           main] o.s.c.e.PropertySourcesPropertyResolver  : Searching for key 'trace' in PropertySource 'Config resource 'class path resource [application.yml]' via location 'optional:classpath:/''
2024-01-13 22:39:12.306 TRACE 58992 --- [           main] o.s.c.e.PropertySourcesPropertyResolver  : Could not find key 'trace' in any property source
2024-01-13 22:39:12.306 TRACE 58992 --- [           main] o.s.c.e.PropertySourcesPropertyResolver  : Searching for key 'logging.config' in PropertySource 'configurationProperties'
2024-01-13 22:39:12.306 TRACE 58992 --- [           main] o.s.c.e.PropertySourcesPropertyResolver  : Searching for key 'logging.config' in PropertySource 'Inlined Test Properties'
2024-01-13 22:39:12.306 TRACE 58992 --- [           main] o.s.c.e.PropertySourcesPropertyResolver  : Searching for key 'logging.config' in PropertySource 'systemProperties'
2024-01-13 22:39:12.306 TRACE 58992 --- [           main] o.s.c.e.PropertySourcesPropertyResolver  : Searching for key 'logging.config' in PropertySource 'systemEnvironment'
2024-01-13 22:39:12.306 TRACE 58992 --- [           main] o.s.c.e.PropertySourcesPropertyResolver  : Searching for key 'logging.config' in PropertySource 'random'
2024-01-13 22:39:12.306 TRACE 58992 --- [           main] o.s.c.e.PropertySourcesPropertyResolver  : Searching for key 'logging.config' in PropertySource 'Config resource 'class path resource [application.properties]' via location 'optional:classpath:/''
2024-01-13 22:39:12.306 TRACE 58992 --- [           main] o.s.c.e.PropertySourcesPropertyResolver  : Searching for key 'logging.config' in PropertySource 'Config resource 'class path resource [application.yml]' via location 'optional:classpath:/''
2024-01-13 22:39:12.306 TRACE 58992 --- [           main] o.s.c.e.PropertySourcesPropertyResolver  : Could not find key 'logging.config' in any property source
2024-01-13 22:39:12.307 TRACE 58992 --- [           main] o.s.c.e.PropertySourcesPropertyResolver  : Searching for key 'logging.register-shutdown-hook' in PropertySource 'configurationProperties'
2024-01-13 22:39:12.307 TRACE 58992 --- [           main] o.s.c.e.PropertySourcesPropertyResolver  : Searching for key 'logging.register-shutdown-hook' in PropertySource 'Inlined Test Properties'
2024-01-13 22:39:12.307 TRACE 58992 --- [           main] o.s.c.e.PropertySourcesPropertyResolver  : Searching for key 'logging.register-shutdown-hook' in PropertySource 'systemProperties'
2024-01-13 22:39:12.307 TRACE 58992 --- [           main] o.s.c.e.PropertySourcesPropertyResolver  : Searching for key 'logging.register-shutdown-hook' in PropertySource 'systemEnvironment'
2024-01-13 22:39:12.307 TRACE 58992 --- [           main] o.s.c.e.PropertySourcesPropertyResolver  : Searching for key 'logging.register-shutdown-hook' in PropertySource 'random'
2024-01-13 22:39:12.307 TRACE 58992 --- [           main] o.s.c.e.PropertySourcesPropertyResolver  : Searching for key 'logging.register-shutdown-hook' in PropertySource 'Config resource 'class path resource [application.properties]' via location 'optional:classpath:/''
2024-01-13 22:39:12.307 TRACE 58992 --- [           main] o.s.c.e.PropertySourcesPropertyResolver  : Searching for key 'logging.register-shutdown-hook' in PropertySource 'Config resource 'class path resource [application.yml]' via location 'optional:classpath:/''
2024-01-13 22:39:12.307 TRACE 58992 --- [           main] o.s.c.e.PropertySourcesPropertyResolver  : Could not find key 'logging.register-shutdown-hook' in any property source
2024-01-13 22:39:12.307 TRACE 58992 --- [           main] o.s.c.e.PropertySourcesPropertyResolver  : Searching for key 'context.listener.classes' in PropertySource 'configurationProperties'
2024-01-13 22:39:12.307 TRACE 58992 --- [           main] o.s.c.e.PropertySourcesPropertyResolver  : Searching for key 'context.listener.classes' in PropertySource 'Inlined Test Properties'
2024-01-13 22:39:12.307 TRACE 58992 --- [           main] o.s.c.e.PropertySourcesPropertyResolver  : Searching for key 'context.listener.classes' in PropertySource 'systemProperties'
2024-01-13 22:39:12.307 TRACE 58992 --- [           main] o.s.c.e.PropertySourcesPropertyResolver  : Searching for key 'context.listener.classes' in PropertySource 'systemEnvironment'
2024-01-13 22:39:12.307 TRACE 58992 --- [           main] o.s.c.e.PropertySourcesPropertyResolver  : Searching for key 'context.listener.classes' in PropertySource 'random'
2024-01-13 22:39:12.307 TRACE 58992 --- [           main] o.s.c.e.PropertySourcesPropertyResolver  : Searching for key 'context.listener.classes' in PropertySource 'Config resource 'class path resource [application.properties]' via location 'optional:classpath:/''
2024-01-13 22:39:12.307 TRACE 58992 --- [           main] o.s.c.e.PropertySourcesPropertyResolver  : Searching for key 'context.listener.classes' in PropertySource 'Config resource 'class path resource [application.yml]' via location 'optional:classpath:/''
2024-01-13 22:39:12.307 TRACE 58992 --- [           main] o.s.c.e.PropertySourcesPropertyResolver  : Could not find key 'context.listener.classes' in any property source
2024-01-13 22:39:12.307 TRACE 58992 --- [           main] o.s.c.e.PropertySourcesPropertyResolver  : Searching for key 'spring.mandatory-file-encoding' in PropertySource 'configurationProperties'
2024-01-13 22:39:12.307 TRACE 58992 --- [           main] o.s.c.e.PropertySourcesPropertyResolver  : Searching for key 'spring.mandatory-file-encoding' in PropertySource 'Inlined Test Properties'
2024-01-13 22:39:12.307 TRACE 58992 --- [           main] o.s.c.e.PropertySourcesPropertyResolver  : Searching for key 'spring.mandatory-file-encoding' in PropertySource 'systemProperties'
2024-01-13 22:39:12.307 TRACE 58992 --- [           main] o.s.c.e.PropertySourcesPropertyResolver  : Searching for key 'spring.mandatory-file-encoding' in PropertySource 'systemEnvironment'
2024-01-13 22:39:12.307 TRACE 58992 --- [           main] o.s.c.e.PropertySourcesPropertyResolver  : Searching for key 'spring.mandatory-file-encoding' in PropertySource 'random'
2024-01-13 22:39:12.307 TRACE 58992 --- [           main] o.s.c.e.PropertySourcesPropertyResolver  : Searching for key 'spring.mandatory-file-encoding' in PropertySource 'Config resource 'class path resource [application.properties]' via location 'optional:classpath:/''
2024-01-13 22:39:12.307 TRACE 58992 --- [           main] o.s.c.e.PropertySourcesPropertyResolver  : Searching for key 'spring.mandatory-file-encoding' in PropertySource 'Config resource 'class path resource [application.yml]' via location 'optional:classpath:/''
2024-01-13 22:39:12.307 TRACE 58992 --- [           main] o.s.c.e.PropertySourcesPropertyResolver  : Could not find key 'spring.mandatory-file-encoding' in any property source
2024-01-13 22:39:12.307 TRACE 58992 --- [           main] o.s.c.e.PropertySourcesPropertyResolver  : Searching for key 'spring.banner.image.location' in PropertySource 'configurationProperties'
2024-01-13 22:39:12.307 TRACE 58992 --- [           main] o.s.c.e.PropertySourcesPropertyResolver  : Searching for key 'spring.banner.image.location' in PropertySource 'Inlined Test Properties'
2024-01-13 22:39:12.307 TRACE 58992 --- [           main] o.s.c.e.PropertySourcesPropertyResolver  : Searching for key 'spring.banner.image.location' in PropertySource 'systemProperties'
2024-01-13 22:39:12.307 TRACE 58992 --- [           main] o.s.c.e.PropertySourcesPropertyResolver  : Searching for key 'spring.banner.image.location' in PropertySource 'systemEnvironment'
2024-01-13 22:39:12.307 TRACE 58992 --- [           main] o.s.c.e.PropertySourcesPropertyResolver  : Searching for key 'spring.banner.image.location' in PropertySource 'random'
2024-01-13 22:39:12.307 TRACE 58992 --- [           main] o.s.c.e.PropertySourcesPropertyResolver  : Searching for key 'spring.banner.image.location' in PropertySource 'Config resource 'class path resource [application.properties]' via location 'optional:classpath:/''
2024-01-13 22:39:12.307 TRACE 58992 --- [           main] o.s.c.e.PropertySourcesPropertyResolver  : Searching for key 'spring.banner.image.location' in PropertySource 'Config resource 'class path resource [application.yml]' via location 'optional:classpath:/''
2024-01-13 22:39:12.307 TRACE 58992 --- [           main] o.s.c.e.PropertySourcesPropertyResolver  : Could not find key 'spring.banner.image.location' in any property source
2024-01-13 22:39:12.307 TRACE 58992 --- [           main] o.s.c.e.PropertySourcesPropertyResolver  : Searching for key 'spring.banner.location' in PropertySource 'configurationProperties'
2024-01-13 22:39:12.307 TRACE 58992 --- [           main] o.s.c.e.PropertySourcesPropertyResolver  : Searching for key 'spring.banner.location' in PropertySource 'Inlined Test Properties'
2024-01-13 22:39:12.307 TRACE 58992 --- [           main] o.s.c.e.PropertySourcesPropertyResolver  : Searching for key 'spring.banner.location' in PropertySource 'systemProperties'
2024-01-13 22:39:12.307 TRACE 58992 --- [           main] o.s.c.e.PropertySourcesPropertyResolver  : Searching for key 'spring.banner.location' in PropertySource 'systemEnvironment'
2024-01-13 22:39:12.307 TRACE 58992 --- [           main] o.s.c.e.PropertySourcesPropertyResolver  : Searching for key 'spring.banner.location' in PropertySource 'random'
2024-01-13 22:39:12.307 TRACE 58992 --- [           main] o.s.c.e.PropertySourcesPropertyResolver  : Searching for key 'spring.banner.location' in PropertySource 'Config resource 'class path resource [application.properties]' via location 'optional:classpath:/''
2024-01-13 22:39:12.307 TRACE 58992 --- [           main] o.s.c.e.PropertySourcesPropertyResolver  : Searching for key 'spring.banner.location' in PropertySource 'Config resource 'class path resource [application.yml]' via location 'optional:classpath:/''
2024-01-13 22:39:12.307 TRACE 58992 --- [           main] o.s.c.e.PropertySourcesPropertyResolver  : Could not find key 'spring.banner.location' in any property source

  .   ____          _            __ _ _
 /\\ / ___'_ __ _ _(_)_ __  __ _ \ \ \ \
( ( )\___ | '_ | '_| | '_ \/ _` | \ \ \ \
 \\/  ___)| |_)| | | | | || (_| |  ) ) ) )
  '  |____| .__|_| |_|_| |_\__, | / / / /
 =========|_|==============|___/=/_/_/_/
 :: Spring Boot ::                (v2.5.3)

2024-01-13 22:39:12.308 TRACE 58992 --- [           main] o.s.c.e.PropertySourcesPropertyResolver  : Searching for key 'context.initializer.classes' in PropertySource 'configurationProperties'
2024-01-13 22:39:12.308 TRACE 58992 --- [           main] o.s.c.e.PropertySourcesPropertyResolver  : Searching for key 'context.initializer.classes' in PropertySource 'Inlined Test Properties'
2024-01-13 22:39:12.308 TRACE 58992 --- [           main] o.s.c.e.PropertySourcesPropertyResolver  : Searching for key 'context.initializer.classes' in PropertySource 'systemProperties'
2024-01-13 22:39:12.308 TRACE 58992 --- [           main] o.s.c.e.PropertySourcesPropertyResolver  : Searching for key 'context.initializer.classes' in PropertySource 'systemEnvironment'
2024-01-13 22:39:12.308 TRACE 58992 --- [           main] o.s.c.e.PropertySourcesPropertyResolver  : Searching for key 'context.initializer.classes' in PropertySource 'random'
2024-01-13 22:39:12.308 TRACE 58992 --- [           main] o.s.c.e.PropertySourcesPropertyResolver  : Searching for key 'context.initializer.classes' in PropertySource 'Config resource 'class path resource [application.properties]' via location 'optional:classpath:/''
2024-01-13 22:39:12.308 TRACE 58992 --- [           main] o.s.c.e.PropertySourcesPropertyResolver  : Searching for key 'context.initializer.classes' in PropertySource 'Config resource 'class path resource [application.yml]' via location 'optional:classpath:/''
2024-01-13 22:39:12.308 TRACE 58992 --- [           main] o.s.c.e.PropertySourcesPropertyResolver  : Could not find key 'context.initializer.classes' in any property source
2024-01-13 22:39:12.308 TRACE 58992 --- [           main] o.s.c.e.PropertySourcesPropertyResolver  : Searching for key 'spring.application.name' in PropertySource 'configurationProperties'
2024-01-13 22:39:12.308 TRACE 58992 --- [           main] o.s.c.e.PropertySourcesPropertyResolver  : Searching for key 'spring.application.name' in PropertySource 'Inlined Test Properties'
2024-01-13 22:39:12.308 TRACE 58992 --- [           main] o.s.c.e.PropertySourcesPropertyResolver  : Searching for key 'spring.application.name' in PropertySource 'systemProperties'
2024-01-13 22:39:12.308 TRACE 58992 --- [           main] o.s.c.e.PropertySourcesPropertyResolver  : Searching for key 'spring.application.name' in PropertySource 'systemEnvironment'
2024-01-13 22:39:12.308 TRACE 58992 --- [           main] o.s.c.e.PropertySourcesPropertyResolver  : Searching for key 'spring.application.name' in PropertySource 'random'
2024-01-13 22:39:12.308 TRACE 58992 --- [           main] o.s.c.e.PropertySourcesPropertyResolver  : Searching for key 'spring.application.name' in PropertySource 'Config resource 'class path resource [application.properties]' via location 'optional:classpath:/''
2024-01-13 22:39:12.308 TRACE 58992 --- [           main] o.s.c.e.PropertySourcesPropertyResolver  : Searching for key 'spring.application.name' in PropertySource 'Config resource 'class path resource [application.yml]' via location 'optional:classpath:/''
2024-01-13 22:39:12.308 TRACE 58992 --- [           main] o.s.c.e.PropertySourcesPropertyResolver  : Could not find key 'spring.application.name' in any property source
2024-01-13 22:39:12.309 TRACE 58992 --- [           main] o.s.b.f.s.DefaultListableBeanFactory     : Registering scope 'restart' with implementation [org.springframework.boot.devtools.restart.RestartScopeInitializer$RestartScope@29f58b44]
2024-01-13 22:39:12.309  INFO 58992 --- [           main] tacos.HomeControllerTest                 : Starting HomeControllerTest using Java 17.0.1 on MBP-Asela.lan with PID 58992 (started by aselaillayapparachchi in /Users/aselaillayapparachchi/IdeaProjects/learn-spring-in-action/taco-cloud-data-rest-jpa)
2024-01-13 22:39:12.309 DEBUG 58992 --- [           main] tacos.HomeControllerTest                 : Running with Spring Boot v2.5.3, Spring v5.3.9
2024-01-13 22:39:12.309 TRACE 58992 --- [           main] o.s.c.e.PropertySourcesPropertyResolver  : Searching for key 'spring.profiles.active' in PropertySource 'Annotations'
2024-01-13 22:39:12.309 TRACE 58992 --- [           main] o.s.c.e.PropertySourcesPropertyResolver  : Searching for key 'spring.profiles.active' in PropertySource 'configurationProperties'
2024-01-13 22:39:12.310 TRACE 58992 --- [           main] o.s.c.e.PropertySourcesPropertyResolver  : Searching for key 'spring.profiles.active' in PropertySource 'test'
2024-01-13 22:39:12.310 TRACE 58992 --- [           main] o.s.c.e.PropertySourcesPropertyResolver  : Searching for key 'spring.profiles.active' in PropertySource 'Inlined Test Properties'
2024-01-13 22:39:12.310 TRACE 58992 --- [           main] o.s.c.e.PropertySourcesPropertyResolver  : Searching for key 'spring.profiles.active' in PropertySource 'systemProperties'
2024-01-13 22:39:12.310 TRACE 58992 --- [           main] o.s.c.e.PropertySourcesPropertyResolver  : Searching for key 'spring.profiles.active' in PropertySource 'systemEnvironment'
2024-01-13 22:39:12.310 TRACE 58992 --- [           main] o.s.c.e.PropertySourcesPropertyResolver  : Searching for key 'spring.profiles.active' in PropertySource 'random'
2024-01-13 22:39:12.310 TRACE 58992 --- [           main] o.s.c.e.PropertySourcesPropertyResolver  : Searching for key 'spring.profiles.active' in PropertySource 'Config resource 'class path resource [application.properties]' via location 'optional:classpath:/''
2024-01-13 22:39:12.310 TRACE 58992 --- [           main] o.s.c.e.PropertySourcesPropertyResolver  : Searching for key 'spring.profiles.active' in PropertySource 'Config resource 'class path resource [application.yml]' via location 'optional:classpath:/''
2024-01-13 22:39:12.310 TRACE 58992 --- [           main] o.s.c.e.PropertySourcesPropertyResolver  : Could not find key 'spring.profiles.active' in any property source
2024-01-13 22:39:12.310 TRACE 58992 --- [           main] o.s.c.e.PropertySourcesPropertyResolver  : Searching for key 'spring.profiles.default' in PropertySource 'Annotations'
2024-01-13 22:39:12.310 TRACE 58992 --- [           main] o.s.c.e.PropertySourcesPropertyResolver  : Searching for key 'spring.profiles.default' in PropertySource 'configurationProperties'
2024-01-13 22:39:12.310 TRACE 58992 --- [           main] o.s.c.e.PropertySourcesPropertyResolver  : Searching for key 'spring.profiles.default' in PropertySource 'test'
2024-01-13 22:39:12.310 TRACE 58992 --- [           main] o.s.c.e.PropertySourcesPropertyResolver  : Searching for key 'spring.profiles.default' in PropertySource 'Inlined Test Properties'
2024-01-13 22:39:12.310 TRACE 58992 --- [           main] o.s.c.e.PropertySourcesPropertyResolver  : Searching for key 'spring.profiles.default' in PropertySource 'systemProperties'
2024-01-13 22:39:12.310 TRACE 58992 --- [           main] o.s.c.e.PropertySourcesPropertyResolver  : Searching for key 'spring.profiles.default' in PropertySource 'systemEnvironment'
2024-01-13 22:39:12.310 TRACE 58992 --- [           main] o.s.c.e.PropertySourcesPropertyResolver  : Searching for key 'spring.profiles.default' in PropertySource 'random'
2024-01-13 22:39:12.310 TRACE 58992 --- [           main] o.s.c.e.PropertySourcesPropertyResolver  : Searching for key 'spring.profiles.default' in PropertySource 'Config resource 'class path resource [application.properties]' via location 'optional:classpath:/''
2024-01-13 22:39:12.310 TRACE 58992 --- [           main] o.s.c.e.PropertySourcesPropertyResolver  : Searching for key 'spring.profiles.default' in PropertySource 'Config resource 'class path resource [application.yml]' via location 'optional:classpath:/''
2024-01-13 22:39:12.310 TRACE 58992 --- [           main] o.s.c.e.PropertySourcesPropertyResolver  : Could not find key 'spring.profiles.default' in any property source
2024-01-13 22:39:12.310  INFO 58992 --- [           main] tacos.HomeControllerTest                 : No active profile set, falling back to default profiles: default
2024-01-13 22:39:12.310 DEBUG 58992 --- [           main] o.s.boot.SpringApplication               : Loading source class tacos.TacoCloudApplicationJpa
2024-01-13 22:39:12.310 TRACE 58992 --- [           main] o.s.c.a.ClassPathBeanDefinitionScanner   : JSR-250 'javax.annotation.ManagedBean' found and supported for component scanning
2024-01-13 22:39:12.311 TRACE 58992 --- [           main] o.s.boot.env.EnvironmentPostProcessor    : RandomValuePropertySource add to Environment
2024-01-13 22:39:12.311 TRACE 58992 --- [           main] b.c.c.ConfigDataEnvironmentPostProcessor : Post-processing environment to add config data
2024-01-13 22:39:12.311 TRACE 58992 --- [           main] o.s.b.c.config.ConfigDataEnvironment     : Building config data environment contributors
2024-01-13 22:39:12.311 TRACE 58992 --- [           main] o.s.b.c.config.ConfigDataEnvironment     : Creating wrapped config data contributor for 'configurationProperties'
2024-01-13 22:39:12.311 TRACE 58992 --- [           main] o.s.b.c.config.ConfigDataEnvironment     : Creating wrapped config data contributor for 'Inlined Test Properties'
2024-01-13 22:39:12.311 TRACE 58992 --- [           main] o.s.b.c.config.ConfigDataEnvironment     : Creating wrapped config data contributor for 'systemProperties'
2024-01-13 22:39:12.311 TRACE 58992 --- [           main] o.s.b.c.config.ConfigDataEnvironment     : Creating wrapped config data contributor for 'systemEnvironment'
2024-01-13 22:39:12.311 TRACE 58992 --- [           main] o.s.b.c.config.ConfigDataEnvironment     : Creating wrapped config data contributor for 'random'
2024-01-13 22:39:12.311 TRACE 58992 --- [           main] o.s.b.c.config.ConfigDataEnvironment     : Adding initial config data import from location 'optional:file:./;optional:file:./config/;optional:file:./config/*/'
2024-01-13 22:39:12.311 TRACE 58992 --- [           main] o.s.b.c.config.ConfigDataEnvironment     : Adding initial config data import from location 'optional:classpath:/;optional:classpath:/config/'
2024-01-13 22:39:12.311 TRACE 58992 --- [           main] o.s.b.c.config.ConfigDataEnvironment     : Processing initial config data environment contributors without activation context
2024-01-13 22:39:12.311 TRACE 58992 --- [           main] .b.c.c.ConfigDataEnvironmentContributors : Processing imports for phase BEFORE_PROFILE_ACTIVATION. no activation context
2024-01-13 22:39:12.311 TRACE 58992 --- [           main] .b.c.c.ConfigDataEnvironmentContributors : Processing imports [optional:file:./;optional:file:./config/;optional:file:./config/*/]
2024-01-13 22:39:12.311 TRACE 58992 --- [           main] o.s.b.c.c.ConfigDataLocationResolver     : Skipping missing resource file:./application.yaml
2024-01-13 22:39:12.311 TRACE 58992 --- [           main] o.s.b.c.c.ConfigDataLocationResolver     : Skipping missing resource file:./application.yml
2024-01-13 22:39:12.311 TRACE 58992 --- [           main] o.s.b.c.c.ConfigDataLocationResolver     : Skipping missing resource file:./application.xml
2024-01-13 22:39:12.311 TRACE 58992 --- [           main] o.s.b.c.c.ConfigDataLocationResolver     : Skipping missing resource file:./application.properties
2024-01-13 22:39:12.311 TRACE 58992 --- [           main] o.s.b.c.c.ConfigDataLocationResolver     : Skipping missing resource file:./config/application.yaml
2024-01-13 22:39:12.311 TRACE 58992 --- [           main] o.s.b.c.c.ConfigDataLocationResolver     : Skipping missing resource file:./config/application.yml
2024-01-13 22:39:12.311 TRACE 58992 --- [           main] o.s.b.c.c.ConfigDataLocationResolver     : Skipping missing resource file:./config/application.xml
2024-01-13 22:39:12.311 TRACE 58992 --- [           main] o.s.b.c.c.ConfigDataLocationResolver     : Skipping missing resource file:./config/application.properties
2024-01-13 22:39:12.311 TRACE 58992 --- [           main] o.s.b.context.config.ConfigDataLoaders   : Loading file [.] using loader org.springframework.boot.context.config.StandardConfigDataLoader
2024-01-13 22:39:12.311 TRACE 58992 --- [           main] .b.c.c.ConfigDataEnvironmentContributors : Imported 1 resource [file [.]]
2024-01-13 22:39:12.311 TRACE 58992 --- [           main] .b.c.c.ConfigDataEnvironmentContributors : Processing imports [optional:classpath:/;optional:classpath:/config/]
2024-01-13 22:39:12.311 TRACE 58992 --- [           main] o.s.b.c.c.ConfigDataLocationResolver     : Skipping missing resource classpath:/application.yaml
2024-01-13 22:39:12.311 TRACE 58992 --- [           main] o.s.b.c.c.ConfigDataLocationResolver     : Skipping missing resource classpath:/application.xml
2024-01-13 22:39:12.311 TRACE 58992 --- [           main] o.s.b.c.c.ConfigDataLocationResolver     : Skipping missing resource classpath:/config/application.yaml
2024-01-13 22:39:12.311 TRACE 58992 --- [           main] o.s.b.c.c.ConfigDataLocationResolver     : Skipping missing resource classpath:/config/application.yml
2024-01-13 22:39:12.311 TRACE 58992 --- [           main] o.s.b.c.c.ConfigDataLocationResolver     : Skipping missing resource classpath:/config/application.xml
2024-01-13 22:39:12.311 TRACE 58992 --- [           main] o.s.b.c.c.ConfigDataLocationResolver     : Skipping missing resource classpath:/config/application.properties
2024-01-13 22:39:12.311 TRACE 58992 --- [           main] o.s.b.context.config.ConfigDataLoaders   : Loading class path resource [application.properties] using loader org.springframework.boot.context.config.StandardConfigDataLoader
2024-01-13 22:39:12.311 TRACE 58992 --- [           main] o.s.b.context.config.ConfigDataLoaders   : Loading class path resource [application.yml] using loader org.springframework.boot.context.config.StandardConfigDataLoader
2024-01-13 22:39:12.311 TRACE 58992 --- [           main] .b.c.c.ConfigDataEnvironmentContributors : Imported 2 resources [class path resource [application.properties], class path resource [application.yml]]
2024-01-13 22:39:12.311 TRACE 58992 --- [           main] .b.c.c.ConfigDataEnvironmentContributors : Processed imports for of 2 contributors
2024-01-13 22:39:12.311 TRACE 58992 --- [           main] o.s.b.c.config.ConfigDataEnvironment     : Creating config data activation context from initial contributions
2024-01-13 22:39:12.311 TRACE 58992 --- [           main] o.s.b.c.config.ConfigDataEnvironment     : Processing config data environment contributors with initial activation context
2024-01-13 22:39:12.311 TRACE 58992 --- [           main] .b.c.c.ConfigDataEnvironmentContributors : Processing imports for phase BEFORE_PROFILE_ACTIVATION. [ConfigDataActivationContext@323b5264 cloudPlatform = [null], profiles = [null]]
2024-01-13 22:39:12.311 TRACE 58992 --- [           main] .b.c.c.ConfigDataEnvironmentContributors : Processed imports for of 0 contributors
2024-01-13 22:39:12.311 TRACE 58992 --- [           main] o.s.b.c.config.ConfigDataEnvironment     : Deducing profiles from current config data environment contributors
2024-01-13 22:39:12.311 TRACE 58992 --- [           main] o.s.b.c.config.ConfigDataEnvironment     : Processing config data environment contributors with profile activation context
2024-01-13 22:39:12.311 TRACE 58992 --- [           main] .b.c.c.ConfigDataEnvironmentContributors : Processing imports for phase AFTER_PROFILE_ACTIVATION. [ConfigDataActivationContext@335ff774 cloudPlatform = [null], profiles = [Profiles@386b4f7e active = '[]', default = '[default]', accepted = '[default]']]
2024-01-13 22:39:12.311 TRACE 58992 --- [           main] .b.c.c.ConfigDataEnvironmentContributors : Processing imports [optional:file:./;optional:file:./config/;optional:file:./config/*/]
2024-01-13 22:39:12.311 TRACE 58992 --- [           main] o.s.b.c.c.ConfigDataLocationResolver     : Skipping missing resource file:./application.yaml
2024-01-13 22:39:12.311 TRACE 58992 --- [           main] o.s.b.c.c.ConfigDataLocationResolver     : Skipping missing resource file:./application.yml
2024-01-13 22:39:12.311 TRACE 58992 --- [           main] o.s.b.c.c.ConfigDataLocationResolver     : Skipping missing resource file:./application.xml
2024-01-13 22:39:12.311 TRACE 58992 --- [           main] o.s.b.c.c.ConfigDataLocationResolver     : Skipping missing resource file:./application.properties
2024-01-13 22:39:12.311 TRACE 58992 --- [           main] o.s.b.c.c.ConfigDataLocationResolver     : Skipping missing resource file:./config/application.yaml
2024-01-13 22:39:12.311 TRACE 58992 --- [           main] o.s.b.c.c.ConfigDataLocationResolver     : Skipping missing resource file:./config/application.yml
2024-01-13 22:39:12.311 TRACE 58992 --- [           main] o.s.b.c.c.ConfigDataLocationResolver     : Skipping missing resource file:./config/application.xml
2024-01-13 22:39:12.311 TRACE 58992 --- [           main] o.s.b.c.c.ConfigDataLocationResolver     : Skipping missing resource file:./config/application.properties
2024-01-13 22:39:12.311 TRACE 58992 --- [           main] o.s.b.c.c.ConfigDataLocationResolver     : Skipping missing resource file:./application-default.yaml
2024-01-13 22:39:12.311 TRACE 58992 --- [           main] o.s.b.c.c.ConfigDataLocationResolver     : Skipping missing resource file:./application-default.yml
2024-01-13 22:39:12.311 TRACE 58992 --- [           main] o.s.b.c.c.ConfigDataLocationResolver     : Skipping missing resource file:./application-default.xml
2024-01-13 22:39:12.311 TRACE 58992 --- [           main] o.s.b.c.c.ConfigDataLocationResolver     : Skipping missing resource file:./application-default.properties
2024-01-13 22:39:12.311 TRACE 58992 --- [           main] o.s.b.c.c.ConfigDataLocationResolver     : Skipping missing resource file:./config/application-default.yaml
2024-01-13 22:39:12.311 TRACE 58992 --- [           main] o.s.b.c.c.ConfigDataLocationResolver     : Skipping missing resource file:./config/application-default.yml
2024-01-13 22:39:12.311 TRACE 58992 --- [           main] o.s.b.c.c.ConfigDataLocationResolver     : Skipping missing resource file:./config/application-default.xml
2024-01-13 22:39:12.311 TRACE 58992 --- [           main] o.s.b.c.c.ConfigDataLocationResolver     : Skipping missing resource file:./config/application-default.properties
2024-01-13 22:39:12.311 TRACE 58992 --- [           main] .b.c.c.ConfigDataEnvironmentContributors : Nothing imported
2024-01-13 22:39:12.311 TRACE 58992 --- [           main] .b.c.c.ConfigDataEnvironmentContributors : Processing imports [optional:classpath:/;optional:classpath:/config/]
2024-01-13 22:39:12.311 TRACE 58992 --- [           main] o.s.b.c.c.ConfigDataLocationResolver     : Skipping missing resource classpath:/application.yaml
2024-01-13 22:39:12.311 TRACE 58992 --- [           main] o.s.b.c.c.ConfigDataLocationResolver     : Skipping missing resource classpath:/application.xml
2024-01-13 22:39:12.311 TRACE 58992 --- [           main] o.s.b.c.c.ConfigDataLocationResolver     : Skipping missing resource classpath:/config/application.yaml
2024-01-13 22:39:12.311 TRACE 58992 --- [           main] o.s.b.c.c.ConfigDataLocationResolver     : Skipping missing resource classpath:/config/application.yml
2024-01-13 22:39:12.311 TRACE 58992 --- [           main] o.s.b.c.c.ConfigDataLocationResolver     : Skipping missing resource classpath:/config/application.xml
2024-01-13 22:39:12.311 TRACE 58992 --- [           main] o.s.b.c.c.ConfigDataLocationResolver     : Skipping missing resource classpath:/config/application.properties
2024-01-13 22:39:12.311 TRACE 58992 --- [           main] o.s.b.c.c.ConfigDataLocationResolver     : Skipping missing resource classpath:/application-default.yaml
2024-01-13 22:39:12.311 TRACE 58992 --- [           main] o.s.b.c.c.ConfigDataLocationResolver     : Skipping missing resource classpath:/application-default.yml
2024-01-13 22:39:12.311 TRACE 58992 --- [           main] o.s.b.c.c.ConfigDataLocationResolver     : Skipping missing resource classpath:/application-default.xml
2024-01-13 22:39:12.311 TRACE 58992 --- [           main] o.s.b.c.c.ConfigDataLocationResolver     : Skipping missing resource classpath:/application-default.properties
2024-01-13 22:39:12.311 TRACE 58992 --- [           main] o.s.b.c.c.ConfigDataLocationResolver     : Skipping missing resource classpath:/config/application-default.yaml
2024-01-13 22:39:12.311 TRACE 58992 --- [           main] o.s.b.c.c.ConfigDataLocationResolver     : Skipping missing resource classpath:/config/application-default.yml
2024-01-13 22:39:12.311 TRACE 58992 --- [           main] o.s.b.c.c.ConfigDataLocationResolver     : Skipping missing resource classpath:/config/application-default.xml
2024-01-13 22:39:12.311 TRACE 58992 --- [           main] o.s.b.c.c.ConfigDataLocationResolver     : Skipping missing resource classpath:/config/application-default.properties
2024-01-13 22:39:12.311 TRACE 58992 --- [           main] .b.c.c.ConfigDataEnvironmentContributors : Nothing imported
2024-01-13 22:39:12.311 TRACE 58992 --- [           main] .b.c.c.ConfigDataEnvironmentContributors : Processed imports for of 2 contributors
2024-01-13 22:39:12.311 TRACE 58992 --- [           main] o.s.b.c.config.ConfigDataEnvironment     : Applying config data environment contributions
2024-01-13 22:39:12.311 TRACE 58992 --- [           main] o.s.b.c.config.ConfigDataEnvironment     : Adding imported property source 'Config resource 'class path resource [application.properties]' via location 'optional:classpath:/''
2024-01-13 22:39:12.311 TRACE 58992 --- [           main] o.s.b.c.config.ConfigDataEnvironment     : Adding imported property source 'Config resource 'class path resource [application.yml]' via location 'optional:classpath:/''
2024-01-13 22:39:12.311 TRACE 58992 --- [           main] o.s.b.c.config.ConfigDataEnvironment     : Setting default profiles: [default]
2024-01-13 22:39:12.311 TRACE 58992 --- [           main] o.s.b.c.config.ConfigDataEnvironment     : Setting active profiles: []
2024-01-13 22:39:12.311 TRACE 58992 --- [           main] o.s.w.c.s.GenericWebApplicationContext   : Refreshing org.springframework.web.context.support.GenericWebApplicationContext@373c367, started on Sat Jan 13 22:39:12 SGT 2024
2024-01-13 22:39:12.312 TRACE 58992 --- [           main] o.s.b.f.s.DefaultListableBeanFactory     : Registering scope 'request' with implementation [org.springframework.web.context.request.RequestScope@2453cbb7]
2024-01-13 22:39:12.312 TRACE 58992 --- [           main] o.s.b.f.s.DefaultListableBeanFactory     : Registering scope 'session' with implementation [org.springframework.web.context.request.SessionScope@68fb6c1e]
2024-01-13 22:39:12.312 TRACE 58992 --- [           main] o.s.b.f.s.DefaultListableBeanFactory     : Registering scope 'application' with implementation [org.springframework.web.context.support.ServletContextScope@a89dec0]
2024-01-13 22:39:12.312 DEBUG 58992 --- [           main] o.s.b.f.s.DefaultListableBeanFactory     : Creating shared instance of singleton bean 'org.springframework.context.annotation.internalConfigurationAnnotationProcessor'
2024-01-13 22:39:12.312 TRACE 58992 --- [           main] o.s.b.f.s.DefaultListableBeanFactory     : Creating instance of bean 'org.springframework.context.annotation.internalConfigurationAnnotationProcessor'
2024-01-13 22:39:12.312 TRACE 58992 --- [           main] o.s.b.f.s.DefaultListableBeanFactory     : Eagerly caching bean 'org.springframework.context.annotation.internalConfigurationAnnotationProcessor' to allow for resolving potential circular references
2024-01-13 22:39:12.312 DEBUG 58992 --- [           main] o.s.b.f.s.DefaultListableBeanFactory     : Creating shared instance of singleton bean 'org.springframework.boot.autoconfigure.internalCachingMetadataReaderFactory'
2024-01-13 22:39:12.312 TRACE 58992 --- [           main] o.s.b.f.s.DefaultListableBeanFactory     : Creating instance of bean 'org.springframework.boot.autoconfigure.internalCachingMetadataReaderFactory'
2024-01-13 22:39:12.312 TRACE 58992 --- [           main] o.s.b.f.s.DefaultListableBeanFactory     : Eagerly caching bean 'org.springframework.boot.autoconfigure.internalCachingMetadataReaderFactory' to allow for resolving potential circular references
2024-01-13 22:39:12.312 TRACE 58992 --- [           main] o.s.b.f.s.DefaultListableBeanFactory     : Finished creating instance of bean 'org.springframework.boot.autoconfigure.internalCachingMetadataReaderFactory'
2024-01-13 22:39:12.312 TRACE 58992 --- [           main] o.s.beans.CachedIntrospectionResults     : Getting BeanInfo for class [org.springframework.context.annotation.ConfigurationClassPostProcessor]
2024-01-13 22:39:12.312 TRACE 58992 --- [           main] o.s.beans.CachedIntrospectionResults     : Caching PropertyDescriptors for class [org.springframework.context.annotation.ConfigurationClassPostProcessor]
2024-01-13 22:39:12.312 TRACE 58992 --- [           main] o.s.beans.CachedIntrospectionResults     : Found bean property 'applicationStartup' of type [org.springframework.core.metrics.ApplicationStartup]
2024-01-13 22:39:12.312 TRACE 58992 --- [           main] o.s.beans.CachedIntrospectionResults     : Found bean property 'beanClassLoader' of type [java.lang.ClassLoader]
2024-01-13 22:39:12.312 TRACE 58992 --- [           main] o.s.beans.CachedIntrospectionResults     : Found bean property 'beanNameGenerator' of type [org.springframework.beans.factory.support.BeanNameGenerator]
2024-01-13 22:39:12.312 TRACE 58992 --- [           main] o.s.beans.CachedIntrospectionResults     : Found bean property 'class' of type [java.lang.Class]
2024-01-13 22:39:12.312 TRACE 58992 --- [           main] o.s.beans.CachedIntrospectionResults     : Found bean property 'environment' of type [org.springframework.core.env.Environment]
2024-01-13 22:39:12.312 TRACE 58992 --- [           main] o.s.beans.CachedIntrospectionResults     : Found bean property 'metadataReaderFactory' of type [org.springframework.core.type.classreading.MetadataReaderFactory]
2024-01-13 22:39:12.312 TRACE 58992 --- [           main] o.s.beans.CachedIntrospectionResults     : Found bean property 'order' of type [int]
2024-01-13 22:39:12.312 TRACE 58992 --- [           main] o.s.beans.CachedIntrospectionResults     : Found bean property 'problemReporter' of type [org.springframework.beans.factory.parsing.ProblemReporter]
2024-01-13 22:39:12.312 TRACE 58992 --- [           main] o.s.beans.CachedIntrospectionResults     : Found bean property 'resourceLoader' of type [org.springframework.core.io.ResourceLoader]
2024-01-13 22:39:12.312 TRACE 58992 --- [           main] o.s.beans.CachedIntrospectionResults     : Found bean property 'sourceExtractor' of type [org.springframework.beans.factory.parsing.SourceExtractor]
2024-01-13 22:39:12.313 TRACE 58992 --- [           main] o.s.b.f.s.DefaultListableBeanFactory     : Finished creating instance of bean 'org.springframework.context.annotation.internalConfigurationAnnotationProcessor'
2024-01-13 22:39:12.316 TRACE 58992 --- [           main] o.s.c.a.ClassPathBeanDefinitionScanner   : JSR-250 'javax.annotation.ManagedBean' found and supported for component scanning
2024-01-13 22:39:12.316 TRACE 58992 --- [           main] .i.s.PathMatchingResourcePatternResolver : Resolved classpath location [tacos/] to resources [URL [file:/Users/aselaillayapparachchi/IdeaProjects/learn-spring-in-action/taco-cloud-data-rest-jpa/target/test-classes/tacos/], URL [file:/Users/aselaillayapparachchi/IdeaProjects/learn-spring-in-action/taco-cloud-data-rest-jpa/target/classes/tacos/]]
2024-01-13 22:39:12.316 TRACE 58992 --- [           main] .i.s.PathMatchingResourcePatternResolver : Looking for matching resources in directory tree [/Users/aselaillayapparachchi/IdeaProjects/learn-spring-in-action/taco-cloud-data-rest-jpa/target/test-classes/tacos]
2024-01-13 22:39:12.316 TRACE 58992 --- [           main] .i.s.PathMatchingResourcePatternResolver : Searching directory [/Users/aselaillayapparachchi/IdeaProjects/learn-spring-in-action/taco-cloud-data-rest-jpa/target/test-classes/tacos] for files matching pattern [/Users/aselaillayapparachchi/IdeaProjects/learn-spring-in-action/taco-cloud-data-rest-jpa/target/test-classes/tacos/**/*.class]
2024-01-13 22:39:12.317 TRACE 58992 --- [           main] .i.s.PathMatchingResourcePatternResolver : Looking for matching resources in directory tree [/Users/aselaillayapparachchi/IdeaProjects/learn-spring-in-action/taco-cloud-data-rest-jpa/target/classes/tacos]
2024-01-13 22:39:12.317 TRACE 58992 --- [           main] .i.s.PathMatchingResourcePatternResolver : Searching directory [/Users/aselaillayapparachchi/IdeaProjects/learn-spring-in-action/taco-cloud-data-rest-jpa/target/classes/tacos] for files matching pattern [/Users/aselaillayapparachchi/IdeaProjects/learn-spring-in-action/taco-cloud-data-rest-jpa/target/classes/tacos/**/*.class]
2024-01-13 22:39:12.317 TRACE 58992 --- [           main] .i.s.PathMatchingResourcePatternResolver : Searching directory [/Users/aselaillayapparachchi/IdeaProjects/learn-spring-in-action/taco-cloud-data-rest-jpa/target/classes/tacos/data] for files matching pattern [/Users/aselaillayapparachchi/IdeaProjects/learn-spring-in-action/taco-cloud-data-rest-jpa/target/classes/tacos/**/*.class]
2024-01-13 22:39:12.317 TRACE 58992 --- [           main] .i.s.PathMatchingResourcePatternResolver : Searching directory [/Users/aselaillayapparachchi/IdeaProjects/learn-spring-in-action/taco-cloud-data-rest-jpa/target/classes/tacos/data/jdbc] for files matching pattern [/Users/aselaillayapparachchi/IdeaProjects/learn-spring-in-action/taco-cloud-data-rest-jpa/target/classes/tacos/**/*.class]
2024-01-13 22:39:12.317 TRACE 58992 --- [           main] .i.s.PathMatchingResourcePatternResolver : Searching directory [/Users/aselaillayapparachchi/IdeaProjects/learn-spring-in-action/taco-cloud-data-rest-jpa/target/classes/tacos/model] for files matching pattern [/Users/aselaillayapparachchi/IdeaProjects/learn-spring-in-action/taco-cloud-data-rest-jpa/target/classes/tacos/**/*.class]
2024-01-13 22:39:12.317 TRACE 58992 --- [           main] .i.s.PathMatchingResourcePatternResolver : Searching directory [/Users/aselaillayapparachchi/IdeaProjects/learn-spring-in-action/taco-cloud-data-rest-jpa/target/classes/tacos/web] for files matching pattern [/Users/aselaillayapparachchi/IdeaProjects/learn-spring-in-action/taco-cloud-data-rest-jpa/target/classes/tacos/**/*.class]
2024-01-13 22:39:12.317 TRACE 58992 --- [           main] .i.s.PathMatchingResourcePatternResolver : Resolved location pattern [classpath*:tacos/**/*.class] to resources [file [/Users/aselaillayapparachchi/IdeaProjects/learn-spring-in-action/taco-cloud-data-rest-jpa/target/test-classes/tacos/HomeControllerTest.class], file [/Users/aselaillayapparachchi/IdeaProjects/learn-spring-in-action/taco-cloud-data-rest-jpa/target/test-classes/tacos/TacoCloudApplicationTests.class], file [/Users/aselaillayapparachchi/IdeaProjects/learn-spring-in-action/taco-cloud-data-rest-jpa/target/classes/tacos/IngredientByIdConverter.class], file [/Users/aselaillayapparachchi/IdeaProjects/learn-spring-in-action/taco-cloud-data-rest-jpa/target/classes/tacos/IngredientUtils.class], file [/Users/aselaillayapparachchi/IdeaProjects/learn-spring-in-action/taco-cloud-data-rest-jpa/target/classes/tacos/SecurityConfiguration.class], file [/Users/aselaillayapparachchi/IdeaProjects/learn-spring-in-action/taco-cloud-data-rest-jpa/target/classes/tacos/TacoCloudApplicationJpa.class], file [/Users/aselaillayapparachchi/IdeaProjects/learn-spring-in-action/taco-cloud-data-rest-jpa/target/classes/tacos/data/jdbc/IngredientDataRepository.class], file [/Users/aselaillayapparachchi/IdeaProjects/learn-spring-in-action/taco-cloud-data-rest-jpa/target/classes/tacos/data/jdbc/OrderDataRepository.class], file [/Users/aselaillayapparachchi/IdeaProjects/learn-spring-in-action/taco-cloud-data-rest-jpa/target/classes/tacos/data/jdbc/TacoRepository.class], file [/Users/aselaillayapparachchi/IdeaProjects/learn-spring-in-action/taco-cloud-data-rest-jpa/target/classes/tacos/data/jdbc/UserRepository.class], file [/Users/aselaillayapparachchi/IdeaProjects/learn-spring-in-action/taco-cloud-data-rest-jpa/target/classes/tacos/model/Ingredient$IngredientBuilder.class], file [/Users/aselaillayapparachchi/IdeaProjects/learn-spring-in-action/taco-cloud-data-rest-jpa/target/classes/tacos/model/Ingredient$Type.class], file [/Users/aselaillayapparachchi/IdeaProjects/learn-spring-in-action/taco-cloud-data-rest-jpa/target/classes/tacos/model/Ingredient.class], file [/Users/aselaillayapparachchi/IdeaProjects/learn-spring-in-action/taco-cloud-data-rest-jpa/target/classes/tacos/model/RegistrationForm.class], file [/Users/aselaillayapparachchi/IdeaProjects/learn-spring-in-action/taco-cloud-data-rest-jpa/target/classes/tacos/model/Taco$TacoBuilder.class], file [/Users/aselaillayapparachchi/IdeaProjects/learn-spring-in-action/taco-cloud-data-rest-jpa/target/classes/tacos/model/Taco.class], file [/Users/aselaillayapparachchi/IdeaProjects/learn-spring-in-action/taco-cloud-data-rest-jpa/target/classes/tacos/model/TacoOrder.class], file [/Users/aselaillayapparachchi/IdeaProjects/learn-spring-in-action/taco-cloud-data-rest-jpa/target/classes/tacos/model/User.class], file [/Users/aselaillayapparachchi/IdeaProjects/learn-spring-in-action/taco-cloud-data-rest-jpa/target/classes/tacos/web/DesignTacoController.class], file [/Users/aselaillayapparachchi/IdeaProjects/learn-spring-in-action/taco-cloud-data-rest-jpa/target/classes/tacos/web/OrderController.class], file [/Users/aselaillayapparachchi/IdeaProjects/learn-spring-in-action/taco-cloud-data-rest-jpa/target/classes/tacos/web/RegistrationController.class]]
2024-01-13 22:39:12.317 TRACE 58992 --- [           main] o.s.c.a.ClassPathBeanDefinitionScanner   : Scanning file [/Users/aselaillayapparachchi/IdeaProjects/learn-spring-in-action/taco-cloud-data-rest-jpa/target/test-classes/tacos/HomeControllerTest.class]
2024-01-13 22:39:12.318 TRACE 58992 --- [           main] o.s.c.a.ClassPathBeanDefinitionScanner   : Ignored because not matching any filter: file [/Users/aselaillayapparachchi/IdeaProjects/learn-spring-in-action/taco-cloud-data-rest-jpa/target/test-classes/tacos/HomeControllerTest.class]
2024-01-13 22:39:12.318 TRACE 58992 --- [           main] o.s.c.a.ClassPathBeanDefinitionScanner   : Scanning file [/Users/aselaillayapparachchi/IdeaProjects/learn-spring-in-action/taco-cloud-data-rest-jpa/target/test-classes/tacos/TacoCloudApplicationTests.class]
2024-01-13 22:39:12.318 TRACE 58992 --- [           main] o.s.c.a.ClassPathBeanDefinitionScanner   : Ignored because not matching any filter: file [/Users/aselaillayapparachchi/IdeaProjects/learn-spring-in-action/taco-cloud-data-rest-jpa/target/test-classes/tacos/TacoCloudApplicationTests.class]
2024-01-13 22:39:12.318 TRACE 58992 --- [           main] o.s.c.a.ClassPathBeanDefinitionScanner   : Scanning file [/Users/aselaillayapparachchi/IdeaProjects/learn-spring-in-action/taco-cloud-data-rest-jpa/target/classes/tacos/IngredientByIdConverter.class]
2024-01-13 22:39:12.318 DEBUG 58992 --- [           main] o.s.c.a.ClassPathBeanDefinitionScanner   : Identified candidate component class: file [/Users/aselaillayapparachchi/IdeaProjects/learn-spring-in-action/taco-cloud-data-rest-jpa/target/classes/tacos/IngredientByIdConverter.class]
2024-01-13 22:39:12.318 TRACE 58992 --- [           main] o.s.c.a.ClassPathBeanDefinitionScanner   : Scanning file [/Users/aselaillayapparachchi/IdeaProjects/learn-spring-in-action/taco-cloud-data-rest-jpa/target/classes/tacos/IngredientUtils.class]
2024-01-13 22:39:12.318 TRACE 58992 --- [           main] o.s.c.a.ClassPathBeanDefinitionScanner   : Ignored because not matching any filter: file [/Users/aselaillayapparachchi/IdeaProjects/learn-spring-in-action/taco-cloud-data-rest-jpa/target/classes/tacos/IngredientUtils.class]
2024-01-13 22:39:12.318 TRACE 58992 --- [           main] o.s.c.a.ClassPathBeanDefinitionScanner   : Scanning file [/Users/aselaillayapparachchi/IdeaProjects/learn-spring-in-action/taco-cloud-data-rest-jpa/target/classes/tacos/SecurityConfiguration.class]
2024-01-13 22:39:12.318 DEBUG 58992 --- [           main] o.s.c.a.ClassPathBeanDefinitionScanner   : Identified candidate component class: file [/Users/aselaillayapparachchi/IdeaProjects/learn-spring-in-action/taco-cloud-data-rest-jpa/target/classes/tacos/SecurityConfiguration.class]
2024-01-13 22:39:12.318 TRACE 58992 --- [           main] o.s.c.a.ClassPathBeanDefinitionScanner   : Scanning file [/Users/aselaillayapparachchi/IdeaProjects/learn-spring-in-action/taco-cloud-data-rest-jpa/target/classes/tacos/TacoCloudApplicationJpa.class]
2024-01-13 22:39:12.318 TRACE 58992 --- [           main] o.s.c.a.ClassPathBeanDefinitionScanner   : Ignored because not matching any filter: file [/Users/aselaillayapparachchi/IdeaProjects/learn-spring-in-action/taco-cloud-data-rest-jpa/target/classes/tacos/TacoCloudApplicationJpa.class]
2024-01-13 22:39:12.318 TRACE 58992 --- [           main] o.s.c.a.ClassPathBeanDefinitionScanner   : Scanning file [/Users/aselaillayapparachchi/IdeaProjects/learn-spring-in-action/taco-cloud-data-rest-jpa/target/classes/tacos/data/jdbc/IngredientDataRepository.class]
2024-01-13 22:39:12.318 TRACE 58992 --- [           main] o.s.c.a.ClassPathBeanDefinitionScanner   : Ignored because not matching any filter: file [/Users/aselaillayapparachchi/IdeaProjects/learn-spring-in-action/taco-cloud-data-rest-jpa/target/classes/tacos/data/jdbc/IngredientDataRepository.class]
2024-01-13 22:39:12.318 TRACE 58992 --- [           main] o.s.c.a.ClassPathBeanDefinitionScanner   : Scanning file [/Users/aselaillayapparachchi/IdeaProjects/learn-spring-in-action/taco-cloud-data-rest-jpa/target/classes/tacos/data/jdbc/OrderDataRepository.class]
2024-01-13 22:39:12.318 TRACE 58992 --- [           main] o.s.c.a.ClassPathBeanDefinitionScanner   : Ignored because not matching any filter: file [/Users/aselaillayapparachchi/IdeaProjects/learn-spring-in-action/taco-cloud-data-rest-jpa/target/classes/tacos/data/jdbc/OrderDataRepository.class]
2024-01-13 22:39:12.318 TRACE 58992 --- [           main] o.s.c.a.ClassPathBeanDefinitionScanner   : Scanning file [/Users/aselaillayapparachchi/IdeaProjects/learn-spring-in-action/taco-cloud-data-rest-jpa/target/classes/tacos/data/jdbc/TacoRepository.class]
2024-01-13 22:39:12.318 DEBUG 58992 --- [           main] o.s.c.a.ClassPathBeanDefinitionScanner   : Ignored because not a concrete top-level class: file [/Users/aselaillayapparachchi/IdeaProjects/learn-spring-in-action/taco-cloud-data-rest-jpa/target/classes/tacos/data/jdbc/TacoRepository.class]
2024-01-13 22:39:12.318 TRACE 58992 --- [           main] o.s.c.a.ClassPathBeanDefinitionScanner   : Scanning file [/Users/aselaillayapparachchi/IdeaProjects/learn-spring-in-action/taco-cloud-data-rest-jpa/target/classes/tacos/data/jdbc/UserRepository.class]
2024-01-13 22:39:12.318 TRACE 58992 --- [           main] o.s.c.a.ClassPathBeanDefinitionScanner   : Ignored because not matching any filter: file [/Users/aselaillayapparachchi/IdeaProjects/learn-spring-in-action/taco-cloud-data-rest-jpa/target/classes/tacos/data/jdbc/UserRepository.class]
2024-01-13 22:39:12.318 TRACE 58992 --- [           main] o.s.c.a.ClassPathBeanDefinitionScanner   : Scanning file [/Users/aselaillayapparachchi/IdeaProjects/learn-spring-in-action/taco-cloud-data-rest-jpa/target/classes/tacos/model/Ingredient$IngredientBuilder.class]
2024-01-13 22:39:12.318 TRACE 58992 --- [           main] o.s.c.a.ClassPathBeanDefinitionScanner   : Ignored because not matching any filter: file [/Users/aselaillayapparachchi/IdeaProjects/learn-spring-in-action/taco-cloud-data-rest-jpa/target/classes/tacos/model/Ingredient$IngredientBuilder.class]
2024-01-13 22:39:12.318 TRACE 58992 --- [           main] o.s.c.a.ClassPathBeanDefinitionScanner   : Scanning file [/Users/aselaillayapparachchi/IdeaProjects/learn-spring-in-action/taco-cloud-data-rest-jpa/target/classes/tacos/model/Ingredient$Type.class]
2024-01-13 22:39:12.319 TRACE 58992 --- [           main] o.s.c.a.ClassPathBeanDefinitionScanner   : Ignored because not matching any filter: file [/Users/aselaillayapparachchi/IdeaProjects/learn-spring-in-action/taco-cloud-data-rest-jpa/target/classes/tacos/model/Ingredient$Type.class]
2024-01-13 22:39:12.319 TRACE 58992 --- [           main] o.s.c.a.ClassPathBeanDefinitionScanner   : Scanning file [/Users/aselaillayapparachchi/IdeaProjects/learn-spring-in-action/taco-cloud-data-rest-jpa/target/classes/tacos/model/Ingredient.class]
2024-01-13 22:39:12.319 TRACE 58992 --- [           main] o.s.c.a.ClassPathBeanDefinitionScanner   : Ignored because not matching any filter: file [/Users/aselaillayapparachchi/IdeaProjects/learn-spring-in-action/taco-cloud-data-rest-jpa/target/classes/tacos/model/Ingredient.class]
2024-01-13 22:39:12.319 TRACE 58992 --- [           main] o.s.c.a.ClassPathBeanDefinitionScanner   : Scanning file [/Users/aselaillayapparachchi/IdeaProjects/learn-spring-in-action/taco-cloud-data-rest-jpa/target/classes/tacos/model/RegistrationForm.class]
2024-01-13 22:39:12.319 TRACE 58992 --- [           main] o.s.c.a.ClassPathBeanDefinitionScanner   : Ignored because not matching any filter: file [/Users/aselaillayapparachchi/IdeaProjects/learn-spring-in-action/taco-cloud-data-rest-jpa/target/classes/tacos/model/RegistrationForm.class]
2024-01-13 22:39:12.319 TRACE 58992 --- [           main] o.s.c.a.ClassPathBeanDefinitionScanner   : Scanning file [/Users/aselaillayapparachchi/IdeaProjects/learn-spring-in-action/taco-cloud-data-rest-jpa/target/classes/tacos/model/Taco$TacoBuilder.class]
2024-01-13 22:39:12.319 TRACE 58992 --- [           main] o.s.c.a.ClassPathBeanDefinitionScanner   : Ignored because not matching any filter: file [/Users/aselaillayapparachchi/IdeaProjects/learn-spring-in-action/taco-cloud-data-rest-jpa/target/classes/tacos/model/Taco$TacoBuilder.class]
2024-01-13 22:39:12.319 TRACE 58992 --- [           main] o.s.c.a.ClassPathBeanDefinitionScanner   : Scanning file [/Users/aselaillayapparachchi/IdeaProjects/learn-spring-in-action/taco-cloud-data-rest-jpa/target/classes/tacos/model/Taco.class]
2024-01-13 22:39:12.319 TRACE 58992 --- [           main] o.s.c.a.ClassPathBeanDefinitionScanner   : Ignored because not matching any filter: file [/Users/aselaillayapparachchi/IdeaProjects/learn-spring-in-action/taco-cloud-data-rest-jpa/target/classes/tacos/model/Taco.class]
2024-01-13 22:39:12.319 TRACE 58992 --- [           main] o.s.c.a.ClassPathBeanDefinitionScanner   : Scanning file [/Users/aselaillayapparachchi/IdeaProjects/learn-spring-in-action/taco-cloud-data-rest-jpa/target/classes/tacos/model/TacoOrder.class]
2024-01-13 22:39:12.319 TRACE 58992 --- [           main] o.s.c.a.ClassPathBeanDefinitionScanner   : Ignored because not matching any filter: file [/Users/aselaillayapparachchi/IdeaProjects/learn-spring-in-action/taco-cloud-data-rest-jpa/target/classes/tacos/model/TacoOrder.class]
2024-01-13 22:39:12.319 TRACE 58992 --- [           main] o.s.c.a.ClassPathBeanDefinitionScanner   : Scanning file [/Users/aselaillayapparachchi/IdeaProjects/learn-spring-in-action/taco-cloud-data-rest-jpa/target/classes/tacos/model/User.class]
2024-01-13 22:39:12.319 TRACE 58992 --- [           main] o.s.c.a.ClassPathBeanDefinitionScanner   : Ignored because not matching any filter: file [/Users/aselaillayapparachchi/IdeaProjects/learn-spring-in-action/taco-cloud-data-rest-jpa/target/classes/tacos/model/User.class]
2024-01-13 22:39:12.319 TRACE 58992 --- [           main] o.s.c.a.ClassPathBeanDefinitionScanner   : Scanning file [/Users/aselaillayapparachchi/IdeaProjects/learn-spring-in-action/taco-cloud-data-rest-jpa/target/classes/tacos/web/DesignTacoController.class]
2024-01-13 22:39:12.319 DEBUG 58992 --- [           main] o.s.c.a.ClassPathBeanDefinitionScanner   : Identified candidate component class: file [/Users/aselaillayapparachchi/IdeaProjects/learn-spring-in-action/taco-cloud-data-rest-jpa/target/classes/tacos/web/DesignTacoController.class]
2024-01-13 22:39:12.319 TRACE 58992 --- [           main] o.s.c.a.ClassPathBeanDefinitionScanner   : Scanning file [/Users/aselaillayapparachchi/IdeaProjects/learn-spring-in-action/taco-cloud-data-rest-jpa/target/classes/tacos/web/OrderController.class]
2024-01-13 22:39:12.319 DEBUG 58992 --- [           main] o.s.c.a.ClassPathBeanDefinitionScanner   : Identified candidate component class: file [/Users/aselaillayapparachchi/IdeaProjects/learn-spring-in-action/taco-cloud-data-rest-jpa/target/classes/tacos/web/OrderController.class]
2024-01-13 22:39:12.320 TRACE 58992 --- [           main] o.s.c.a.ClassPathBeanDefinitionScanner   : Scanning file [/Users/aselaillayapparachchi/IdeaProjects/learn-spring-in-action/taco-cloud-data-rest-jpa/target/classes/tacos/web/RegistrationController.class]
2024-01-13 22:39:12.320 DEBUG 58992 --- [           main] o.s.c.a.ClassPathBeanDefinitionScanner   : Identified candidate component class: file [/Users/aselaillayapparachchi/IdeaProjects/learn-spring-in-action/taco-cloud-data-rest-jpa/target/classes/tacos/web/RegistrationController.class]
2024-01-13 22:39:12.321 TRACE 58992 --- [           main] o.s.c.io.support.SpringFactoriesLoader   : Loaded [org.springframework.boot.autoconfigure.AutoConfigurationImportFilter] names: [org.springframework.boot.autoconfigure.condition.OnBeanCondition, org.springframework.boot.autoconfigure.condition.OnClassCondition, org.springframework.boot.autoconfigure.condition.OnWebApplicationCondition]
2024-01-13 22:39:12.325 TRACE 58992 --- [           main] o.s.b.f.s.DefaultListableBeanFactory     : Returning cached instance of singleton bean 'autoConfigurationReport'
2024-01-13 22:39:12.325 TRACE 58992 --- [           main] o.s.b.a.condition.OnClassCondition       : Condition OnClassCondition on org.springframework.boot.autoconfigure.freemarker.FreeMarkerAutoConfiguration did not match due to @ConditionalOnClass did not find required class 'freemarker.template.Configuration'
2024-01-13 22:39:12.325 TRACE 58992 --- [           main] o.s.b.a.condition.OnClassCondition       : Condition OnClassCondition on org.springframework.boot.autoconfigure.groovy.template.GroovyTemplateAutoConfiguration did not match due to @ConditionalOnClass did not find required class 'groovy.text.markup.MarkupTemplateEngine'
2024-01-13 22:39:12.325 TRACE 58992 --- [           main] o.s.b.a.condition.OnClassCondition       : Condition OnClassCondition on org.springframework.boot.autoconfigure.gson.GsonAutoConfiguration did not match due to @ConditionalOnClass did not find required class 'com.google.gson.Gson'
2024-01-13 22:39:12.325 TRACE 58992 --- [           main] o.s.b.a.condition.OnClassCondition       : Condition OnClassCondition on org.springframework.boot.autoconfigure.jsonb.JsonbAutoConfiguration did not match due to @ConditionalOnClass did not find required class 'javax.json.bind.Jsonb'
2024-01-13 22:39:12.326 TRACE 58992 --- [           main] o.s.b.a.condition.OnClassCondition       : Condition OnClassCondition on org.springframework.boot.autoconfigure.mustache.MustacheAutoConfiguration did not match due to @ConditionalOnClass did not find required class 'com.samskivert.mustache.Mustache'
2024-01-13 22:39:12.326 TRACE 58992 --- [           main] o.s.b.a.condition.OnClassCondition       : Condition OnClassCondition on org.springframework.boot.autoconfigure.security.oauth2.client.servlet.OAuth2ClientAutoConfiguration did not match due to @ConditionalOnClass did not find required class 'org.springframework.security.oauth2.client.registration.ClientRegistration'
2024-01-13 22:39:12.326 TRACE 58992 --- [           main] o.s.b.a.condition.OnClassCondition       : Condition OnClassCondition on org.springframework.boot.autoconfigure.security.oauth2.resource.servlet.OAuth2ResourceServerAutoConfiguration did not match due to @ConditionalOnClass did not find required class 'org.springframework.security.oauth2.server.resource.BearerTokenAuthenticationToken'
2024-01-13 22:39:12.326 TRACE 58992 --- [           main] o.s.b.f.s.DefaultListableBeanFactory     : Returning cached instance of singleton bean 'autoConfigurationReport'
2024-01-13 22:39:12.326 TRACE 58992 --- [           main] o.s.b.f.s.DefaultListableBeanFactory     : Returning cached instance of singleton bean 'autoConfigurationReport'
2024-01-13 22:39:12.326 TRACE 58992 --- [           main] o.s.b.a.AutoConfigurationImportSelector  : Filtered 7 auto configuration class in 0 ms
2024-01-13 22:39:12.326 TRACE 58992 --- [           main] o.s.c.io.support.SpringFactoriesLoader   : Loaded [org.springframework.boot.autoconfigure.AutoConfigurationImportListener] names: [org.springframework.boot.autoconfigure.condition.ConditionEvaluationReportAutoConfigurationImportListener]
2024-01-13 22:39:12.326 TRACE 58992 --- [           main] o.s.b.f.s.DefaultListableBeanFactory     : Returning cached instance of singleton bean 'autoConfigurationReport'
2024-01-13 22:39:12.326 TRACE 58992 --- [           main] o.s.c.e.PropertySourcesPropertyResolver  : Searching for key 'spring.boot.enableautoconfiguration' in PropertySource 'Annotations'
2024-01-13 22:39:12.326 TRACE 58992 --- [           main] o.s.c.e.PropertySourcesPropertyResolver  : Searching for key 'spring.boot.enableautoconfiguration' in PropertySource 'configurationProperties'
2024-01-13 22:39:12.326 DEBUG 58992 --- [           main] o.s.c.e.PropertySourcesPropertyResolver  : Found key 'spring.boot.enableautoconfiguration' in PropertySource 'configurationProperties' with value of type String
2024-01-13 22:39:12.329 TRACE 58992 --- [           main] o.s.b.f.s.DefaultListableBeanFactory     : Returning cached instance of singleton bean 'org.springframework.boot.autoconfigure.internalCachingMetadataReaderFactory'
2024-01-13 22:39:12.330 TRACE 58992 --- [           main] o.s.b.f.s.DefaultListableBeanFactory     : Returning cached instance of singleton bean 'autoConfigurationReport'
2024-01-13 22:39:12.330 TRACE 58992 --- [           main] o.s.b.f.s.DefaultListableBeanFactory     : Returning cached instance of singleton bean 'autoConfigurationReport'
2024-01-13 22:39:12.330 TRACE 58992 --- [           main] o.s.b.f.s.DefaultListableBeanFactory     : Returning cached instance of singleton bean 'autoConfigurationReport'
2024-01-13 22:39:12.330 TRACE 58992 --- [           main] o.s.c.io.support.SpringFactoriesLoader   : Loaded [org.springframework.boot.autoconfigure.AutoConfigurationImportFilter] names: [org.springframework.boot.autoconfigure.condition.OnBeanCondition, org.springframework.boot.autoconfigure.condition.OnClassCondition, org.springframework.boot.autoconfigure.condition.OnWebApplicationCondition]
2024-01-13 22:39:12.334 TRACE 58992 --- [           main] o.s.b.f.s.DefaultListableBeanFactory     : Returning cached instance of singleton bean 'autoConfigurationReport'
2024-01-13 22:39:12.334 TRACE 58992 --- [           main] o.s.b.f.s.DefaultListableBeanFactory     : Returning cached instance of singleton bean 'autoConfigurationReport'
2024-01-13 22:39:12.334 TRACE 58992 --- [           main] o.s.b.f.s.DefaultListableBeanFactory     : Returning cached instance of singleton bean 'autoConfigurationReport'
2024-01-13 22:39:12.334 TRACE 58992 --- [           main] o.s.b.f.s.DefaultListableBeanFactory     : Returning cached instance of singleton bean 'autoConfigurationReport'
2024-01-13 22:39:12.334 TRACE 58992 --- [           main] o.s.b.f.s.DefaultListableBeanFactory     : Returning cached instance of singleton bean 'autoConfigurationReport'
2024-01-13 22:39:12.334 TRACE 58992 --- [           main] o.s.b.f.s.DefaultListableBeanFactory     : Returning cached instance of singleton bean 'autoConfigurationReport'
2024-01-13 22:39:12.334 TRACE 58992 --- [           main] o.s.b.f.s.DefaultListableBeanFactory     : Returning cached instance of singleton bean 'autoConfigurationReport'
2024-01-13 22:39:12.334 TRACE 58992 --- [           main] o.s.b.f.s.DefaultListableBeanFactory     : Returning cached instance of singleton bean 'autoConfigurationReport'
2024-01-13 22:39:12.334 TRACE 58992 --- [           main] o.s.b.f.s.DefaultListableBeanFactory     : Returning cached instance of singleton bean 'autoConfigurationReport'
2024-01-13 22:39:12.334 TRACE 58992 --- [           main] o.s.c.e.PropertySourcesPropertyResolver  : Searching for key 'spring.messages.basename' in PropertySource 'Annotations'
2024-01-13 22:39:12.334 TRACE 58992 --- [           main] o.s.c.e.PropertySourcesPropertyResolver  : Searching for key 'spring.messages.basename' in PropertySource 'configurationProperties'
2024-01-13 22:39:12.334 TRACE 58992 --- [           main] o.s.c.e.PropertySourcesPropertyResolver  : Searching for key 'spring.messages.basename' in PropertySource 'test'
2024-01-13 22:39:12.334 TRACE 58992 --- [           main] o.s.c.e.PropertySourcesPropertyResolver  : Searching for key 'spring.messages.basename' in PropertySource 'Inlined Test Properties'
2024-01-13 22:39:12.334 TRACE 58992 --- [           main] o.s.c.e.PropertySourcesPropertyResolver  : Searching for key 'spring.messages.basename' in PropertySource 'systemProperties'
2024-01-13 22:39:12.334 TRACE 58992 --- [           main] o.s.c.e.PropertySourcesPropertyResolver  : Searching for key 'spring.messages.basename' in PropertySource 'systemEnvironment'
2024-01-13 22:39:12.334 TRACE 58992 --- [           main] o.s.c.e.PropertySourcesPropertyResolver  : Searching for key 'spring.messages.basename' in PropertySource 'random'
2024-01-13 22:39:12.334 TRACE 58992 --- [           main] o.s.c.e.PropertySourcesPropertyResolver  : Searching for key 'spring.messages.basename' in PropertySource 'Config resource 'class path resource [application.properties]' via location 'optional:classpath:/''
2024-01-13 22:39:12.334 TRACE 58992 --- [           main] o.s.c.e.PropertySourcesPropertyResolver  : Searching for key 'spring.messages.basename' in PropertySource 'Config resource 'class path resource [application.yml]' via location 'optional:classpath:/''
2024-01-13 22:39:12.334 TRACE 58992 --- [           main] o.s.c.e.PropertySourcesPropertyResolver  : Could not find key 'spring.messages.basename' in any property source
2024-01-13 22:39:12.334 TRACE 58992 --- [           main] utoConfiguration$ResourceBundleCondition : Condition MessageSourceAutoConfiguration.ResourceBundleCondition on org.springframework.boot.autoconfigure.context.MessageSourceAutoConfiguration did not match due to ResourceBundle did not find bundle with basename messages
2024-01-13 22:39:12.334 TRACE 58992 --- [           main] o.s.b.f.s.DefaultListableBeanFactory     : Returning cached instance of singleton bean 'autoConfigurationReport'
2024-01-13 22:39:12.334 TRACE 58992 --- [           main] o.s.b.f.s.DefaultListableBeanFactory     : Returning cached instance of singleton bean 'autoConfigurationReport'
2024-01-13 22:39:12.334 TRACE 58992 --- [           main] o.s.b.f.s.DefaultListableBeanFactory     : Returning cached instance of singleton bean 'autoConfigurationReport'
2024-01-13 22:39:12.334 TRACE 58992 --- [           main] o.s.b.f.s.DefaultListableBeanFactory     : Returning cached instance of singleton bean 'autoConfigurationReport'
2024-01-13 22:39:12.334 TRACE 58992 --- [           main] o.s.b.f.s.DefaultListableBeanFactory     : Returning cached instance of singleton bean 'autoConfigurationReport'
2024-01-13 22:39:12.334 TRACE 58992 --- [           main] o.s.b.f.s.DefaultListableBeanFactory     : Returning cached instance of singleton bean 'autoConfigurationReport'
2024-01-13 22:39:12.334 TRACE 58992 --- [           main] o.s.b.f.s.DefaultListableBeanFactory     : Returning cached instance of singleton bean 'autoConfigurationReport'
2024-01-13 22:39:12.334 TRACE 58992 --- [           main] o.s.b.f.s.DefaultListableBeanFactory     : Returning cached instance of singleton bean 'autoConfigurationReport'
2024-01-13 22:39:12.334 TRACE 58992 --- [           main] o.s.b.f.s.DefaultListableBeanFactory     : Returning cached instance of singleton bean 'autoConfigurationReport'
2024-01-13 22:39:12.334 TRACE 58992 --- [           main] o.s.b.f.s.DefaultListableBeanFactory     : Returning cached instance of singleton bean 'autoConfigurationReport'
2024-01-13 22:39:12.334 TRACE 58992 --- [           main] o.s.b.f.s.DefaultListableBeanFactory     : Returning cached instance of singleton bean 'autoConfigurationReport'
2024-01-13 22:39:12.334 TRACE 58992 --- [           main] o.s.b.f.s.DefaultListableBeanFactory     : Returning cached instance of singleton bean 'autoConfigurationReport'
2024-01-13 22:39:12.334 TRACE 58992 --- [           main] o.s.b.f.s.DefaultListableBeanFactory     : Returning cached instance of singleton bean 'autoConfigurationReport'
2024-01-13 22:39:12.334 TRACE 58992 --- [           main] o.s.b.a.condition.OnClassCondition       : Condition OnClassCondition on org.springframework.boot.autoconfigure.task.TaskExecutionAutoConfiguration matched due to @ConditionalOnClass found required class 'org.springframework.scheduling.concurrent.ThreadPoolTaskExecutor'
2024-01-13 22:39:12.334 TRACE 58992 --- [           main] o.s.b.f.s.DefaultListableBeanFactory     : Returning cached instance of singleton bean 'autoConfigurationReport'
2024-01-13 22:39:12.334 TRACE 58992 --- [           main] o.s.b.f.s.DefaultListableBeanFactory     : Returning cached instance of singleton bean 'autoConfigurationReport'
2024-01-13 22:39:12.334 TRACE 58992 --- [           main] o.s.b.f.s.DefaultListableBeanFactory     : Returning cached instance of singleton bean 'autoConfigurationReport'
2024-01-13 22:39:12.334 TRACE 58992 --- [           main] o.s.b.f.s.DefaultListableBeanFactory     : Returning cached instance of singleton bean 'autoConfigurationReport'
2024-01-13 22:39:12.334 TRACE 58992 --- [           main] o.s.b.f.s.DefaultListableBeanFactory     : Returning cached instance of singleton bean 'autoConfigurationReport'
2024-01-13 22:39:12.334 TRACE 58992 --- [           main] o.s.b.f.s.DefaultListableBeanFactory     : Returning cached instance of singleton bean 'autoConfigurationReport'
2024-01-13 22:39:12.334 TRACE 58992 --- [           main] o.s.b.f.s.DefaultListableBeanFactory     : Returning cached instance of singleton bean 'autoConfigurationReport'
2024-01-13 22:39:12.335 TRACE 58992 --- [           main] o.s.b.f.s.DefaultListableBeanFactory     : Returning cached instance of singleton bean 'autoConfigurationReport'
2024-01-13 22:39:12.335 TRACE 58992 --- [           main] o.s.b.f.s.DefaultListableBeanFactory     : Returning cached instance of singleton bean 'autoConfigurationReport'
2024-01-13 22:39:12.335 TRACE 58992 --- [           main] o.s.b.f.s.DefaultListableBeanFactory     : Returning cached instance of singleton bean 'autoConfigurationReport'
2024-01-13 22:39:12.335 TRACE 58992 --- [           main] o.s.b.f.s.DefaultListableBeanFactory     : Returning cached instance of singleton bean 'autoConfigurationReport'
2024-01-13 22:39:12.335 TRACE 58992 --- [           main] o.s.b.f.s.DefaultListableBeanFactory     : Returning cached instance of singleton bean 'autoConfigurationReport'
2024-01-13 22:39:12.335 TRACE 58992 --- [           main] o.s.b.f.s.DefaultListableBeanFactory     : Returning cached instance of singleton bean 'autoConfigurationReport'
2024-01-13 22:39:12.335 TRACE 58992 --- [           main] o.s.b.f.s.DefaultListableBeanFactory     : Returning cached instance of singleton bean 'autoConfigurationReport'
2024-01-13 22:39:12.335 TRACE 58992 --- [           main] o.s.b.f.s.DefaultListableBeanFactory     : Returning cached instance of singleton bean 'autoConfigurationReport'
2024-01-13 22:39:12.335 TRACE 58992 --- [           main] o.s.b.f.s.DefaultListableBeanFactory     : Returning cached instance of singleton bean 'autoConfigurationReport'
2024-01-13 22:39:12.335 TRACE 58992 --- [           main] o.s.b.f.s.DefaultListableBeanFactory     : Returning cached instance of singleton bean 'autoConfigurationReport'
2024-01-13 22:39:12.335 TRACE 58992 --- [           main] o.s.b.f.s.DefaultListableBeanFactory     : Returning cached instance of singleton bean 'autoConfigurationReport'
2024-01-13 22:39:12.335 TRACE 58992 --- [           main] o.s.b.f.s.DefaultListableBeanFactory     : Returning cached instance of singleton bean 'autoConfigurationReport'
2024-01-13 22:39:12.335 TRACE 58992 --- [           main] o.s.b.a.condition.OnClassCondition       : Condition OnClassCondition on org.springframework.boot.autoconfigure.validation.ValidationAutoConfiguration matched due to @ConditionalOnClass found required class 'javax.validation.executable.ExecutableValidator'
2024-01-13 22:39:12.335 TRACE 58992 --- [           main] o.s.b.f.s.DefaultListableBeanFactory     : Returning cached instance of singleton bean 'autoConfigurationReport'
2024-01-13 22:39:12.336 TRACE 58992 --- [           main] o.s.b.a.condition.OnResourceCondition    : Condition OnResourceCondition on org.springframework.boot.autoconfigure.validation.ValidationAutoConfiguration matched due to @ConditionalOnResource found location classpath:META-INF/services/javax.validation.spi.ValidationProvider
2024-01-13 22:39:12.336 TRACE 58992 --- [           main] o.s.b.f.s.DefaultListableBeanFactory     : Returning cached instance of singleton bean 'autoConfigurationReport'
2024-01-13 22:39:12.336 TRACE 58992 --- [           main] o.s.b.f.s.DefaultListableBeanFactory     : Returning cached instance of singleton bean 'autoConfigurationReport'
2024-01-13 22:39:12.336 TRACE 58992 --- [           main] o.s.b.f.s.DefaultListableBeanFactory     : Returning cached instance of singleton bean 'autoConfigurationReport'
2024-01-13 22:39:12.336 TRACE 58992 --- [           main] o.s.b.f.s.DefaultListableBeanFactory     : Returning cached instance of singleton bean 'autoConfigurationReport'
2024-01-13 22:39:12.336 TRACE 58992 --- [           main] o.s.b.f.s.DefaultListableBeanFactory     : Returning cached instance of singleton bean 'autoConfigurationReport'
2024-01-13 22:39:12.336 TRACE 58992 --- [           main] o.s.b.f.s.DefaultListableBeanFactory     : Returning cached instance of singleton bean 'autoConfigurationReport'
2024-01-13 22:39:12.336 TRACE 58992 --- [           main] o.s.b.f.s.DefaultListableBeanFactory     : Returning cached instance of singleton bean 'autoConfigurationReport'
2024-01-13 22:39:12.336 TRACE 58992 --- [           main] o.s.b.f.s.DefaultListableBeanFactory     : Returning cached instance of singleton bean 'autoConfigurationReport'
2024-01-13 22:39:12.336 TRACE 58992 --- [           main] o.s.b.f.s.DefaultListableBeanFactory     : Returning cached instance of singleton bean 'autoConfigurationReport'
2024-01-13 22:39:12.336 TRACE 58992 --- [           main] o.s.b.f.s.DefaultListableBeanFactory     : Returning cached instance of singleton bean 'autoConfigurationReport'
2024-01-13 22:39:12.336 TRACE 58992 --- [           main] o.s.b.f.s.DefaultListableBeanFactory     : Returning cached instance of singleton bean 'autoConfigurationReport'
2024-01-13 22:39:12.336 TRACE 58992 --- [           main] o.s.b.f.s.DefaultListableBeanFactory     : Returning cached instance of singleton bean 'autoConfigurationReport'
2024-01-13 22:39:12.336 TRACE 58992 --- [           main] o.s.b.f.s.DefaultListableBeanFactory     : Returning cached instance of singleton bean 'autoConfigurationReport'
2024-01-13 22:39:12.336 TRACE 58992 --- [           main] o.s.b.f.s.DefaultListableBeanFactory     : Returning cached instance of singleton bean 'autoConfigurationReport'
2024-01-13 22:39:12.336 TRACE 58992 --- [           main] o.s.b.f.s.DefaultListableBeanFactory     : Returning cached instance of singleton bean 'autoConfigurationReport'
2024-01-13 22:39:12.336 TRACE 58992 --- [           main] o.s.b.f.s.DefaultListableBeanFactory     : Returning cached instance of singleton bean 'autoConfigurationReport'
2024-01-13 22:39:12.336 TRACE 58992 --- [           main] o.s.b.f.s.DefaultListableBeanFactory     : Returning cached instance of singleton bean 'autoConfigurationReport'
2024-01-13 22:39:12.336 TRACE 58992 --- [           main] o.s.b.f.s.DefaultListableBeanFactory     : Returning cached instance of singleton bean 'autoConfigurationReport'
2024-01-13 22:39:12.336 TRACE 58992 --- [           main] o.s.b.f.s.DefaultListableBeanFactory     : Returning cached instance of singleton bean 'autoConfigurationReport'
2024-01-13 22:39:12.336 TRACE 58992 --- [           main] o.s.b.a.condition.OnClassCondition       : Condition OnClassCondition on org.springframework.boot.autoconfigure.web.servlet.error.ErrorMvcAutoConfiguration matched due to @ConditionalOnClass found required classes 'javax.servlet.Servlet', 'org.springframework.web.servlet.DispatcherServlet'
2024-01-13 22:39:12.336 TRACE 58992 --- [           main] o.s.b.f.s.DefaultListableBeanFactory     : Returning cached instance of singleton bean 'autoConfigurationReport'
2024-01-13 22:39:12.336 TRACE 58992 --- [           main] o.s.b.a.c.OnWebApplicationCondition      : Condition OnWebApplicationCondition on org.springframework.boot.autoconfigure.web.servlet.error.ErrorMvcAutoConfiguration matched due to found 'session' scope
2024-01-13 22:39:12.336 TRACE 58992 --- [           main] o.s.b.f.s.DefaultListableBeanFactory     : Returning cached instance of singleton bean 'autoConfigurationReport'
2024-01-13 22:39:12.336 TRACE 58992 --- [           main] o.s.b.f.s.DefaultListableBeanFactory     : Returning cached instance of singleton bean 'autoConfigurationReport'
2024-01-13 22:39:12.336 TRACE 58992 --- [           main] o.s.b.f.s.DefaultListableBeanFactory     : Returning cached instance of singleton bean 'autoConfigurationReport'
2024-01-13 22:39:12.336 TRACE 58992 --- [           main] o.s.b.f.s.DefaultListableBeanFactory     : Returning cached instance of singleton bean 'autoConfigurationReport'
2024-01-13 22:39:12.336 TRACE 58992 --- [           main] o.s.b.f.s.DefaultListableBeanFactory     : Returning cached instance of singleton bean 'autoConfigurationReport'
2024-01-13 22:39:12.336 TRACE 58992 --- [           main] o.s.b.f.s.DefaultListableBeanFactory     : Returning cached instance of singleton bean 'autoConfigurationReport'
2024-01-13 22:39:12.336 TRACE 58992 --- [           main] o.s.b.f.s.DefaultListableBeanFactory     : Returning cached instance of singleton bean 'autoConfigurationReport'
2024-01-13 22:39:12.337 TRACE 58992 --- [           main] o.s.b.a.condition.OnPropertyCondition    : Condition OnPropertyCondition on org.springframework.boot.autoconfigure.web.servlet.error.ErrorMvcAutoConfiguration$WhitelabelErrorViewConfiguration matched due to @ConditionalOnProperty (server.error.whitelabel.enabled) matched
2024-01-13 22:39:12.337 TRACE 58992 --- [           main] o.s.b.f.s.DefaultListableBeanFactory     : Returning cached instance of singleton bean 'autoConfigurationReport'
2024-01-13 22:39:12.337 TRACE 58992 --- [           main] o.s.c.io.support.SpringFactoriesLoader   : Loaded [org.springframework.boot.autoconfigure.template.TemplateAvailabilityProvider] names: [org.springframework.boot.autoconfigure.freemarker.FreeMarkerTemplateAvailabilityProvider, org.springframework.boot.autoconfigure.mustache.MustacheTemplateAvailabilityProvider, org.springframework.boot.autoconfigure.groovy.template.GroovyTemplateAvailabilityProvider, org.springframework.boot.autoconfigure.thymeleaf.ThymeleafTemplateAvailabilityProvider, org.springframework.boot.autoconfigure.web.servlet.JspTemplateAvailabilityProvider]
2024-01-13 22:39:12.337 TRACE 58992 --- [           main] o.s.c.e.PropertySourcesPropertyResolver  : Searching for key 'spring.template.provider.cache' in PropertySource 'Annotations'
2024-01-13 22:39:12.337 TRACE 58992 --- [           main] o.s.c.e.PropertySourcesPropertyResolver  : Searching for key 'spring.template.provider.cache' in PropertySource 'configurationProperties'
2024-01-13 22:39:12.337 TRACE 58992 --- [           main] o.s.c.e.PropertySourcesPropertyResolver  : Searching for key 'spring.template.provider.cache' in PropertySource 'test'
2024-01-13 22:39:12.337 TRACE 58992 --- [           main] o.s.c.e.PropertySourcesPropertyResolver  : Searching for key 'spring.template.provider.cache' in PropertySource 'Inlined Test Properties'
2024-01-13 22:39:12.337 TRACE 58992 --- [           main] o.s.c.e.PropertySourcesPropertyResolver  : Searching for key 'spring.template.provider.cache' in PropertySource 'systemProperties'
2024-01-13 22:39:12.337 TRACE 58992 --- [           main] o.s.c.e.PropertySourcesPropertyResolver  : Searching for key 'spring.template.provider.cache' in PropertySource 'systemEnvironment'
2024-01-13 22:39:12.337 TRACE 58992 --- [           main] o.s.c.e.PropertySourcesPropertyResolver  : Searching for key 'spring.template.provider.cache' in PropertySource 'random'
2024-01-13 22:39:12.337 TRACE 58992 --- [           main] o.s.c.e.PropertySourcesPropertyResolver  : Searching for key 'spring.template.provider.cache' in PropertySource 'Config resource 'class path resource [application.properties]' via location 'optional:classpath:/''
2024-01-13 22:39:12.337 TRACE 58992 --- [           main] o.s.c.e.PropertySourcesPropertyResolver  : Searching for key 'spring.template.provider.cache' in PropertySource 'Config resource 'class path resource [application.yml]' via location 'optional:classpath:/''
2024-01-13 22:39:12.337 TRACE 58992 --- [           main] o.s.c.e.PropertySourcesPropertyResolver  : Could not find key 'spring.template.provider.cache' in any property source
2024-01-13 22:39:12.337 TRACE 58992 --- [           main] o.s.c.e.PropertySourcesPropertyResolver  : Searching for key 'spring.thymeleaf.prefix' in PropertySource 'Annotations'
2024-01-13 22:39:12.337 TRACE 58992 --- [           main] o.s.c.e.PropertySourcesPropertyResolver  : Searching for key 'spring.thymeleaf.prefix' in PropertySource 'configurationProperties'
2024-01-13 22:39:12.337 TRACE 58992 --- [           main] o.s.c.e.PropertySourcesPropertyResolver  : Searching for key 'spring.thymeleaf.prefix' in PropertySource 'test'
2024-01-13 22:39:12.337 TRACE 58992 --- [           main] o.s.c.e.PropertySourcesPropertyResolver  : Searching for key 'spring.thymeleaf.prefix' in PropertySource 'Inlined Test Properties'
2024-01-13 22:39:12.337 TRACE 58992 --- [           main] o.s.c.e.PropertySourcesPropertyResolver  : Searching for key 'spring.thymeleaf.prefix' in PropertySource 'systemProperties'
2024-01-13 22:39:12.337 TRACE 58992 --- [           main] o.s.c.e.PropertySourcesPropertyResolver  : Searching for key 'spring.thymeleaf.prefix' in PropertySource 'systemEnvironment'
2024-01-13 22:39:12.337 TRACE 58992 --- [           main] o.s.c.e.PropertySourcesPropertyResolver  : Searching for key 'spring.thymeleaf.prefix' in PropertySource 'random'
2024-01-13 22:39:12.337 TRACE 58992 --- [           main] o.s.c.e.PropertySourcesPropertyResolver  : Searching for key 'spring.thymeleaf.prefix' in PropertySource 'Config resource 'class path resource [application.properties]' via location 'optional:classpath:/''
2024-01-13 22:39:12.337 TRACE 58992 --- [           main] o.s.c.e.PropertySourcesPropertyResolver  : Searching for key 'spring.thymeleaf.prefix' in PropertySource 'Config resource 'class path resource [application.yml]' via location 'optional:classpath:/''
2024-01-13 22:39:12.337 TRACE 58992 --- [           main] o.s.c.e.PropertySourcesPropertyResolver  : Could not find key 'spring.thymeleaf.prefix' in any property source
2024-01-13 22:39:12.338 TRACE 58992 --- [           main] o.s.c.e.PropertySourcesPropertyResolver  : Searching for key 'spring.thymeleaf.suffix' in PropertySource 'Annotations'
2024-01-13 22:39:12.338 TRACE 58992 --- [           main] o.s.c.e.PropertySourcesPropertyResolver  : Searching for key 'spring.thymeleaf.suffix' in PropertySource 'configurationProperties'
2024-01-13 22:39:12.338 TRACE 58992 --- [           main] o.s.c.e.PropertySourcesPropertyResolver  : Searching for key 'spring.thymeleaf.suffix' in PropertySource 'test'
2024-01-13 22:39:12.338 TRACE 58992 --- [           main] o.s.c.e.PropertySourcesPropertyResolver  : Searching for key 'spring.thymeleaf.suffix' in PropertySource 'Inlined Test Properties'
2024-01-13 22:39:12.338 TRACE 58992 --- [           main] o.s.c.e.PropertySourcesPropertyResolver  : Searching for key 'spring.thymeleaf.suffix' in PropertySource 'systemProperties'
2024-01-13 22:39:12.338 TRACE 58992 --- [           main] o.s.c.e.PropertySourcesPropertyResolver  : Searching for key 'spring.thymeleaf.suffix' in PropertySource 'systemEnvironment'
2024-01-13 22:39:12.338 TRACE 58992 --- [           main] o.s.c.e.PropertySourcesPropertyResolver  : Searching for key 'spring.thymeleaf.suffix' in PropertySource 'random'
2024-01-13 22:39:12.338 TRACE 58992 --- [           main] o.s.c.e.PropertySourcesPropertyResolver  : Searching for key 'spring.thymeleaf.suffix' in PropertySource 'Config resource 'class path resource [application.properties]' via location 'optional:classpath:/''
2024-01-13 22:39:12.338 TRACE 58992 --- [           main] o.s.c.e.PropertySourcesPropertyResolver  : Searching for key 'spring.thymeleaf.suffix' in PropertySource 'Config resource 'class path resource [application.yml]' via location 'optional:classpath:/''
2024-01-13 22:39:12.338 TRACE 58992 --- [           main] o.s.c.e.PropertySourcesPropertyResolver  : Could not find key 'spring.thymeleaf.suffix' in any property source
2024-01-13 22:39:12.338 TRACE 58992 --- [           main] figuration$ErrorTemplateMissingCondition : Condition ErrorMvcAutoConfiguration.ErrorTemplateMissingCondition on org.springframework.boot.autoconfigure.web.servlet.error.ErrorMvcAutoConfiguration$WhitelabelErrorViewConfiguration matched due to ErrorTemplate Missing did not find error template view
2024-01-13 22:39:12.338 TRACE 58992 --- [           main] o.s.b.f.s.DefaultListableBeanFactory     : Returning cached instance of singleton bean 'autoConfigurationReport'
2024-01-13 22:39:12.338 TRACE 58992 --- [           main] o.s.b.f.s.DefaultListableBeanFactory     : Returning cached instance of singleton bean 'autoConfigurationReport'
2024-01-13 22:39:12.338 TRACE 58992 --- [           main] o.s.b.f.s.DefaultListableBeanFactory     : Returning cached instance of singleton bean 'autoConfigurationReport'
2024-01-13 22:39:12.338 TRACE 58992 --- [           main] o.s.b.f.s.DefaultListableBeanFactory     : Returning cached instance of singleton bean 'autoConfigurationReport'
2024-01-13 22:39:12.338 TRACE 58992 --- [           main] o.s.b.f.s.DefaultListableBeanFactory     : Returning cached instance of singleton bean 'autoConfigurationReport'
2024-01-13 22:39:12.338 TRACE 58992 --- [           main] o.s.b.f.s.DefaultListableBeanFactory     : Returning cached instance of singleton bean 'autoConfigurationReport'
2024-01-13 22:39:12.338 TRACE 58992 --- [           main] o.s.b.f.s.DefaultListableBeanFactory     : Returning cached instance of singleton bean 'autoConfigurationReport'
2024-01-13 22:39:12.338 TRACE 58992 --- [           main] o.s.b.f.s.DefaultListableBeanFactory     : Returning cached instance of singleton bean 'autoConfigurationReport'
2024-01-13 22:39:12.338 TRACE 58992 --- [           main] o.s.b.f.s.DefaultListableBeanFactory     : Returning cached instance of singleton bean 'autoConfigurationReport'
2024-01-13 22:39:12.338 TRACE 58992 --- [           main] o.s.b.f.s.DefaultListableBeanFactory     : Returning cached instance of singleton bean 'autoConfigurationReport'
2024-01-13 22:39:12.338 TRACE 58992 --- [           main] o.s.b.f.s.DefaultListableBeanFactory     : Returning cached instance of singleton bean 'autoConfigurationReport'
2024-01-13 22:39:12.338 TRACE 58992 --- [           main] o.s.b.f.s.DefaultListableBeanFactory     : Returning cached instance of singleton bean 'autoConfigurationReport'
2024-01-13 22:39:12.338 TRACE 58992 --- [           main] o.s.b.f.s.DefaultListableBeanFactory     : Returning cached instance of singleton bean 'autoConfigurationReport'
2024-01-13 22:39:12.338 TRACE 58992 --- [           main] o.s.b.f.s.DefaultListableBeanFactory     : Returning cached instance of singleton bean 'autoConfigurationReport'
2024-01-13 22:39:12.338 TRACE 58992 --- [           main] o.s.b.f.s.DefaultListableBeanFactory     : Returning cached instance of singleton bean 'autoConfigurationReport'
2024-01-13 22:39:12.338 TRACE 58992 --- [           main] o.s.b.f.s.DefaultListableBeanFactory     : Returning cached instance of singleton bean 'autoConfigurationReport'
2024-01-13 22:39:12.338 TRACE 58992 --- [           main] o.s.b.f.s.DefaultListableBeanFactory     : Returning cached instance of singleton bean 'autoConfigurationReport'
2024-01-13 22:39:12.338 TRACE 58992 --- [           main] o.s.b.f.s.DefaultListableBeanFactory     : Returning cached instance of singleton bean 'autoConfigurationReport'
2024-01-13 22:39:12.338 TRACE 58992 --- [           main] o.s.b.f.s.DefaultListableBeanFactory     : Returning cached instance of singleton bean 'autoConfigurationReport'
2024-01-13 22:39:12.338 TRACE 58992 --- [           main] o.s.b.f.s.DefaultListableBeanFactory     : Returning cached instance of singleton bean 'autoConfigurationReport'
2024-01-13 22:39:12.338 TRACE 58992 --- [           main] o.s.b.f.s.DefaultListableBeanFactory     : Returning cached instance of singleton bean 'autoConfigurationReport'
2024-01-13 22:39:12.338 TRACE 58992 --- [           main] o.s.b.f.s.DefaultListableBeanFactory     : Returning cached instance of singleton bean 'autoConfigurationReport'
2024-01-13 22:39:12.338 TRACE 58992 --- [           main] o.s.b.f.s.DefaultListableBeanFactory     : Returning cached instance of singleton bean 'autoConfigurationReport'
2024-01-13 22:39:12.338 TRACE 58992 --- [           main] o.s.b.f.s.DefaultListableBeanFactory     : Returning cached instance of singleton bean 'autoConfigurationReport'
2024-01-13 22:39:12.338 TRACE 58992 --- [           main] o.s.b.f.s.DefaultListableBeanFactory     : Returning cached instance of singleton bean 'autoConfigurationReport'
2024-01-13 22:39:12.338 TRACE 58992 --- [           main] o.s.b.a.condition.OnClassCondition       : Condition OnClassCondition on org.springframework.boot.autoconfigure.web.servlet.WebMvcAutoConfiguration matched due to @ConditionalOnClass found required classes 'javax.servlet.Servlet', 'org.springframework.web.servlet.DispatcherServlet', 'org.springframework.web.servlet.config.annotation.WebMvcConfigurer'
2024-01-13 22:39:12.338 TRACE 58992 --- [           main] o.s.b.f.s.DefaultListableBeanFactory     : Returning cached instance of singleton bean 'autoConfigurationReport'
2024-01-13 22:39:12.338 TRACE 58992 --- [           main] o.s.b.a.c.OnWebApplicationCondition      : Condition OnWebApplicationCondition on org.springframework.boot.autoconfigure.web.servlet.WebMvcAutoConfiguration matched due to found 'session' scope
2024-01-13 22:39:12.338 TRACE 58992 --- [           main] o.s.b.f.s.DefaultListableBeanFactory     : Returning cached instance of singleton bean 'autoConfigurationReport'
2024-01-13 22:39:12.338 TRACE 58992 --- [           main] o.s.b.f.s.DefaultListableBeanFactory     : Returning cached instance of singleton bean 'autoConfigurationReport'
2024-01-13 22:39:12.338 TRACE 58992 --- [           main] o.s.b.f.s.DefaultListableBeanFactory     : Returning cached instance of singleton bean 'autoConfigurationReport'
2024-01-13 22:39:12.338 TRACE 58992 --- [           main] o.s.b.f.s.DefaultListableBeanFactory     : Returning cached instance of singleton bean 'autoConfigurationReport'
2024-01-13 22:39:12.338 TRACE 58992 --- [           main] o.s.b.f.s.DefaultListableBeanFactory     : Returning cached instance of singleton bean 'autoConfigurationReport'
2024-01-13 22:39:12.338 TRACE 58992 --- [           main] o.s.b.f.s.DefaultListableBeanFactory     : Returning cached instance of singleton bean 'autoConfigurationReport'
2024-01-13 22:39:12.338 TRACE 58992 --- [           main] o.s.b.f.s.DefaultListableBeanFactory     : Returning cached instance of singleton bean 'autoConfigurationReport'
2024-01-13 22:39:12.339 TRACE 58992 --- [           main] o.s.b.f.s.DefaultListableBeanFactory     : Returning cached instance of singleton bean 'autoConfigurationReport'
2024-01-13 22:39:12.339 TRACE 58992 --- [           main] o.s.b.f.s.DefaultListableBeanFactory     : Returning cached instance of singleton bean 'autoConfigurationReport'
2024-01-13 22:39:12.339 TRACE 58992 --- [           main] o.s.b.f.s.DefaultListableBeanFactory     : Returning cached instance of singleton bean 'autoConfigurationReport'
2024-01-13 22:39:12.339 TRACE 58992 --- [           main] o.s.b.f.s.DefaultListableBeanFactory     : Returning cached instance of singleton bean 'autoConfigurationReport'
2024-01-13 22:39:12.339 TRACE 58992 --- [           main] o.s.b.f.s.DefaultListableBeanFactory     : Returning cached instance of singleton bean 'autoConfigurationReport'
2024-01-13 22:39:12.339 TRACE 58992 --- [           main] o.s.b.f.s.DefaultListableBeanFactory     : Returning cached instance of singleton bean 'autoConfigurationReport'
2024-01-13 22:39:12.340 TRACE 58992 --- [           main] o.s.b.f.s.DefaultListableBeanFactory     : Returning cached instance of singleton bean 'autoConfigurationReport'
2024-01-13 22:39:12.340 TRACE 58992 --- [           main] o.s.b.f.s.DefaultListableBeanFactory     : Returning cached instance of singleton bean 'autoConfigurationReport'
2024-01-13 22:39:12.340 TRACE 58992 --- [           main] o.s.b.f.s.DefaultListableBeanFactory     : Returning cached instance of singleton bean 'autoConfigurationReport'
2024-01-13 22:39:12.340 TRACE 58992 --- [           main] o.s.b.f.s.DefaultListableBeanFactory     : Returning cached instance of singleton bean 'autoConfigurationReport'
2024-01-13 22:39:12.340 TRACE 58992 --- [           main] o.s.b.f.s.DefaultListableBeanFactory     : Returning cached instance of singleton bean 'autoConfigurationReport'
2024-01-13 22:39:12.340 TRACE 58992 --- [           main] o.s.b.f.s.DefaultListableBeanFactory     : Returning cached instance of singleton bean 'autoConfigurationReport'
2024-01-13 22:39:12.340 TRACE 58992 --- [           main] o.s.c.e.PropertySourcesPropertyResolver  : Searching for key 'spring.web.resources.chain.strategy.fixed.enabled' in PropertySource 'Annotations'
2024-01-13 22:39:12.340 TRACE 58992 --- [           main] o.s.c.e.PropertySourcesPropertyResolver  : Searching for key 'spring.web.resources.chain.strategy.fixed.enabled' in PropertySource 'configurationProperties'
2024-01-13 22:39:12.340 TRACE 58992 --- [           main] o.s.c.e.PropertySourcesPropertyResolver  : Searching for key 'spring.web.resources.chain.strategy.fixed.enabled' in PropertySource 'test'
2024-01-13 22:39:12.340 TRACE 58992 --- [           main] o.s.c.e.PropertySourcesPropertyResolver  : Searching for key 'spring.web.resources.chain.strategy.fixed.enabled' in PropertySource 'Inlined Test Properties'
2024-01-13 22:39:12.340 TRACE 58992 --- [           main] o.s.c.e.PropertySourcesPropertyResolver  : Searching for key 'spring.web.resources.chain.strategy.fixed.enabled' in PropertySource 'systemProperties'
2024-01-13 22:39:12.340 TRACE 58992 --- [           main] o.s.c.e.PropertySourcesPropertyResolver  : Searching for key 'spring.web.resources.chain.strategy.fixed.enabled' in PropertySource 'systemEnvironment'
2024-01-13 22:39:12.340 TRACE 58992 --- [           main] o.s.c.e.PropertySourcesPropertyResolver  : Searching for key 'spring.web.resources.chain.strategy.fixed.enabled' in PropertySource 'random'
2024-01-13 22:39:12.340 TRACE 58992 --- [           main] o.s.c.e.PropertySourcesPropertyResolver  : Searching for key 'spring.web.resources.chain.strategy.fixed.enabled' in PropertySource 'Config resource 'class path resource [application.properties]' via location 'optional:classpath:/''
2024-01-13 22:39:12.340 TRACE 58992 --- [           main] o.s.c.e.PropertySourcesPropertyResolver  : Searching for key 'spring.web.resources.chain.strategy.fixed.enabled' in PropertySource 'Config resource 'class path resource [application.yml]' via location 'optional:classpath:/''
2024-01-13 22:39:12.340 TRACE 58992 --- [           main] o.s.c.e.PropertySourcesPropertyResolver  : Could not find key 'spring.web.resources.chain.strategy.fixed.enabled' in any property source
2024-01-13 22:39:12.340 TRACE 58992 --- [           main] o.s.c.e.PropertySourcesPropertyResolver  : Searching for key 'spring.web.resources.chain.strategy.content.enabled' in PropertySource 'Annotations'
2024-01-13 22:39:12.340 TRACE 58992 --- [           main] o.s.c.e.PropertySourcesPropertyResolver  : Searching for key 'spring.web.resources.chain.strategy.content.enabled' in PropertySource 'configurationProperties'
2024-01-13 22:39:12.340 TRACE 58992 --- [           main] o.s.c.e.PropertySourcesPropertyResolver  : Searching for key 'spring.web.resources.chain.strategy.content.enabled' in PropertySource 'test'
2024-01-13 22:39:12.340 TRACE 58992 --- [           main] o.s.c.e.PropertySourcesPropertyResolver  : Searching for key 'spring.web.resources.chain.strategy.content.enabled' in PropertySource 'Inlined Test Properties'
2024-01-13 22:39:12.340 TRACE 58992 --- [           main] o.s.c.e.PropertySourcesPropertyResolver  : Searching for key 'spring.web.resources.chain.strategy.content.enabled' in PropertySource 'systemProperties'
2024-01-13 22:39:12.340 TRACE 58992 --- [           main] o.s.c.e.PropertySourcesPropertyResolver  : Searching for key 'spring.web.resources.chain.strategy.content.enabled' in PropertySource 'systemEnvironment'
2024-01-13 22:39:12.340 TRACE 58992 --- [           main] o.s.c.e.PropertySourcesPropertyResolver  : Searching for key 'spring.web.resources.chain.strategy.content.enabled' in PropertySource 'random'
2024-01-13 22:39:12.340 TRACE 58992 --- [           main] o.s.c.e.PropertySourcesPropertyResolver  : Searching for key 'spring.web.resources.chain.strategy.content.enabled' in PropertySource 'Config resource 'class path resource [application.properties]' via location 'optional:classpath:/''
2024-01-13 22:39:12.340 TRACE 58992 --- [           main] o.s.c.e.PropertySourcesPropertyResolver  : Searching for key 'spring.web.resources.chain.strategy.content.enabled' in PropertySource 'Config resource 'class path resource [application.yml]' via location 'optional:classpath:/''
2024-01-13 22:39:12.340 TRACE 58992 --- [           main] o.s.c.e.PropertySourcesPropertyResolver  : Could not find key 'spring.web.resources.chain.strategy.content.enabled' in any property source
2024-01-13 22:39:12.341 TRACE 58992 --- [           main] o.s.c.e.PropertySourcesPropertyResolver  : Searching for key 'spring.web.resources.chain.enabled' in PropertySource 'Annotations'
2024-01-13 22:39:12.341 TRACE 58992 --- [           main] o.s.c.e.PropertySourcesPropertyResolver  : Searching for key 'spring.web.resources.chain.enabled' in PropertySource 'configurationProperties'
2024-01-13 22:39:12.341 TRACE 58992 --- [           main] o.s.c.e.PropertySourcesPropertyResolver  : Searching for key 'spring.web.resources.chain.enabled' in PropertySource 'test'
2024-01-13 22:39:12.341 TRACE 58992 --- [           main] o.s.c.e.PropertySourcesPropertyResolver  : Searching for key 'spring.web.resources.chain.enabled' in PropertySource 'Inlined Test Properties'
2024-01-13 22:39:12.341 TRACE 58992 --- [           main] o.s.c.e.PropertySourcesPropertyResolver  : Searching for key 'spring.web.resources.chain.enabled' in PropertySource 'systemProperties'
2024-01-13 22:39:12.341 TRACE 58992 --- [           main] o.s.c.e.PropertySourcesPropertyResolver  : Searching for key 'spring.web.resources.chain.enabled' in PropertySource 'systemEnvironment'
2024-01-13 22:39:12.341 TRACE 58992 --- [           main] o.s.c.e.PropertySourcesPropertyResolver  : Searching for key 'spring.web.resources.chain.enabled' in PropertySource 'random'
2024-01-13 22:39:12.341 TRACE 58992 --- [           main] o.s.c.e.PropertySourcesPropertyResolver  : Searching for key 'spring.web.resources.chain.enabled' in PropertySource 'Config resource 'class path resource [application.properties]' via location 'optional:classpath:/''
2024-01-13 22:39:12.341 TRACE 58992 --- [           main] o.s.c.e.PropertySourcesPropertyResolver  : Searching for key 'spring.web.resources.chain.enabled' in PropertySource 'Config resource 'class path resource [application.yml]' via location 'optional:classpath:/''
2024-01-13 22:39:12.341 TRACE 58992 --- [           main] o.s.c.e.PropertySourcesPropertyResolver  : Could not find key 'spring.web.resources.chain.enabled' in any property source
2024-01-13 22:39:12.341 TRACE 58992 --- [           main] .s.b.a.w.OnEnabledResourceChainCondition : Condition OnEnabledResourceChainCondition on org.springframework.boot.autoconfigure.web.servlet.WebMvcAutoConfiguration$ResourceChainCustomizerConfiguration did not match due to @ConditionalOnEnabledResourceChain did not find class org.webjars.WebJarAssetLocator
2024-01-13 22:39:12.341 TRACE 58992 --- [           main] o.s.b.f.s.DefaultListableBeanFactory     : Returning cached instance of singleton bean 'autoConfigurationReport'
2024-01-13 22:39:12.341 TRACE 58992 --- [           main] o.s.b.f.s.DefaultListableBeanFactory     : Returning cached instance of singleton bean 'autoConfigurationReport'
2024-01-13 22:39:12.341 TRACE 58992 --- [           main] o.s.b.f.s.DefaultListableBeanFactory     : Returning cached instance of singleton bean 'autoConfigurationReport'
2024-01-13 22:39:12.341 TRACE 58992 --- [           main] o.s.b.f.s.DefaultListableBeanFactory     : Returning cached instance of singleton bean 'autoConfigurationReport'
2024-01-13 22:39:12.341 TRACE 58992 --- [           main] o.s.b.f.s.DefaultListableBeanFactory     : Returning cached instance of singleton bean 'autoConfigurationReport'
2024-01-13 22:39:12.341 TRACE 58992 --- [           main] o.s.b.f.s.DefaultListableBeanFactory     : Returning cached instance of singleton bean 'autoConfigurationReport'
2024-01-13 22:39:12.341 TRACE 58992 --- [           main] o.s.b.f.s.DefaultListableBeanFactory     : Returning cached instance of singleton bean 'autoConfigurationReport'
2024-01-13 22:39:12.341 TRACE 58992 --- [           main] o.s.b.f.s.DefaultListableBeanFactory     : Returning cached instance of singleton bean 'autoConfigurationReport'
2024-01-13 22:39:12.341 TRACE 58992 --- [           main] o.s.b.f.s.DefaultListableBeanFactory     : Returning cached instance of singleton bean 'autoConfigurationReport'
2024-01-13 22:39:12.341 TRACE 58992 --- [           main] o.s.b.f.s.DefaultListableBeanFactory     : Returning cached instance of singleton bean 'autoConfigurationReport'
2024-01-13 22:39:12.341 TRACE 58992 --- [           main] o.s.b.f.s.DefaultListableBeanFactory     : Returning cached instance of singleton bean 'autoConfigurationReport'
2024-01-13 22:39:12.341 TRACE 58992 --- [           main] o.s.b.f.s.DefaultListableBeanFactory     : Returning cached instance of singleton bean 'autoConfigurationReport'
2024-01-13 22:39:12.341 TRACE 58992 --- [           main] o.s.b.f.s.DefaultListableBeanFactory     : Returning cached instance of singleton bean 'autoConfigurationReport'
2024-01-13 22:39:12.341 TRACE 58992 --- [           main] o.s.b.a.condition.OnClassCondition       : Condition OnClassCondition on org.springframework.boot.autoconfigure.jackson.JacksonAutoConfiguration matched due to @ConditionalOnClass found required class 'com.fasterxml.jackson.databind.ObjectMapper'
2024-01-13 22:39:12.341 TRACE 58992 --- [           main] o.s.b.f.s.DefaultListableBeanFactory     : Returning cached instance of singleton bean 'autoConfigurationReport'
2024-01-13 22:39:12.341 TRACE 58992 --- [           main] o.s.b.f.s.DefaultListableBeanFactory     : Returning cached instance of singleton bean 'autoConfigurationReport'
2024-01-13 22:39:12.341 TRACE 58992 --- [           main] o.s.b.f.s.DefaultListableBeanFactory     : Returning cached instance of singleton bean 'autoConfigurationReport'
2024-01-13 22:39:12.341 TRACE 58992 --- [           main] o.s.b.f.s.DefaultListableBeanFactory     : Returning cached instance of singleton bean 'autoConfigurationReport'
2024-01-13 22:39:12.341 TRACE 58992 --- [           main] o.s.b.f.s.DefaultListableBeanFactory     : Returning cached instance of singleton bean 'autoConfigurationReport'
2024-01-13 22:39:12.341 TRACE 58992 --- [           main] o.s.b.f.s.DefaultListableBeanFactory     : Returning cached instance of singleton bean 'autoConfigurationReport'
2024-01-13 22:39:12.341 TRACE 58992 --- [           main] o.s.b.f.s.DefaultListableBeanFactory     : Returning cached instance of singleton bean 'autoConfigurationReport'
2024-01-13 22:39:12.342 TRACE 58992 --- [           main] o.s.b.a.condition.OnClassCondition       : Condition OnClassCondition on org.springframework.boot.autoconfigure.jackson.JacksonAutoConfiguration$Jackson2ObjectMapperBuilderCustomizerConfiguration matched due to @ConditionalOnClass found required class 'org.springframework.http.converter.json.Jackson2ObjectMapperBuilder'
2024-01-13 22:39:12.342 TRACE 58992 --- [           main] o.s.b.f.s.DefaultListableBeanFactory     : Returning cached instance of singleton bean 'autoConfigurationReport'
2024-01-13 22:39:12.342 TRACE 58992 --- [           main] o.s.b.f.s.DefaultListableBeanFactory     : Returning cached instance of singleton bean 'autoConfigurationReport'
2024-01-13 22:39:12.342 TRACE 58992 --- [           main] o.s.b.f.s.DefaultListableBeanFactory     : Returning cached instance of singleton bean 'autoConfigurationReport'
2024-01-13 22:39:12.342 TRACE 58992 --- [           main] o.s.b.f.s.DefaultListableBeanFactory     : Returning cached instance of singleton bean 'autoConfigurationReport'
2024-01-13 22:39:12.342 TRACE 58992 --- [           main] o.s.b.f.s.DefaultListableBeanFactory     : Returning cached instance of singleton bean 'autoConfigurationReport'
2024-01-13 22:39:12.342 TRACE 58992 --- [           main] o.s.b.f.s.DefaultListableBeanFactory     : Returning cached instance of singleton bean 'autoConfigurationReport'
2024-01-13 22:39:12.342 TRACE 58992 --- [           main] o.s.b.f.s.DefaultListableBeanFactory     : Returning cached instance of singleton bean 'autoConfigurationReport'
2024-01-13 22:39:12.342 TRACE 58992 --- [           main] o.s.b.a.condition.OnClassCondition       : Condition OnClassCondition on org.springframework.boot.autoconfigure.jackson.JacksonAutoConfiguration$JacksonObjectMapperBuilderConfiguration matched due to @ConditionalOnClass found required class 'org.springframework.http.converter.json.Jackson2ObjectMapperBuilder'
2024-01-13 22:39:12.342 TRACE 58992 --- [           main] o.s.b.f.s.DefaultListableBeanFactory     : Returning cached instance of singleton bean 'autoConfigurationReport'
2024-01-13 22:39:12.342 TRACE 58992 --- [           main] o.s.b.f.s.DefaultListableBeanFactory     : Returning cached instance of singleton bean 'autoConfigurationReport'
2024-01-13 22:39:12.342 TRACE 58992 --- [           main] o.s.b.f.s.DefaultListableBeanFactory     : Returning cached instance of singleton bean 'autoConfigurationReport'
2024-01-13 22:39:12.342 TRACE 58992 --- [           main] o.s.b.f.s.DefaultListableBeanFactory     : Returning cached instance of singleton bean 'autoConfigurationReport'
2024-01-13 22:39:12.342 TRACE 58992 --- [           main] o.s.b.f.s.DefaultListableBeanFactory     : Returning cached instance of singleton bean 'autoConfigurationReport'
2024-01-13 22:39:12.342 TRACE 58992 --- [           main] o.s.b.f.s.DefaultListableBeanFactory     : Returning cached instance of singleton bean 'autoConfigurationReport'
2024-01-13 22:39:12.342 TRACE 58992 --- [           main] o.s.b.f.s.DefaultListableBeanFactory     : Returning cached instance of singleton bean 'autoConfigurationReport'
2024-01-13 22:39:12.342 TRACE 58992 --- [           main] o.s.b.a.condition.OnClassCondition       : Condition OnClassCondition on org.springframework.boot.autoconfigure.jackson.JacksonAutoConfiguration$ParameterNamesModuleConfiguration matched due to @ConditionalOnClass found required class 'com.fasterxml.jackson.module.paramnames.ParameterNamesModule'
2024-01-13 22:39:12.342 TRACE 58992 --- [           main] o.s.b.f.s.DefaultListableBeanFactory     : Returning cached instance of singleton bean 'autoConfigurationReport'
2024-01-13 22:39:12.342 TRACE 58992 --- [           main] o.s.b.f.s.DefaultListableBeanFactory     : Returning cached instance of singleton bean 'autoConfigurationReport'
2024-01-13 22:39:12.342 TRACE 58992 --- [           main] o.s.b.f.s.DefaultListableBeanFactory     : Returning cached instance of singleton bean 'autoConfigurationReport'
2024-01-13 22:39:12.342 TRACE 58992 --- [           main] o.s.b.f.s.DefaultListableBeanFactory     : Returning cached instance of singleton bean 'autoConfigurationReport'
2024-01-13 22:39:12.342 TRACE 58992 --- [           main] o.s.b.f.s.DefaultListableBeanFactory     : Returning cached instance of singleton bean 'autoConfigurationReport'
2024-01-13 22:39:12.342 TRACE 58992 --- [           main] o.s.b.f.s.DefaultListableBeanFactory     : Returning cached instance of singleton bean 'autoConfigurationReport'
2024-01-13 22:39:12.342 TRACE 58992 --- [           main] o.s.b.f.s.DefaultListableBeanFactory     : Returning cached instance of singleton bean 'autoConfigurationReport'
2024-01-13 22:39:12.342 TRACE 58992 --- [           main] o.s.b.a.condition.OnClassCondition       : Condition OnClassCondition on org.springframework.boot.autoconfigure.jackson.JacksonAutoConfiguration$JacksonObjectMapperConfiguration matched due to @ConditionalOnClass found required class 'org.springframework.http.converter.json.Jackson2ObjectMapperBuilder'
2024-01-13 22:39:12.342 TRACE 58992 --- [           main] o.s.b.f.s.DefaultListableBeanFactory     : Returning cached instance of singleton bean 'autoConfigurationReport'
2024-01-13 22:39:12.342 TRACE 58992 --- [           main] o.s.b.f.s.DefaultListableBeanFactory     : Returning cached instance of singleton bean 'autoConfigurationReport'
2024-01-13 22:39:12.342 TRACE 58992 --- [           main] o.s.b.f.s.DefaultListableBeanFactory     : Returning cached instance of singleton bean 'autoConfigurationReport'
2024-01-13 22:39:12.342 TRACE 58992 --- [           main] o.s.b.f.s.DefaultListableBeanFactory     : Returning cached instance of singleton bean 'autoConfigurationReport'
2024-01-13 22:39:12.342 TRACE 58992 --- [           main] o.s.b.f.s.DefaultListableBeanFactory     : Returning cached instance of singleton bean 'autoConfigurationReport'
2024-01-13 22:39:12.342 TRACE 58992 --- [           main] o.s.b.f.s.DefaultListableBeanFactory     : Returning cached instance of singleton bean 'autoConfigurationReport'
2024-01-13 22:39:12.342 TRACE 58992 --- [           main] o.s.b.f.s.DefaultListableBeanFactory     : Returning cached instance of singleton bean 'autoConfigurationReport'
2024-01-13 22:39:12.342 TRACE 58992 --- [           main] o.s.b.f.s.DefaultListableBeanFactory     : Returning cached instance of singleton bean 'autoConfigurationReport'
2024-01-13 22:39:12.342 TRACE 58992 --- [           main] o.s.b.f.s.DefaultListableBeanFactory     : Returning cached instance of singleton bean 'autoConfigurationReport'
2024-01-13 22:39:12.342 TRACE 58992 --- [           main] o.s.b.f.s.DefaultListableBeanFactory     : Returning cached instance of singleton bean 'autoConfigurationReport'
2024-01-13 22:39:12.342 TRACE 58992 --- [           main] o.s.b.f.s.DefaultListableBeanFactory     : Returning cached instance of singleton bean 'autoConfigurationReport'
2024-01-13 22:39:12.342 TRACE 58992 --- [           main] o.s.b.f.s.DefaultListableBeanFactory     : Returning cached instance of singleton bean 'autoConfigurationReport'
2024-01-13 22:39:12.342 TRACE 58992 --- [           main] o.s.b.f.s.DefaultListableBeanFactory     : Returning cached instance of singleton bean 'autoConfigurationReport'
2024-01-13 22:39:12.342 TRACE 58992 --- [           main] o.s.b.f.s.DefaultListableBeanFactory     : Returning cached instance of singleton bean 'autoConfigurationReport'
2024-01-13 22:39:12.342 TRACE 58992 --- [           main] o.s.b.f.s.DefaultListableBeanFactory     : Returning cached instance of singleton bean 'autoConfigurationReport'
2024-01-13 22:39:12.342 TRACE 58992 --- [           main] o.s.b.f.s.DefaultListableBeanFactory     : Returning cached instance of singleton bean 'autoConfigurationReport'
2024-01-13 22:39:12.343 TRACE 58992 --- [           main] o.s.b.f.s.DefaultListableBeanFactory     : Returning cached instance of singleton bean 'autoConfigurationReport'
2024-01-13 22:39:12.343 TRACE 58992 --- [           main] o.s.b.f.s.DefaultListableBeanFactory     : Returning cached instance of singleton bean 'autoConfigurationReport'
2024-01-13 22:39:12.343 TRACE 58992 --- [           main] o.s.b.f.s.DefaultListableBeanFactory     : Returning cached instance of singleton bean 'autoConfigurationReport'
2024-01-13 22:39:12.343 TRACE 58992 --- [           main] o.s.b.a.condition.OnClassCondition       : Condition OnClassCondition on org.springframework.boot.autoconfigure.cache.CacheAutoConfiguration matched due to @ConditionalOnClass found required class 'org.springframework.cache.CacheManager'
2024-01-13 22:39:12.343 TRACE 58992 --- [           main] o.s.b.f.s.DefaultListableBeanFactory     : Returning cached instance of singleton bean 'autoConfigurationReport'
2024-01-13 22:39:12.343 TRACE 58992 --- [           main] o.s.b.f.s.DefaultListableBeanFactory     : Returning cached instance of singleton bean 'autoConfigurationReport'
2024-01-13 22:39:12.343 TRACE 58992 --- [           main] o.s.b.f.s.DefaultListableBeanFactory     : Returning cached instance of singleton bean 'autoConfigurationReport'
2024-01-13 22:39:12.343 TRACE 58992 --- [           main] o.s.b.f.s.DefaultListableBeanFactory     : Returning cached instance of singleton bean 'autoConfigurationReport'
2024-01-13 22:39:12.343 TRACE 58992 --- [           main] o.s.b.f.s.DefaultListableBeanFactory     : Returning cached instance of singleton bean 'autoConfigurationReport'
2024-01-13 22:39:12.343 TRACE 58992 --- [           main] o.s.b.f.s.DefaultListableBeanFactory     : Returning cached instance of singleton bean 'autoConfigurationReport'
2024-01-13 22:39:12.343 TRACE 58992 --- [           main] o.s.b.f.s.DefaultListableBeanFactory     : Returning cached instance of singleton bean 'autoConfigurationReport'
2024-01-13 22:39:12.343 TRACE 58992 --- [           main] o.s.b.f.s.DefaultListableBeanFactory     : Returning cached instance of singleton bean 'autoConfigurationReport'
2024-01-13 22:39:12.343 TRACE 58992 --- [           main] o.s.b.f.s.DefaultListableBeanFactory     : Returning cached instance of singleton bean 'autoConfigurationReport'
2024-01-13 22:39:12.343 TRACE 58992 --- [           main] o.s.b.f.s.DefaultListableBeanFactory     : Returning cached instance of singleton bean 'autoConfigurationReport'
2024-01-13 22:39:12.343 TRACE 58992 --- [           main] o.s.b.f.s.DefaultListableBeanFactory     : Returning cached instance of singleton bean 'autoConfigurationReport'
2024-01-13 22:39:12.343 TRACE 58992 --- [           main] o.s.b.f.s.DefaultListableBeanFactory     : Returning cached instance of singleton bean 'autoConfigurationReport'
2024-01-13 22:39:12.343 TRACE 58992 --- [           main] o.s.b.f.s.DefaultListableBeanFactory     : Returning cached instance of singleton bean 'autoConfigurationReport'
2024-01-13 22:39:12.343 TRACE 58992 --- [           main] o.s.b.f.s.DefaultListableBeanFactory     : Returning cached instance of singleton bean 'autoConfigurationReport'
2024-01-13 22:39:12.343 TRACE 58992 --- [           main] o.s.b.a.condition.OnClassCondition       : Condition OnClassCondition on org.springframework.boot.autoconfigure.cache.JCacheCacheConfiguration did not match due to @ConditionalOnClass did not find required class 'javax.cache.Caching'
2024-01-13 22:39:12.343 TRACE 58992 --- [           main] o.s.b.f.s.DefaultListableBeanFactory     : Returning cached instance of singleton bean 'autoConfigurationReport'
2024-01-13 22:39:12.343 TRACE 58992 --- [           main] o.s.b.f.s.DefaultListableBeanFactory     : Returning cached instance of singleton bean 'autoConfigurationReport'
2024-01-13 22:39:12.343 TRACE 58992 --- [           main] o.s.b.a.AutoConfigurationImportSelector  : Filtered 1 auto configuration class in 0 ms
2024-01-13 22:39:12.343 TRACE 58992 --- [           main] o.s.b.f.s.DefaultListableBeanFactory     : Returning cached instance of singleton bean 'autoConfigurationReport'
2024-01-13 22:39:12.343 TRACE 58992 --- [           main] o.s.b.a.condition.OnClassCondition       : Condition OnClassCondition on org.springframework.boot.autoconfigure.cache.EhCacheCacheConfiguration did not match due to @ConditionalOnClass did not find required class 'net.sf.ehcache.Cache'
2024-01-13 22:39:12.343 TRACE 58992 --- [           main] o.s.b.f.s.DefaultListableBeanFactory     : Returning cached instance of singleton bean 'autoConfigurationReport'
2024-01-13 22:39:12.343 TRACE 58992 --- [           main] o.s.b.f.s.DefaultListableBeanFactory     : Returning cached instance of singleton bean 'autoConfigurationReport'
2024-01-13 22:39:12.343 TRACE 58992 --- [           main] o.s.b.a.AutoConfigurationImportSelector  : Filtered 1 auto configuration class in 0 ms
2024-01-13 22:39:12.343 TRACE 58992 --- [           main] o.s.b.f.s.DefaultListableBeanFactory     : Returning cached instance of singleton bean 'autoConfigurationReport'
2024-01-13 22:39:12.343 TRACE 58992 --- [           main] o.s.b.a.condition.OnClassCondition       : Condition OnClassCondition on org.springframework.boot.autoconfigure.cache.HazelcastCacheConfiguration did not match due to @ConditionalOnClass did not find required class 'com.hazelcast.core.HazelcastInstance'
2024-01-13 22:39:12.343 TRACE 58992 --- [           main] o.s.b.f.s.DefaultListableBeanFactory     : Returning cached instance of singleton bean 'autoConfigurationReport'
2024-01-13 22:39:12.343 TRACE 58992 --- [           main] o.s.b.f.s.DefaultListableBeanFactory     : Returning cached instance of singleton bean 'autoConfigurationReport'
2024-01-13 22:39:12.344 TRACE 58992 --- [           main] o.s.b.a.AutoConfigurationImportSelector  : Filtered 1 auto configuration class in 0 ms
2024-01-13 22:39:12.344 TRACE 58992 --- [           main] o.s.b.f.s.DefaultListableBeanFactory     : Returning cached instance of singleton bean 'autoConfigurationReport'
2024-01-13 22:39:12.344 TRACE 58992 --- [           main] o.s.b.a.condition.OnClassCondition       : Condition OnClassCondition on org.springframework.boot.autoconfigure.cache.InfinispanCacheConfiguration did not match due to @ConditionalOnClass did not find required class 'org.infinispan.spring.embedded.provider.SpringEmbeddedCacheManager'
2024-01-13 22:39:12.344 TRACE 58992 --- [           main] o.s.b.f.s.DefaultListableBeanFactory     : Returning cached instance of singleton bean 'autoConfigurationReport'
2024-01-13 22:39:12.344 TRACE 58992 --- [           main] o.s.b.f.s.DefaultListableBeanFactory     : Returning cached instance of singleton bean 'autoConfigurationReport'
2024-01-13 22:39:12.344 TRACE 58992 --- [           main] o.s.b.a.AutoConfigurationImportSelector  : Filtered 1 auto configuration class in 0 ms
2024-01-13 22:39:12.344 TRACE 58992 --- [           main] o.s.b.f.s.DefaultListableBeanFactory     : Returning cached instance of singleton bean 'autoConfigurationReport'
2024-01-13 22:39:12.344 TRACE 58992 --- [           main] o.s.b.a.condition.OnClassCondition       : Condition OnClassCondition on org.springframework.boot.autoconfigure.cache.CouchbaseCacheConfiguration did not match due to @ConditionalOnClass did not find required class 'com.couchbase.client.java.Cluster'
2024-01-13 22:39:12.344 TRACE 58992 --- [           main] o.s.b.f.s.DefaultListableBeanFactory     : Returning cached instance of singleton bean 'autoConfigurationReport'
2024-01-13 22:39:12.344 TRACE 58992 --- [           main] o.s.b.f.s.DefaultListableBeanFactory     : Returning cached instance of singleton bean 'autoConfigurationReport'
2024-01-13 22:39:12.344 TRACE 58992 --- [           main] o.s.b.a.AutoConfigurationImportSelector  : Filtered 1 auto configuration class in 0 ms
2024-01-13 22:39:12.344 TRACE 58992 --- [           main] o.s.b.f.s.DefaultListableBeanFactory     : Returning cached instance of singleton bean 'autoConfigurationReport'
2024-01-13 22:39:12.344 TRACE 58992 --- [           main] o.s.b.a.condition.OnClassCondition       : Condition OnClassCondition on org.springframework.boot.autoconfigure.cache.RedisCacheConfiguration did not match due to @ConditionalOnClass did not find required class 'org.springframework.data.redis.connection.RedisConnectionFactory'
2024-01-13 22:39:12.344 TRACE 58992 --- [           main] o.s.b.f.s.DefaultListableBeanFactory     : Returning cached instance of singleton bean 'autoConfigurationReport'
2024-01-13 22:39:12.344 TRACE 58992 --- [           main] o.s.b.f.s.DefaultListableBeanFactory     : Returning cached instance of singleton bean 'autoConfigurationReport'
2024-01-13 22:39:12.344 TRACE 58992 --- [           main] o.s.b.a.AutoConfigurationImportSelector  : Filtered 1 auto configuration class in 0 ms
2024-01-13 22:39:12.344 TRACE 58992 --- [           main] o.s.b.f.s.DefaultListableBeanFactory     : Returning cached instance of singleton bean 'autoConfigurationReport'
2024-01-13 22:39:12.344 TRACE 58992 --- [           main] o.s.b.a.condition.OnClassCondition       : Condition OnClassCondition on org.springframework.boot.autoconfigure.cache.CaffeineCacheConfiguration did not match due to @ConditionalOnClass did not find required class 'com.github.benmanes.caffeine.cache.Caffeine'
2024-01-13 22:39:12.344 TRACE 58992 --- [           main] o.s.b.f.s.DefaultListableBeanFactory     : Returning cached instance of singleton bean 'autoConfigurationReport'
2024-01-13 22:39:12.344 TRACE 58992 --- [           main] o.s.b.f.s.DefaultListableBeanFactory     : Returning cached instance of singleton bean 'autoConfigurationReport'
2024-01-13 22:39:12.344 TRACE 58992 --- [           main] o.s.b.a.AutoConfigurationImportSelector  : Filtered 1 auto configuration class in 0 ms
2024-01-13 22:39:12.344 TRACE 58992 --- [           main] o.s.b.f.s.DefaultListableBeanFactory     : Returning cached instance of singleton bean 'autoConfigurationReport'
2024-01-13 22:39:12.344 TRACE 58992 --- [           main] o.s.b.f.s.DefaultListableBeanFactory     : Returning cached instance of singleton bean 'autoConfigurationReport'
2024-01-13 22:39:12.344 TRACE 58992 --- [           main] o.s.b.f.s.DefaultListableBeanFactory     : Returning cached instance of singleton bean 'autoConfigurationReport'
2024-01-13 22:39:12.344 TRACE 58992 --- [           main] o.s.b.f.s.DefaultListableBeanFactory     : Returning cached instance of singleton bean 'autoConfigurationReport'
2024-01-13 22:39:12.344 TRACE 58992 --- [           main] o.s.b.f.s.DefaultListableBeanFactory     : Returning cached instance of singleton bean 'autoConfigurationReport'
2024-01-13 22:39:12.344 TRACE 58992 --- [           main] o.s.b.f.s.DefaultListableBeanFactory     : Returning cached instance of singleton bean 'autoConfigurationReport'
2024-01-13 22:39:12.344 TRACE 58992 --- [           main] o.s.b.f.s.DefaultListableBeanFactory     : Returning cached instance of singleton bean 'autoConfigurationReport'
2024-01-13 22:39:12.344 TRACE 58992 --- [           main] o.s.b.f.s.DefaultListableBeanFactory     : Returning cached instance of singleton bean 'autoConfigurationReport'
2024-01-13 22:39:12.344 TRACE 58992 --- [           main] o.s.b.f.s.DefaultListableBeanFactory     : Returning cached instance of singleton bean 'autoConfigurationReport'
2024-01-13 22:39:12.344 TRACE 58992 --- [           main] o.s.b.f.s.DefaultListableBeanFactory     : Returning cached instance of singleton bean 'autoConfigurationReport'
2024-01-13 22:39:12.344 TRACE 58992 --- [           main] o.s.b.f.s.DefaultListableBeanFactory     : Returning cached instance of singleton bean 'autoConfigurationReport'
2024-01-13 22:39:12.344 TRACE 58992 --- [           main] o.s.b.f.s.DefaultListableBeanFactory     : Returning cached instance of singleton bean 'autoConfigurationReport'
2024-01-13 22:39:12.344 TRACE 58992 --- [           main] o.s.b.a.cache.CacheCondition             : Condition CacheCondition on org.springframework.boot.autoconfigure.cache.GenericCacheConfiguration did not match due to Cache org.springframework.boot.autoconfigure.cache.GenericCacheConfiguration unknown cache type
2024-01-13 22:39:12.344 TRACE 58992 --- [           main] o.s.b.f.s.DefaultListableBeanFactory     : Returning cached instance of singleton bean 'autoConfigurationReport'
2024-01-13 22:39:12.344 TRACE 58992 --- [           main] o.s.b.f.s.DefaultListableBeanFactory     : Returning cached instance of singleton bean 'autoConfigurationReport'
2024-01-13 22:39:12.344 TRACE 58992 --- [           main] o.s.b.f.s.DefaultListableBeanFactory     : Returning cached instance of singleton bean 'autoConfigurationReport'
2024-01-13 22:39:12.344 TRACE 58992 --- [           main] o.s.b.f.s.DefaultListableBeanFactory     : Returning cached instance of singleton bean 'autoConfigurationReport'
2024-01-13 22:39:12.344 TRACE 58992 --- [           main] o.s.b.f.s.DefaultListableBeanFactory     : Returning cached instance of singleton bean 'autoConfigurationReport'
2024-01-13 22:39:12.344 TRACE 58992 --- [           main] o.s.b.f.s.DefaultListableBeanFactory     : Returning cached instance of singleton bean 'autoConfigurationReport'
2024-01-13 22:39:12.344 TRACE 58992 --- [           main] o.s.b.f.s.DefaultListableBeanFactory     : Returning cached instance of singleton bean 'autoConfigurationReport'
2024-01-13 22:39:12.344 TRACE 58992 --- [           main] o.s.b.a.cache.CacheCondition             : Condition CacheCondition on org.springframework.boot.autoconfigure.cache.SimpleCacheConfiguration did not match due to Cache org.springframework.boot.autoconfigure.cache.SimpleCacheConfiguration unknown cache type
2024-01-13 22:39:12.344 TRACE 58992 --- [           main] o.s.b.f.s.DefaultListableBeanFactory     : Returning cached instance of singleton bean 'autoConfigurationReport'
2024-01-13 22:39:12.345 TRACE 58992 --- [           main] o.s.b.a.cache.CacheCondition             : Condition CacheCondition on org.springframework.boot.autoconfigure.cache.NoOpCacheConfiguration matched due to Cache org.springframework.boot.autoconfigure.cache.NoOpCacheConfiguration NONE cache type
2024-01-13 22:39:12.345 TRACE 58992 --- [           main] o.s.b.f.s.DefaultListableBeanFactory     : Returning cached instance of singleton bean 'autoConfigurationReport'
2024-01-13 22:39:12.345 TRACE 58992 --- [           main] o.s.b.f.s.DefaultListableBeanFactory     : Returning cached instance of singleton bean 'autoConfigurationReport'
2024-01-13 22:39:12.345 TRACE 58992 --- [           main] o.s.b.f.s.DefaultListableBeanFactory     : Returning cached instance of singleton bean 'autoConfigurationReport'
2024-01-13 22:39:12.345 TRACE 58992 --- [           main] o.s.b.f.s.DefaultListableBeanFactory     : Returning cached instance of singleton bean 'autoConfigurationReport'
2024-01-13 22:39:12.345 TRACE 58992 --- [           main] o.s.b.f.s.DefaultListableBeanFactory     : Returning cached instance of singleton bean 'autoConfigurationReport'
2024-01-13 22:39:12.345 TRACE 58992 --- [           main] o.s.b.f.s.DefaultListableBeanFactory     : Returning cached instance of singleton bean 'autoConfigurationReport'
2024-01-13 22:39:12.345 TRACE 58992 --- [           main] o.s.b.f.s.DefaultListableBeanFactory     : Returning cached instance of singleton bean 'autoConfigurationReport'
2024-01-13 22:39:12.345 TRACE 58992 --- [           main] o.s.b.a.condition.OnClassCondition       : Condition OnClassCondition on org.springframework.boot.autoconfigure.cache.CacheAutoConfiguration$CacheManagerEntityManagerFactoryDependsOnPostProcessor matched due to @ConditionalOnClass found required class 'org.springframework.orm.jpa.LocalContainerEntityManagerFactoryBean'
2024-01-13 22:39:12.345 TRACE 58992 --- [           main] o.s.b.f.s.DefaultListableBeanFactory     : Returning cached instance of singleton bean 'autoConfigurationReport'
2024-01-13 22:39:12.345 TRACE 58992 --- [           main] o.s.b.f.s.DefaultListableBeanFactory     : Returning cached instance of singleton bean 'autoConfigurationReport'
2024-01-13 22:39:12.345 TRACE 58992 --- [           main] o.s.b.f.s.DefaultListableBeanFactory     : Returning cached instance of singleton bean 'autoConfigurationReport'
2024-01-13 22:39:12.345 TRACE 58992 --- [           main] o.s.b.f.s.DefaultListableBeanFactory     : Returning cached instance of singleton bean 'autoConfigurationReport'
2024-01-13 22:39:12.345 TRACE 58992 --- [           main] o.s.b.f.s.DefaultListableBeanFactory     : Returning cached instance of singleton bean 'autoConfigurationReport'
2024-01-13 22:39:12.345 TRACE 58992 --- [           main] o.s.b.f.s.DefaultListableBeanFactory     : Returning cached instance of singleton bean 'autoConfigurationReport'
2024-01-13 22:39:12.345 TRACE 58992 --- [           main] o.s.b.f.s.DefaultListableBeanFactory     : Returning cached instance of singleton bean 'autoConfigurationReport'
2024-01-13 22:39:12.345 TRACE 58992 --- [           main] o.s.b.f.s.DefaultListableBeanFactory     : Returning cached instance of singleton bean 'autoConfigurationReport'
2024-01-13 22:39:12.345 TRACE 58992 --- [           main] o.s.b.f.s.DefaultListableBeanFactory     : Returning cached instance of singleton bean 'autoConfigurationReport'
2024-01-13 22:39:12.345 TRACE 58992 --- [           main] o.s.b.f.s.DefaultListableBeanFactory     : Returning cached instance of singleton bean 'autoConfigurationReport'
2024-01-13 22:39:12.345 TRACE 58992 --- [           main] o.s.b.f.s.DefaultListableBeanFactory     : Returning cached instance of singleton bean 'autoConfigurationReport'
2024-01-13 22:39:12.345 TRACE 58992 --- [           main] o.s.b.f.s.DefaultListableBeanFactory     : Returning cached instance of singleton bean 'autoConfigurationReport'
2024-01-13 22:39:12.345 TRACE 58992 --- [           main] o.s.b.f.s.DefaultListableBeanFactory     : Returning cached instance of singleton bean 'autoConfigurationReport'
2024-01-13 22:39:12.345 TRACE 58992 --- [           main] o.s.b.f.s.DefaultListableBeanFactory     : Returning cached instance of singleton bean 'autoConfigurationReport'
2024-01-13 22:39:12.345 TRACE 58992 --- [           main] o.s.b.f.s.DefaultListableBeanFactory     : Returning cached instance of singleton bean 'autoConfigurationReport'
2024-01-13 22:39:12.345 TRACE 58992 --- [           main] o.s.b.f.s.DefaultListableBeanFactory     : Returning cached instance of singleton bean 'autoConfigurationReport'
2024-01-13 22:39:12.345 TRACE 58992 --- [           main] o.s.b.f.s.DefaultListableBeanFactory     : Returning cached instance of singleton bean 'autoConfigurationReport'
2024-01-13 22:39:12.345 TRACE 58992 --- [           main] o.s.b.f.s.DefaultListableBeanFactory     : Returning cached instance of singleton bean 'autoConfigurationReport'
2024-01-13 22:39:12.345 TRACE 58992 --- [           main] o.s.b.f.s.DefaultListableBeanFactory     : Returning cached instance of singleton bean 'autoConfigurationReport'
2024-01-13 22:39:12.345 TRACE 58992 --- [           main] o.s.b.a.condition.OnClassCondition       : Condition OnClassCondition on org.springframework.boot.autoconfigure.http.HttpMessageConvertersAutoConfiguration matched due to @ConditionalOnClass found required class 'org.springframework.http.converter.HttpMessageConverter'
2024-01-13 22:39:12.345 TRACE 58992 --- [           main] o.s.b.f.s.DefaultListableBeanFactory     : Returning cached instance of singleton bean 'autoConfigurationReport'
2024-01-13 22:39:12.346 TRACE 58992 --- [           main] ation$NotReactiveWebApplicationCondition : Condition HttpMessageConvertersAutoConfiguration.NotReactiveWebApplicationCondition on org.springframework.boot.autoconfigure.http.HttpMessageConvertersAutoConfiguration matched due to NoneNestedConditions 0 matched 1 did not; NestedCondition on HttpMessageConvertersAutoConfiguration.NotReactiveWebApplicationCondition.ReactiveWebApplication did not find reactive web application classes
2024-01-13 22:39:12.346 TRACE 58992 --- [           main] o.s.b.f.s.DefaultListableBeanFactory     : Returning cached instance of singleton bean 'autoConfigurationReport'
2024-01-13 22:39:12.346 TRACE 58992 --- [           main] o.s.b.f.s.DefaultListableBeanFactory     : Returning cached instance of singleton bean 'autoConfigurationReport'
2024-01-13 22:39:12.346 TRACE 58992 --- [           main] o.s.b.f.s.DefaultListableBeanFactory     : Returning cached instance of singleton bean 'autoConfigurationReport'
2024-01-13 22:39:12.346 TRACE 58992 --- [           main] o.s.b.f.s.DefaultListableBeanFactory     : Returning cached instance of singleton bean 'autoConfigurationReport'
2024-01-13 22:39:12.346 TRACE 58992 --- [           main] o.s.b.f.s.DefaultListableBeanFactory     : Returning cached instance of singleton bean 'autoConfigurationReport'
2024-01-13 22:39:12.346 TRACE 58992 --- [           main] o.s.b.f.s.DefaultListableBeanFactory     : Returning cached instance of singleton bean 'autoConfigurationReport'
2024-01-13 22:39:12.346 TRACE 58992 --- [           main] o.s.b.f.s.DefaultListableBeanFactory     : Returning cached instance of singleton bean 'autoConfigurationReport'
2024-01-13 22:39:12.346 TRACE 58992 --- [           main] o.s.b.a.condition.OnClassCondition       : Condition OnClassCondition on org.springframework.boot.autoconfigure.http.HttpMessageConvertersAutoConfiguration$StringHttpMessageConverterConfiguration matched due to @ConditionalOnClass found required class 'org.springframework.http.converter.StringHttpMessageConverter'
2024-01-13 22:39:12.346 TRACE 58992 --- [           main] o.s.b.f.s.DefaultListableBeanFactory     : Returning cached instance of singleton bean 'autoConfigurationReport'
2024-01-13 22:39:12.346 TRACE 58992 --- [           main] o.s.b.f.s.DefaultListableBeanFactory     : Returning cached instance of singleton bean 'autoConfigurationReport'
2024-01-13 22:39:12.346 TRACE 58992 --- [           main] o.s.b.f.s.DefaultListableBeanFactory     : Returning cached instance of singleton bean 'autoConfigurationReport'
2024-01-13 22:39:12.346 TRACE 58992 --- [           main] o.s.b.f.s.DefaultListableBeanFactory     : Returning cached instance of singleton bean 'autoConfigurationReport'
2024-01-13 22:39:12.346 TRACE 58992 --- [           main] o.s.b.f.s.DefaultListableBeanFactory     : Returning cached instance of singleton bean 'autoConfigurationReport'
2024-01-13 22:39:12.346 TRACE 58992 --- [           main] o.s.b.f.s.DefaultListableBeanFactory     : Returning cached instance of singleton bean 'autoConfigurationReport'
2024-01-13 22:39:12.346 TRACE 58992 --- [           main] o.s.b.f.s.DefaultListableBeanFactory     : Returning cached instance of singleton bean 'autoConfigurationReport'
2024-01-13 22:39:12.346 TRACE 58992 --- [           main] o.s.b.f.s.DefaultListableBeanFactory     : Returning cached instance of singleton bean 'autoConfigurationReport'
2024-01-13 22:39:12.346 TRACE 58992 --- [           main] o.s.b.f.s.DefaultListableBeanFactory     : Returning cached instance of singleton bean 'autoConfigurationReport'
2024-01-13 22:39:12.346 TRACE 58992 --- [           main] o.s.b.f.s.DefaultListableBeanFactory     : Returning cached instance of singleton bean 'autoConfigurationReport'
2024-01-13 22:39:12.346 TRACE 58992 --- [           main] o.s.b.f.s.DefaultListableBeanFactory     : Returning cached instance of singleton bean 'autoConfigurationReport'
2024-01-13 22:39:12.346 TRACE 58992 --- [           main] o.s.b.f.s.DefaultListableBeanFactory     : Returning cached instance of singleton bean 'autoConfigurationReport'
2024-01-13 22:39:12.346 TRACE 58992 --- [           main] o.s.b.f.s.DefaultListableBeanFactory     : Returning cached instance of singleton bean 'autoConfigurationReport'
2024-01-13 22:39:12.346 TRACE 58992 --- [           main] o.s.b.a.condition.OnClassCondition       : Condition OnClassCondition on org.springframework.boot.autoconfigure.http.JacksonHttpMessageConvertersConfiguration$MappingJackson2XmlHttpMessageConverterConfiguration did not match due to @ConditionalOnClass did not find required class 'com.fasterxml.jackson.dataformat.xml.XmlMapper'
2024-01-13 22:39:12.346 TRACE 58992 --- [           main] o.s.b.f.s.DefaultListableBeanFactory     : Returning cached instance of singleton bean 'autoConfigurationReport'
2024-01-13 22:39:12.346 TRACE 58992 --- [           main] o.s.b.a.condition.OnClassCondition       : Condition OnClassCondition on org.springframework.boot.autoconfigure.http.JacksonHttpMessageConvertersConfiguration$MappingJackson2HttpMessageConverterConfiguration matched due to @ConditionalOnClass found required class 'com.fasterxml.jackson.databind.ObjectMapper'
2024-01-13 22:39:12.346 TRACE 58992 --- [           main] o.s.b.f.s.DefaultListableBeanFactory     : Returning cached instance of singleton bean 'autoConfigurationReport'
2024-01-13 22:39:12.347 TRACE 58992 --- [           main] o.s.b.a.condition.OnPropertyCondition    : Condition OnPropertyCondition on org.springframework.boot.autoconfigure.http.JacksonHttpMessageConvertersConfiguration$MappingJackson2HttpMessageConverterConfiguration matched due to @ConditionalOnProperty (spring.mvc.converters.preferred-json-mapper=jackson) matched
2024-01-13 22:39:12.347 TRACE 58992 --- [           main] o.s.b.f.s.DefaultListableBeanFactory     : Returning cached instance of singleton bean 'autoConfigurationReport'
2024-01-13 22:39:12.347 TRACE 58992 --- [           main] o.s.b.f.s.DefaultListableBeanFactory     : Returning cached instance of singleton bean 'autoConfigurationReport'
2024-01-13 22:39:12.347 TRACE 58992 --- [           main] o.s.b.f.s.DefaultListableBeanFactory     : Returning cached instance of singleton bean 'autoConfigurationReport'
2024-01-13 22:39:12.347 TRACE 58992 --- [           main] o.s.b.f.s.DefaultListableBeanFactory     : Returning cached instance of singleton bean 'autoConfigurationReport'
2024-01-13 22:39:12.347 TRACE 58992 --- [           main] o.s.b.f.s.DefaultListableBeanFactory     : Returning cached instance of singleton bean 'autoConfigurationReport'
2024-01-13 22:39:12.347 TRACE 58992 --- [           main] o.s.b.f.s.DefaultListableBeanFactory     : Returning cached instance of singleton bean 'autoConfigurationReport'
2024-01-13 22:39:12.347 TRACE 58992 --- [           main] o.s.b.f.s.DefaultListableBeanFactory     : Returning cached instance of singleton bean 'autoConfigurationReport'
2024-01-13 22:39:12.347 TRACE 58992 --- [           main] o.s.b.a.condition.OnClassCondition       : Condition OnClassCondition on org.springframework.boot.autoconfigure.http.GsonHttpMessageConvertersConfiguration did not match due to @ConditionalOnClass did not find required class 'com.google.gson.Gson'
2024-01-13 22:39:12.347 TRACE 58992 --- [           main] o.s.b.f.s.DefaultListableBeanFactory     : Returning cached instance of singleton bean 'autoConfigurationReport'
2024-01-13 22:39:12.347 TRACE 58992 --- [           main] o.s.b.a.condition.OnClassCondition       : Condition OnClassCondition on org.springframework.boot.autoconfigure.http.JsonbHttpMessageConvertersConfiguration did not match due to @ConditionalOnClass did not find required class 'javax.json.bind.Jsonb'
2024-01-13 22:39:12.347 TRACE 58992 --- [           main] o.s.b.f.s.DefaultListableBeanFactory     : Returning cached instance of singleton bean 'autoConfigurationReport'
2024-01-13 22:39:12.347 TRACE 58992 --- [           main] o.s.b.f.s.DefaultListableBeanFactory     : Returning cached instance of singleton bean 'autoConfigurationReport'
2024-01-13 22:39:12.347 TRACE 58992 --- [           main] o.s.b.f.s.DefaultListableBeanFactory     : Returning cached instance of singleton bean 'autoConfigurationReport'
2024-01-13 22:39:12.347 TRACE 58992 --- [           main] o.s.b.f.s.DefaultListableBeanFactory     : Returning cached instance of singleton bean 'autoConfigurationReport'
2024-01-13 22:39:12.347 TRACE 58992 --- [           main] o.s.b.f.s.DefaultListableBeanFactory     : Returning cached instance of singleton bean 'autoConfigurationReport'
2024-01-13 22:39:12.347 TRACE 58992 --- [           main] o.s.b.f.s.DefaultListableBeanFactory     : Returning cached instance of singleton bean 'autoConfigurationReport'
2024-01-13 22:39:12.347 TRACE 58992 --- [           main] o.s.b.f.s.DefaultListableBeanFactory     : Returning cached instance of singleton bean 'autoConfigurationReport'
2024-01-13 22:39:12.347 TRACE 58992 --- [           main] o.s.b.f.s.DefaultListableBeanFactory     : Returning cached instance of singleton bean 'autoConfigurationReport'
2024-01-13 22:39:12.347 TRACE 58992 --- [           main] o.s.b.f.s.DefaultListableBeanFactory     : Returning cached instance of singleton bean 'autoConfigurationReport'
2024-01-13 22:39:12.347 TRACE 58992 --- [           main] o.s.b.f.s.DefaultListableBeanFactory     : Returning cached instance of singleton bean 'autoConfigurationReport'
2024-01-13 22:39:12.347 TRACE 58992 --- [           main] o.s.b.f.s.DefaultListableBeanFactory     : Returning cached instance of singleton bean 'autoConfigurationReport'
2024-01-13 22:39:12.347 TRACE 58992 --- [           main] o.s.b.f.s.DefaultListableBeanFactory     : Returning cached instance of singleton bean 'autoConfigurationReport'
2024-01-13 22:39:12.347 TRACE 58992 --- [           main] o.s.b.f.s.DefaultListableBeanFactory     : Returning cached instance of singleton bean 'autoConfigurationReport'
2024-01-13 22:39:12.347 TRACE 58992 --- [           main] o.s.b.a.condition.OnClassCondition       : Condition OnClassCondition on org.springframework.boot.autoconfigure.data.web.SpringDataWebAutoConfiguration matched due to @ConditionalOnClass found required classes 'org.springframework.data.web.PageableHandlerMethodArgumentResolver', 'org.springframework.web.servlet.config.annotation.WebMvcConfigurer'
2024-01-13 22:39:12.347 TRACE 58992 --- [           main] o.s.b.f.s.DefaultListableBeanFactory     : Returning cached instance of singleton bean 'autoConfigurationReport'
2024-01-13 22:39:12.347 TRACE 58992 --- [           main] o.s.b.a.c.OnWebApplicationCondition      : Condition OnWebApplicationCondition on org.springframework.boot.autoconfigure.data.web.SpringDataWebAutoConfiguration matched due to found 'session' scope
2024-01-13 22:39:12.347 TRACE 58992 --- [           main] o.s.b.f.s.DefaultListableBeanFactory     : Returning cached instance of singleton bean 'autoConfigurationReport'
2024-01-13 22:39:12.347 TRACE 58992 --- [           main] o.s.b.f.s.DefaultListableBeanFactory     : Returning cached instance of singleton bean 'autoConfigurationReport'
2024-01-13 22:39:12.347 TRACE 58992 --- [           main] o.s.b.f.s.DefaultListableBeanFactory     : Returning cached instance of singleton bean 'autoConfigurationReport'
2024-01-13 22:39:12.347 TRACE 58992 --- [           main] o.s.b.f.s.DefaultListableBeanFactory     : Returning cached instance of singleton bean 'autoConfigurationReport'
2024-01-13 22:39:12.347 TRACE 58992 --- [           main] o.s.b.f.s.DefaultListableBeanFactory     : Returning cached instance of singleton bean 'autoConfigurationReport'
2024-01-13 22:39:12.347 TRACE 58992 --- [           main] o.s.b.f.s.DefaultListableBeanFactory     : Returning cached instance of singleton bean 'autoConfigurationReport'
2024-01-13 22:39:12.347 TRACE 58992 --- [           main] o.s.b.f.s.DefaultListableBeanFactory     : Returning cached instance of singleton bean 'autoConfigurationReport'
2024-01-13 22:39:12.347 TRACE 58992 --- [           main] o.s.b.f.s.DefaultListableBeanFactory     : Returning cached instance of singleton bean 'autoConfigurationReport'
2024-01-13 22:39:12.347 TRACE 58992 --- [           main] o.s.b.f.s.DefaultListableBeanFactory     : Returning cached instance of singleton bean 'autoConfigurationReport'
2024-01-13 22:39:12.347 TRACE 58992 --- [           main] o.s.b.f.s.DefaultListableBeanFactory     : Returning cached instance of singleton bean 'autoConfigurationReport'
2024-01-13 22:39:12.347 TRACE 58992 --- [           main] o.s.b.f.s.DefaultListableBeanFactory     : Returning cached instance of singleton bean 'autoConfigurationReport'
2024-01-13 22:39:12.347 TRACE 58992 --- [           main] o.s.b.f.s.DefaultListableBeanFactory     : Returning cached instance of singleton bean 'autoConfigurationReport'
2024-01-13 22:39:12.347 TRACE 58992 --- [           main] o.s.b.f.s.DefaultListableBeanFactory     : Returning cached instance of singleton bean 'autoConfigurationReport'
2024-01-13 22:39:12.348 TRACE 58992 --- [           main] o.s.b.f.s.DefaultListableBeanFactory     : Returning cached instance of singleton bean 'autoConfigurationReport'
2024-01-13 22:39:12.348 TRACE 58992 --- [           main] o.s.b.f.s.DefaultListableBeanFactory     : Returning cached instance of singleton bean 'autoConfigurationReport'
2024-01-13 22:39:12.348 TRACE 58992 --- [           main] o.s.b.f.s.DefaultListableBeanFactory     : Returning cached instance of singleton bean 'autoConfigurationReport'
2024-01-13 22:39:12.348 TRACE 58992 --- [           main] o.s.b.f.s.DefaultListableBeanFactory     : Returning cached instance of singleton bean 'autoConfigurationReport'
2024-01-13 22:39:12.348 TRACE 58992 --- [           main] o.s.b.f.s.DefaultListableBeanFactory     : Returning cached instance of singleton bean 'autoConfigurationReport'
2024-01-13 22:39:12.348 TRACE 58992 --- [           main] o.s.b.f.s.DefaultListableBeanFactory     : Returning cached instance of singleton bean 'autoConfigurationReport'
2024-01-13 22:39:12.348 TRACE 58992 --- [           main] o.s.b.f.s.DefaultListableBeanFactory     : Returning cached instance of singleton bean 'autoConfigurationReport'
2024-01-13 22:39:12.348 TRACE 58992 --- [           main] o.s.b.f.s.DefaultListableBeanFactory     : Returning cached instance of singleton bean 'autoConfigurationReport'
2024-01-13 22:39:12.348 TRACE 58992 --- [           main] o.s.b.f.s.DefaultListableBeanFactory     : Returning cached instance of singleton bean 'autoConfigurationReport'
2024-01-13 22:39:12.348 TRACE 58992 --- [           main] o.s.b.f.s.DefaultListableBeanFactory     : Returning cached instance of singleton bean 'autoConfigurationReport'
2024-01-13 22:39:12.348 TRACE 58992 --- [           main] o.s.b.f.s.DefaultListableBeanFactory     : Returning cached instance of singleton bean 'autoConfigurationReport'
2024-01-13 22:39:12.348 TRACE 58992 --- [           main] o.s.b.f.s.DefaultListableBeanFactory     : Returning cached instance of singleton bean 'autoConfigurationReport'
2024-01-13 22:39:12.348 TRACE 58992 --- [           main] o.s.b.f.s.DefaultListableBeanFactory     : Returning cached instance of singleton bean 'autoConfigurationReport'
2024-01-13 22:39:12.348 TRACE 58992 --- [           main] o.s.b.f.s.DefaultListableBeanFactory     : Returning cached instance of singleton bean 'autoConfigurationReport'
2024-01-13 22:39:12.348 TRACE 58992 --- [           main] o.s.b.f.s.DefaultListableBeanFactory     : Returning cached instance of singleton bean 'autoConfigurationReport'
2024-01-13 22:39:12.348 TRACE 58992 --- [           main] o.s.b.f.s.DefaultListableBeanFactory     : Returning cached instance of singleton bean 'autoConfigurationReport'
2024-01-13 22:39:12.348 TRACE 58992 --- [           main] o.s.b.f.s.DefaultListableBeanFactory     : Returning cached instance of singleton bean 'autoConfigurationReport'
2024-01-13 22:39:12.348 TRACE 58992 --- [           main] o.s.b.f.s.DefaultListableBeanFactory     : Returning cached instance of singleton bean 'autoConfigurationReport'
2024-01-13 22:39:12.348 TRACE 58992 --- [           main] o.s.b.f.s.DefaultListableBeanFactory     : Returning cached instance of singleton bean 'autoConfigurationReport'
2024-01-13 22:39:12.348 TRACE 58992 --- [           main] o.s.b.f.s.DefaultListableBeanFactory     : Returning cached instance of singleton bean 'autoConfigurationReport'
2024-01-13 22:39:12.348 TRACE 58992 --- [           main] o.s.b.f.s.DefaultListableBeanFactory     : Returning cached instance of singleton bean 'autoConfigurationReport'
2024-01-13 22:39:12.348 TRACE 58992 --- [           main] o.s.b.f.s.DefaultListableBeanFactory     : Returning cached instance of singleton bean 'autoConfigurationReport'
2024-01-13 22:39:12.348 TRACE 58992 --- [           main] o.s.b.f.s.DefaultListableBeanFactory     : Returning cached instance of singleton bean 'autoConfigurationReport'
2024-01-13 22:39:12.348 TRACE 58992 --- [           main] o.s.b.f.s.DefaultListableBeanFactory     : Returning cached instance of singleton bean 'autoConfigurationReport'
2024-01-13 22:39:12.348 TRACE 58992 --- [           main] o.s.b.f.s.DefaultListableBeanFactory     : Returning cached instance of singleton bean 'autoConfigurationReport'
2024-01-13 22:39:12.348 TRACE 58992 --- [           main] o.s.b.f.s.DefaultListableBeanFactory     : Returning cached instance of singleton bean 'autoConfigurationReport'
2024-01-13 22:39:12.348 TRACE 58992 --- [           main] o.s.b.f.s.DefaultListableBeanFactory     : Returning cached instance of singleton bean 'autoConfigurationReport'
2024-01-13 22:39:12.348 TRACE 58992 --- [           main] o.s.b.f.s.DefaultListableBeanFactory     : Returning cached instance of singleton bean 'autoConfigurationReport'
2024-01-13 22:39:12.348 TRACE 58992 --- [           main] o.s.b.f.s.DefaultListableBeanFactory     : Returning cached instance of singleton bean 'autoConfigurationReport'
2024-01-13 22:39:12.348 TRACE 58992 --- [           main] o.s.b.f.s.DefaultListableBeanFactory     : Returning cached instance of singleton bean 'autoConfigurationReport'
2024-01-13 22:39:12.348 TRACE 58992 --- [           main] o.s.b.f.s.DefaultListableBeanFactory     : Returning cached instance of singleton bean 'autoConfigurationReport'
2024-01-13 22:39:12.348 TRACE 58992 --- [           main] o.s.b.f.s.DefaultListableBeanFactory     : Returning cached instance of singleton bean 'autoConfigurationReport'
2024-01-13 22:39:12.348 TRACE 58992 --- [           main] o.s.b.f.s.DefaultListableBeanFactory     : Returning cached instance of singleton bean 'autoConfigurationReport'
2024-01-13 22:39:12.348 TRACE 58992 --- [           main] o.s.b.f.s.DefaultListableBeanFactory     : Returning cached instance of singleton bean 'autoConfigurationReport'
2024-01-13 22:39:12.348 TRACE 58992 --- [           main] o.s.b.f.s.DefaultListableBeanFactory     : Returning cached instance of singleton bean 'autoConfigurationReport'
2024-01-13 22:39:12.348 TRACE 58992 --- [           main] o.s.b.f.s.DefaultListableBeanFactory     : Returning cached instance of singleton bean 'autoConfigurationReport'
2024-01-13 22:39:12.348 TRACE 58992 --- [           main] o.s.b.f.s.DefaultListableBeanFactory     : Returning cached instance of singleton bean 'autoConfigurationReport'
2024-01-13 22:39:12.348 TRACE 58992 --- [           main] o.s.b.f.s.DefaultListableBeanFactory     : Returning cached instance of singleton bean 'autoConfigurationReport'
2024-01-13 22:39:12.348 TRACE 58992 --- [           main] o.s.b.f.s.DefaultListableBeanFactory     : Returning cached instance of singleton bean 'autoConfigurationReport'
2024-01-13 22:39:12.348 TRACE 58992 --- [           main] o.s.b.f.s.DefaultListableBeanFactory     : Returning cached instance of singleton bean 'autoConfigurationReport'
2024-01-13 22:39:12.348 TRACE 58992 --- [           main] o.s.b.f.s.DefaultListableBeanFactory     : Returning cached instance of singleton bean 'autoConfigurationReport'
2024-01-13 22:39:12.348 TRACE 58992 --- [           main] o.s.b.f.s.DefaultListableBeanFactory     : Returning cached instance of singleton bean 'autoConfigurationReport'
2024-01-13 22:39:12.348 TRACE 58992 --- [           main] o.s.b.a.condition.OnClassCondition       : Condition OnClassCondition on org.springframework.boot.autoconfigure.hateoas.HypermediaAutoConfiguration matched due to @ConditionalOnClass found required classes 'org.springframework.hateoas.EntityModel', 'org.springframework.web.bind.annotation.RequestMapping', 'org.springframework.web.servlet.mvc.method.annotation.RequestMappingHandlerAdapter', 'org.springframework.plugin.core.Plugin'
2024-01-13 22:39:12.348 TRACE 58992 --- [           main] o.s.b.f.s.DefaultListableBeanFactory     : Returning cached instance of singleton bean 'autoConfigurationReport'
2024-01-13 22:39:12.348 TRACE 58992 --- [           main] o.s.b.a.c.OnWebApplicationCondition      : Condition OnWebApplicationCondition on org.springframework.boot.autoconfigure.hateoas.HypermediaAutoConfiguration matched due to @ConditionalOnWebApplication (required) found 'session' scope
2024-01-13 22:39:12.348 TRACE 58992 --- [           main] o.s.b.f.s.DefaultListableBeanFactory     : Returning cached instance of singleton bean 'autoConfigurationReport'
2024-01-13 22:39:12.349 TRACE 58992 --- [           main] o.s.b.f.s.DefaultListableBeanFactory     : Returning cached instance of singleton bean 'autoConfigurationReport'
2024-01-13 22:39:12.349 TRACE 58992 --- [           main] o.s.b.f.s.DefaultListableBeanFactory     : Returning cached instance of singleton bean 'autoConfigurationReport'
2024-01-13 22:39:12.349 TRACE 58992 --- [           main] o.s.b.f.s.DefaultListableBeanFactory     : Returning cached instance of singleton bean 'autoConfigurationReport'
2024-01-13 22:39:12.349 TRACE 58992 --- [           main] o.s.b.f.s.DefaultListableBeanFactory     : Returning cached instance of singleton bean 'autoConfigurationReport'
2024-01-13 22:39:12.349 TRACE 58992 --- [           main] o.s.b.f.s.DefaultListableBeanFactory     : Returning cached instance of singleton bean 'autoConfigurationReport'
2024-01-13 22:39:12.349 TRACE 58992 --- [           main] o.s.b.f.s.DefaultListableBeanFactory     : Returning cached instance of singleton bean 'autoConfigurationReport'
2024-01-13 22:39:12.349 TRACE 58992 --- [           main] o.s.b.a.condition.OnClassCondition       : Condition OnClassCondition on org.springframework.boot.autoconfigure.hateoas.HypermediaAutoConfiguration$HypermediaConfiguration matched due to @ConditionalOnClass found required class 'com.fasterxml.jackson.databind.ObjectMapper'
2024-01-13 22:39:12.349 TRACE 58992 --- [           main] o.s.b.f.s.DefaultListableBeanFactory     : Returning cached instance of singleton bean 'autoConfigurationReport'
2024-01-13 22:39:12.349 TRACE 58992 --- [           main] o.s.b.f.s.DefaultListableBeanFactory     : Returning cached instance of singleton bean 'autoConfigurationReport'
2024-01-13 22:39:12.349 TRACE 58992 --- [           main] o.s.b.f.s.DefaultListableBeanFactory     : Returning cached instance of singleton bean 'autoConfigurationReport'
2024-01-13 22:39:12.349 TRACE 58992 --- [           main] o.s.b.f.s.DefaultListableBeanFactory     : Returning cached instance of singleton bean 'autoConfigurationReport'
2024-01-13 22:39:12.349 TRACE 58992 --- [           main] o.s.b.f.s.DefaultListableBeanFactory     : Returning cached instance of singleton bean 'autoConfigurationReport'
2024-01-13 22:39:12.349 TRACE 58992 --- [           main] o.s.b.f.s.DefaultListableBeanFactory     : Returning cached instance of singleton bean 'autoConfigurationReport'
2024-01-13 22:39:12.349 TRACE 58992 --- [           main] o.s.b.f.s.DefaultListableBeanFactory     : Returning cached instance of singleton bean 'autoConfigurationReport'
2024-01-13 22:39:12.350 TRACE 58992 --- [           main] o.s.c.io.support.SpringFactoriesLoader   : Loaded [org.springframework.hateoas.config.MediaTypeConfigurationProvider] names: [org.springframework.hateoas.mediatype.collectionjson.CollectionJsonMediaTypeConfigurationProvider, org.springframework.hateoas.mediatype.hal.HalMediaTypeConfigurationProvider, org.springframework.hateoas.mediatype.hal.forms.HalFormsMediaTypeConfigurationProvider, org.springframework.hateoas.mediatype.uber.UberMediaTypeConfigurationProvider, org.springframework.hateoas.mediatype.problem.HttpProblemDetailsConfigurationProvider]
2024-01-13 22:39:12.350 TRACE 58992 --- [           main] o.s.b.f.s.DefaultListableBeanFactory     : Returning cached instance of singleton bean 'autoConfigurationReport'
2024-01-13 22:39:12.350 TRACE 58992 --- [           main] o.s.b.f.s.DefaultListableBeanFactory     : Returning cached instance of singleton bean 'autoConfigurationReport'
2024-01-13 22:39:12.350 TRACE 58992 --- [           main] o.s.b.f.s.DefaultListableBeanFactory     : Returning cached instance of singleton bean 'autoConfigurationReport'
2024-01-13 22:39:12.350 TRACE 58992 --- [           main] o.s.b.f.s.DefaultListableBeanFactory     : Returning cached instance of singleton bean 'autoConfigurationReport'
2024-01-13 22:39:12.350 TRACE 58992 --- [           main] o.s.b.f.s.DefaultListableBeanFactory     : Returning cached instance of singleton bean 'autoConfigurationReport'
2024-01-13 22:39:12.350 TRACE 58992 --- [           main] o.s.b.f.s.DefaultListableBeanFactory     : Returning cached instance of singleton bean 'autoConfigurationReport'
2024-01-13 22:39:12.350 TRACE 58992 --- [           main] o.s.b.f.s.DefaultListableBeanFactory     : Returning cached instance of singleton bean 'autoConfigurationReport'
2024-01-13 22:39:12.350 TRACE 58992 --- [           main] o.s.b.f.s.DefaultListableBeanFactory     : Returning cached instance of singleton bean 'autoConfigurationReport'
2024-01-13 22:39:12.350 TRACE 58992 --- [           main] o.s.b.f.s.DefaultListableBeanFactory     : Returning cached instance of singleton bean 'autoConfigurationReport'
2024-01-13 22:39:12.350 TRACE 58992 --- [           main] o.s.b.f.s.DefaultListableBeanFactory     : Returning cached instance of singleton bean 'autoConfigurationReport'
2024-01-13 22:39:12.350 TRACE 58992 --- [           main] o.s.b.f.s.DefaultListableBeanFactory     : Returning cached instance of singleton bean 'autoConfigurationReport'
2024-01-13 22:39:12.350 TRACE 58992 --- [           main] o.s.b.f.s.DefaultListableBeanFactory     : Returning cached instance of singleton bean 'autoConfigurationReport'
2024-01-13 22:39:12.350 TRACE 58992 --- [           main] o.s.b.f.s.DefaultListableBeanFactory     : Returning cached instance of singleton bean 'autoConfigurationReport'
2024-01-13 22:39:12.350 TRACE 58992 --- [           main] o.s.b.f.s.DefaultListableBeanFactory     : Returning cached instance of singleton bean 'autoConfigurationReport'
2024-01-13 22:39:12.350 TRACE 58992 --- [           main] o.s.b.f.s.DefaultListableBeanFactory     : Returning cached instance of singleton bean 'autoConfigurationReport'
2024-01-13 22:39:12.350 TRACE 58992 --- [           main] o.s.b.f.s.DefaultListableBeanFactory     : Returning cached instance of singleton bean 'autoConfigurationReport'
2024-01-13 22:39:12.350 TRACE 58992 --- [           main] o.s.b.f.s.DefaultListableBeanFactory     : Returning cached instance of singleton bean 'autoConfigurationReport'
2024-01-13 22:39:12.350 TRACE 58992 --- [           main] o.s.b.f.s.DefaultListableBeanFactory     : Returning cached instance of singleton bean 'autoConfigurationReport'
2024-01-13 22:39:12.350 TRACE 58992 --- [           main] o.s.b.f.s.DefaultListableBeanFactory     : Returning cached instance of singleton bean 'autoConfigurationReport'
2024-01-13 22:39:12.350 TRACE 58992 --- [           main] o.s.b.f.s.DefaultListableBeanFactory     : Returning cached instance of singleton bean 'autoConfigurationReport'
2024-01-13 22:39:12.350 TRACE 58992 --- [           main] o.s.b.f.s.DefaultListableBeanFactory     : Returning cached instance of singleton bean 'autoConfigurationReport'
2024-01-13 22:39:12.350 TRACE 58992 --- [           main] o.s.b.f.s.DefaultListableBeanFactory     : Returning cached instance of singleton bean 'autoConfigurationReport'
2024-01-13 22:39:12.350 TRACE 58992 --- [           main] o.s.b.f.s.DefaultListableBeanFactory     : Returning cached instance of singleton bean 'autoConfigurationReport'
2024-01-13 22:39:12.350 TRACE 58992 --- [           main] o.s.b.f.s.DefaultListableBeanFactory     : Returning cached instance of singleton bean 'autoConfigurationReport'
2024-01-13 22:39:12.350 TRACE 58992 --- [           main] o.s.b.f.s.DefaultListableBeanFactory     : Returning cached instance of singleton bean 'autoConfigurationReport'
2024-01-13 22:39:12.350 TRACE 58992 --- [           main] o.s.b.f.s.DefaultListableBeanFactory     : Returning cached instance of singleton bean 'autoConfigurationReport'
2024-01-13 22:39:12.350 TRACE 58992 --- [           main] o.s.b.f.s.DefaultListableBeanFactory     : Returning cached instance of singleton bean 'autoConfigurationReport'
2024-01-13 22:39:12.350 TRACE 58992 --- [           main] o.s.b.f.s.DefaultListableBeanFactory     : Returning cached instance of singleton bean 'autoConfigurationReport'
2024-01-13 22:39:12.350 TRACE 58992 --- [           main] o.s.b.f.s.DefaultListableBeanFactory     : Returning cached instance of singleton bean 'autoConfigurationReport'
2024-01-13 22:39:12.350 TRACE 58992 --- [           main] o.s.b.f.s.DefaultListableBeanFactory     : Returning cached instance of singleton bean 'autoConfigurationReport'
2024-01-13 22:39:12.350 TRACE 58992 --- [           main] o.s.b.f.s.DefaultListableBeanFactory     : Returning cached instance of singleton bean 'autoConfigurationReport'
2024-01-13 22:39:12.350 TRACE 58992 --- [           main] o.s.b.f.s.DefaultListableBeanFactory     : Returning cached instance of singleton bean 'autoConfigurationReport'
2024-01-13 22:39:12.350 TRACE 58992 --- [           main] o.s.b.f.s.DefaultListableBeanFactory     : Returning cached instance of singleton bean 'autoConfigurationReport'
2024-01-13 22:39:12.350 TRACE 58992 --- [           main] o.s.b.f.s.DefaultListableBeanFactory     : Returning cached instance of singleton bean 'autoConfigurationReport'
2024-01-13 22:39:12.350 TRACE 58992 --- [           main] o.s.b.f.s.DefaultListableBeanFactory     : Returning cached instance of singleton bean 'autoConfigurationReport'
2024-01-13 22:39:12.350 TRACE 58992 --- [           main] o.s.b.f.s.DefaultListableBeanFactory     : Returning cached instance of singleton bean 'autoConfigurationReport'
2024-01-13 22:39:12.350 TRACE 58992 --- [           main] o.s.b.f.s.DefaultListableBeanFactory     : Returning cached instance of singleton bean 'autoConfigurationReport'
2024-01-13 22:39:12.350 TRACE 58992 --- [           main] o.s.b.f.s.DefaultListableBeanFactory     : Returning cached instance of singleton bean 'autoConfigurationReport'
2024-01-13 22:39:12.350 TRACE 58992 --- [           main] o.s.b.f.s.DefaultListableBeanFactory     : Returning cached instance of singleton bean 'autoConfigurationReport'
2024-01-13 22:39:12.350 TRACE 58992 --- [           main] o.s.b.f.s.DefaultListableBeanFactory     : Returning cached instance of singleton bean 'autoConfigurationReport'
2024-01-13 22:39:12.350 TRACE 58992 --- [           main] o.s.b.f.s.DefaultListableBeanFactory     : Returning cached instance of singleton bean 'autoConfigurationReport'
2024-01-13 22:39:12.350 TRACE 58992 --- [           main] o.s.b.f.s.DefaultListableBeanFactory     : Returning cached instance of singleton bean 'autoConfigurationReport'
2024-01-13 22:39:12.350 TRACE 58992 --- [           main] o.s.b.f.s.DefaultListableBeanFactory     : Returning cached instance of singleton bean 'autoConfigurationReport'
2024-01-13 22:39:12.350 TRACE 58992 --- [           main] o.s.b.f.s.DefaultListableBeanFactory     : Returning cached instance of singleton bean 'autoConfigurationReport'
2024-01-13 22:39:12.350 TRACE 58992 --- [           main] o.s.b.f.s.DefaultListableBeanFactory     : Returning cached instance of singleton bean 'autoConfigurationReport'
2024-01-13 22:39:12.350 TRACE 58992 --- [           main] o.s.b.f.s.DefaultListableBeanFactory     : Returning cached instance of singleton bean 'autoConfigurationReport'
2024-01-13 22:39:12.350 TRACE 58992 --- [           main] o.s.b.f.s.DefaultListableBeanFactory     : Returning cached instance of singleton bean 'autoConfigurationReport'
2024-01-13 22:39:12.350 TRACE 58992 --- [           main] o.s.b.f.s.DefaultListableBeanFactory     : Returning cached instance of singleton bean 'autoConfigurationReport'
2024-01-13 22:39:12.351 TRACE 58992 --- [           main] o.s.b.f.s.DefaultListableBeanFactory     : Returning cached instance of singleton bean 'autoConfigurationReport'
2024-01-13 22:39:12.351 TRACE 58992 --- [           main] o.s.b.f.s.DefaultListableBeanFactory     : Returning cached instance of singleton bean 'autoConfigurationReport'
2024-01-13 22:39:12.351 TRACE 58992 --- [           main] o.s.b.f.s.DefaultListableBeanFactory     : Returning cached instance of singleton bean 'autoConfigurationReport'
2024-01-13 22:39:12.351 TRACE 58992 --- [           main] o.s.b.f.s.DefaultListableBeanFactory     : Returning cached instance of singleton bean 'autoConfigurationReport'
2024-01-13 22:39:12.351 TRACE 58992 --- [           main] o.s.b.f.s.DefaultListableBeanFactory     : Returning cached instance of singleton bean 'autoConfigurationReport'
2024-01-13 22:39:12.351 TRACE 58992 --- [           main] o.s.b.f.s.DefaultListableBeanFactory     : Returning cached instance of singleton bean 'autoConfigurationReport'
2024-01-13 22:39:12.351 TRACE 58992 --- [           main] o.s.b.f.s.DefaultListableBeanFactory     : Returning cached instance of singleton bean 'autoConfigurationReport'
2024-01-13 22:39:12.351 TRACE 58992 --- [           main] o.s.b.f.s.DefaultListableBeanFactory     : Returning cached instance of singleton bean 'autoConfigurationReport'
2024-01-13 22:39:12.351 TRACE 58992 --- [           main] o.s.b.f.s.DefaultListableBeanFactory     : Returning cached instance of singleton bean 'autoConfigurationReport'
2024-01-13 22:39:12.351 TRACE 58992 --- [           main] o.s.b.f.s.DefaultListableBeanFactory     : Returning cached instance of singleton bean 'autoConfigurationReport'
2024-01-13 22:39:12.351 TRACE 58992 --- [           main] o.s.b.f.s.DefaultListableBeanFactory     : Returning cached instance of singleton bean 'autoConfigurationReport'
2024-01-13 22:39:12.351 TRACE 58992 --- [           main] o.s.b.f.s.DefaultListableBeanFactory     : Returning cached instance of singleton bean 'autoConfigurationReport'
2024-01-13 22:39:12.351 TRACE 58992 --- [           main] o.s.b.f.s.DefaultListableBeanFactory     : Returning cached instance of singleton bean 'autoConfigurationReport'
2024-01-13 22:39:12.351 TRACE 58992 --- [           main] o.s.b.f.s.DefaultListableBeanFactory     : Returning cached instance of singleton bean 'autoConfigurationReport'
2024-01-13 22:39:12.351 TRACE 58992 --- [           main] o.s.b.f.s.DefaultListableBeanFactory     : Returning cached instance of singleton bean 'autoConfigurationReport'
2024-01-13 22:39:12.351 TRACE 58992 --- [           main] o.s.b.f.s.DefaultListableBeanFactory     : Returning cached instance of singleton bean 'autoConfigurationReport'
2024-01-13 22:39:12.351 TRACE 58992 --- [           main] o.s.b.f.s.DefaultListableBeanFactory     : Returning cached instance of singleton bean 'autoConfigurationReport'
2024-01-13 22:39:12.351 TRACE 58992 --- [           main] o.s.b.f.s.DefaultListableBeanFactory     : Returning cached instance of singleton bean 'autoConfigurationReport'
2024-01-13 22:39:12.351 TRACE 58992 --- [           main] o.s.b.f.s.DefaultListableBeanFactory     : Returning cached instance of singleton bean 'autoConfigurationReport'
2024-01-13 22:39:12.351 TRACE 58992 --- [           main] o.s.b.f.s.DefaultListableBeanFactory     : Returning cached instance of singleton bean 'autoConfigurationReport'
2024-01-13 22:39:12.351 TRACE 58992 --- [           main] o.s.b.f.s.DefaultListableBeanFactory     : Returning cached instance of singleton bean 'autoConfigurationReport'
2024-01-13 22:39:12.351 TRACE 58992 --- [           main] o.s.b.f.s.DefaultListableBeanFactory     : Returning cached instance of singleton bean 'autoConfigurationReport'
2024-01-13 22:39:12.351 TRACE 58992 --- [           main] o.s.b.f.s.DefaultListableBeanFactory     : Returning cached instance of singleton bean 'autoConfigurationReport'
2024-01-13 22:39:12.351 TRACE 58992 --- [           main] o.s.b.f.s.DefaultListableBeanFactory     : Returning cached instance of singleton bean 'autoConfigurationReport'
2024-01-13 22:39:12.351 TRACE 58992 --- [           main] o.s.b.a.condition.OnClassCondition       : Condition OnClassCondition on org.springframework.boot.autoconfigure.security.servlet.SecurityAutoConfiguration matched due to @ConditionalOnClass found required class 'org.springframework.security.authentication.DefaultAuthenticationEventPublisher'
2024-01-13 22:39:12.351 TRACE 58992 --- [           main] o.s.b.f.s.DefaultListableBeanFactory     : Returning cached instance of singleton bean 'autoConfigurationReport'
2024-01-13 22:39:12.351 TRACE 58992 --- [           main] o.s.b.f.s.DefaultListableBeanFactory     : Returning cached instance of singleton bean 'autoConfigurationReport'
2024-01-13 22:39:12.351 TRACE 58992 --- [           main] o.s.b.f.s.DefaultListableBeanFactory     : Returning cached instance of singleton bean 'autoConfigurationReport'
2024-01-13 22:39:12.351 TRACE 58992 --- [           main] o.s.b.f.s.DefaultListableBeanFactory     : Returning cached instance of singleton bean 'autoConfigurationReport'
2024-01-13 22:39:12.351 TRACE 58992 --- [           main] o.s.b.f.s.DefaultListableBeanFactory     : Returning cached instance of singleton bean 'autoConfigurationReport'
2024-01-13 22:39:12.351 TRACE 58992 --- [           main] o.s.b.f.s.DefaultListableBeanFactory     : Returning cached instance of singleton bean 'autoConfigurationReport'
2024-01-13 22:39:12.351 TRACE 58992 --- [           main] o.s.b.f.s.DefaultListableBeanFactory     : Returning cached instance of singleton bean 'autoConfigurationReport'
2024-01-13 22:39:12.351 TRACE 58992 --- [           main] o.s.b.a.c.OnWebApplicationCondition      : Condition OnWebApplicationCondition on org.springframework.boot.autoconfigure.security.servlet.SpringBootWebSecurityConfiguration matched due to found 'session' scope
2024-01-13 22:39:12.351 TRACE 58992 --- [           main] o.s.b.f.s.DefaultListableBeanFactory     : Returning cached instance of singleton bean 'autoConfigurationReport'
2024-01-13 22:39:12.351 TRACE 58992 --- [           main] o.s.b.f.s.DefaultListableBeanFactory     : Returning cached instance of singleton bean 'autoConfigurationReport'
2024-01-13 22:39:12.351 TRACE 58992 --- [           main] o.s.b.f.s.DefaultListableBeanFactory     : Returning cached instance of singleton bean 'autoConfigurationReport'
2024-01-13 22:39:12.351 TRACE 58992 --- [           main] o.s.b.f.s.DefaultListableBeanFactory     : Returning cached instance of singleton bean 'autoConfigurationReport'
2024-01-13 22:39:12.351 TRACE 58992 --- [           main] o.s.b.f.s.DefaultListableBeanFactory     : Returning cached instance of singleton bean 'autoConfigurationReport'
2024-01-13 22:39:12.351 TRACE 58992 --- [           main] o.s.b.f.s.DefaultListableBeanFactory     : Returning cached instance of singleton bean 'autoConfigurationReport'
2024-01-13 22:39:12.352 TRACE 58992 --- [           main] o.s.b.f.s.DefaultListableBeanFactory     : Returning cached instance of singleton bean 'autoConfigurationReport'
2024-01-13 22:39:12.352 TRACE 58992 --- [           main] o.s.b.a.condition.OnClassCondition       : Condition OnClassCondition on org.springframework.boot.autoconfigure.security.servlet.WebSecurityEnablerConfiguration matched due to @ConditionalOnClass found required class 'org.springframework.security.config.annotation.web.configuration.EnableWebSecurity'
2024-01-13 22:39:12.352 TRACE 58992 --- [           main] o.s.b.f.s.DefaultListableBeanFactory     : Returning cached instance of singleton bean 'autoConfigurationReport'
2024-01-13 22:39:12.352 TRACE 58992 --- [           main] o.s.b.a.c.OnWebApplicationCondition      : Condition OnWebApplicationCondition on org.springframework.boot.autoconfigure.security.servlet.WebSecurityEnablerConfiguration matched due to found 'session' scope
2024-01-13 22:39:12.352 TRACE 58992 --- [           main] o.s.b.f.s.DefaultListableBeanFactory     : Returning cached instance of singleton bean 'autoConfigurationReport'
2024-01-13 22:39:12.352 TRACE 58992 --- [           main] o.s.b.f.s.DefaultListableBeanFactory     : Returning cached instance of singleton bean 'autoConfigurationReport'
2024-01-13 22:39:12.352 TRACE 58992 --- [           main] o.s.b.f.s.DefaultListableBeanFactory     : Returning cached instance of singleton bean 'autoConfigurationReport'
2024-01-13 22:39:12.352 TRACE 58992 --- [           main] o.s.b.f.s.DefaultListableBeanFactory     : Returning cached instance of singleton bean 'autoConfigurationReport'
2024-01-13 22:39:12.352 TRACE 58992 --- [           main] o.s.b.f.s.DefaultListableBeanFactory     : Returning cached instance of singleton bean 'autoConfigurationReport'
2024-01-13 22:39:12.352 TRACE 58992 --- [           main] o.s.b.f.s.DefaultListableBeanFactory     : Returning cached instance of singleton bean 'autoConfigurationReport'
2024-01-13 22:39:12.352 TRACE 58992 --- [           main] o.s.b.f.s.DefaultListableBeanFactory     : Returning cached instance of singleton bean 'autoConfigurationReport'
2024-01-13 22:39:12.352 TRACE 58992 --- [           main] o.s.b.f.s.DefaultListableBeanFactory     : Returning cached instance of singleton bean 'autoConfigurationReport'
2024-01-13 22:39:12.352 TRACE 58992 --- [           main] o.s.b.f.s.DefaultListableBeanFactory     : Returning cached instance of singleton bean 'autoConfigurationReport'
2024-01-13 22:39:12.352 TRACE 58992 --- [           main] o.s.b.f.s.DefaultListableBeanFactory     : Returning cached instance of singleton bean 'autoConfigurationReport'
2024-01-13 22:39:12.352 TRACE 58992 --- [           main] o.s.b.f.s.DefaultListableBeanFactory     : Returning cached instance of singleton bean 'autoConfigurationReport'
2024-01-13 22:39:12.352 TRACE 58992 --- [           main] o.s.b.f.s.DefaultListableBeanFactory     : Returning cached instance of singleton bean 'autoConfigurationReport'
2024-01-13 22:39:12.352 TRACE 58992 --- [           main] o.s.b.f.s.DefaultListableBeanFactory     : Returning cached instance of singleton bean 'autoConfigurationReport'
2024-01-13 22:39:12.353 TRACE 58992 --- [           main] o.s.b.f.s.DefaultListableBeanFactory     : Returning cached instance of singleton bean 'autoConfigurationReport'
2024-01-13 22:39:12.353 TRACE 58992 --- [           main] o.s.b.f.s.DefaultListableBeanFactory     : Returning cached instance of singleton bean 'autoConfigurationReport'
2024-01-13 22:39:12.353 TRACE 58992 --- [           main] o.s.b.f.s.DefaultListableBeanFactory     : Returning cached instance of singleton bean 'autoConfigurationReport'
2024-01-13 22:39:12.353 TRACE 58992 --- [           main] o.s.b.f.s.DefaultListableBeanFactory     : Returning cached instance of singleton bean 'autoConfigurationReport'
2024-01-13 22:39:12.353 TRACE 58992 --- [           main] o.s.b.f.s.DefaultListableBeanFactory     : Returning cached instance of singleton bean 'autoConfigurationReport'
2024-01-13 22:39:12.353 TRACE 58992 --- [           main] o.s.b.f.s.DefaultListableBeanFactory     : Returning cached instance of singleton bean 'autoConfigurationReport'
2024-01-13 22:39:12.353 TRACE 58992 --- [           main] o.s.b.f.s.DefaultListableBeanFactory     : Returning cached instance of singleton bean 'autoConfigurationReport'
2024-01-13 22:39:12.353 TRACE 58992 --- [           main] o.s.b.f.s.DefaultListableBeanFactory     : Returning cached instance of singleton bean 'autoConfigurationReport'
2024-01-13 22:39:12.353 TRACE 58992 --- [           main] o.s.b.f.s.DefaultListableBeanFactory     : Returning cached instance of singleton bean 'autoConfigurationReport'
2024-01-13 22:39:12.353 TRACE 58992 --- [           main] o.s.b.f.s.DefaultListableBeanFactory     : Returning cached instance of singleton bean 'autoConfigurationReport'
2024-01-13 22:39:12.353 TRACE 58992 --- [           main] o.s.b.f.s.DefaultListableBeanFactory     : Returning cached instance of singleton bean 'autoConfigurationReport'
2024-01-13 22:39:12.353 TRACE 58992 --- [           main] o.s.b.f.s.DefaultListableBeanFactory     : Returning cached instance of singleton bean 'autoConfigurationReport'
2024-01-13 22:39:12.353 TRACE 58992 --- [           main] o.s.b.f.s.DefaultListableBeanFactory     : Returning cached instance of singleton bean 'autoConfigurationReport'
2024-01-13 22:39:12.353 TRACE 58992 --- [           main] o.s.b.f.s.DefaultListableBeanFactory     : Returning cached instance of singleton bean 'autoConfigurationReport'
2024-01-13 22:39:12.353 TRACE 58992 --- [           main] o.s.b.f.s.DefaultListableBeanFactory     : Returning cached instance of singleton bean 'autoConfigurationReport'
2024-01-13 22:39:12.353 TRACE 58992 --- [           main] o.s.b.f.s.DefaultListableBeanFactory     : Returning cached instance of singleton bean 'autoConfigurationReport'
2024-01-13 22:39:12.353 TRACE 58992 --- [           main] o.s.b.f.s.DefaultListableBeanFactory     : Returning cached instance of singleton bean 'autoConfigurationReport'
2024-01-13 22:39:12.353 TRACE 58992 --- [           main] o.s.b.f.s.DefaultListableBeanFactory     : Returning cached instance of singleton bean 'autoConfigurationReport'
2024-01-13 22:39:12.353 TRACE 58992 --- [           main] o.s.b.f.s.DefaultListableBeanFactory     : Returning cached instance of singleton bean 'autoConfigurationReport'
2024-01-13 22:39:12.353 TRACE 58992 --- [           main] o.s.b.f.s.DefaultListableBeanFactory     : Returning cached instance of singleton bean 'autoConfigurationReport'
2024-01-13 22:39:12.353 TRACE 58992 --- [           main] o.s.b.f.s.DefaultListableBeanFactory     : Returning cached instance of singleton bean 'autoConfigurationReport'
2024-01-13 22:39:12.353 TRACE 58992 --- [           main] o.s.b.f.s.DefaultListableBeanFactory     : Returning cached instance of singleton bean 'autoConfigurationReport'
2024-01-13 22:39:12.353 TRACE 58992 --- [           main] o.s.b.f.s.DefaultListableBeanFactory     : Returning cached instance of singleton bean 'autoConfigurationReport'
2024-01-13 22:39:12.353 TRACE 58992 --- [           main] o.s.b.f.s.DefaultListableBeanFactory     : Returning cached instance of singleton bean 'autoConfigurationReport'
2024-01-13 22:39:12.353 TRACE 58992 --- [           main] o.s.b.f.s.DefaultListableBeanFactory     : Returning cached instance of singleton bean 'autoConfigurationReport'
2024-01-13 22:39:12.353 TRACE 58992 --- [           main] o.s.b.f.s.DefaultListableBeanFactory     : Returning cached instance of singleton bean 'autoConfigurationReport'
2024-01-13 22:39:12.353 TRACE 58992 --- [           main] o.s.b.f.s.DefaultListableBeanFactory     : Returning cached instance of singleton bean 'autoConfigurationReport'
2024-01-13 22:39:12.353 TRACE 58992 --- [           main] o.s.b.f.s.DefaultListableBeanFactory     : Returning cached instance of singleton bean 'autoConfigurationReport'
2024-01-13 22:39:12.353 TRACE 58992 --- [           main] o.s.b.f.s.DefaultListableBeanFactory     : Returning cached instance of singleton bean 'autoConfigurationReport'
2024-01-13 22:39:12.353 TRACE 58992 --- [           main] o.s.b.f.s.DefaultListableBeanFactory     : Returning cached instance of singleton bean 'autoConfigurationReport'
2024-01-13 22:39:12.354 TRACE 58992 --- [           main] o.s.b.a.condition.OnClassCondition       : Condition OnClassCondition on org.springframework.boot.autoconfigure.security.SecurityDataConfiguration did not match due to @ConditionalOnClass did not find required class 'org.springframework.security.data.repository.query.SecurityEvaluationContextExtension'
2024-01-13 22:39:12.354 TRACE 58992 --- [           main] o.s.b.f.s.DefaultListableBeanFactory     : Returning cached instance of singleton bean 'autoConfigurationReport'
2024-01-13 22:39:12.354 TRACE 58992 --- [           main] o.s.b.f.s.DefaultListableBeanFactory     : Returning cached instance of singleton bean 'autoConfigurationReport'
2024-01-13 22:39:12.354 TRACE 58992 --- [           main] o.s.b.f.s.DefaultListableBeanFactory     : Returning cached instance of singleton bean 'autoConfigurationReport'
2024-01-13 22:39:12.354 TRACE 58992 --- [           main] o.s.b.f.s.DefaultListableBeanFactory     : Returning cached instance of singleton bean 'autoConfigurationReport'
2024-01-13 22:39:12.354 TRACE 58992 --- [           main] o.s.b.f.s.DefaultListableBeanFactory     : Returning cached instance of singleton bean 'autoConfigurationReport'
2024-01-13 22:39:12.354 TRACE 58992 --- [           main] o.s.b.f.s.DefaultListableBeanFactory     : Returning cached instance of singleton bean 'autoConfigurationReport'
2024-01-13 22:39:12.354 TRACE 58992 --- [           main] o.s.b.f.s.DefaultListableBeanFactory     : Returning cached instance of singleton bean 'autoConfigurationReport'
2024-01-13 22:39:12.354 TRACE 58992 --- [           main] o.s.b.f.s.DefaultListableBeanFactory     : Returning cached instance of singleton bean 'autoConfigurationReport'
2024-01-13 22:39:12.354 TRACE 58992 --- [           main] o.s.b.f.s.DefaultListableBeanFactory     : Returning cached instance of singleton bean 'autoConfigurationReport'
2024-01-13 22:39:12.354 TRACE 58992 --- [           main] o.s.b.f.s.DefaultListableBeanFactory     : Returning cached instance of singleton bean 'autoConfigurationReport'
2024-01-13 22:39:12.354 TRACE 58992 --- [           main] o.s.b.f.s.DefaultListableBeanFactory     : Returning cached instance of singleton bean 'autoConfigurationReport'
2024-01-13 22:39:12.354 TRACE 58992 --- [           main] o.s.b.f.s.DefaultListableBeanFactory     : Returning cached instance of singleton bean 'autoConfigurationReport'
2024-01-13 22:39:12.354 TRACE 58992 --- [           main] o.s.b.f.s.DefaultListableBeanFactory     : Returning cached instance of singleton bean 'autoConfigurationReport'
2024-01-13 22:39:12.354 TRACE 58992 --- [           main] o.s.b.a.condition.OnClassCondition       : Condition OnClassCondition on org.springframework.boot.autoconfigure.security.servlet.SecurityFilterAutoConfiguration matched due to @ConditionalOnClass found required classes 'org.springframework.security.web.context.AbstractSecurityWebApplicationInitializer', 'org.springframework.security.config.http.SessionCreationPolicy'
2024-01-13 22:39:12.354 TRACE 58992 --- [           main] o.s.b.f.s.DefaultListableBeanFactory     : Returning cached instance of singleton bean 'autoConfigurationReport'
2024-01-13 22:39:12.354 TRACE 58992 --- [           main] o.s.b.a.c.OnWebApplicationCondition      : Condition OnWebApplicationCondition on org.springframework.boot.autoconfigure.security.servlet.SecurityFilterAutoConfiguration matched due to found 'session' scope
2024-01-13 22:39:12.354 TRACE 58992 --- [           main] o.s.b.f.s.DefaultListableBeanFactory     : Returning cached instance of singleton bean 'autoConfigurationReport'
2024-01-13 22:39:12.354 TRACE 58992 --- [           main] o.s.b.f.s.DefaultListableBeanFactory     : Returning cached instance of singleton bean 'autoConfigurationReport'
2024-01-13 22:39:12.354 TRACE 58992 --- [           main] o.s.b.f.s.DefaultListableBeanFactory     : Returning cached instance of singleton bean 'autoConfigurationReport'
2024-01-13 22:39:12.354 TRACE 58992 --- [           main] o.s.b.f.s.DefaultListableBeanFactory     : Returning cached instance of singleton bean 'autoConfigurationReport'
2024-01-13 22:39:12.354 TRACE 58992 --- [           main] o.s.b.f.s.DefaultListableBeanFactory     : Returning cached instance of singleton bean 'autoConfigurationReport'
2024-01-13 22:39:12.354 TRACE 58992 --- [           main] o.s.b.f.s.DefaultListableBeanFactory     : Returning cached instance of singleton bean 'autoConfigurationReport'
2024-01-13 22:39:12.354 TRACE 58992 --- [           main] o.s.b.f.s.DefaultListableBeanFactory     : Returning cached instance of singleton bean 'autoConfigurationReport'
2024-01-13 22:39:12.354 TRACE 58992 --- [           main] o.s.b.f.s.DefaultListableBeanFactory     : Returning cached instance of singleton bean 'autoConfigurationReport'
2024-01-13 22:39:12.354 TRACE 58992 --- [           main] o.s.b.f.s.DefaultListableBeanFactory     : Returning cached instance of singleton bean 'autoConfigurationReport'
2024-01-13 22:39:12.354 TRACE 58992 --- [           main] o.s.b.f.s.DefaultListableBeanFactory     : Returning cached instance of singleton bean 'autoConfigurationReport'
2024-01-13 22:39:12.354 TRACE 58992 --- [           main] o.s.b.f.s.DefaultListableBeanFactory     : Returning cached instance of singleton bean 'autoConfigurationReport'
2024-01-13 22:39:12.354 TRACE 58992 --- [           main] o.s.b.f.s.DefaultListableBeanFactory     : Returning cached instance of singleton bean 'autoConfigurationReport'
2024-01-13 22:39:12.354 TRACE 58992 --- [           main] o.s.b.f.s.DefaultListableBeanFactory     : Returning cached instance of singleton bean 'autoConfigurationReport'
2024-01-13 22:39:12.354 TRACE 58992 --- [           main] o.s.b.f.s.DefaultListableBeanFactory     : Returning cached instance of singleton bean 'autoConfigurationReport'
2024-01-13 22:39:12.354 TRACE 58992 --- [           main] o.s.b.f.s.DefaultListableBeanFactory     : Returning cached instance of singleton bean 'autoConfigurationReport'
2024-01-13 22:39:12.354 TRACE 58992 --- [           main] o.s.b.f.s.DefaultListableBeanFactory     : Returning cached instance of singleton bean 'autoConfigurationReport'
2024-01-13 22:39:12.354 TRACE 58992 --- [           main] o.s.b.f.s.DefaultListableBeanFactory     : Returning cached instance of singleton bean 'autoConfigurationReport'
2024-01-13 22:39:12.354 TRACE 58992 --- [           main] o.s.b.f.s.DefaultListableBeanFactory     : Returning cached instance of singleton bean 'autoConfigurationReport'
2024-01-13 22:39:12.354 TRACE 58992 --- [           main] o.s.b.f.s.DefaultListableBeanFactory     : Returning cached instance of singleton bean 'autoConfigurationReport'
2024-01-13 22:39:12.354 TRACE 58992 --- [           main] o.s.b.a.condition.OnClassCondition       : Condition OnClassCondition on org.springframework.boot.autoconfigure.security.servlet.UserDetailsServiceAutoConfiguration matched due to @ConditionalOnClass found required class 'org.springframework.security.authentication.AuthenticationManager'
2024-01-13 22:39:12.354 TRACE 58992 --- [           main] o.s.b.f.s.DefaultListableBeanFactory     : Returning cached instance of singleton bean 'autoConfigurationReport'
2024-01-13 22:39:12.354 TRACE 58992 --- [           main] o.s.b.f.s.DefaultListableBeanFactory     : Returning cached instance of singleton bean 'autoConfigurationReport'
2024-01-13 22:39:12.354 TRACE 58992 --- [           main] o.s.b.f.s.DefaultListableBeanFactory     : Returning cached instance of singleton bean 'autoConfigurationReport'
2024-01-13 22:39:12.354 TRACE 58992 --- [           main] o.s.b.f.s.DefaultListableBeanFactory     : Returning cached instance of singleton bean 'autoConfigurationReport'
2024-01-13 22:39:12.354 TRACE 58992 --- [           main] o.s.b.f.s.DefaultListableBeanFactory     : Returning cached instance of singleton bean 'autoConfigurationReport'
2024-01-13 22:39:12.354 TRACE 58992 --- [           main] o.s.b.f.s.DefaultListableBeanFactory     : Returning cached instance of singleton bean 'autoConfigurationReport'
2024-01-13 22:39:12.354 TRACE 58992 --- [           main] o.s.b.f.s.DefaultListableBeanFactory     : Returning cached instance of singleton bean 'autoConfigurationReport'
2024-01-13 22:39:12.354 TRACE 58992 --- [           main] o.s.b.f.s.DefaultListableBeanFactory     : Returning cached instance of singleton bean 'autoConfigurationReport'
2024-01-13 22:39:12.354 TRACE 58992 --- [           main] o.s.b.f.s.DefaultListableBeanFactory     : Returning cached instance of singleton bean 'autoConfigurationReport'
2024-01-13 22:39:12.354 TRACE 58992 --- [           main] o.s.b.f.s.DefaultListableBeanFactory     : Returning cached instance of singleton bean 'autoConfigurationReport'
2024-01-13 22:39:12.355 TRACE 58992 --- [           main] o.s.b.f.s.DefaultListableBeanFactory     : Returning cached instance of singleton bean 'autoConfigurationReport'
2024-01-13 22:39:12.355 TRACE 58992 --- [           main] o.s.b.f.s.DefaultListableBeanFactory     : Returning cached instance of singleton bean 'autoConfigurationReport'
2024-01-13 22:39:12.355 TRACE 58992 --- [           main] o.s.b.f.s.DefaultListableBeanFactory     : Returning cached instance of singleton bean 'autoConfigurationReport'
2024-01-13 22:39:12.355 TRACE 58992 --- [           main] o.s.b.f.s.DefaultListableBeanFactory     : Returning cached instance of singleton bean 'autoConfigurationReport'
2024-01-13 22:39:12.355 TRACE 58992 --- [           main] o.s.b.f.s.DefaultListableBeanFactory     : Returning cached instance of singleton bean 'autoConfigurationReport'
2024-01-13 22:39:12.355 TRACE 58992 --- [           main] o.s.b.f.s.DefaultListableBeanFactory     : Returning cached instance of singleton bean 'autoConfigurationReport'
2024-01-13 22:39:12.355 TRACE 58992 --- [           main] o.s.b.f.s.DefaultListableBeanFactory     : Returning cached instance of singleton bean 'autoConfigurationReport'
2024-01-13 22:39:12.355 TRACE 58992 --- [           main] o.s.b.f.s.DefaultListableBeanFactory     : Returning cached instance of singleton bean 'autoConfigurationReport'
2024-01-13 22:39:12.355 TRACE 58992 --- [           main] o.s.b.f.s.DefaultListableBeanFactory     : Returning cached instance of singleton bean 'autoConfigurationReport'
2024-01-13 22:39:12.355 TRACE 58992 --- [           main] o.s.b.a.condition.OnClassCondition       : Condition OnClassCondition on org.springframework.boot.autoconfigure.thymeleaf.ThymeleafAutoConfiguration matched due to @ConditionalOnClass found required classes 'org.thymeleaf.templatemode.TemplateMode', 'org.thymeleaf.spring5.SpringTemplateEngine'
2024-01-13 22:39:12.355 TRACE 58992 --- [           main] o.s.b.f.s.DefaultListableBeanFactory     : Returning cached instance of singleton bean 'autoConfigurationReport'
2024-01-13 22:39:12.355 TRACE 58992 --- [           main] o.s.b.f.s.DefaultListableBeanFactory     : Returning cached instance of singleton bean 'autoConfigurationReport'
2024-01-13 22:39:12.355 TRACE 58992 --- [           main] o.s.b.f.s.DefaultListableBeanFactory     : Returning cached instance of singleton bean 'autoConfigurationReport'
2024-01-13 22:39:12.355 TRACE 58992 --- [           main] o.s.b.f.s.DefaultListableBeanFactory     : Returning cached instance of singleton bean 'autoConfigurationReport'
2024-01-13 22:39:12.355 TRACE 58992 --- [           main] o.s.b.f.s.DefaultListableBeanFactory     : Returning cached instance of singleton bean 'autoConfigurationReport'
2024-01-13 22:39:12.355 TRACE 58992 --- [           main] o.s.b.f.s.DefaultListableBeanFactory     : Returning cached instance of singleton bean 'autoConfigurationReport'
2024-01-13 22:39:12.355 TRACE 58992 --- [           main] o.s.b.f.s.DefaultListableBeanFactory     : Returning cached instance of singleton bean 'autoConfigurationReport'
2024-01-13 22:39:12.355 TRACE 58992 --- [           main] o.s.b.a.condition.OnClassCondition       : Condition OnClassCondition on org.springframework.boot.autoconfigure.thymeleaf.ThymeleafAutoConfiguration$ThymeleafJava8TimeDialect matched due to @ConditionalOnClass found required class 'org.thymeleaf.extras.java8time.dialect.Java8TimeDialect'
2024-01-13 22:39:12.355 TRACE 58992 --- [           main] o.s.b.f.s.DefaultListableBeanFactory     : Returning cached instance of singleton bean 'autoConfigurationReport'
2024-01-13 22:39:12.355 TRACE 58992 --- [           main] o.s.b.f.s.DefaultListableBeanFactory     : Returning cached instance of singleton bean 'autoConfigurationReport'
2024-01-13 22:39:12.355 TRACE 58992 --- [           main] o.s.b.f.s.DefaultListableBeanFactory     : Returning cached instance of singleton bean 'autoConfigurationReport'
2024-01-13 22:39:12.355 TRACE 58992 --- [           main] o.s.b.f.s.DefaultListableBeanFactory     : Returning cached instance of singleton bean 'autoConfigurationReport'
2024-01-13 22:39:12.355 TRACE 58992 --- [           main] o.s.b.f.s.DefaultListableBeanFactory     : Returning cached instance of singleton bean 'autoConfigurationReport'
2024-01-13 22:39:12.355 TRACE 58992 --- [           main] o.s.b.f.s.DefaultListableBeanFactory     : Returning cached instance of singleton bean 'autoConfigurationReport'
2024-01-13 22:39:12.355 TRACE 58992 --- [           main] o.s.b.f.s.DefaultListableBeanFactory     : Returning cached instance of singleton bean 'autoConfigurationReport'
2024-01-13 22:39:12.356 TRACE 58992 --- [           main] o.s.b.a.condition.OnClassCondition       : Condition OnClassCondition on org.springframework.boot.autoconfigure.thymeleaf.ThymeleafAutoConfiguration$ThymeleafSecurityDialectConfiguration did not match due to @ConditionalOnClass did not find required class 'org.thymeleaf.extras.springsecurity5.dialect.SpringSecurityDialect'
2024-01-13 22:39:12.356 TRACE 58992 --- [           main] o.s.b.f.s.DefaultListableBeanFactory     : Returning cached instance of singleton bean 'autoConfigurationReport'
2024-01-13 22:39:12.356 TRACE 58992 --- [           main] o.s.b.a.condition.OnClassCondition       : Condition OnClassCondition on org.springframework.boot.autoconfigure.thymeleaf.ThymeleafAutoConfiguration$DataAttributeDialectConfiguration did not match due to @ConditionalOnClass did not find required class 'com.github.mxab.thymeleaf.extras.dataattribute.dialect.DataAttributeDialect'
2024-01-13 22:39:12.356 TRACE 58992 --- [           main] o.s.b.f.s.DefaultListableBeanFactory     : Returning cached instance of singleton bean 'autoConfigurationReport'
2024-01-13 22:39:12.356 TRACE 58992 --- [           main] o.s.b.a.condition.OnClassCondition       : Condition OnClassCondition on org.springframework.boot.autoconfigure.thymeleaf.ThymeleafAutoConfiguration$ThymeleafWebLayoutConfiguration did not match due to @ConditionalOnClass did not find required class 'nz.net.ultraq.thymeleaf.LayoutDialect'
2024-01-13 22:39:12.356 TRACE 58992 --- [           main] o.s.b.f.s.DefaultListableBeanFactory     : Returning cached instance of singleton bean 'autoConfigurationReport'
2024-01-13 22:39:12.356 TRACE 58992 --- [           main] o.s.b.a.c.OnWebApplicationCondition      : Condition OnWebApplicationCondition on org.springframework.boot.autoconfigure.thymeleaf.ThymeleafAutoConfiguration$ThymeleafWebFluxConfiguration did not match due to did not find reactive web application classes
2024-01-13 22:39:12.356 TRACE 58992 --- [           main] o.s.b.f.s.DefaultListableBeanFactory     : Returning cached instance of singleton bean 'autoConfigurationReport'
2024-01-13 22:39:12.356 TRACE 58992 --- [           main] o.s.b.a.c.OnWebApplicationCondition      : Condition OnWebApplicationCondition on org.springframework.boot.autoconfigure.thymeleaf.ThymeleafAutoConfiguration$ThymeleafReactiveConfiguration did not match due to did not find reactive web application classes
2024-01-13 22:39:12.356 TRACE 58992 --- [           main] o.s.b.f.s.DefaultListableBeanFactory     : Returning cached instance of singleton bean 'autoConfigurationReport'
2024-01-13 22:39:12.356 TRACE 58992 --- [           main] o.s.b.a.c.OnWebApplicationCondition      : Condition OnWebApplicationCondition on org.springframework.boot.autoconfigure.thymeleaf.ThymeleafAutoConfiguration$ThymeleafWebMvcConfiguration matched due to found 'session' scope
2024-01-13 22:39:12.356 TRACE 58992 --- [           main] o.s.b.f.s.DefaultListableBeanFactory     : Returning cached instance of singleton bean 'autoConfigurationReport'
2024-01-13 22:39:12.356 TRACE 58992 --- [           main] o.s.b.a.condition.OnPropertyCondition    : Condition OnPropertyCondition on org.springframework.boot.autoconfigure.thymeleaf.ThymeleafAutoConfiguration$ThymeleafWebMvcConfiguration matched due to @ConditionalOnProperty (spring.thymeleaf.enabled) matched
2024-01-13 22:39:12.356 TRACE 58992 --- [           main] o.s.b.f.s.DefaultListableBeanFactory     : Returning cached instance of singleton bean 'autoConfigurationReport'
2024-01-13 22:39:12.356 TRACE 58992 --- [           main] o.s.b.f.s.DefaultListableBeanFactory     : Returning cached instance of singleton bean 'autoConfigurationReport'
2024-01-13 22:39:12.356 TRACE 58992 --- [           main] o.s.b.f.s.DefaultListableBeanFactory     : Returning cached instance of singleton bean 'autoConfigurationReport'
2024-01-13 22:39:12.356 TRACE 58992 --- [           main] o.s.b.f.s.DefaultListableBeanFactory     : Returning cached instance of singleton bean 'autoConfigurationReport'
2024-01-13 22:39:12.356 TRACE 58992 --- [           main] o.s.b.f.s.DefaultListableBeanFactory     : Returning cached instance of singleton bean 'autoConfigurationReport'
2024-01-13 22:39:12.356 TRACE 58992 --- [           main] o.s.b.f.s.DefaultListableBeanFactory     : Returning cached instance of singleton bean 'autoConfigurationReport'
2024-01-13 22:39:12.356 TRACE 58992 --- [           main] o.s.b.f.s.DefaultListableBeanFactory     : Returning cached instance of singleton bean 'autoConfigurationReport'
2024-01-13 22:39:12.356 TRACE 58992 --- [           main] o.s.b.f.s.DefaultListableBeanFactory     : Returning cached instance of singleton bean 'autoConfigurationReport'
2024-01-13 22:39:12.356 TRACE 58992 --- [           main] o.s.b.f.s.DefaultListableBeanFactory     : Returning cached instance of singleton bean 'autoConfigurationReport'
2024-01-13 22:39:12.356 TRACE 58992 --- [           main] o.s.b.f.s.DefaultListableBeanFactory     : Returning cached instance of singleton bean 'autoConfigurationReport'
2024-01-13 22:39:12.356 TRACE 58992 --- [           main] o.s.b.f.s.DefaultListableBeanFactory     : Returning cached instance of singleton bean 'autoConfigurationReport'
2024-01-13 22:39:12.356 TRACE 58992 --- [           main] o.s.b.f.s.DefaultListableBeanFactory     : Returning cached instance of singleton bean 'autoConfigurationReport'
2024-01-13 22:39:12.356 TRACE 58992 --- [           main] o.s.b.f.s.DefaultListableBeanFactory     : Returning cached instance of singleton bean 'autoConfigurationReport'
2024-01-13 22:39:12.356 TRACE 58992 --- [           main] o.s.b.f.s.DefaultListableBeanFactory     : Returning cached instance of singleton bean 'autoConfigurationReport'
2024-01-13 22:39:12.356 TRACE 58992 --- [           main] o.s.b.f.s.DefaultListableBeanFactory     : Returning cached instance of singleton bean 'autoConfigurationReport'
2024-01-13 22:39:12.356 TRACE 58992 --- [           main] o.s.b.f.s.DefaultListableBeanFactory     : Returning cached instance of singleton bean 'autoConfigurationReport'
2024-01-13 22:39:12.356 TRACE 58992 --- [           main] o.s.b.f.s.DefaultListableBeanFactory     : Returning cached instance of singleton bean 'autoConfigurationReport'
2024-01-13 22:39:12.356 TRACE 58992 --- [           main] o.s.b.f.s.DefaultListableBeanFactory     : Returning cached instance of singleton bean 'autoConfigurationReport'
2024-01-13 22:39:12.356 TRACE 58992 --- [           main] o.s.b.f.s.DefaultListableBeanFactory     : Returning cached instance of singleton bean 'autoConfigurationReport'
2024-01-13 22:39:12.356 TRACE 58992 --- [           main] o.s.b.f.s.DefaultListableBeanFactory     : Returning cached instance of singleton bean 'autoConfigurationReport'
2024-01-13 22:39:12.356 TRACE 58992 --- [           main] o.s.b.f.s.DefaultListableBeanFactory     : Returning cached instance of singleton bean 'autoConfigurationReport'
2024-01-13 22:39:12.356 TRACE 58992 --- [           main] o.s.b.f.s.DefaultListableBeanFactory     : Returning cached instance of singleton bean 'autoConfigurationReport'
2024-01-13 22:39:12.356 TRACE 58992 --- [           main] o.s.b.f.s.DefaultListableBeanFactory     : Returning cached instance of singleton bean 'autoConfigurationReport'
2024-01-13 22:39:12.356 TRACE 58992 --- [           main] o.s.b.f.s.DefaultListableBeanFactory     : Returning cached instance of singleton bean 'autoConfigurationReport'
2024-01-13 22:39:12.356 TRACE 58992 --- [           main] o.s.b.f.s.DefaultListableBeanFactory     : Returning cached instance of singleton bean 'autoConfigurationReport'
2024-01-13 22:39:12.356 TRACE 58992 --- [           main] o.s.b.f.s.DefaultListableBeanFactory     : Returning cached instance of singleton bean 'autoConfigurationReport'
2024-01-13 22:39:12.356 TRACE 58992 --- [           main] o.s.b.f.s.DefaultListableBeanFactory     : Returning cached instance of singleton bean 'autoConfigurationReport'
2024-01-13 22:39:12.356 TRACE 58992 --- [           main] o.s.b.f.s.DefaultListableBeanFactory     : Returning cached instance of singleton bean 'autoConfigurationReport'
2024-01-13 22:39:12.356 TRACE 58992 --- [           main] o.s.b.f.s.DefaultListableBeanFactory     : Returning cached instance of singleton bean 'autoConfigurationReport'
2024-01-13 22:39:12.356 TRACE 58992 --- [           main] o.s.b.f.s.DefaultListableBeanFactory     : Returning cached instance of singleton bean 'autoConfigurationReport'
2024-01-13 22:39:12.356 TRACE 58992 --- [           main] o.s.b.f.s.DefaultListableBeanFactory     : Returning cached instance of singleton bean 'autoConfigurationReport'
2024-01-13 22:39:12.356 TRACE 58992 --- [           main] o.s.b.f.s.DefaultListableBeanFactory     : Returning cached instance of singleton bean 'autoConfigurationReport'
2024-01-13 22:39:12.356 TRACE 58992 --- [           main] o.s.b.f.s.DefaultListableBeanFactory     : Returning cached instance of singleton bean 'autoConfigurationReport'
2024-01-13 22:39:12.356 TRACE 58992 --- [           main] o.s.b.f.s.DefaultListableBeanFactory     : Returning cached instance of singleton bean 'autoConfigurationReport'
2024-01-13 22:39:12.356 TRACE 58992 --- [           main] o.s.b.f.s.DefaultListableBeanFactory     : Returning cached instance of singleton bean 'autoConfigurationReport'
2024-01-13 22:39:12.356 TRACE 58992 --- [           main] o.s.b.f.s.DefaultListableBeanFactory     : Returning cached instance of singleton bean 'autoConfigurationReport'
2024-01-13 22:39:12.356 TRACE 58992 --- [           main] o.s.b.f.s.DefaultListableBeanFactory     : Returning cached instance of singleton bean 'autoConfigurationReport'
2024-01-13 22:39:12.357 TRACE 58992 --- [           main] o.s.b.a.condition.OnClassCondition       : Condition OnClassCondition on org.springframework.boot.autoconfigure.web.servlet.HttpEncodingAutoConfiguration matched due to @ConditionalOnClass found required class 'org.springframework.web.filter.CharacterEncodingFilter'
2024-01-13 22:39:12.357 TRACE 58992 --- [           main] o.s.b.f.s.DefaultListableBeanFactory     : Returning cached instance of singleton bean 'autoConfigurationReport'
2024-01-13 22:39:12.357 TRACE 58992 --- [           main] o.s.b.a.c.OnWebApplicationCondition      : Condition OnWebApplicationCondition on org.springframework.boot.autoconfigure.web.servlet.HttpEncodingAutoConfiguration matched due to found 'session' scope
2024-01-13 22:39:12.357 TRACE 58992 --- [           main] o.s.b.f.s.DefaultListableBeanFactory     : Returning cached instance of singleton bean 'autoConfigurationReport'
2024-01-13 22:39:12.357 TRACE 58992 --- [           main] o.s.b.a.condition.OnPropertyCondition    : Condition OnPropertyCondition on org.springframework.boot.autoconfigure.web.servlet.HttpEncodingAutoConfiguration matched due to @ConditionalOnProperty (server.servlet.encoding.enabled) matched
2024-01-13 22:39:12.357 TRACE 58992 --- [           main] o.s.b.f.s.DefaultListableBeanFactory     : Returning cached instance of singleton bean 'autoConfigurationReport'
2024-01-13 22:39:12.357 TRACE 58992 --- [           main] o.s.b.f.s.DefaultListableBeanFactory     : Returning cached instance of singleton bean 'autoConfigurationReport'
2024-01-13 22:39:12.357 TRACE 58992 --- [           main] o.s.b.f.s.DefaultListableBeanFactory     : Returning cached instance of singleton bean 'autoConfigurationReport'
2024-01-13 22:39:12.357 TRACE 58992 --- [           main] o.s.b.f.s.DefaultListableBeanFactory     : Returning cached instance of singleton bean 'autoConfigurationReport'
2024-01-13 22:39:12.357 TRACE 58992 --- [           main] o.s.b.f.s.DefaultListableBeanFactory     : Returning cached instance of singleton bean 'autoConfigurationReport'
2024-01-13 22:39:12.357 TRACE 58992 --- [           main] o.s.b.f.s.DefaultListableBeanFactory     : Returning cached instance of singleton bean 'autoConfigurationReport'
2024-01-13 22:39:12.357 TRACE 58992 --- [           main] o.s.b.f.s.DefaultListableBeanFactory     : Returning cached instance of singleton bean 'autoConfigurationReport'
2024-01-13 22:39:12.357 TRACE 58992 --- [           main] o.s.b.f.s.DefaultListableBeanFactory     : Returning cached instance of singleton bean 'autoConfigurationReport'
2024-01-13 22:39:12.357 TRACE 58992 --- [           main] o.s.b.f.s.DefaultListableBeanFactory     : Returning cached instance of singleton bean 'autoConfigurationReport'
2024-01-13 22:39:12.357 TRACE 58992 --- [           main] o.s.b.f.s.DefaultListableBeanFactory     : Returning cached instance of singleton bean 'autoConfigurationReport'
2024-01-13 22:39:12.357 TRACE 58992 --- [           main] o.s.b.f.s.DefaultListableBeanFactory     : Returning cached instance of singleton bean 'autoConfigurationReport'
2024-01-13 22:39:12.357 TRACE 58992 --- [           main] o.s.b.f.s.DefaultListableBeanFactory     : Returning cached instance of singleton bean 'autoConfigurationReport'
2024-01-13 22:39:12.357 TRACE 58992 --- [           main] o.s.b.f.s.DefaultListableBeanFactory     : Returning cached instance of singleton bean 'autoConfigurationReport'
2024-01-13 22:39:12.357 TRACE 58992 --- [           main] o.s.b.f.s.DefaultListableBeanFactory     : Returning cached instance of singleton bean 'autoConfigurationReport'
2024-01-13 22:39:12.357 TRACE 58992 --- [           main] o.s.b.f.s.DefaultListableBeanFactory     : Returning cached instance of singleton bean 'autoConfigurationReport'
2024-01-13 22:39:12.357 TRACE 58992 --- [           main] o.s.b.f.s.DefaultListableBeanFactory     : Returning cached instance of singleton bean 'autoConfigurationReport'
2024-01-13 22:39:12.357 TRACE 58992 --- [           main] o.s.b.f.s.DefaultListableBeanFactory     : Returning cached instance of singleton bean 'autoConfigurationReport'
2024-01-13 22:39:12.357 TRACE 58992 --- [           main] o.s.b.f.s.DefaultListableBeanFactory     : Returning cached instance of singleton bean 'autoConfigurationReport'
2024-01-13 22:39:12.357 TRACE 58992 --- [           main] o.s.b.f.s.DefaultListableBeanFactory     : Returning cached instance of singleton bean 'autoConfigurationReport'
2024-01-13 22:39:12.357 TRACE 58992 --- [           main] o.s.b.a.c.OnWebApplicationCondition      : Condition OnWebApplicationCondition on org.springframework.boot.test.autoconfigure.web.servlet.MockMvcAutoConfiguration matched due to found 'session' scope
2024-01-13 22:39:12.357 TRACE 58992 --- [           main] o.s.b.f.s.DefaultListableBeanFactory     : Returning cached instance of singleton bean 'autoConfigurationReport'
2024-01-13 22:39:12.357 TRACE 58992 --- [           main] o.s.b.f.s.DefaultListableBeanFactory     : Returning cached instance of singleton bean 'autoConfigurationReport'
2024-01-13 22:39:12.357 TRACE 58992 --- [           main] o.s.b.f.s.DefaultListableBeanFactory     : Returning cached instance of singleton bean 'autoConfigurationReport'
2024-01-13 22:39:12.357 TRACE 58992 --- [           main] o.s.b.f.s.DefaultListableBeanFactory     : Returning cached instance of singleton bean 'autoConfigurationReport'
2024-01-13 22:39:12.357 TRACE 58992 --- [           main] o.s.b.f.s.DefaultListableBeanFactory     : Returning cached instance of singleton bean 'autoConfigurationReport'
2024-01-13 22:39:12.357 TRACE 58992 --- [           main] o.s.b.f.s.DefaultListableBeanFactory     : Returning cached instance of singleton bean 'autoConfigurationReport'
2024-01-13 22:39:12.357 TRACE 58992 --- [           main] o.s.b.f.s.DefaultListableBeanFactory     : Returning cached instance of singleton bean 'autoConfigurationReport'
2024-01-13 22:39:12.357 TRACE 58992 --- [           main] o.s.b.f.s.DefaultListableBeanFactory     : Returning cached instance of singleton bean 'autoConfigurationReport'
2024-01-13 22:39:12.357 TRACE 58992 --- [           main] o.s.b.f.s.DefaultListableBeanFactory     : Returning cached instance of singleton bean 'autoConfigurationReport'
2024-01-13 22:39:12.357 TRACE 58992 --- [           main] o.s.b.f.s.DefaultListableBeanFactory     : Returning cached instance of singleton bean 'autoConfigurationReport'
2024-01-13 22:39:12.357 TRACE 58992 --- [           main] o.s.b.f.s.DefaultListableBeanFactory     : Returning cached instance of singleton bean 'autoConfigurationReport'
2024-01-13 22:39:12.357 TRACE 58992 --- [           main] o.s.b.f.s.DefaultListableBeanFactory     : Returning cached instance of singleton bean 'autoConfigurationReport'
2024-01-13 22:39:12.357 TRACE 58992 --- [           main] o.s.b.f.s.DefaultListableBeanFactory     : Returning cached instance of singleton bean 'autoConfigurationReport'
2024-01-13 22:39:12.357 TRACE 58992 --- [           main] o.s.b.f.s.DefaultListableBeanFactory     : Returning cached instance of singleton bean 'autoConfigurationReport'
2024-01-13 22:39:12.357 TRACE 58992 --- [           main] o.s.b.f.s.DefaultListableBeanFactory     : Returning cached instance of singleton bean 'autoConfigurationReport'
2024-01-13 22:39:12.357 TRACE 58992 --- [           main] o.s.b.f.s.DefaultListableBeanFactory     : Returning cached instance of singleton bean 'autoConfigurationReport'
2024-01-13 22:39:12.357 TRACE 58992 --- [           main] o.s.b.f.s.DefaultListableBeanFactory     : Returning cached instance of singleton bean 'autoConfigurationReport'
2024-01-13 22:39:12.357 TRACE 58992 --- [           main] o.s.b.f.s.DefaultListableBeanFactory     : Returning cached instance of singleton bean 'autoConfigurationReport'
2024-01-13 22:39:12.357 TRACE 58992 --- [           main] o.s.b.f.s.DefaultListableBeanFactory     : Returning cached instance of singleton bean 'autoConfigurationReport'
2024-01-13 22:39:12.357 TRACE 58992 --- [           main] o.s.b.a.condition.OnClassCondition       : Condition OnClassCondition on org.springframework.boot.test.autoconfigure.web.servlet.MockMvcSecurityConfiguration did not match due to @ConditionalOnClass did not find required class 'org.springframework.security.test.web.servlet.request.SecurityMockMvcRequestPostProcessors'
2024-01-13 22:39:12.357 TRACE 58992 --- [           main] o.s.b.f.s.DefaultListableBeanFactory     : Returning cached instance of singleton bean 'autoConfigurationReport'
2024-01-13 22:39:12.357 TRACE 58992 --- [           main] o.s.b.f.s.DefaultListableBeanFactory     : Returning cached instance of singleton bean 'autoConfigurationReport'
2024-01-13 22:39:12.357 TRACE 58992 --- [           main] o.s.b.f.s.DefaultListableBeanFactory     : Returning cached instance of singleton bean 'autoConfigurationReport'
2024-01-13 22:39:12.357 TRACE 58992 --- [           main] o.s.b.f.s.DefaultListableBeanFactory     : Returning cached instance of singleton bean 'autoConfigurationReport'
2024-01-13 22:39:12.357 TRACE 58992 --- [           main] o.s.b.f.s.DefaultListableBeanFactory     : Returning cached instance of singleton bean 'autoConfigurationReport'
2024-01-13 22:39:12.357 TRACE 58992 --- [           main] o.s.b.f.s.DefaultListableBeanFactory     : Returning cached instance of singleton bean 'autoConfigurationReport'
2024-01-13 22:39:12.357 TRACE 58992 --- [           main] o.s.b.f.s.DefaultListableBeanFactory     : Returning cached instance of singleton bean 'autoConfigurationReport'
2024-01-13 22:39:12.357 TRACE 58992 --- [           main] o.s.b.f.s.DefaultListableBeanFactory     : Returning cached instance of singleton bean 'autoConfigurationReport'
2024-01-13 22:39:12.357 TRACE 58992 --- [           main] o.s.b.f.s.DefaultListableBeanFactory     : Returning cached instance of singleton bean 'autoConfigurationReport'
2024-01-13 22:39:12.357 TRACE 58992 --- [           main] o.s.b.f.s.DefaultListableBeanFactory     : Returning cached instance of singleton bean 'autoConfigurationReport'
2024-01-13 22:39:12.357 TRACE 58992 --- [           main] o.s.b.f.s.DefaultListableBeanFactory     : Returning cached instance of singleton bean 'autoConfigurationReport'
2024-01-13 22:39:12.357 TRACE 58992 --- [           main] o.s.b.f.s.DefaultListableBeanFactory     : Returning cached instance of singleton bean 'autoConfigurationReport'
2024-01-13 22:39:12.357 TRACE 58992 --- [           main] o.s.b.f.s.DefaultListableBeanFactory     : Returning cached instance of singleton bean 'autoConfigurationReport'
2024-01-13 22:39:12.357 TRACE 58992 --- [           main] o.s.b.a.condition.OnClassCondition       : Condition OnClassCondition on org.springframework.boot.test.autoconfigure.web.servlet.MockMvcWebClientAutoConfiguration did not match due to @ConditionalOnClass did not find required class 'com.gargoylesoftware.htmlunit.WebClient'
2024-01-13 22:39:12.357 TRACE 58992 --- [           main] o.s.b.f.s.DefaultListableBeanFactory     : Returning cached instance of singleton bean 'autoConfigurationReport'
2024-01-13 22:39:12.357 TRACE 58992 --- [           main] o.s.b.f.s.DefaultListableBeanFactory     : Returning cached instance of singleton bean 'autoConfigurationReport'
2024-01-13 22:39:12.357 TRACE 58992 --- [           main] o.s.b.f.s.DefaultListableBeanFactory     : Returning cached instance of singleton bean 'autoConfigurationReport'
2024-01-13 22:39:12.357 TRACE 58992 --- [           main] o.s.b.f.s.DefaultListableBeanFactory     : Returning cached instance of singleton bean 'autoConfigurationReport'
2024-01-13 22:39:12.357 TRACE 58992 --- [           main] o.s.b.f.s.DefaultListableBeanFactory     : Returning cached instance of singleton bean 'autoConfigurationReport'
2024-01-13 22:39:12.357 TRACE 58992 --- [           main] o.s.b.f.s.DefaultListableBeanFactory     : Returning cached instance of singleton bean 'autoConfigurationReport'
2024-01-13 22:39:12.357 TRACE 58992 --- [           main] o.s.b.f.s.DefaultListableBeanFactory     : Returning cached instance of singleton bean 'autoConfigurationReport'
2024-01-13 22:39:12.357 TRACE 58992 --- [           main] o.s.b.f.s.DefaultListableBeanFactory     : Returning cached instance of singleton bean 'autoConfigurationReport'
2024-01-13 22:39:12.357 TRACE 58992 --- [           main] o.s.b.f.s.DefaultListableBeanFactory     : Returning cached instance of singleton bean 'autoConfigurationReport'
2024-01-13 22:39:12.357 TRACE 58992 --- [           main] o.s.b.f.s.DefaultListableBeanFactory     : Returning cached instance of singleton bean 'autoConfigurationReport'
2024-01-13 22:39:12.357 TRACE 58992 --- [           main] o.s.b.f.s.DefaultListableBeanFactory     : Returning cached instance of singleton bean 'autoConfigurationReport'
2024-01-13 22:39:12.357 TRACE 58992 --- [           main] o.s.b.f.s.DefaultListableBeanFactory     : Returning cached instance of singleton bean 'autoConfigurationReport'
2024-01-13 22:39:12.357 TRACE 58992 --- [           main] o.s.b.f.s.DefaultListableBeanFactory     : Returning cached instance of singleton bean 'autoConfigurationReport'
2024-01-13 22:39:12.357 TRACE 58992 --- [           main] o.s.b.a.condition.OnClassCondition       : Condition OnClassCondition on org.springframework.boot.test.autoconfigure.web.servlet.MockMvcWebDriverAutoConfiguration did not match due to @ConditionalOnClass did not find required class 'org.openqa.selenium.htmlunit.HtmlUnitDriver'
2024-01-13 22:39:12.357 TRACE 58992 --- [           main] o.s.b.f.s.DefaultListableBeanFactory     : Returning cached instance of singleton bean 'autoConfigurationReport'
2024-01-13 22:39:12.358 TRACE 58992 --- [           main] a.ConfigurationClassBeanDefinitionReader : Registered bean definition for imported class 'tacos.HomeControllerTest'
2024-01-13 22:39:12.358 TRACE 58992 --- [           main] a.ConfigurationClassBeanDefinitionReader : Registering bean definition for @Bean method tacos.SecurityConfiguration.passwordEncoder()
2024-01-13 22:39:12.358 TRACE 58992 --- [           main] a.ConfigurationClassBeanDefinitionReader : Registering bean definition for @Bean method tacos.SecurityConfiguration.userDetailsService()
2024-01-13 22:39:12.358 TRACE 58992 --- [           main] a.ConfigurationClassBeanDefinitionReader : Registering bean definition for @Bean method tacos.SecurityConfiguration.filterChain()
2024-01-13 22:39:12.358 TRACE 58992 --- [           main] a.ConfigurationClassBeanDefinitionReader : Registering bean definition for @Bean method tacos.TacoCloudApplicationJpa.dataLoad()
2024-01-13 22:39:12.358 TRACE 58992 --- [           main] o.s.b.a.condition.OnClassCondition       : Condition OnClassCondition on org.springframework.boot.autoconfigure.task.TaskExecutionAutoConfiguration matched due to @ConditionalOnClass found required class 'org.springframework.scheduling.concurrent.ThreadPoolTaskExecutor'
2024-01-13 22:39:12.358 TRACE 58992 --- [           main] o.s.b.f.s.DefaultListableBeanFactory     : Returning cached instance of singleton bean 'autoConfigurationReport'
2024-01-13 22:39:12.358 TRACE 58992 --- [           main] a.ConfigurationClassBeanDefinitionReader : Registered bean definition for imported class 'org.springframework.boot.autoconfigure.task.TaskExecutionAutoConfiguration'
2024-01-13 22:39:12.358 TRACE 58992 --- [           main] o.s.b.a.condition.OnBeanCondition        : Condition OnBeanCondition on org.springframework.boot.autoconfigure.task.TaskExecutionAutoConfiguration#taskExecutorBuilder matched due to @ConditionalOnMissingBean (types: org.springframework.boot.task.TaskExecutorBuilder; SearchStrategy: all) did not find any beans
2024-01-13 22:39:12.358 TRACE 58992 --- [           main] o.s.b.f.s.DefaultListableBeanFactory     : Returning cached instance of singleton bean 'autoConfigurationReport'
2024-01-13 22:39:12.358 TRACE 58992 --- [           main] a.ConfigurationClassBeanDefinitionReader : Registering bean definition for @Bean method org.springframework.boot.autoconfigure.task.TaskExecutionAutoConfiguration.taskExecutorBuilder()
2024-01-13 22:39:12.358 TRACE 58992 --- [           main] o.s.b.a.condition.OnBeanCondition        : Condition OnBeanCondition on org.springframework.boot.autoconfigure.task.TaskExecutionAutoConfiguration#applicationTaskExecutor matched due to @ConditionalOnMissingBean (types: java.util.concurrent.Executor; SearchStrategy: all) did not find any beans
2024-01-13 22:39:12.358 TRACE 58992 --- [           main] o.s.b.f.s.DefaultListableBeanFactory     : Returning cached instance of singleton bean 'autoConfigurationReport'
2024-01-13 22:39:12.358 TRACE 58992 --- [           main] o.s.b.f.s.DefaultListableBeanFactory     : Alias definition 'taskExecutor' registered for name 'applicationTaskExecutor'
2024-01-13 22:39:12.358 TRACE 58992 --- [           main] a.ConfigurationClassBeanDefinitionReader : Registering bean definition for @Bean method org.springframework.boot.autoconfigure.task.TaskExecutionAutoConfiguration.applicationTaskExecutor()
2024-01-13 22:39:12.359 TRACE 58992 --- [           main] o.s.b.a.condition.OnClassCondition       : Condition OnClassCondition on org.springframework.boot.autoconfigure.validation.ValidationAutoConfiguration matched due to @ConditionalOnClass found required class 'javax.validation.executable.ExecutableValidator'
2024-01-13 22:39:12.359 TRACE 58992 --- [           main] o.s.b.f.s.DefaultListableBeanFactory     : Returning cached instance of singleton bean 'autoConfigurationReport'
2024-01-13 22:39:12.359 TRACE 58992 --- [           main] o.s.b.a.condition.OnResourceCondition    : Condition OnResourceCondition on org.springframework.boot.autoconfigure.validation.ValidationAutoConfiguration matched due to @ConditionalOnResource found location classpath:META-INF/services/javax.validation.spi.ValidationProvider
2024-01-13 22:39:12.359 TRACE 58992 --- [           main] o.s.b.f.s.DefaultListableBeanFactory     : Returning cached instance of singleton bean 'autoConfigurationReport'
2024-01-13 22:39:12.359 TRACE 58992 --- [           main] a.ConfigurationClassBeanDefinitionReader : Registered bean definition for imported class 'org.springframework.boot.autoconfigure.validation.ValidationAutoConfiguration'
2024-01-13 22:39:12.359 TRACE 58992 --- [           main] o.s.b.a.condition.OnBeanCondition        : Condition OnBeanCondition on org.springframework.boot.autoconfigure.validation.ValidationAutoConfiguration#defaultValidator matched due to @ConditionalOnMissingBean (types: javax.validation.Validator; SearchStrategy: all) did not find any beans
2024-01-13 22:39:12.359 TRACE 58992 --- [           main] o.s.b.f.s.DefaultListableBeanFactory     : Returning cached instance of singleton bean 'autoConfigurationReport'
2024-01-13 22:39:12.359 TRACE 58992 --- [           main] a.ConfigurationClassBeanDefinitionReader : Registering bean definition for @Bean method org.springframework.boot.autoconfigure.validation.ValidationAutoConfiguration.defaultValidator()
2024-01-13 22:39:12.359 TRACE 58992 --- [           main] o.s.b.a.condition.OnBeanCondition        : Condition OnBeanCondition on org.springframework.boot.autoconfigure.validation.ValidationAutoConfiguration#methodValidationPostProcessor matched due to @ConditionalOnMissingBean (types: org.springframework.validation.beanvalidation.MethodValidationPostProcessor; SearchStrategy: all) did not find any beans
2024-01-13 22:39:12.359 TRACE 58992 --- [           main] o.s.b.f.s.DefaultListableBeanFactory     : Returning cached instance of singleton bean 'autoConfigurationReport'
2024-01-13 22:39:12.359 TRACE 58992 --- [           main] a.ConfigurationClassBeanDefinitionReader : Registering bean definition for @Bean method org.springframework.boot.autoconfigure.validation.ValidationAutoConfiguration.methodValidationPostProcessor()
2024-01-13 22:39:12.359 TRACE 58992 --- [           main] o.s.b.a.condition.OnClassCondition       : Condition OnClassCondition on org.springframework.boot.autoconfigure.web.servlet.error.ErrorMvcAutoConfiguration matched due to @ConditionalOnClass found required classes 'javax.servlet.Servlet', 'org.springframework.web.servlet.DispatcherServlet'
2024-01-13 22:39:12.359 TRACE 58992 --- [           main] o.s.b.f.s.DefaultListableBeanFactory     : Returning cached instance of singleton bean 'autoConfigurationReport'
2024-01-13 22:39:12.359 TRACE 58992 --- [           main] o.s.b.a.c.OnWebApplicationCondition      : Condition OnWebApplicationCondition on org.springframework.boot.autoconfigure.web.servlet.error.ErrorMvcAutoConfiguration matched due to found 'session' scope
2024-01-13 22:39:12.359 TRACE 58992 --- [           main] o.s.b.f.s.DefaultListableBeanFactory     : Returning cached instance of singleton bean 'autoConfigurationReport'
2024-01-13 22:39:12.360 TRACE 58992 --- [           main] o.s.b.a.condition.OnPropertyCondition    : Condition OnPropertyCondition on org.springframework.boot.autoconfigure.web.servlet.error.ErrorMvcAutoConfiguration$WhitelabelErrorViewConfiguration matched due to @ConditionalOnProperty (server.error.whitelabel.enabled) matched
2024-01-13 22:39:12.360 TRACE 58992 --- [           main] o.s.b.f.s.DefaultListableBeanFactory     : Returning cached instance of singleton bean 'autoConfigurationReport'
2024-01-13 22:39:12.360 TRACE 58992 --- [           main] o.s.c.io.support.SpringFactoriesLoader   : Loaded [org.springframework.boot.autoconfigure.template.TemplateAvailabilityProvider] names: [org.springframework.boot.autoconfigure.freemarker.FreeMarkerTemplateAvailabilityProvider, org.springframework.boot.autoconfigure.mustache.MustacheTemplateAvailabilityProvider, org.springframework.boot.autoconfigure.groovy.template.GroovyTemplateAvailabilityProvider, org.springframework.boot.autoconfigure.thymeleaf.ThymeleafTemplateAvailabilityProvider, org.springframework.boot.autoconfigure.web.servlet.JspTemplateAvailabilityProvider]
2024-01-13 22:39:12.360 TRACE 58992 --- [           main] o.s.c.e.PropertySourcesPropertyResolver  : Searching for key 'spring.template.provider.cache' in PropertySource 'Annotations'
2024-01-13 22:39:12.360 TRACE 58992 --- [           main] o.s.c.e.PropertySourcesPropertyResolver  : Searching for key 'spring.template.provider.cache' in PropertySource 'configurationProperties'
2024-01-13 22:39:12.360 TRACE 58992 --- [           main] o.s.c.e.PropertySourcesPropertyResolver  : Searching for key 'spring.template.provider.cache' in PropertySource 'test'
2024-01-13 22:39:12.360 TRACE 58992 --- [           main] o.s.c.e.PropertySourcesPropertyResolver  : Searching for key 'spring.template.provider.cache' in PropertySource 'Inlined Test Properties'
2024-01-13 22:39:12.360 TRACE 58992 --- [           main] o.s.c.e.PropertySourcesPropertyResolver  : Searching for key 'spring.template.provider.cache' in PropertySource 'systemProperties'
2024-01-13 22:39:12.360 TRACE 58992 --- [           main] o.s.c.e.PropertySourcesPropertyResolver  : Searching for key 'spring.template.provider.cache' in PropertySource 'systemEnvironment'
2024-01-13 22:39:12.360 TRACE 58992 --- [           main] o.s.c.e.PropertySourcesPropertyResolver  : Searching for key 'spring.template.provider.cache' in PropertySource 'random'
2024-01-13 22:39:12.360 TRACE 58992 --- [           main] o.s.c.e.PropertySourcesPropertyResolver  : Searching for key 'spring.template.provider.cache' in PropertySource 'Config resource 'class path resource [application.properties]' via location 'optional:classpath:/''
2024-01-13 22:39:12.360 TRACE 58992 --- [           main] o.s.c.e.PropertySourcesPropertyResolver  : Searching for key 'spring.template.provider.cache' in PropertySource 'Config resource 'class path resource [application.yml]' via location 'optional:classpath:/''
2024-01-13 22:39:12.360 TRACE 58992 --- [           main] o.s.c.e.PropertySourcesPropertyResolver  : Could not find key 'spring.template.provider.cache' in any property source
2024-01-13 22:39:12.360 TRACE 58992 --- [           main] o.s.c.e.PropertySourcesPropertyResolver  : Searching for key 'spring.thymeleaf.prefix' in PropertySource 'Annotations'
2024-01-13 22:39:12.360 TRACE 58992 --- [           main] o.s.c.e.PropertySourcesPropertyResolver  : Searching for key 'spring.thymeleaf.prefix' in PropertySource 'configurationProperties'
2024-01-13 22:39:12.360 TRACE 58992 --- [           main] o.s.c.e.PropertySourcesPropertyResolver  : Searching for key 'spring.thymeleaf.prefix' in PropertySource 'test'
2024-01-13 22:39:12.360 TRACE 58992 --- [           main] o.s.c.e.PropertySourcesPropertyResolver  : Searching for key 'spring.thymeleaf.prefix' in PropertySource 'Inlined Test Properties'
2024-01-13 22:39:12.360 TRACE 58992 --- [           main] o.s.c.e.PropertySourcesPropertyResolver  : Searching for key 'spring.thymeleaf.prefix' in PropertySource 'systemProperties'
2024-01-13 22:39:12.360 TRACE 58992 --- [           main] o.s.c.e.PropertySourcesPropertyResolver  : Searching for key 'spring.thymeleaf.prefix' in PropertySource 'systemEnvironment'
2024-01-13 22:39:12.360 TRACE 58992 --- [           main] o.s.c.e.PropertySourcesPropertyResolver  : Searching for key 'spring.thymeleaf.prefix' in PropertySource 'random'
2024-01-13 22:39:12.360 TRACE 58992 --- [           main] o.s.c.e.PropertySourcesPropertyResolver  : Searching for key 'spring.thymeleaf.prefix' in PropertySource 'Config resource 'class path resource [application.properties]' via location 'optional:classpath:/''
2024-01-13 22:39:12.360 TRACE 58992 --- [           main] o.s.c.e.PropertySourcesPropertyResolver  : Searching for key 'spring.thymeleaf.prefix' in PropertySource 'Config resource 'class path resource [application.yml]' via location 'optional:classpath:/''
2024-01-13 22:39:12.360 TRACE 58992 --- [           main] o.s.c.e.PropertySourcesPropertyResolver  : Could not find key 'spring.thymeleaf.prefix' in any property source
2024-01-13 22:39:12.360 TRACE 58992 --- [           main] o.s.c.e.PropertySourcesPropertyResolver  : Searching for key 'spring.thymeleaf.suffix' in PropertySource 'Annotations'
2024-01-13 22:39:12.360 TRACE 58992 --- [           main] o.s.c.e.PropertySourcesPropertyResolver  : Searching for key 'spring.thymeleaf.suffix' in PropertySource 'configurationProperties'
2024-01-13 22:39:12.360 TRACE 58992 --- [           main] o.s.c.e.PropertySourcesPropertyResolver  : Searching for key 'spring.thymeleaf.suffix' in PropertySource 'test'
2024-01-13 22:39:12.360 TRACE 58992 --- [           main] o.s.c.e.PropertySourcesPropertyResolver  : Searching for key 'spring.thymeleaf.suffix' in PropertySource 'Inlined Test Properties'
2024-01-13 22:39:12.360 TRACE 58992 --- [           main] o.s.c.e.PropertySourcesPropertyResolver  : Searching for key 'spring.thymeleaf.suffix' in PropertySource 'systemProperties'
2024-01-13 22:39:12.360 TRACE 58992 --- [           main] o.s.c.e.PropertySourcesPropertyResolver  : Searching for key 'spring.thymeleaf.suffix' in PropertySource 'systemEnvironment'
2024-01-13 22:39:12.360 TRACE 58992 --- [           main] o.s.c.e.PropertySourcesPropertyResolver  : Searching for key 'spring.thymeleaf.suffix' in PropertySource 'random'
2024-01-13 22:39:12.360 TRACE 58992 --- [           main] o.s.c.e.PropertySourcesPropertyResolver  : Searching for key 'spring.thymeleaf.suffix' in PropertySource 'Config resource 'class path resource [application.properties]' via location 'optional:classpath:/''
2024-01-13 22:39:12.360 TRACE 58992 --- [           main] o.s.c.e.PropertySourcesPropertyResolver  : Searching for key 'spring.thymeleaf.suffix' in PropertySource 'Config resource 'class path resource [application.yml]' via location 'optional:classpath:/''
2024-01-13 22:39:12.360 TRACE 58992 --- [           main] o.s.c.e.PropertySourcesPropertyResolver  : Could not find key 'spring.thymeleaf.suffix' in any property source
2024-01-13 22:39:12.360 TRACE 58992 --- [           main] figuration$ErrorTemplateMissingCondition : Condition ErrorMvcAutoConfiguration.ErrorTemplateMissingCondition on org.springframework.boot.autoconfigure.web.servlet.error.ErrorMvcAutoConfiguration$WhitelabelErrorViewConfiguration matched due to ErrorTemplate Missing did not find error template view
2024-01-13 22:39:12.360 TRACE 58992 --- [           main] o.s.b.f.s.DefaultListableBeanFactory     : Returning cached instance of singleton bean 'autoConfigurationReport'
2024-01-13 22:39:12.360 TRACE 58992 --- [           main] a.ConfigurationClassBeanDefinitionReader : Registered bean definition for imported class 'org.springframework.boot.autoconfigure.web.servlet.error.ErrorMvcAutoConfiguration$WhitelabelErrorViewConfiguration'
2024-01-13 22:39:12.360 TRACE 58992 --- [           main] o.s.b.a.condition.OnBeanCondition        : Condition OnBeanCondition on org.springframework.boot.autoconfigure.web.servlet.error.ErrorMvcAutoConfiguration$WhitelabelErrorViewConfiguration#defaultErrorView matched due to @ConditionalOnMissingBean (names: error; SearchStrategy: all) did not find any beans
2024-01-13 22:39:12.360 TRACE 58992 --- [           main] o.s.b.f.s.DefaultListableBeanFactory     : Returning cached instance of singleton bean 'autoConfigurationReport'
2024-01-13 22:39:12.360 TRACE 58992 --- [           main] a.ConfigurationClassBeanDefinitionReader : Registering bean definition for @Bean method org.springframework.boot.autoconfigure.web.servlet.error.ErrorMvcAutoConfiguration$WhitelabelErrorViewConfiguration.error()
2024-01-13 22:39:12.360 TRACE 58992 --- [           main] o.s.b.a.condition.OnBeanCondition        : Condition OnBeanCondition on org.springframework.boot.autoconfigure.web.servlet.error.ErrorMvcAutoConfiguration$WhitelabelErrorViewConfiguration#beanNameViewResolver matched due to @ConditionalOnMissingBean (types: org.springframework.web.servlet.view.BeanNameViewResolver; SearchStrategy: all) did not find any beans
2024-01-13 22:39:12.360 TRACE 58992 --- [           main] o.s.b.f.s.DefaultListableBeanFactory     : Returning cached instance of singleton bean 'autoConfigurationReport'
2024-01-13 22:39:12.360 TRACE 58992 --- [           main] a.ConfigurationClassBeanDefinitionReader : Registering bean definition for @Bean method org.springframework.boot.autoconfigure.web.servlet.error.ErrorMvcAutoConfiguration$WhitelabelErrorViewConfiguration.beanNameViewResolver()
2024-01-13 22:39:12.360 TRACE 58992 --- [           main] a.ConfigurationClassBeanDefinitionReader : Registered bean definition for imported class 'org.springframework.boot.autoconfigure.web.servlet.error.ErrorMvcAutoConfiguration$DefaultErrorViewResolverConfiguration'
2024-01-13 22:39:12.361 TRACE 58992 --- [           main] o.s.b.a.condition.OnBeanCondition        : Condition OnBeanCondition on org.springframework.boot.autoconfigure.web.servlet.error.ErrorMvcAutoConfiguration$DefaultErrorViewResolverConfiguration#conventionErrorViewResolver did not match due to @ConditionalOnBean (types: org.springframework.web.servlet.DispatcherServlet; SearchStrategy: all) did not find any beans of type org.springframework.web.servlet.DispatcherServlet
2024-01-13 22:39:12.361 TRACE 58992 --- [           main] o.s.b.f.s.DefaultListableBeanFactory     : Returning cached instance of singleton bean 'autoConfigurationReport'
2024-01-13 22:39:12.361 TRACE 58992 --- [           main] a.ConfigurationClassBeanDefinitionReader : Registered bean definition for imported class 'org.springframework.boot.autoconfigure.web.servlet.error.ErrorMvcAutoConfiguration'
2024-01-13 22:39:12.361 TRACE 58992 --- [           main] o.s.b.a.condition.OnBeanCondition        : Condition OnBeanCondition on org.springframework.boot.autoconfigure.web.servlet.error.ErrorMvcAutoConfiguration#errorAttributes matched due to @ConditionalOnMissingBean (types: org.springframework.boot.web.servlet.error.ErrorAttributes; SearchStrategy: current) did not find any beans
2024-01-13 22:39:12.361 TRACE 58992 --- [           main] o.s.b.f.s.DefaultListableBeanFactory     : Returning cached instance of singleton bean 'autoConfigurationReport'
2024-01-13 22:39:12.361 TRACE 58992 --- [           main] a.ConfigurationClassBeanDefinitionReader : Registering bean definition for @Bean method org.springframework.boot.autoconfigure.web.servlet.error.ErrorMvcAutoConfiguration.errorAttributes()
2024-01-13 22:39:12.361 TRACE 58992 --- [           main] o.s.b.a.condition.OnBeanCondition        : Condition OnBeanCondition on org.springframework.boot.autoconfigure.web.servlet.error.ErrorMvcAutoConfiguration#basicErrorController matched due to @ConditionalOnMissingBean (types: org.springframework.boot.web.servlet.error.ErrorController; SearchStrategy: current) did not find any beans
2024-01-13 22:39:12.361 TRACE 58992 --- [           main] o.s.b.f.s.DefaultListableBeanFactory     : Returning cached instance of singleton bean 'autoConfigurationReport'
2024-01-13 22:39:12.361 TRACE 58992 --- [           main] a.ConfigurationClassBeanDefinitionReader : Registering bean definition for @Bean method org.springframework.boot.autoconfigure.web.servlet.error.ErrorMvcAutoConfiguration.basicErrorController()
2024-01-13 22:39:12.361 TRACE 58992 --- [           main] a.ConfigurationClassBeanDefinitionReader : Registering bean definition for @Bean method org.springframework.boot.autoconfigure.web.servlet.error.ErrorMvcAutoConfiguration.errorPageCustomizer()
2024-01-13 22:39:12.361 TRACE 58992 --- [           main] a.ConfigurationClassBeanDefinitionReader : Registering bean definition for @Bean method org.springframework.boot.autoconfigure.web.servlet.error.ErrorMvcAutoConfiguration.preserveErrorControllerTargetClassPostProcessor()
2024-01-13 22:39:12.361 TRACE 58992 --- [           main] o.s.b.a.condition.OnClassCondition       : Condition OnClassCondition on org.springframework.boot.autoconfigure.web.servlet.WebMvcAutoConfiguration matched due to @ConditionalOnClass found required classes 'javax.servlet.Servlet', 'org.springframework.web.servlet.DispatcherServlet', 'org.springframework.web.servlet.config.annotation.WebMvcConfigurer'
2024-01-13 22:39:12.361 TRACE 58992 --- [           main] o.s.b.f.s.DefaultListableBeanFactory     : Returning cached instance of singleton bean 'autoConfigurationReport'
2024-01-13 22:39:12.361 TRACE 58992 --- [           main] o.s.b.a.c.OnWebApplicationCondition      : Condition OnWebApplicationCondition on org.springframework.boot.autoconfigure.web.servlet.WebMvcAutoConfiguration matched due to found 'session' scope
2024-01-13 22:39:12.361 TRACE 58992 --- [           main] o.s.b.f.s.DefaultListableBeanFactory     : Returning cached instance of singleton bean 'autoConfigurationReport'
2024-01-13 22:39:12.361 TRACE 58992 --- [           main] o.s.b.a.condition.OnBeanCondition        : Condition OnBeanCondition on org.springframework.boot.autoconfigure.web.servlet.WebMvcAutoConfiguration matched due to @ConditionalOnMissingBean (types: org.springframework.web.servlet.config.annotation.WebMvcConfigurationSupport; SearchStrategy: all) did not find any beans
2024-01-13 22:39:12.361 TRACE 58992 --- [           main] o.s.b.f.s.DefaultListableBeanFactory     : Returning cached instance of singleton bean 'autoConfigurationReport'
2024-01-13 22:39:12.361 TRACE 58992 --- [           main] a.ConfigurationClassBeanDefinitionReader : Registered bean definition for imported class 'org.springframework.boot.autoconfigure.web.servlet.WebMvcAutoConfiguration$EnableWebMvcConfiguration'
2024-01-13 22:39:12.361 TRACE 58992 --- [           main] a.ConfigurationClassBeanDefinitionReader : Registering bean definition for @Bean method org.springframework.boot.autoconfigure.web.servlet.WebMvcAutoConfiguration$EnableWebMvcConfiguration.requestMappingHandlerAdapter()
2024-01-13 22:39:12.361 TRACE 58992 --- [           main] a.ConfigurationClassBeanDefinitionReader : Registering bean definition for @Bean method org.springframework.boot.autoconfigure.web.servlet.WebMvcAutoConfiguration$EnableWebMvcConfiguration.requestMappingHandlerMapping()
2024-01-13 22:39:12.361 TRACE 58992 --- [           main] a.ConfigurationClassBeanDefinitionReader : Registering bean definition for @Bean method org.springframework.boot.autoconfigure.web.servlet.WebMvcAutoConfiguration$EnableWebMvcConfiguration.welcomePageHandlerMapping()
2024-01-13 22:39:12.361 TRACE 58992 --- [           main] o.s.b.a.condition.OnBeanCondition        : Condition OnBeanCondition on org.springframework.boot.autoconfigure.web.servlet.WebMvcAutoConfiguration$EnableWebMvcConfiguration#localeResolver matched due to @ConditionalOnMissingBean (names: localeResolver; SearchStrategy: all) did not find any beans
2024-01-13 22:39:12.361 TRACE 58992 --- [           main] o.s.b.f.s.DefaultListableBeanFactory     : Returning cached instance of singleton bean 'autoConfigurationReport'
2024-01-13 22:39:12.361 TRACE 58992 --- [           main] a.ConfigurationClassBeanDefinitionReader : Registering bean definition for @Bean method org.springframework.boot.autoconfigure.web.servlet.WebMvcAutoConfiguration$EnableWebMvcConfiguration.localeResolver()
2024-01-13 22:39:12.361 TRACE 58992 --- [           main] o.s.b.a.condition.OnBeanCondition        : Condition OnBeanCondition on org.springframework.boot.autoconfigure.web.servlet.WebMvcAutoConfiguration$EnableWebMvcConfiguration#themeResolver matched due to @ConditionalOnMissingBean (names: themeResolver; SearchStrategy: all) did not find any beans
2024-01-13 22:39:12.361 TRACE 58992 --- [           main] o.s.b.f.s.DefaultListableBeanFactory     : Returning cached instance of singleton bean 'autoConfigurationReport'
2024-01-13 22:39:12.361 TRACE 58992 --- [           main] a.ConfigurationClassBeanDefinitionReader : Registering bean definition for @Bean method org.springframework.boot.autoconfigure.web.servlet.WebMvcAutoConfiguration$EnableWebMvcConfiguration.themeResolver()
2024-01-13 22:39:12.361 TRACE 58992 --- [           main] o.s.b.a.condition.OnBeanCondition        : Condition OnBeanCondition on org.springframework.boot.autoconfigure.web.servlet.WebMvcAutoConfiguration$EnableWebMvcConfiguration#flashMapManager matched due to @ConditionalOnMissingBean (names: flashMapManager; SearchStrategy: all) did not find any beans
2024-01-13 22:39:12.361 TRACE 58992 --- [           main] o.s.b.f.s.DefaultListableBeanFactory     : Returning cached instance of singleton bean 'autoConfigurationReport'
2024-01-13 22:39:12.361 TRACE 58992 --- [           main] a.ConfigurationClassBeanDefinitionReader : Registering bean definition for @Bean method org.springframework.boot.autoconfigure.web.servlet.WebMvcAutoConfiguration$EnableWebMvcConfiguration.flashMapManager()
2024-01-13 22:39:12.362 TRACE 58992 --- [           main] a.ConfigurationClassBeanDefinitionReader : Registering bean definition for @Bean method org.springframework.boot.autoconfigure.web.servlet.WebMvcAutoConfiguration$EnableWebMvcConfiguration.mvcConversionService()
2024-01-13 22:39:12.362 TRACE 58992 --- [           main] a.ConfigurationClassBeanDefinitionReader : Registering bean definition for @Bean method org.springframework.boot.autoconfigure.web.servlet.WebMvcAutoConfiguration$EnableWebMvcConfiguration.mvcValidator()
2024-01-13 22:39:12.362 TRACE 58992 --- [           main] a.ConfigurationClassBeanDefinitionReader : Registering bean definition for @Bean method org.springframework.boot.autoconfigure.web.servlet.WebMvcAutoConfiguration$EnableWebMvcConfiguration.mvcContentNegotiationManager()
2024-01-13 22:39:12.362 TRACE 58992 --- [           main] a.ConfigurationClassBeanDefinitionReader : Registering bean definition for @Bean method org.springframework.boot.autoconfigure.web.servlet.WebMvcAutoConfiguration$EnableWebMvcConfiguration.mvcPatternParser()
2024-01-13 22:39:12.362 TRACE 58992 --- [           main] a.ConfigurationClassBeanDefinitionReader : Registering bean definition for @Bean method org.springframework.boot.autoconfigure.web.servlet.WebMvcAutoConfiguration$EnableWebMvcConfiguration.mvcUrlPathHelper()
2024-01-13 22:39:12.362 TRACE 58992 --- [           main] a.ConfigurationClassBeanDefinitionReader : Registering bean definition for @Bean method org.springframework.boot.autoconfigure.web.servlet.WebMvcAutoConfiguration$EnableWebMvcConfiguration.mvcPathMatcher()
2024-01-13 22:39:12.362 TRACE 58992 --- [           main] a.ConfigurationClassBeanDefinitionReader : Registering bean definition for @Bean method org.springframework.boot.autoconfigure.web.servlet.WebMvcAutoConfiguration$EnableWebMvcConfiguration.viewControllerHandlerMapping()
2024-01-13 22:39:12.362 TRACE 58992 --- [           main] a.ConfigurationClassBeanDefinitionReader : Registering bean definition for @Bean method org.springframework.boot.autoconfigure.web.servlet.WebMvcAutoConfiguration$EnableWebMvcConfiguration.beanNameHandlerMapping()
2024-01-13 22:39:12.362 TRACE 58992 --- [           main] a.ConfigurationClassBeanDefinitionReader : Registering bean definition for @Bean method org.springframework.boot.autoconfigure.web.servlet.WebMvcAutoConfiguration$EnableWebMvcConfiguration.routerFunctionMapping()
2024-01-13 22:39:12.362 TRACE 58992 --- [           main] a.ConfigurationClassBeanDefinitionReader : Registering bean definition for @Bean method org.springframework.boot.autoconfigure.web.servlet.WebMvcAutoConfiguration$EnableWebMvcConfiguration.resourceHandlerMapping()
2024-01-13 22:39:12.362 TRACE 58992 --- [           main] a.ConfigurationClassBeanDefinitionReader : Registering bean definition for @Bean method org.springframework.boot.autoconfigure.web.servlet.WebMvcAutoConfiguration$EnableWebMvcConfiguration.mvcResourceUrlProvider()
2024-01-13 22:39:12.362 TRACE 58992 --- [           main] a.ConfigurationClassBeanDefinitionReader : Registering bean definition for @Bean method org.springframework.boot.autoconfigure.web.servlet.WebMvcAutoConfiguration$EnableWebMvcConfiguration.defaultServletHandlerMapping()
2024-01-13 22:39:12.362 TRACE 58992 --- [           main] a.ConfigurationClassBeanDefinitionReader : Registering bean definition for @Bean method org.springframework.boot.autoconfigure.web.servlet.WebMvcAutoConfiguration$EnableWebMvcConfiguration.handlerFunctionAdapter()
2024-01-13 22:39:12.362 TRACE 58992 --- [           main] a.ConfigurationClassBeanDefinitionReader : Registering bean definition for @Bean method org.springframework.boot.autoconfigure.web.servlet.WebMvcAutoConfiguration$EnableWebMvcConfiguration.mvcUriComponentsContributor()
2024-01-13 22:39:12.362 TRACE 58992 --- [           main] a.ConfigurationClassBeanDefinitionReader : Registering bean definition for @Bean method org.springframework.boot.autoconfigure.web.servlet.WebMvcAutoConfiguration$EnableWebMvcConfiguration.httpRequestHandlerAdapter()
2024-01-13 22:39:12.362 TRACE 58992 --- [           main] a.ConfigurationClassBeanDefinitionReader : Registering bean definition for @Bean method org.springframework.boot.autoconfigure.web.servlet.WebMvcAutoConfiguration$EnableWebMvcConfiguration.simpleControllerHandlerAdapter()
2024-01-13 22:39:12.362 TRACE 58992 --- [           main] a.ConfigurationClassBeanDefinitionReader : Registering bean definition for @Bean method org.springframework.boot.autoconfigure.web.servlet.WebMvcAutoConfiguration$EnableWebMvcConfiguration.handlerExceptionResolver()
2024-01-13 22:39:12.362 TRACE 58992 --- [           main] a.ConfigurationClassBeanDefinitionReader : Registering bean definition for @Bean method org.springframework.boot.autoconfigure.web.servlet.WebMvcAutoConfiguration$EnableWebMvcConfiguration.mvcViewResolver()
2024-01-13 22:39:12.362 TRACE 58992 --- [           main] a.ConfigurationClassBeanDefinitionReader : Registering bean definition for @Bean method org.springframework.boot.autoconfigure.web.servlet.WebMvcAutoConfiguration$EnableWebMvcConfiguration.mvcHandlerMappingIntrospector()
2024-01-13 22:39:12.362 TRACE 58992 --- [           main] a.ConfigurationClassBeanDefinitionReader : Registering bean definition for @Bean method org.springframework.boot.autoconfigure.web.servlet.WebMvcAutoConfiguration$EnableWebMvcConfiguration.viewNameTranslator()
2024-01-13 22:39:12.362 TRACE 58992 --- [           main] a.ConfigurationClassBeanDefinitionReader : Registered bean definition for imported class 'org.springframework.boot.autoconfigure.web.servlet.WebMvcAutoConfiguration$WebMvcAutoConfigurationAdapter'
2024-01-13 22:39:12.363 TRACE 58992 --- [           main] o.s.b.a.condition.OnBeanCondition        : Condition OnBeanCondition on org.springframework.boot.autoconfigure.web.servlet.WebMvcAutoConfiguration$WebMvcAutoConfigurationAdapter#defaultViewResolver matched due to @ConditionalOnMissingBean (types: org.springframework.web.servlet.view.InternalResourceViewResolver; SearchStrategy: all) did not find any beans
2024-01-13 22:39:12.363 TRACE 58992 --- [           main] o.s.b.f.s.DefaultListableBeanFactory     : Returning cached instance of singleton bean 'autoConfigurationReport'
2024-01-13 22:39:12.363 TRACE 58992 --- [           main] a.ConfigurationClassBeanDefinitionReader : Registering bean definition for @Bean method org.springframework.boot.autoconfigure.web.servlet.WebMvcAutoConfiguration$WebMvcAutoConfigurationAdapter.defaultViewResolver()
2024-01-13 22:39:12.363 TRACE 58992 --- [           main] o.s.b.a.condition.OnBeanCondition        : Condition OnBeanCondition on org.springframework.boot.autoconfigure.web.servlet.WebMvcAutoConfiguration$WebMvcAutoConfigurationAdapter#beanNameViewResolver did not match due to @ConditionalOnMissingBean (types: org.springframework.web.servlet.view.BeanNameViewResolver; SearchStrategy: all) found beans of type 'org.springframework.web.servlet.view.BeanNameViewResolver' beanNameViewResolver
2024-01-13 22:39:12.363 TRACE 58992 --- [           main] o.s.b.f.s.DefaultListableBeanFactory     : Returning cached instance of singleton bean 'autoConfigurationReport'
2024-01-13 22:39:12.363 TRACE 58992 --- [           main] o.s.b.a.condition.OnBeanCondition        : Condition OnBeanCondition on org.springframework.boot.autoconfigure.web.servlet.WebMvcAutoConfiguration$WebMvcAutoConfigurationAdapter#viewResolver matched due to @ConditionalOnBean (types: org.springframework.web.servlet.ViewResolver; SearchStrategy: all) found beans 'defaultViewResolver', 'beanNameViewResolver', 'mvcViewResolver'; @ConditionalOnMissingBean (names: viewResolver types: org.springframework.web.servlet.view.ContentNegotiatingViewResolver; SearchStrategy: all) did not find any beans
2024-01-13 22:39:12.363 TRACE 58992 --- [           main] o.s.b.f.s.DefaultListableBeanFactory     : Returning cached instance of singleton bean 'autoConfigurationReport'
2024-01-13 22:39:12.363 TRACE 58992 --- [           main] o.s.b.a.condition.OnBeanCondition        : Condition OnBeanCondition on org.springframework.boot.autoconfigure.web.servlet.WebMvcAutoConfiguration$WebMvcAutoConfigurationAdapter#viewResolver matched due to @ConditionalOnBean (types: org.springframework.web.servlet.ViewResolver; SearchStrategy: all) found beans 'defaultViewResolver', 'beanNameViewResolver', 'mvcViewResolver'; @ConditionalOnMissingBean (names: viewResolver types: org.springframework.web.servlet.view.ContentNegotiatingViewResolver; SearchStrategy: all) did not find any beans
2024-01-13 22:39:12.363 TRACE 58992 --- [           main] o.s.b.f.s.DefaultListableBeanFactory     : Returning cached instance of singleton bean 'autoConfigurationReport'
2024-01-13 22:39:12.363 TRACE 58992 --- [           main] a.ConfigurationClassBeanDefinitionReader : Registering bean definition for @Bean method org.springframework.boot.autoconfigure.web.servlet.WebMvcAutoConfiguration$WebMvcAutoConfigurationAdapter.viewResolver()
2024-01-13 22:39:12.363 TRACE 58992 --- [           main] o.s.b.a.condition.OnBeanCondition        : Condition OnBeanCondition on org.springframework.boot.autoconfigure.web.servlet.WebMvcAutoConfiguration$WebMvcAutoConfigurationAdapter#requestContextFilter matched due to @ConditionalOnMissingBean (types: org.springframework.web.context.request.RequestContextListener,org.springframework.web.filter.RequestContextFilter; SearchStrategy: all) did not find any beans
2024-01-13 22:39:12.363 TRACE 58992 --- [           main] o.s.b.f.s.DefaultListableBeanFactory     : Returning cached instance of singleton bean 'autoConfigurationReport'
2024-01-13 22:39:12.364 TRACE 58992 --- [           main] o.s.b.a.condition.OnBeanCondition        : Condition OnBeanCondition on org.springframework.boot.autoconfigure.web.servlet.WebMvcAutoConfiguration$WebMvcAutoConfigurationAdapter#requestContextFilter matched due to @ConditionalOnMissingBean (types: org.springframework.web.context.request.RequestContextListener,org.springframework.web.filter.RequestContextFilter; SearchStrategy: all) did not find any beans
2024-01-13 22:39:12.364 TRACE 58992 --- [           main] o.s.b.f.s.DefaultListableBeanFactory     : Returning cached instance of singleton bean 'autoConfigurationReport'
2024-01-13 22:39:12.364 TRACE 58992 --- [           main] a.ConfigurationClassBeanDefinitionReader : Registering bean definition for @Bean method org.springframework.boot.autoconfigure.web.servlet.WebMvcAutoConfiguration$WebMvcAutoConfigurationAdapter.requestContextFilter()
2024-01-13 22:39:12.364 TRACE 58992 --- [           main] a.ConfigurationClassBeanDefinitionReader : Registered bean definition for imported class 'org.springframework.boot.autoconfigure.web.servlet.WebMvcAutoConfiguration'
2024-01-13 22:39:12.364 TRACE 58992 --- [           main] o.s.b.a.condition.OnPropertyCondition    : Condition OnPropertyCondition on org.springframework.boot.autoconfigure.web.servlet.WebMvcAutoConfiguration#hiddenHttpMethodFilter did not match due to @ConditionalOnProperty (spring.mvc.hiddenmethod.filter.enabled) did not find property 'enabled'
2024-01-13 22:39:12.364 TRACE 58992 --- [           main] o.s.b.f.s.DefaultListableBeanFactory     : Returning cached instance of singleton bean 'autoConfigurationReport'
2024-01-13 22:39:12.364 TRACE 58992 --- [           main] o.s.b.a.condition.OnPropertyCondition    : Condition OnPropertyCondition on org.springframework.boot.autoconfigure.web.servlet.WebMvcAutoConfiguration#formContentFilter matched due to @ConditionalOnProperty (spring.mvc.formcontent.filter.enabled) matched
2024-01-13 22:39:12.364 TRACE 58992 --- [           main] o.s.b.f.s.DefaultListableBeanFactory     : Returning cached instance of singleton bean 'autoConfigurationReport'
2024-01-13 22:39:12.364 TRACE 58992 --- [           main] o.s.b.a.condition.OnBeanCondition        : Condition OnBeanCondition on org.springframework.boot.autoconfigure.web.servlet.WebMvcAutoConfiguration#formContentFilter matched due to @ConditionalOnMissingBean (types: org.springframework.web.filter.FormContentFilter; SearchStrategy: all) did not find any beans
2024-01-13 22:39:12.364 TRACE 58992 --- [           main] o.s.b.f.s.DefaultListableBeanFactory     : Returning cached instance of singleton bean 'autoConfigurationReport'
2024-01-13 22:39:12.364 TRACE 58992 --- [           main] a.ConfigurationClassBeanDefinitionReader : Registering bean definition for @Bean method org.springframework.boot.autoconfigure.web.servlet.WebMvcAutoConfiguration.formContentFilter()
2024-01-13 22:39:12.364 TRACE 58992 --- [           main] o.s.b.a.condition.OnClassCondition       : Condition OnClassCondition on org.springframework.boot.autoconfigure.jackson.JacksonAutoConfiguration matched due to @ConditionalOnClass found required class 'com.fasterxml.jackson.databind.ObjectMapper'
2024-01-13 22:39:12.364 TRACE 58992 --- [           main] o.s.b.f.s.DefaultListableBeanFactory     : Returning cached instance of singleton bean 'autoConfigurationReport'
2024-01-13 22:39:12.364 TRACE 58992 --- [           main] o.s.b.a.condition.OnClassCondition       : Condition OnClassCondition on org.springframework.boot.autoconfigure.jackson.JacksonAutoConfiguration$Jackson2ObjectMapperBuilderCustomizerConfiguration matched due to @ConditionalOnClass found required class 'org.springframework.http.converter.json.Jackson2ObjectMapperBuilder'
2024-01-13 22:39:12.364 TRACE 58992 --- [           main] o.s.b.f.s.DefaultListableBeanFactory     : Returning cached instance of singleton bean 'autoConfigurationReport'
2024-01-13 22:39:12.364 TRACE 58992 --- [           main] a.ConfigurationClassBeanDefinitionReader : Registered bean definition for imported class 'org.springframework.boot.autoconfigure.jackson.JacksonAutoConfiguration$Jackson2ObjectMapperBuilderCustomizerConfiguration'
2024-01-13 22:39:12.364 TRACE 58992 --- [           main] a.ConfigurationClassBeanDefinitionReader : Registering bean definition for @Bean method org.springframework.boot.autoconfigure.jackson.JacksonAutoConfiguration$Jackson2ObjectMapperBuilderCustomizerConfiguration.standardJacksonObjectMapperBuilderCustomizer()
2024-01-13 22:39:12.364 TRACE 58992 --- [           main] o.s.b.a.condition.OnClassCondition       : Condition OnClassCondition on org.springframework.boot.autoconfigure.jackson.JacksonAutoConfiguration$JacksonObjectMapperBuilderConfiguration matched due to @ConditionalOnClass found required class 'org.springframework.http.converter.json.Jackson2ObjectMapperBuilder'
2024-01-13 22:39:12.364 TRACE 58992 --- [           main] o.s.b.f.s.DefaultListableBeanFactory     : Returning cached instance of singleton bean 'autoConfigurationReport'
2024-01-13 22:39:12.364 TRACE 58992 --- [           main] a.ConfigurationClassBeanDefinitionReader : Registered bean definition for imported class 'org.springframework.boot.autoconfigure.jackson.JacksonAutoConfiguration$JacksonObjectMapperBuilderConfiguration'
2024-01-13 22:39:12.365 TRACE 58992 --- [           main] o.s.b.a.condition.OnBeanCondition        : Condition OnBeanCondition on org.springframework.boot.autoconfigure.jackson.JacksonAutoConfiguration$JacksonObjectMapperBuilderConfiguration#jacksonObjectMapperBuilder matched due to @ConditionalOnMissingBean (types: org.springframework.http.converter.json.Jackson2ObjectMapperBuilder; SearchStrategy: all) did not find any beans
2024-01-13 22:39:12.365 TRACE 58992 --- [           main] o.s.b.f.s.DefaultListableBeanFactory     : Returning cached instance of singleton bean 'autoConfigurationReport'
2024-01-13 22:39:12.365 TRACE 58992 --- [           main] a.ConfigurationClassBeanDefinitionReader : Registering bean definition for @Bean method org.springframework.boot.autoconfigure.jackson.JacksonAutoConfiguration$JacksonObjectMapperBuilderConfiguration.jacksonObjectMapperBuilder()
2024-01-13 22:39:12.365 TRACE 58992 --- [           main] o.s.b.a.condition.OnClassCondition       : Condition OnClassCondition on org.springframework.boot.autoconfigure.jackson.JacksonAutoConfiguration$ParameterNamesModuleConfiguration matched due to @ConditionalOnClass found required class 'com.fasterxml.jackson.module.paramnames.ParameterNamesModule'
2024-01-13 22:39:12.365 TRACE 58992 --- [           main] o.s.b.f.s.DefaultListableBeanFactory     : Returning cached instance of singleton bean 'autoConfigurationReport'
2024-01-13 22:39:12.365 TRACE 58992 --- [           main] a.ConfigurationClassBeanDefinitionReader : Registered bean definition for imported class 'org.springframework.boot.autoconfigure.jackson.JacksonAutoConfiguration$ParameterNamesModuleConfiguration'
2024-01-13 22:39:12.365 TRACE 58992 --- [           main] o.s.b.a.condition.OnBeanCondition        : Condition OnBeanCondition on org.springframework.boot.autoconfigure.jackson.JacksonAutoConfiguration$ParameterNamesModuleConfiguration#parameterNamesModule matched due to @ConditionalOnMissingBean (types: com.fasterxml.jackson.module.paramnames.ParameterNamesModule; SearchStrategy: all) did not find any beans
2024-01-13 22:39:12.365 TRACE 58992 --- [           main] o.s.b.f.s.DefaultListableBeanFactory     : Returning cached instance of singleton bean 'autoConfigurationReport'
2024-01-13 22:39:12.365 TRACE 58992 --- [           main] a.ConfigurationClassBeanDefinitionReader : Registering bean definition for @Bean method org.springframework.boot.autoconfigure.jackson.JacksonAutoConfiguration$ParameterNamesModuleConfiguration.parameterNamesModule()
2024-01-13 22:39:12.365 TRACE 58992 --- [           main] o.s.b.a.condition.OnClassCondition       : Condition OnClassCondition on org.springframework.boot.autoconfigure.jackson.JacksonAutoConfiguration$JacksonObjectMapperConfiguration matched due to @ConditionalOnClass found required class 'org.springframework.http.converter.json.Jackson2ObjectMapperBuilder'
2024-01-13 22:39:12.365 TRACE 58992 --- [           main] o.s.b.f.s.DefaultListableBeanFactory     : Returning cached instance of singleton bean 'autoConfigurationReport'
2024-01-13 22:39:12.365 TRACE 58992 --- [           main] a.ConfigurationClassBeanDefinitionReader : Registered bean definition for imported class 'org.springframework.boot.autoconfigure.jackson.JacksonAutoConfiguration$JacksonObjectMapperConfiguration'
2024-01-13 22:39:12.366 TRACE 58992 --- [           main] o.s.b.a.condition.OnBeanCondition        : Condition OnBeanCondition on org.springframework.boot.autoconfigure.jackson.JacksonAutoConfiguration$JacksonObjectMapperConfiguration#jacksonObjectMapper matched due to @ConditionalOnMissingBean (types: com.fasterxml.jackson.databind.ObjectMapper; SearchStrategy: all) did not find any beans
2024-01-13 22:39:12.366 TRACE 58992 --- [           main] o.s.b.f.s.DefaultListableBeanFactory     : Returning cached instance of singleton bean 'autoConfigurationReport'
2024-01-13 22:39:12.366 TRACE 58992 --- [           main] a.ConfigurationClassBeanDefinitionReader : Registering bean definition for @Bean method org.springframework.boot.autoconfigure.jackson.JacksonAutoConfiguration$JacksonObjectMapperConfiguration.jacksonObjectMapper()
2024-01-13 22:39:12.366 TRACE 58992 --- [           main] a.ConfigurationClassBeanDefinitionReader : Registered bean definition for imported class 'org.springframework.boot.autoconfigure.jackson.JacksonAutoConfiguration'
2024-01-13 22:39:12.366 TRACE 58992 --- [           main] a.ConfigurationClassBeanDefinitionReader : Registering bean definition for @Bean method org.springframework.boot.autoconfigure.jackson.JacksonAutoConfiguration.jsonComponentModule()
2024-01-13 22:39:12.366 TRACE 58992 --- [           main] o.s.b.a.condition.OnClassCondition       : Condition OnClassCondition on org.springframework.boot.autoconfigure.cache.CacheAutoConfiguration matched due to @ConditionalOnClass found required class 'org.springframework.cache.CacheManager'
2024-01-13 22:39:12.366 TRACE 58992 --- [           main] o.s.b.f.s.DefaultListableBeanFactory     : Returning cached instance of singleton bean 'autoConfigurationReport'
2024-01-13 22:39:12.366 TRACE 58992 --- [           main] o.s.b.a.condition.OnBeanCondition        : Condition OnBeanCondition on org.springframework.boot.autoconfigure.cache.CacheAutoConfiguration did not match due to @ConditionalOnBean (types: org.springframework.cache.interceptor.CacheAspectSupport; SearchStrategy: all) did not find any beans of type org.springframework.cache.interceptor.CacheAspectSupport
2024-01-13 22:39:12.366 TRACE 58992 --- [           main] o.s.b.f.s.DefaultListableBeanFactory     : Returning cached instance of singleton bean 'autoConfigurationReport'
2024-01-13 22:39:12.366 TRACE 58992 --- [           main] o.s.b.a.condition.OnClassCondition       : Condition OnClassCondition on org.springframework.boot.autoconfigure.http.HttpMessageConvertersAutoConfiguration matched due to @ConditionalOnClass found required class 'org.springframework.http.converter.HttpMessageConverter'
2024-01-13 22:39:12.366 TRACE 58992 --- [           main] o.s.b.f.s.DefaultListableBeanFactory     : Returning cached instance of singleton bean 'autoConfigurationReport'
2024-01-13 22:39:12.366 TRACE 58992 --- [           main] o.s.b.a.condition.OnClassCondition       : Condition OnClassCondition on org.springframework.boot.autoconfigure.http.HttpMessageConvertersAutoConfiguration$StringHttpMessageConverterConfiguration matched due to @ConditionalOnClass found required class 'org.springframework.http.converter.StringHttpMessageConverter'
2024-01-13 22:39:12.366 TRACE 58992 --- [           main] o.s.b.f.s.DefaultListableBeanFactory     : Returning cached instance of singleton bean 'autoConfigurationReport'
2024-01-13 22:39:12.366 TRACE 58992 --- [           main] a.ConfigurationClassBeanDefinitionReader : Registered bean definition for imported class 'org.springframework.boot.autoconfigure.http.HttpMessageConvertersAutoConfiguration$StringHttpMessageConverterConfiguration'
2024-01-13 22:39:12.366 TRACE 58992 --- [           main] o.s.b.a.condition.OnBeanCondition        : Condition OnBeanCondition on org.springframework.boot.autoconfigure.http.HttpMessageConvertersAutoConfiguration$StringHttpMessageConverterConfiguration#stringHttpMessageConverter matched due to @ConditionalOnMissingBean (types: org.springframework.http.converter.StringHttpMessageConverter; SearchStrategy: all) did not find any beans
2024-01-13 22:39:12.366 TRACE 58992 --- [           main] o.s.b.f.s.DefaultListableBeanFactory     : Returning cached instance of singleton bean 'autoConfigurationReport'
2024-01-13 22:39:12.366 TRACE 58992 --- [           main] a.ConfigurationClassBeanDefinitionReader : Registering bean definition for @Bean method org.springframework.boot.autoconfigure.http.HttpMessageConvertersAutoConfiguration$StringHttpMessageConverterConfiguration.stringHttpMessageConverter()
2024-01-13 22:39:12.366 TRACE 58992 --- [           main] o.s.b.a.condition.OnClassCondition       : Condition OnClassCondition on org.springframework.boot.autoconfigure.http.JacksonHttpMessageConvertersConfiguration$MappingJackson2HttpMessageConverterConfiguration matched due to @ConditionalOnClass found required class 'com.fasterxml.jackson.databind.ObjectMapper'
2024-01-13 22:39:12.366 TRACE 58992 --- [           main] o.s.b.f.s.DefaultListableBeanFactory     : Returning cached instance of singleton bean 'autoConfigurationReport'
2024-01-13 22:39:12.366 TRACE 58992 --- [           main] o.s.b.a.condition.OnPropertyCondition    : Condition OnPropertyCondition on org.springframework.boot.autoconfigure.http.JacksonHttpMessageConvertersConfiguration$MappingJackson2HttpMessageConverterConfiguration matched due to @ConditionalOnProperty (spring.mvc.converters.preferred-json-mapper=jackson) matched
2024-01-13 22:39:12.366 TRACE 58992 --- [           main] o.s.b.f.s.DefaultListableBeanFactory     : Returning cached instance of singleton bean 'autoConfigurationReport'
2024-01-13 22:39:12.366 TRACE 58992 --- [           main] o.s.b.a.condition.OnBeanCondition        : Condition OnBeanCondition on org.springframework.boot.autoconfigure.http.JacksonHttpMessageConvertersConfiguration$MappingJackson2HttpMessageConverterConfiguration matched due to @ConditionalOnBean (types: com.fasterxml.jackson.databind.ObjectMapper; SearchStrategy: all) found bean 'jacksonObjectMapper'
2024-01-13 22:39:12.366 TRACE 58992 --- [           main] o.s.b.f.s.DefaultListableBeanFactory     : Returning cached instance of singleton bean 'autoConfigurationReport'
2024-01-13 22:39:12.366 TRACE 58992 --- [           main] a.ConfigurationClassBeanDefinitionReader : Registered bean definition for imported class 'org.springframework.boot.autoconfigure.http.JacksonHttpMessageConvertersConfiguration$MappingJackson2HttpMessageConverterConfiguration'
2024-01-13 22:39:12.367 TRACE 58992 --- [           main] o.s.b.a.condition.OnBeanCondition        : Condition OnBeanCondition on org.springframework.boot.autoconfigure.http.JacksonHttpMessageConvertersConfiguration$MappingJackson2HttpMessageConverterConfiguration#mappingJackson2HttpMessageConverter matched due to @ConditionalOnMissingBean (types: org.springframework.http.converter.json.MappingJackson2HttpMessageConverter ignored: org.springframework.hateoas.server.mvc.TypeConstrainedMappingJackson2HttpMessageConverter,org.springframework.data.rest.webmvc.alps.AlpsJsonHttpMessageConverter; SearchStrategy: all) did not find any beans
2024-01-13 22:39:12.367 TRACE 58992 --- [           main] o.s.b.f.s.DefaultListableBeanFactory     : Returning cached instance of singleton bean 'autoConfigurationReport'
2024-01-13 22:39:12.367 TRACE 58992 --- [           main] a.ConfigurationClassBeanDefinitionReader : Registering bean definition for @Bean method org.springframework.boot.autoconfigure.http.JacksonHttpMessageConvertersConfiguration$MappingJackson2HttpMessageConverterConfiguration.mappingJackson2HttpMessageConverter()
2024-01-13 22:39:12.367 TRACE 58992 --- [           main] a.ConfigurationClassBeanDefinitionReader : Registered bean definition for imported class 'org.springframework.boot.autoconfigure.http.JacksonHttpMessageConvertersConfiguration'
2024-01-13 22:39:12.367 TRACE 58992 --- [           main] a.ConfigurationClassBeanDefinitionReader : Registered bean definition for imported class 'org.springframework.boot.autoconfigure.http.HttpMessageConvertersAutoConfiguration'
2024-01-13 22:39:12.368 TRACE 58992 --- [           main] o.s.b.a.condition.OnBeanCondition        : Condition OnBeanCondition on org.springframework.boot.autoconfigure.http.HttpMessageConvertersAutoConfiguration#messageConverters matched due to @ConditionalOnMissingBean (types: org.springframework.boot.autoconfigure.http.HttpMessageConverters; SearchStrategy: all) did not find any beans
2024-01-13 22:39:12.368 TRACE 58992 --- [           main] o.s.b.f.s.DefaultListableBeanFactory     : Returning cached instance of singleton bean 'autoConfigurationReport'
2024-01-13 22:39:12.368 TRACE 58992 --- [           main] a.ConfigurationClassBeanDefinitionReader : Registering bean definition for @Bean method org.springframework.boot.autoconfigure.http.HttpMessageConvertersAutoConfiguration.messageConverters()
2024-01-13 22:39:12.368 TRACE 58992 --- [           main] o.s.b.a.condition.OnClassCondition       : Condition OnClassCondition on org.springframework.boot.autoconfigure.data.web.SpringDataWebAutoConfiguration matched due to @ConditionalOnClass found required classes 'org.springframework.data.web.PageableHandlerMethodArgumentResolver', 'org.springframework.web.servlet.config.annotation.WebMvcConfigurer'
2024-01-13 22:39:12.368 TRACE 58992 --- [           main] o.s.b.f.s.DefaultListableBeanFactory     : Returning cached instance of singleton bean 'autoConfigurationReport'
2024-01-13 22:39:12.368 TRACE 58992 --- [           main] o.s.b.a.c.OnWebApplicationCondition      : Condition OnWebApplicationCondition on org.springframework.boot.autoconfigure.data.web.SpringDataWebAutoConfiguration matched due to found 'session' scope
2024-01-13 22:39:12.368 TRACE 58992 --- [           main] o.s.b.f.s.DefaultListableBeanFactory     : Returning cached instance of singleton bean 'autoConfigurationReport'
2024-01-13 22:39:12.368 TRACE 58992 --- [           main] o.s.b.a.condition.OnBeanCondition        : Condition OnBeanCondition on org.springframework.boot.autoconfigure.data.web.SpringDataWebAutoConfiguration matched due to @ConditionalOnMissingBean (types: org.springframework.data.web.PageableHandlerMethodArgumentResolver; SearchStrategy: all) did not find any beans
2024-01-13 22:39:12.368 TRACE 58992 --- [           main] o.s.b.f.s.DefaultListableBeanFactory     : Returning cached instance of singleton bean 'autoConfigurationReport'
2024-01-13 22:39:12.368 TRACE 58992 --- [           main] a.ConfigurationClassBeanDefinitionReader : Registered bean definition for imported class 'org.springframework.data.web.config.ProjectingArgumentResolverRegistrar'
2024-01-13 22:39:12.368 TRACE 58992 --- [           main] a.ConfigurationClassBeanDefinitionReader : Registering bean definition for @Bean method org.springframework.data.web.config.ProjectingArgumentResolverRegistrar.projectingArgumentResolverBeanPostProcessor()
2024-01-13 22:39:12.368 TRACE 58992 --- [           main] a.ConfigurationClassBeanDefinitionReader : Registered bean definition for imported class 'org.springframework.data.web.config.HateoasAwareSpringDataWebConfiguration'
2024-01-13 22:39:12.368 TRACE 58992 --- [           main] a.ConfigurationClassBeanDefinitionReader : Registering bean definition for @Bean method org.springframework.data.web.config.HateoasAwareSpringDataWebConfiguration.pageableResolver()
2024-01-13 22:39:12.368 TRACE 58992 --- [           main] a.ConfigurationClassBeanDefinitionReader : Registering bean definition for @Bean method org.springframework.data.web.config.HateoasAwareSpringDataWebConfiguration.sortResolver()
2024-01-13 22:39:12.368 TRACE 58992 --- [           main] a.ConfigurationClassBeanDefinitionReader : Registering bean definition for @Bean method org.springframework.data.web.config.HateoasAwareSpringDataWebConfiguration.pagedResourcesAssembler()
2024-01-13 22:39:12.368 TRACE 58992 --- [           main] a.ConfigurationClassBeanDefinitionReader : Registering bean definition for @Bean method org.springframework.data.web.config.HateoasAwareSpringDataWebConfiguration.pagedResourcesAssemblerArgumentResolver()
2024-01-13 22:39:12.368 TRACE 58992 --- [           main] a.ConfigurationClassBeanDefinitionReader : Registered bean definition for imported class 'org.springframework.data.web.config.SpringDataJacksonConfiguration'
2024-01-13 22:39:12.368 TRACE 58992 --- [           main] a.ConfigurationClassBeanDefinitionReader : Registering bean definition for @Bean method org.springframework.data.web.config.SpringDataJacksonConfiguration.jacksonGeoModule()
2024-01-13 22:39:12.368 TRACE 58992 --- [           main] a.ConfigurationClassBeanDefinitionReader : Registered bean definition for imported class 'org.springframework.boot.autoconfigure.data.web.SpringDataWebAutoConfiguration'
2024-01-13 22:39:12.369 TRACE 58992 --- [           main] o.s.b.a.condition.OnBeanCondition        : Condition OnBeanCondition on org.springframework.boot.autoconfigure.data.web.SpringDataWebAutoConfiguration#pageableCustomizer matched due to @ConditionalOnMissingBean (types: org.springframework.data.web.config.PageableHandlerMethodArgumentResolverCustomizer; SearchStrategy: all) did not find any beans
2024-01-13 22:39:12.369 TRACE 58992 --- [           main] o.s.b.f.s.DefaultListableBeanFactory     : Returning cached instance of singleton bean 'autoConfigurationReport'
2024-01-13 22:39:12.369 TRACE 58992 --- [           main] a.ConfigurationClassBeanDefinitionReader : Registering bean definition for @Bean method org.springframework.boot.autoconfigure.data.web.SpringDataWebAutoConfiguration.pageableCustomizer()
2024-01-13 22:39:12.370 TRACE 58992 --- [           main] o.s.b.a.condition.OnBeanCondition        : Condition OnBeanCondition on org.springframework.boot.autoconfigure.data.web.SpringDataWebAutoConfiguration#sortCustomizer matched due to @ConditionalOnMissingBean (types: org.springframework.data.web.config.SortHandlerMethodArgumentResolverCustomizer; SearchStrategy: all) did not find any beans
2024-01-13 22:39:12.370 TRACE 58992 --- [           main] o.s.b.f.s.DefaultListableBeanFactory     : Returning cached instance of singleton bean 'autoConfigurationReport'
2024-01-13 22:39:12.370 TRACE 58992 --- [           main] a.ConfigurationClassBeanDefinitionReader : Registering bean definition for @Bean method org.springframework.boot.autoconfigure.data.web.SpringDataWebAutoConfiguration.sortCustomizer()
2024-01-13 22:39:12.370 TRACE 58992 --- [           main] o.s.b.a.condition.OnClassCondition       : Condition OnClassCondition on org.springframework.boot.autoconfigure.hateoas.HypermediaAutoConfiguration matched due to @ConditionalOnClass found required classes 'org.springframework.hateoas.EntityModel', 'org.springframework.web.bind.annotation.RequestMapping', 'org.springframework.web.servlet.mvc.method.annotation.RequestMappingHandlerAdapter', 'org.springframework.plugin.core.Plugin'
2024-01-13 22:39:12.370 TRACE 58992 --- [           main] o.s.b.f.s.DefaultListableBeanFactory     : Returning cached instance of singleton bean 'autoConfigurationReport'
2024-01-13 22:39:12.370 TRACE 58992 --- [           main] o.s.b.a.c.OnWebApplicationCondition      : Condition OnWebApplicationCondition on org.springframework.boot.autoconfigure.hateoas.HypermediaAutoConfiguration matched due to @ConditionalOnWebApplication (required) found 'session' scope
2024-01-13 22:39:12.370 TRACE 58992 --- [           main] o.s.b.f.s.DefaultListableBeanFactory     : Returning cached instance of singleton bean 'autoConfigurationReport'
2024-01-13 22:39:12.370 TRACE 58992 --- [           main] o.s.b.a.condition.OnClassCondition       : Condition OnClassCondition on org.springframework.boot.autoconfigure.hateoas.HypermediaAutoConfiguration$HypermediaConfiguration matched due to @ConditionalOnClass found required class 'com.fasterxml.jackson.databind.ObjectMapper'
2024-01-13 22:39:12.370 TRACE 58992 --- [           main] o.s.b.f.s.DefaultListableBeanFactory     : Returning cached instance of singleton bean 'autoConfigurationReport'
2024-01-13 22:39:12.370 TRACE 58992 --- [           main] o.s.b.a.condition.OnBeanCondition        : Condition OnBeanCondition on org.springframework.boot.autoconfigure.hateoas.HypermediaAutoConfiguration$HypermediaConfiguration matched due to @ConditionalOnMissingBean (types: org.springframework.hateoas.client.LinkDiscoverers; SearchStrategy: all) did not find any beans
2024-01-13 22:39:12.370 TRACE 58992 --- [           main] o.s.b.f.s.DefaultListableBeanFactory     : Returning cached instance of singleton bean 'autoConfigurationReport'
2024-01-13 22:39:12.370 TRACE 58992 --- [           main] a.ConfigurationClassBeanDefinitionReader : Registered bean definition for imported class 'org.springframework.hateoas.mediatype.hal.HalMediaTypeConfiguration'
2024-01-13 22:39:12.370 TRACE 58992 --- [           main] a.ConfigurationClassBeanDefinitionReader : Registering bean definition for @Bean method org.springframework.hateoas.mediatype.hal.HalMediaTypeConfiguration.halLinkDisocoverer()
2024-01-13 22:39:12.370 TRACE 58992 --- [           main] a.ConfigurationClassBeanDefinitionReader : Registered bean definition for imported class 'org.springframework.hateoas.config.WebTestHateoasConfiguration'
2024-01-13 22:39:12.370 TRACE 58992 --- [           main] a.ConfigurationClassBeanDefinitionReader : Registering bean definition for @Bean method org.springframework.hateoas.config.WebTestHateoasConfiguration.webTestClientConfigurer()
2024-01-13 22:39:12.370 TRACE 58992 --- [           main] a.ConfigurationClassBeanDefinitionReader : Registered bean definition for imported class 'org.springframework.hateoas.config.HateoasConfiguration'
2024-01-13 22:39:12.370 TRACE 58992 --- [           main] a.ConfigurationClassBeanDefinitionReader : Registering bean definition for @Bean method org.springframework.hateoas.config.HateoasConfiguration.messageResolver()
2024-01-13 22:39:12.370 TRACE 58992 --- [           main] a.ConfigurationClassBeanDefinitionReader : Registering bean definition for @Bean method org.springframework.hateoas.config.HateoasConfiguration.hypermediaWebMvcConverters()
2024-01-13 22:39:12.370 TRACE 58992 --- [           main] a.ConfigurationClassBeanDefinitionReader : Registering bean definition for @Bean method org.springframework.hateoas.config.HateoasConfiguration.defaultRelProvider()
2024-01-13 22:39:12.370 TRACE 58992 --- [           main] a.ConfigurationClassBeanDefinitionReader : Registering bean definition for @Bean method org.springframework.hateoas.config.HateoasConfiguration.annotationRelProvider()
2024-01-13 22:39:12.370 TRACE 58992 --- [           main] a.ConfigurationClassBeanDefinitionReader : Registering bean definition for @Bean method org.springframework.hateoas.config.HateoasConfiguration._relProvider()
2024-01-13 22:39:12.370 TRACE 58992 --- [           main] a.ConfigurationClassBeanDefinitionReader : Registering bean definition for @Bean method org.springframework.hateoas.config.HateoasConfiguration.relProviderPluginRegistry()
2024-01-13 22:39:12.370 TRACE 58992 --- [           main] a.ConfigurationClassBeanDefinitionReader : Registering bean definition for @Bean method org.springframework.hateoas.config.HateoasConfiguration.linkDiscoverers()
2024-01-13 22:39:12.370 TRACE 58992 --- [           main] a.ConfigurationClassBeanDefinitionReader : Registered bean definition for imported class 'org.springframework.hateoas.config.WebMvcEntityLinksConfiguration'
2024-01-13 22:39:12.370 TRACE 58992 --- [           main] a.ConfigurationClassBeanDefinitionReader : Registering bean definition for @Bean method org.springframework.hateoas.config.WebMvcEntityLinksConfiguration.webMvcEntityLinks()
2024-01-13 22:39:12.370 TRACE 58992 --- [           main] a.ConfigurationClassBeanDefinitionReader : Registering bean definition for @Bean method org.springframework.hateoas.config.WebMvcEntityLinksConfiguration.entityLinksPluginRegistry()
2024-01-13 22:39:12.371 TRACE 58992 --- [           main] a.ConfigurationClassBeanDefinitionReader : Registering bean definition for @Bean method org.springframework.hateoas.config.WebMvcEntityLinksConfiguration.delegatingEntityLinks()
2024-01-13 22:39:12.371 TRACE 58992 --- [           main] a.ConfigurationClassBeanDefinitionReader : Registered bean definition for imported class 'org.springframework.hateoas.config.WebMvcHateoasConfiguration'
2024-01-13 22:39:12.371 TRACE 58992 --- [           main] a.ConfigurationClassBeanDefinitionReader : Registering bean definition for @Bean method org.springframework.hateoas.config.WebMvcHateoasConfiguration.hypermediaWebMvcConfigurer()
2024-01-13 22:39:12.371 TRACE 58992 --- [           main] a.ConfigurationClassBeanDefinitionReader : Registering bean definition for @Bean method org.springframework.hateoas.config.WebMvcHateoasConfiguration.representationModelProcessorInvoker()
2024-01-13 22:39:12.371 TRACE 58992 --- [           main] a.ConfigurationClassBeanDefinitionReader : Registering bean definition for @Bean method org.springframework.hateoas.config.WebMvcHateoasConfiguration.hypermediaRepresentionModelProcessorConfigurator()
2024-01-13 22:39:12.371 TRACE 58992 --- [           main] a.ConfigurationClassBeanDefinitionReader : Registering bean definition for @Bean method org.springframework.hateoas.config.WebMvcHateoasConfiguration.webMvcLinkBuilderFactory()
2024-01-13 22:39:12.371 TRACE 58992 --- [           main] a.ConfigurationClassBeanDefinitionReader : Registered bean definition for imported class 'org.springframework.hateoas.config.RestTemplateHateoasConfiguration'
2024-01-13 22:39:12.371 TRACE 58992 --- [           main] a.ConfigurationClassBeanDefinitionReader : Registering bean definition for @Bean method org.springframework.hateoas.config.RestTemplateHateoasConfiguration.hypermediaRestTemplateBeanPostProcessor()
2024-01-13 22:39:12.371 TRACE 58992 --- [           main] a.ConfigurationClassBeanDefinitionReader : Registering bean definition for @Bean method org.springframework.hateoas.config.RestTemplateHateoasConfiguration.hypermediaRestTemplateConfigurer()
2024-01-13 22:39:12.371 TRACE 58992 --- [           main] a.ConfigurationClassBeanDefinitionReader : Registered bean definition for imported class 'org.springframework.boot.autoconfigure.hateoas.HypermediaAutoConfiguration$HypermediaConfiguration'
2024-01-13 22:39:12.371 TRACE 58992 --- [           main] a.ConfigurationClassBeanDefinitionReader : Registered bean definition for imported class 'org.springframework.boot.autoconfigure.hateoas.HypermediaAutoConfiguration'
2024-01-13 22:39:12.371 TRACE 58992 --- [           main] o.s.b.a.condition.OnClassCondition       : Condition OnClassCondition on org.springframework.boot.autoconfigure.hateoas.HypermediaAutoConfiguration#applicationJsonHalConfiguration matched due to @ConditionalOnClass found required class 'com.fasterxml.jackson.databind.ObjectMapper'
2024-01-13 22:39:12.371 TRACE 58992 --- [           main] o.s.b.f.s.DefaultListableBeanFactory     : Returning cached instance of singleton bean 'autoConfigurationReport'
2024-01-13 22:39:12.371 TRACE 58992 --- [           main] o.s.b.a.condition.OnPropertyCondition    : Condition OnPropertyCondition on org.springframework.boot.autoconfigure.hateoas.HypermediaAutoConfiguration#applicationJsonHalConfiguration matched due to @ConditionalOnProperty (spring.hateoas.use-hal-as-default-json-media-type) matched
2024-01-13 22:39:12.371 TRACE 58992 --- [           main] o.s.b.f.s.DefaultListableBeanFactory     : Returning cached instance of singleton bean 'autoConfigurationReport'
2024-01-13 22:39:12.372 TRACE 58992 --- [           main] o.s.b.a.condition.OnBeanCondition        : Condition OnBeanCondition on org.springframework.boot.autoconfigure.hateoas.HypermediaAutoConfiguration#applicationJsonHalConfiguration matched due to @ConditionalOnMissingBean (types: org.springframework.hateoas.mediatype.hal.HalConfiguration; SearchStrategy: all) did not find any beans
2024-01-13 22:39:12.372 TRACE 58992 --- [           main] o.s.b.f.s.DefaultListableBeanFactory     : Returning cached instance of singleton bean 'autoConfigurationReport'
2024-01-13 22:39:12.372 TRACE 58992 --- [           main] a.ConfigurationClassBeanDefinitionReader : Registering bean definition for @Bean method org.springframework.boot.autoconfigure.hateoas.HypermediaAutoConfiguration.applicationJsonHalConfiguration()
2024-01-13 22:39:12.372 TRACE 58992 --- [           main] o.s.b.a.condition.OnClassCondition       : Condition OnClassCondition on org.springframework.boot.autoconfigure.security.servlet.SecurityAutoConfiguration matched due to @ConditionalOnClass found required class 'org.springframework.security.authentication.DefaultAuthenticationEventPublisher'
2024-01-13 22:39:12.372 TRACE 58992 --- [           main] o.s.b.f.s.DefaultListableBeanFactory     : Returning cached instance of singleton bean 'autoConfigurationReport'
2024-01-13 22:39:12.372 TRACE 58992 --- [           main] o.s.b.a.c.OnWebApplicationCondition      : Condition OnWebApplicationCondition on org.springframework.boot.autoconfigure.security.servlet.SpringBootWebSecurityConfiguration matched due to found 'session' scope
2024-01-13 22:39:12.372 TRACE 58992 --- [           main] o.s.b.f.s.DefaultListableBeanFactory     : Returning cached instance of singleton bean 'autoConfigurationReport'
2024-01-13 22:39:12.372 TRACE 58992 --- [           main] o.s.b.a.s.DefaultWebSecurityCondition    : Condition DefaultWebSecurityCondition on org.springframework.boot.autoconfigure.security.servlet.SpringBootWebSecurityConfiguration did not match due to AllNestedConditions 1 matched 1 did not; NestedCondition on DefaultWebSecurityCondition.Beans @ConditionalOnMissingBean (types: org.springframework.security.config.annotation.web.configuration.WebSecurityConfigurerAdapter,org.springframework.security.web.SecurityFilterChain; SearchStrategy: all) found beans of type 'org.springframework.security.web.SecurityFilterChain' filterChain; NestedCondition on DefaultWebSecurityCondition.Classes @ConditionalOnClass found required classes 'org.springframework.security.web.SecurityFilterChain', 'org.springframework.security.config.annotation.web.builders.HttpSecurity'
2024-01-13 22:39:12.372 TRACE 58992 --- [           main] o.s.b.f.s.DefaultListableBeanFactory     : Returning cached instance of singleton bean 'autoConfigurationReport'
2024-01-13 22:39:12.372 TRACE 58992 --- [           main] o.s.b.a.condition.OnClassCondition       : Condition OnClassCondition on org.springframework.boot.autoconfigure.security.servlet.WebSecurityEnablerConfiguration matched due to @ConditionalOnClass found required class 'org.springframework.security.config.annotation.web.configuration.EnableWebSecurity'
2024-01-13 22:39:12.372 TRACE 58992 --- [           main] o.s.b.f.s.DefaultListableBeanFactory     : Returning cached instance of singleton bean 'autoConfigurationReport'
2024-01-13 22:39:12.372 TRACE 58992 --- [           main] o.s.b.a.c.OnWebApplicationCondition      : Condition OnWebApplicationCondition on org.springframework.boot.autoconfigure.security.servlet.WebSecurityEnablerConfiguration matched due to found 'session' scope
2024-01-13 22:39:12.372 TRACE 58992 --- [           main] o.s.b.f.s.DefaultListableBeanFactory     : Returning cached instance of singleton bean 'autoConfigurationReport'
2024-01-13 22:39:12.372 TRACE 58992 --- [           main] o.s.b.a.condition.OnBeanCondition        : Condition OnBeanCondition on org.springframework.boot.autoconfigure.security.servlet.WebSecurityEnablerConfiguration matched due to @ConditionalOnMissingBean (names: springSecurityFilterChain; SearchStrategy: all) did not find any beans
2024-01-13 22:39:12.372 TRACE 58992 --- [           main] o.s.b.f.s.DefaultListableBeanFactory     : Returning cached instance of singleton bean 'autoConfigurationReport'
2024-01-13 22:39:12.372 TRACE 58992 --- [           main] a.ConfigurationClassBeanDefinitionReader : Registered bean definition for imported class 'org.springframework.security.config.annotation.configuration.ObjectPostProcessorConfiguration'
2024-01-13 22:39:12.372 TRACE 58992 --- [           main] a.ConfigurationClassBeanDefinitionReader : Registering bean definition for @Bean method org.springframework.security.config.annotation.configuration.ObjectPostProcessorConfiguration.objectPostProcessor()
2024-01-13 22:39:12.372 TRACE 58992 --- [           main] a.ConfigurationClassBeanDefinitionReader : Registered bean definition for imported class 'org.springframework.security.config.annotation.authentication.configuration.AuthenticationConfiguration'
2024-01-13 22:39:12.372 TRACE 58992 --- [           main] a.ConfigurationClassBeanDefinitionReader : Registering bean definition for @Bean method org.springframework.security.config.annotation.authentication.configuration.AuthenticationConfiguration.authenticationManagerBuilder()
2024-01-13 22:39:12.373 TRACE 58992 --- [           main] a.ConfigurationClassBeanDefinitionReader : Registering bean definition for @Bean method org.springframework.security.config.annotation.authentication.configuration.AuthenticationConfiguration.enableGlobalAuthenticationAutowiredConfigurer()
2024-01-13 22:39:12.373 TRACE 58992 --- [           main] a.ConfigurationClassBeanDefinitionReader : Registering bean definition for @Bean method org.springframework.security.config.annotation.authentication.configuration.AuthenticationConfiguration.initializeUserDetailsBeanManagerConfigurer()
2024-01-13 22:39:12.373 TRACE 58992 --- [           main] a.ConfigurationClassBeanDefinitionReader : Registering bean definition for @Bean method org.springframework.security.config.annotation.authentication.configuration.AuthenticationConfiguration.initializeAuthenticationProviderBeanManagerConfigurer()
2024-01-13 22:39:12.373 TRACE 58992 --- [           main] a.ConfigurationClassBeanDefinitionReader : Registered bean definition for imported class 'org.springframework.security.config.annotation.web.configuration.WebSecurityConfiguration'
2024-01-13 22:39:12.373 TRACE 58992 --- [           main] a.ConfigurationClassBeanDefinitionReader : Registering bean definition for @Bean method org.springframework.security.config.annotation.web.configuration.WebSecurityConfiguration.delegatingApplicationListener()
2024-01-13 22:39:12.373 TRACE 58992 --- [           main] a.ConfigurationClassBeanDefinitionReader : Registering bean definition for @Bean method org.springframework.security.config.annotation.web.configuration.WebSecurityConfiguration.webSecurityExpressionHandler()
2024-01-13 22:39:12.373 TRACE 58992 --- [           main] a.ConfigurationClassBeanDefinitionReader : Registering bean definition for @Bean method org.springframework.security.config.annotation.web.configuration.WebSecurityConfiguration.springSecurityFilterChain()
2024-01-13 22:39:12.373 TRACE 58992 --- [           main] a.ConfigurationClassBeanDefinitionReader : Registering bean definition for @Bean method org.springframework.security.config.annotation.web.configuration.WebSecurityConfiguration.privilegeEvaluator()
2024-01-13 22:39:12.373 TRACE 58992 --- [           main] a.ConfigurationClassBeanDefinitionReader : Registering bean definition for @Bean method org.springframework.security.config.annotation.web.configuration.WebSecurityConfiguration.conversionServicePostProcessor()
2024-01-13 22:39:12.373 TRACE 58992 --- [           main] a.ConfigurationClassBeanDefinitionReader : Registering bean definition for @Bean method org.springframework.security.config.annotation.web.configuration.WebSecurityConfiguration.autowiredWebSecurityConfigurersIgnoreParents()
2024-01-13 22:39:12.373 TRACE 58992 --- [           main] a.ConfigurationClassBeanDefinitionReader : Registered bean definition for imported class 'org.springframework.security.config.annotation.web.configuration.WebMvcSecurityConfiguration'
2024-01-13 22:39:12.373 TRACE 58992 --- [           main] a.ConfigurationClassBeanDefinitionReader : Registering bean definition for @Bean method org.springframework.security.config.annotation.web.configuration.WebMvcSecurityConfiguration.requestDataValueProcessor()
2024-01-13 22:39:12.373 TRACE 58992 --- [           main] a.ConfigurationClassBeanDefinitionReader : Registered bean definition for imported class 'org.springframework.security.config.annotation.web.configuration.HttpSecurityConfiguration'
2024-01-13 22:39:12.373 TRACE 58992 --- [           main] a.ConfigurationClassBeanDefinitionReader : Registering bean definition for @Bean method org.springframework.security.config.annotation.web.configuration.HttpSecurityConfiguration.org.springframework.security.config.annotation.web.configuration.HttpSecurityConfiguration.httpSecurity()
2024-01-13 22:39:12.373 TRACE 58992 --- [           main] a.ConfigurationClassBeanDefinitionReader : Registered bean definition for imported class 'org.springframework.boot.autoconfigure.security.servlet.WebSecurityEnablerConfiguration'
2024-01-13 22:39:12.373 TRACE 58992 --- [           main] a.ConfigurationClassBeanDefinitionReader : Registered bean definition for imported class 'org.springframework.boot.autoconfigure.security.servlet.SecurityAutoConfiguration'
2024-01-13 22:39:12.373 TRACE 58992 --- [           main] o.s.b.a.condition.OnBeanCondition        : Condition OnBeanCondition on org.springframework.boot.autoconfigure.security.servlet.SecurityAutoConfiguration#authenticationEventPublisher matched due to @ConditionalOnMissingBean (types: org.springframework.security.authentication.AuthenticationEventPublisher; SearchStrategy: all) did not find any beans
2024-01-13 22:39:12.373 TRACE 58992 --- [           main] o.s.b.f.s.DefaultListableBeanFactory     : Returning cached instance of singleton bean 'autoConfigurationReport'
2024-01-13 22:39:12.373 TRACE 58992 --- [           main] a.ConfigurationClassBeanDefinitionReader : Registering bean definition for @Bean method org.springframework.boot.autoconfigure.security.servlet.SecurityAutoConfiguration.authenticationEventPublisher()
2024-01-13 22:39:12.373 TRACE 58992 --- [           main] o.s.b.a.condition.OnClassCondition       : Condition OnClassCondition on org.springframework.boot.autoconfigure.security.servlet.SecurityFilterAutoConfiguration matched due to @ConditionalOnClass found required classes 'org.springframework.security.web.context.AbstractSecurityWebApplicationInitializer', 'org.springframework.security.config.http.SessionCreationPolicy'
2024-01-13 22:39:12.373 TRACE 58992 --- [           main] o.s.b.f.s.DefaultListableBeanFactory     : Returning cached instance of singleton bean 'autoConfigurationReport'
2024-01-13 22:39:12.373 TRACE 58992 --- [           main] o.s.b.a.c.OnWebApplicationCondition      : Condition OnWebApplicationCondition on org.springframework.boot.autoconfigure.security.servlet.SecurityFilterAutoConfiguration matched due to found 'session' scope
2024-01-13 22:39:12.373 TRACE 58992 --- [           main] o.s.b.f.s.DefaultListableBeanFactory     : Returning cached instance of singleton bean 'autoConfigurationReport'
2024-01-13 22:39:12.373 TRACE 58992 --- [           main] a.ConfigurationClassBeanDefinitionReader : Registered bean definition for imported class 'org.springframework.boot.autoconfigure.security.servlet.SecurityFilterAutoConfiguration'
2024-01-13 22:39:12.373 TRACE 58992 --- [           main] o.s.b.a.condition.OnBeanCondition        : Condition OnBeanCondition on org.springframework.boot.autoconfigure.security.servlet.SecurityFilterAutoConfiguration#securityFilterChainRegistration matched due to @ConditionalOnBean (names: springSecurityFilterChain; SearchStrategy: all) found bean 'springSecurityFilterChain'
2024-01-13 22:39:12.373 TRACE 58992 --- [           main] o.s.b.f.s.DefaultListableBeanFactory     : Returning cached instance of singleton bean 'autoConfigurationReport'
2024-01-13 22:39:12.374 TRACE 58992 --- [           main] a.ConfigurationClassBeanDefinitionReader : Registering bean definition for @Bean method org.springframework.boot.autoconfigure.security.servlet.SecurityFilterAutoConfiguration.securityFilterChainRegistration()
2024-01-13 22:39:12.374 TRACE 58992 --- [           main] o.s.b.a.condition.OnClassCondition       : Condition OnClassCondition on org.springframework.boot.autoconfigure.security.servlet.UserDetailsServiceAutoConfiguration matched due to @ConditionalOnClass found required class 'org.springframework.security.authentication.AuthenticationManager'
2024-01-13 22:39:12.374 TRACE 58992 --- [           main] o.s.b.f.s.DefaultListableBeanFactory     : Returning cached instance of singleton bean 'autoConfigurationReport'
2024-01-13 22:39:12.374 TRACE 58992 --- [           main] o.s.b.a.condition.OnBeanCondition        : Condition OnBeanCondition on org.springframework.boot.autoconfigure.security.servlet.UserDetailsServiceAutoConfiguration did not match due to @ConditionalOnMissingBean (types: org.springframework.security.authentication.AuthenticationManager,org.springframework.security.authentication.AuthenticationProvider,org.springframework.security.core.userdetails.UserDetailsService,org.springframework.security.oauth2.jwt.JwtDecoder,org.springframework.security.oauth2.server.resource.introspection.OpaqueTokenIntrospector; SearchStrategy: all) found beans of type 'org.springframework.security.core.userdetails.UserDetailsService' userDetailsService
2024-01-13 22:39:12.374 TRACE 58992 --- [           main] o.s.b.f.s.DefaultListableBeanFactory     : Returning cached instance of singleton bean 'autoConfigurationReport'
2024-01-13 22:39:12.374 TRACE 58992 --- [           main] o.s.b.a.condition.OnClassCondition       : Condition OnClassCondition on org.springframework.boot.autoconfigure.thymeleaf.ThymeleafAutoConfiguration matched due to @ConditionalOnClass found required classes 'org.thymeleaf.templatemode.TemplateMode', 'org.thymeleaf.spring5.SpringTemplateEngine'
2024-01-13 22:39:12.374 TRACE 58992 --- [           main] o.s.b.f.s.DefaultListableBeanFactory     : Returning cached instance of singleton bean 'autoConfigurationReport'
2024-01-13 22:39:12.374 TRACE 58992 --- [           main] o.s.b.a.condition.OnClassCondition       : Condition OnClassCondition on org.springframework.boot.autoconfigure.thymeleaf.ThymeleafAutoConfiguration$ThymeleafJava8TimeDialect matched due to @ConditionalOnClass found required class 'org.thymeleaf.extras.java8time.dialect.Java8TimeDialect'
2024-01-13 22:39:12.374 TRACE 58992 --- [           main] o.s.b.f.s.DefaultListableBeanFactory     : Returning cached instance of singleton bean 'autoConfigurationReport'
2024-01-13 22:39:12.374 TRACE 58992 --- [           main] a.ConfigurationClassBeanDefinitionReader : Registered bean definition for imported class 'org.springframework.boot.autoconfigure.thymeleaf.ThymeleafAutoConfiguration$ThymeleafJava8TimeDialect'
2024-01-13 22:39:12.374 TRACE 58992 --- [           main] o.s.b.a.condition.OnBeanCondition        : Condition OnBeanCondition on org.springframework.boot.autoconfigure.thymeleaf.ThymeleafAutoConfiguration$ThymeleafJava8TimeDialect#java8TimeDialect matched due to @ConditionalOnMissingBean (types: org.thymeleaf.extras.java8time.dialect.Java8TimeDialect; SearchStrategy: all) did not find any beans
2024-01-13 22:39:12.374 TRACE 58992 --- [           main] o.s.b.f.s.DefaultListableBeanFactory     : Returning cached instance of singleton bean 'autoConfigurationReport'
2024-01-13 22:39:12.374 TRACE 58992 --- [           main] a.ConfigurationClassBeanDefinitionReader : Registering bean definition for @Bean method org.springframework.boot.autoconfigure.thymeleaf.ThymeleafAutoConfiguration$ThymeleafJava8TimeDialect.java8TimeDialect()
2024-01-13 22:39:12.374 TRACE 58992 --- [           main] o.s.b.a.c.OnWebApplicationCondition      : Condition OnWebApplicationCondition on org.springframework.boot.autoconfigure.thymeleaf.ThymeleafAutoConfiguration$ThymeleafWebMvcConfiguration matched due to found 'session' scope
2024-01-13 22:39:12.374 TRACE 58992 --- [           main] o.s.b.f.s.DefaultListableBeanFactory     : Returning cached instance of singleton bean 'autoConfigurationReport'
2024-01-13 22:39:12.375 TRACE 58992 --- [           main] o.s.b.a.condition.OnPropertyCondition    : Condition OnPropertyCondition on org.springframework.boot.autoconfigure.thymeleaf.ThymeleafAutoConfiguration$ThymeleafWebMvcConfiguration matched due to @ConditionalOnProperty (spring.thymeleaf.enabled) matched
2024-01-13 22:39:12.375 TRACE 58992 --- [           main] o.s.b.f.s.DefaultListableBeanFactory     : Returning cached instance of singleton bean 'autoConfigurationReport'
2024-01-13 22:39:12.375 TRACE 58992 --- [           main] a.ConfigurationClassBeanDefinitionReader : Registered bean definition for imported class 'org.springframework.boot.autoconfigure.thymeleaf.ThymeleafAutoConfiguration$ThymeleafWebMvcConfiguration$ThymeleafViewResolverConfiguration'
2024-01-13 22:39:12.375 TRACE 58992 --- [           main] o.s.b.a.condition.OnBeanCondition        : Condition OnBeanCondition on org.springframework.boot.autoconfigure.thymeleaf.ThymeleafAutoConfiguration$ThymeleafWebMvcConfiguration$ThymeleafViewResolverConfiguration#thymeleafViewResolver matched due to @ConditionalOnMissingBean (names: thymeleafViewResolver; SearchStrategy: all) did not find any beans
2024-01-13 22:39:12.375 TRACE 58992 --- [           main] o.s.b.f.s.DefaultListableBeanFactory     : Returning cached instance of singleton bean 'autoConfigurationReport'
2024-01-13 22:39:12.375 TRACE 58992 --- [           main] a.ConfigurationClassBeanDefinitionReader : Registering bean definition for @Bean method org.springframework.boot.autoconfigure.thymeleaf.ThymeleafAutoConfiguration$ThymeleafWebMvcConfiguration$ThymeleafViewResolverConfiguration.thymeleafViewResolver()
2024-01-13 22:39:12.375 TRACE 58992 --- [           main] a.ConfigurationClassBeanDefinitionReader : Registered bean definition for imported class 'org.springframework.boot.autoconfigure.thymeleaf.ThymeleafAutoConfiguration$ThymeleafWebMvcConfiguration'
2024-01-13 22:39:12.375 TRACE 58992 --- [           main] o.s.c.e.PropertySourcesPropertyResolver  : Searching for key 'spring.web.resources.chain.strategy.fixed.enabled' in PropertySource 'Annotations'
2024-01-13 22:39:12.375 TRACE 58992 --- [           main] o.s.c.e.PropertySourcesPropertyResolver  : Searching for key 'spring.web.resources.chain.strategy.fixed.enabled' in PropertySource 'configurationProperties'
2024-01-13 22:39:12.375 TRACE 58992 --- [           main] o.s.c.e.PropertySourcesPropertyResolver  : Searching for key 'spring.web.resources.chain.strategy.fixed.enabled' in PropertySource 'test'
2024-01-13 22:39:12.375 TRACE 58992 --- [           main] o.s.c.e.PropertySourcesPropertyResolver  : Searching for key 'spring.web.resources.chain.strategy.fixed.enabled' in PropertySource 'Inlined Test Properties'
2024-01-13 22:39:12.375 TRACE 58992 --- [           main] o.s.c.e.PropertySourcesPropertyResolver  : Searching for key 'spring.web.resources.chain.strategy.fixed.enabled' in PropertySource 'systemProperties'
2024-01-13 22:39:12.375 TRACE 58992 --- [           main] o.s.c.e.PropertySourcesPropertyResolver  : Searching for key 'spring.web.resources.chain.strategy.fixed.enabled' in PropertySource 'systemEnvironment'
2024-01-13 22:39:12.375 TRACE 58992 --- [           main] o.s.c.e.PropertySourcesPropertyResolver  : Searching for key 'spring.web.resources.chain.strategy.fixed.enabled' in PropertySource 'random'
2024-01-13 22:39:12.375 TRACE 58992 --- [           main] o.s.c.e.PropertySourcesPropertyResolver  : Searching for key 'spring.web.resources.chain.strategy.fixed.enabled' in PropertySource 'Config resource 'class path resource [application.properties]' via location 'optional:classpath:/''
2024-01-13 22:39:12.375 TRACE 58992 --- [           main] o.s.c.e.PropertySourcesPropertyResolver  : Searching for key 'spring.web.resources.chain.strategy.fixed.enabled' in PropertySource 'Config resource 'class path resource [application.yml]' via location 'optional:classpath:/''
2024-01-13 22:39:12.375 TRACE 58992 --- [           main] o.s.c.e.PropertySourcesPropertyResolver  : Could not find key 'spring.web.resources.chain.strategy.fixed.enabled' in any property source
2024-01-13 22:39:12.375 TRACE 58992 --- [           main] o.s.c.e.PropertySourcesPropertyResolver  : Searching for key 'spring.web.resources.chain.strategy.content.enabled' in PropertySource 'Annotations'
2024-01-13 22:39:12.375 TRACE 58992 --- [           main] o.s.c.e.PropertySourcesPropertyResolver  : Searching for key 'spring.web.resources.chain.strategy.content.enabled' in PropertySource 'configurationProperties'
2024-01-13 22:39:12.375 TRACE 58992 --- [           main] o.s.c.e.PropertySourcesPropertyResolver  : Searching for key 'spring.web.resources.chain.strategy.content.enabled' in PropertySource 'test'
2024-01-13 22:39:12.375 TRACE 58992 --- [           main] o.s.c.e.PropertySourcesPropertyResolver  : Searching for key 'spring.web.resources.chain.strategy.content.enabled' in PropertySource 'Inlined Test Properties'
2024-01-13 22:39:12.375 TRACE 58992 --- [           main] o.s.c.e.PropertySourcesPropertyResolver  : Searching for key 'spring.web.resources.chain.strategy.content.enabled' in PropertySource 'systemProperties'
2024-01-13 22:39:12.375 TRACE 58992 --- [           main] o.s.c.e.PropertySourcesPropertyResolver  : Searching for key 'spring.web.resources.chain.strategy.content.enabled' in PropertySource 'systemEnvironment'
2024-01-13 22:39:12.375 TRACE 58992 --- [           main] o.s.c.e.PropertySourcesPropertyResolver  : Searching for key 'spring.web.resources.chain.strategy.content.enabled' in PropertySource 'random'
2024-01-13 22:39:12.375 TRACE 58992 --- [           main] o.s.c.e.PropertySourcesPropertyResolver  : Searching for key 'spring.web.resources.chain.strategy.content.enabled' in PropertySource 'Config resource 'class path resource [application.properties]' via location 'optional:classpath:/''
2024-01-13 22:39:12.375 TRACE 58992 --- [           main] o.s.c.e.PropertySourcesPropertyResolver  : Searching for key 'spring.web.resources.chain.strategy.content.enabled' in PropertySource 'Config resource 'class path resource [application.yml]' via location 'optional:classpath:/''
2024-01-13 22:39:12.375 TRACE 58992 --- [           main] o.s.c.e.PropertySourcesPropertyResolver  : Could not find key 'spring.web.resources.chain.strategy.content.enabled' in any property source
2024-01-13 22:39:12.375 TRACE 58992 --- [           main] o.s.c.e.PropertySourcesPropertyResolver  : Searching for key 'spring.web.resources.chain.enabled' in PropertySource 'Annotations'
2024-01-13 22:39:12.375 TRACE 58992 --- [           main] o.s.c.e.PropertySourcesPropertyResolver  : Searching for key 'spring.web.resources.chain.enabled' in PropertySource 'configurationProperties'
2024-01-13 22:39:12.375 TRACE 58992 --- [           main] o.s.c.e.PropertySourcesPropertyResolver  : Searching for key 'spring.web.resources.chain.enabled' in PropertySource 'test'
2024-01-13 22:39:12.375 TRACE 58992 --- [           main] o.s.c.e.PropertySourcesPropertyResolver  : Searching for key 'spring.web.resources.chain.enabled' in PropertySource 'Inlined Test Properties'
2024-01-13 22:39:12.375 TRACE 58992 --- [           main] o.s.c.e.PropertySourcesPropertyResolver  : Searching for key 'spring.web.resources.chain.enabled' in PropertySource 'systemProperties'
2024-01-13 22:39:12.375 TRACE 58992 --- [           main] o.s.c.e.PropertySourcesPropertyResolver  : Searching for key 'spring.web.resources.chain.enabled' in PropertySource 'systemEnvironment'
2024-01-13 22:39:12.375 TRACE 58992 --- [           main] o.s.c.e.PropertySourcesPropertyResolver  : Searching for key 'spring.web.resources.chain.enabled' in PropertySource 'random'
2024-01-13 22:39:12.375 TRACE 58992 --- [           main] o.s.c.e.PropertySourcesPropertyResolver  : Searching for key 'spring.web.resources.chain.enabled' in PropertySource 'Config resource 'class path resource [application.properties]' via location 'optional:classpath:/''
2024-01-13 22:39:12.375 TRACE 58992 --- [           main] o.s.c.e.PropertySourcesPropertyResolver  : Searching for key 'spring.web.resources.chain.enabled' in PropertySource 'Config resource 'class path resource [application.yml]' via location 'optional:classpath:/''
2024-01-13 22:39:12.375 TRACE 58992 --- [           main] o.s.c.e.PropertySourcesPropertyResolver  : Could not find key 'spring.web.resources.chain.enabled' in any property source
2024-01-13 22:39:12.375 TRACE 58992 --- [           main] .s.b.a.w.OnEnabledResourceChainCondition : Condition OnEnabledResourceChainCondition on org.springframework.boot.autoconfigure.thymeleaf.ThymeleafAutoConfiguration$ThymeleafWebMvcConfiguration#resourceUrlEncodingFilter did not match due to @ConditionalOnEnabledResourceChain did not find class org.webjars.WebJarAssetLocator
2024-01-13 22:39:12.375 TRACE 58992 --- [           main] o.s.b.f.s.DefaultListableBeanFactory     : Returning cached instance of singleton bean 'autoConfigurationReport'
2024-01-13 22:39:12.375 TRACE 58992 --- [           main] a.ConfigurationClassBeanDefinitionReader : Registered bean definition for imported class 'org.springframework.boot.autoconfigure.thymeleaf.ThymeleafAutoConfiguration$ThymeleafDefaultConfiguration'
2024-01-13 22:39:12.376 TRACE 58992 --- [           main] o.s.b.a.condition.OnBeanCondition        : Condition OnBeanCondition on org.springframework.boot.autoconfigure.thymeleaf.ThymeleafAutoConfiguration$ThymeleafDefaultConfiguration#templateEngine matched due to @ConditionalOnMissingBean (types: org.thymeleaf.spring5.ISpringTemplateEngine; SearchStrategy: all) did not find any beans
2024-01-13 22:39:12.376 TRACE 58992 --- [           main] o.s.b.f.s.DefaultListableBeanFactory     : Returning cached instance of singleton bean 'autoConfigurationReport'
2024-01-13 22:39:12.376 TRACE 58992 --- [           main] a.ConfigurationClassBeanDefinitionReader : Registering bean definition for @Bean method org.springframework.boot.autoconfigure.thymeleaf.ThymeleafAutoConfiguration$ThymeleafDefaultConfiguration.templateEngine()
2024-01-13 22:39:12.376 TRACE 58992 --- [           main] o.s.b.a.condition.OnBeanCondition        : Condition OnBeanCondition on org.springframework.boot.autoconfigure.thymeleaf.ThymeleafAutoConfiguration$DefaultTemplateResolverConfiguration matched due to @ConditionalOnMissingBean (names: defaultTemplateResolver; SearchStrategy: all) did not find any beans
2024-01-13 22:39:12.376 TRACE 58992 --- [           main] o.s.b.f.s.DefaultListableBeanFactory     : Returning cached instance of singleton bean 'autoConfigurationReport'
2024-01-13 22:39:12.376 TRACE 58992 --- [           main] a.ConfigurationClassBeanDefinitionReader : Registered bean definition for imported class 'org.springframework.boot.autoconfigure.thymeleaf.ThymeleafAutoConfiguration$DefaultTemplateResolverConfiguration'
2024-01-13 22:39:12.376 TRACE 58992 --- [           main] a.ConfigurationClassBeanDefinitionReader : Registering bean definition for @Bean method org.springframework.boot.autoconfigure.thymeleaf.ThymeleafAutoConfiguration$DefaultTemplateResolverConfiguration.defaultTemplateResolver()
2024-01-13 22:39:12.376 TRACE 58992 --- [           main] a.ConfigurationClassBeanDefinitionReader : Registered bean definition for imported class 'org.springframework.boot.autoconfigure.thymeleaf.ThymeleafAutoConfiguration'
2024-01-13 22:39:12.376 TRACE 58992 --- [           main] o.s.b.a.condition.OnClassCondition       : Condition OnClassCondition on org.springframework.boot.autoconfigure.web.servlet.HttpEncodingAutoConfiguration matched due to @ConditionalOnClass found required class 'org.springframework.web.filter.CharacterEncodingFilter'
2024-01-13 22:39:12.376 TRACE 58992 --- [           main] o.s.b.f.s.DefaultListableBeanFactory     : Returning cached instance of singleton bean 'autoConfigurationReport'
2024-01-13 22:39:12.376 TRACE 58992 --- [           main] o.s.b.a.c.OnWebApplicationCondition      : Condition OnWebApplicationCondition on org.springframework.boot.autoconfigure.web.servlet.HttpEncodingAutoConfiguration matched due to found 'session' scope
2024-01-13 22:39:12.376 TRACE 58992 --- [           main] o.s.b.f.s.DefaultListableBeanFactory     : Returning cached instance of singleton bean 'autoConfigurationReport'
2024-01-13 22:39:12.376 TRACE 58992 --- [           main] o.s.b.a.condition.OnPropertyCondition    : Condition OnPropertyCondition on org.springframework.boot.autoconfigure.web.servlet.HttpEncodingAutoConfiguration matched due to @ConditionalOnProperty (server.servlet.encoding.enabled) matched
2024-01-13 22:39:12.376 TRACE 58992 --- [           main] o.s.b.f.s.DefaultListableBeanFactory     : Returning cached instance of singleton bean 'autoConfigurationReport'
2024-01-13 22:39:12.376 TRACE 58992 --- [           main] a.ConfigurationClassBeanDefinitionReader : Registered bean definition for imported class 'org.springframework.boot.autoconfigure.web.servlet.HttpEncodingAutoConfiguration'
2024-01-13 22:39:12.376 TRACE 58992 --- [           main] o.s.b.a.condition.OnBeanCondition        : Condition OnBeanCondition on org.springframework.boot.autoconfigure.web.servlet.HttpEncodingAutoConfiguration#characterEncodingFilter matched due to @ConditionalOnMissingBean (types: org.springframework.web.filter.CharacterEncodingFilter; SearchStrategy: all) did not find any beans
2024-01-13 22:39:12.376 TRACE 58992 --- [           main] o.s.b.f.s.DefaultListableBeanFactory     : Returning cached instance of singleton bean 'autoConfigurationReport'
2024-01-13 22:39:12.376 TRACE 58992 --- [           main] a.ConfigurationClassBeanDefinitionReader : Registering bean definition for @Bean method org.springframework.boot.autoconfigure.web.servlet.HttpEncodingAutoConfiguration.characterEncodingFilter()
2024-01-13 22:39:12.376 TRACE 58992 --- [           main] a.ConfigurationClassBeanDefinitionReader : Registering bean definition for @Bean method org.springframework.boot.autoconfigure.web.servlet.HttpEncodingAutoConfiguration.localeCharsetMappingsCustomizer()
2024-01-13 22:39:12.376 TRACE 58992 --- [           main] o.s.b.a.c.OnWebApplicationCondition      : Condition OnWebApplicationCondition on org.springframework.boot.test.autoconfigure.web.servlet.MockMvcAutoConfiguration matched due to found 'session' scope
2024-01-13 22:39:12.376 TRACE 58992 --- [           main] o.s.b.f.s.DefaultListableBeanFactory     : Returning cached instance of singleton bean 'autoConfigurationReport'
2024-01-13 22:39:12.376 TRACE 58992 --- [           main] a.ConfigurationClassBeanDefinitionReader : Registered bean definition for imported class 'org.springframework.boot.test.autoconfigure.web.servlet.MockMvcAutoConfiguration'
2024-01-13 22:39:12.377 TRACE 58992 --- [           main] o.s.b.a.condition.OnBeanCondition        : Condition OnBeanCondition on org.springframework.boot.test.autoconfigure.web.servlet.MockMvcAutoConfiguration#dispatcherServletPath matched due to @ConditionalOnMissingBean (types: org.springframework.boot.autoconfigure.web.servlet.DispatcherServletPath; SearchStrategy: all) did not find any beans
2024-01-13 22:39:12.377 TRACE 58992 --- [           main] o.s.b.f.s.DefaultListableBeanFactory     : Returning cached instance of singleton bean 'autoConfigurationReport'
2024-01-13 22:39:12.377 TRACE 58992 --- [           main] a.ConfigurationClassBeanDefinitionReader : Registering bean definition for @Bean method org.springframework.boot.test.autoconfigure.web.servlet.MockMvcAutoConfiguration.dispatcherServletPath()
2024-01-13 22:39:12.379 TRACE 58992 --- [           main] o.s.b.a.condition.OnBeanCondition        : Condition OnBeanCondition on org.springframework.boot.test.autoconfigure.web.servlet.MockMvcAutoConfiguration#mockMvcBuilder matched due to @ConditionalOnMissingBean (types: org.springframework.test.web.servlet.MockMvcBuilder; SearchStrategy: all) did not find any beans
2024-01-13 22:39:12.379 TRACE 58992 --- [           main] o.s.b.f.s.DefaultListableBeanFactory     : Returning cached instance of singleton bean 'autoConfigurationReport'
2024-01-13 22:39:12.379 TRACE 58992 --- [           main] a.ConfigurationClassBeanDefinitionReader : Registering bean definition for @Bean method org.springframework.boot.test.autoconfigure.web.servlet.MockMvcAutoConfiguration.mockMvcBuilder()
2024-01-13 22:39:12.379 TRACE 58992 --- [           main] a.ConfigurationClassBeanDefinitionReader : Registering bean definition for @Bean method org.springframework.boot.test.autoconfigure.web.servlet.MockMvcAutoConfiguration.springBootMockMvcBuilderCustomizer()
2024-01-13 22:39:12.379 TRACE 58992 --- [           main] o.s.b.a.condition.OnBeanCondition        : Condition OnBeanCondition on org.springframework.boot.test.autoconfigure.web.servlet.MockMvcAutoConfiguration#mockMvc matched due to @ConditionalOnMissingBean (types: org.springframework.test.web.servlet.MockMvc; SearchStrategy: all) did not find any beans
2024-01-13 22:39:12.379 TRACE 58992 --- [           main] o.s.b.f.s.DefaultListableBeanFactory     : Returning cached instance of singleton bean 'autoConfigurationReport'
2024-01-13 22:39:12.379 TRACE 58992 --- [           main] a.ConfigurationClassBeanDefinitionReader : Registering bean definition for @Bean method org.springframework.boot.test.autoconfigure.web.servlet.MockMvcAutoConfiguration.mockMvc()
2024-01-13 22:39:12.379 TRACE 58992 --- [           main] o.s.b.a.condition.OnBeanCondition        : Condition OnBeanCondition on org.springframework.boot.test.autoconfigure.web.servlet.MockMvcAutoConfiguration#dispatcherServlet matched due to @ConditionalOnMissingBean (types: org.springframework.web.servlet.DispatcherServlet; SearchStrategy: all) did not find any beans
2024-01-13 22:39:12.379 TRACE 58992 --- [           main] o.s.b.f.s.DefaultListableBeanFactory     : Returning cached instance of singleton bean 'autoConfigurationReport'
2024-01-13 22:39:12.379 TRACE 58992 --- [           main] a.ConfigurationClassBeanDefinitionReader : Registering bean definition for @Bean method org.springframework.boot.test.autoconfigure.web.servlet.MockMvcAutoConfiguration.dispatcherServlet()
2024-01-13 22:39:12.380 DEBUG 58992 --- [           main] o.s.b.f.s.DefaultListableBeanFactory     : Creating shared instance of singleton bean 'org.springframework.boot.test.context.ImportsContextCustomizer$ImportsCleanupPostProcessor'
2024-01-13 22:39:12.380 TRACE 58992 --- [           main] o.s.b.f.s.DefaultListableBeanFactory     : Creating instance of bean 'org.springframework.boot.test.context.ImportsContextCustomizer$ImportsCleanupPostProcessor'
2024-01-13 22:39:12.380 TRACE 58992 --- [           main] o.s.b.f.s.DefaultListableBeanFactory     : Eagerly caching bean 'org.springframework.boot.test.context.ImportsContextCustomizer$ImportsCleanupPostProcessor' to allow for resolving potential circular references
2024-01-13 22:39:12.380 TRACE 58992 --- [           main] o.s.b.f.s.DefaultListableBeanFactory     : Finished creating instance of bean 'org.springframework.boot.test.context.ImportsContextCustomizer$ImportsCleanupPostProcessor'
2024-01-13 22:39:12.381 TRACE 58992 --- [           main] o.s.c.a.ConfigurationClassEnhancer       : Successfully enhanced tacos.TacoCloudApplicationJpa; enhanced class name is: tacos.TacoCloudApplicationJpa$$EnhancerBySpringCGLIB$$9028a94d
2024-01-13 22:39:12.381 TRACE 58992 --- [           main] o.s.c.a.ConfigurationClassPostProcessor  : Replacing bean definition 'tacoCloudApplicationJpa' existing class 'tacos.TacoCloudApplicationJpa' with enhanced class 'tacos.TacoCloudApplicationJpa$$EnhancerBySpringCGLIB$$9028a94d'
2024-01-13 22:39:12.381 TRACE 58992 --- [           main] o.s.c.a.ConfigurationClassEnhancer       : Successfully enhanced tacos.SecurityConfiguration; enhanced class name is: tacos.SecurityConfiguration$$EnhancerBySpringCGLIB$$43cddb1c
2024-01-13 22:39:12.381 TRACE 58992 --- [           main] o.s.c.a.ConfigurationClassPostProcessor  : Replacing bean definition 'securityConfiguration' existing class 'tacos.SecurityConfiguration' with enhanced class 'tacos.SecurityConfiguration$$EnhancerBySpringCGLIB$$43cddb1c'
2024-01-13 22:39:12.381 DEBUG 58992 --- [           main] o.s.b.f.s.DefaultListableBeanFactory     : Creating shared instance of singleton bean 'org.springframework.boot.test.mock.mockito.MockitoPostProcessor'
2024-01-13 22:39:12.381 TRACE 58992 --- [           main] o.s.b.f.s.DefaultListableBeanFactory     : Creating instance of bean 'org.springframework.boot.test.mock.mockito.MockitoPostProcessor'
2024-01-13 22:39:12.381 TRACE 58992 --- [           main] o.s.b.f.s.DefaultListableBeanFactory     : Eagerly caching bean 'org.springframework.boot.test.mock.mockito.MockitoPostProcessor' to allow for resolving potential circular references
2024-01-13 22:39:12.381 TRACE 58992 --- [           main] o.s.b.f.s.DefaultListableBeanFactory     : Finished creating instance of bean 'org.springframework.boot.test.mock.mockito.MockitoPostProcessor'
2024-01-13 22:39:12.382 DEBUG 58992 --- [           main] o.s.b.f.s.DefaultListableBeanFactory     : Creating shared instance of singleton bean 'org.springframework.context.event.internalEventListenerProcessor'
2024-01-13 22:39:12.382 TRACE 58992 --- [           main] o.s.b.f.s.DefaultListableBeanFactory     : Creating instance of bean 'org.springframework.context.event.internalEventListenerProcessor'
2024-01-13 22:39:12.382 TRACE 58992 --- [           main] o.s.b.f.s.DefaultListableBeanFactory     : Eagerly caching bean 'org.springframework.context.event.internalEventListenerProcessor' to allow for resolving potential circular references
2024-01-13 22:39:12.382 TRACE 58992 --- [           main] o.s.b.f.s.DefaultListableBeanFactory     : Finished creating instance of bean 'org.springframework.context.event.internalEventListenerProcessor'
2024-01-13 22:39:12.382 DEBUG 58992 --- [           main] o.s.b.f.s.DefaultListableBeanFactory     : Creating shared instance of singleton bean 'preserveErrorControllerTargetClassPostProcessor'
2024-01-13 22:39:12.382 TRACE 58992 --- [           main] o.s.b.f.s.DefaultListableBeanFactory     : Creating instance of bean 'preserveErrorControllerTargetClassPostProcessor'
2024-01-13 22:39:12.382 TRACE 58992 --- [           main] o.s.b.f.s.DefaultListableBeanFactory     : Eagerly caching bean 'preserveErrorControllerTargetClassPostProcessor' to allow for resolving potential circular references
2024-01-13 22:39:12.382 TRACE 58992 --- [           main] o.s.b.f.s.DefaultListableBeanFactory     : Finished creating instance of bean 'preserveErrorControllerTargetClassPostProcessor'
2024-01-13 22:39:12.382 DEBUG 58992 --- [           main] o.s.b.f.s.DefaultListableBeanFactory     : Creating shared instance of singleton bean 'conversionServicePostProcessor'
2024-01-13 22:39:12.382 TRACE 58992 --- [           main] o.s.b.f.s.DefaultListableBeanFactory     : Creating instance of bean 'conversionServicePostProcessor'
2024-01-13 22:39:12.382 TRACE 58992 --- [           main] o.s.b.f.s.DefaultListableBeanFactory     : Eagerly caching bean 'conversionServicePostProcessor' to allow for resolving potential circular references
2024-01-13 22:39:12.382 TRACE 58992 --- [           main] o.s.b.f.s.DefaultListableBeanFactory     : Finished creating instance of bean 'conversionServicePostProcessor'
2024-01-13 22:39:12.382 DEBUG 58992 --- [           main] o.s.b.f.s.DefaultListableBeanFactory     : Creating shared instance of singleton bean 'org.springframework.context.event.internalEventListenerFactory'
2024-01-13 22:39:12.382 TRACE 58992 --- [           main] o.s.b.f.s.DefaultListableBeanFactory     : Creating instance of bean 'org.springframework.context.event.internalEventListenerFactory'
2024-01-13 22:39:12.382 TRACE 58992 --- [           main] o.s.b.f.s.DefaultListableBeanFactory     : Eagerly caching bean 'org.springframework.context.event.internalEventListenerFactory' to allow for resolving potential circular references
2024-01-13 22:39:12.382 TRACE 58992 --- [           main] o.s.b.f.s.DefaultListableBeanFactory     : Finished creating instance of bean 'org.springframework.context.event.internalEventListenerFactory'
2024-01-13 22:39:12.382 DEBUG 58992 --- [           main] o.s.b.f.s.DefaultListableBeanFactory     : Creating shared instance of singleton bean 'org.springframework.context.annotation.internalAutowiredAnnotationProcessor'
2024-01-13 22:39:12.382 TRACE 58992 --- [           main] o.s.b.f.s.DefaultListableBeanFactory     : Creating instance of bean 'org.springframework.context.annotation.internalAutowiredAnnotationProcessor'
2024-01-13 22:39:12.383 TRACE 58992 --- [           main] o.s.b.f.s.DefaultListableBeanFactory     : Eagerly caching bean 'org.springframework.context.annotation.internalAutowiredAnnotationProcessor' to allow for resolving potential circular references
2024-01-13 22:39:12.383 TRACE 58992 --- [           main] o.s.b.f.s.DefaultListableBeanFactory     : Finished creating instance of bean 'org.springframework.context.annotation.internalAutowiredAnnotationProcessor'
2024-01-13 22:39:12.383 DEBUG 58992 --- [           main] o.s.b.f.s.DefaultListableBeanFactory     : Creating shared instance of singleton bean 'org.springframework.context.annotation.internalCommonAnnotationProcessor'
2024-01-13 22:39:12.383 TRACE 58992 --- [           main] o.s.b.f.s.DefaultListableBeanFactory     : Creating instance of bean 'org.springframework.context.annotation.internalCommonAnnotationProcessor'
2024-01-13 22:39:12.383 TRACE 58992 --- [           main] o.s.b.f.s.DefaultListableBeanFactory     : Eagerly caching bean 'org.springframework.context.annotation.internalCommonAnnotationProcessor' to allow for resolving potential circular references
2024-01-13 22:39:12.383 TRACE 58992 --- [           main] o.s.b.f.s.DefaultListableBeanFactory     : Finished creating instance of bean 'org.springframework.context.annotation.internalCommonAnnotationProcessor'
2024-01-13 22:39:12.383 DEBUG 58992 --- [           main] o.s.b.f.s.DefaultListableBeanFactory     : Creating shared instance of singleton bean 'org.springframework.context.annotation.internalPersistenceAnnotationProcessor'
2024-01-13 22:39:12.383 TRACE 58992 --- [           main] o.s.b.f.s.DefaultListableBeanFactory     : Creating instance of bean 'org.springframework.context.annotation.internalPersistenceAnnotationProcessor'
2024-01-13 22:39:12.383 TRACE 58992 --- [           main] o.s.b.f.s.DefaultListableBeanFactory     : Eagerly caching bean 'org.springframework.context.annotation.internalPersistenceAnnotationProcessor' to allow for resolving potential circular references
2024-01-13 22:39:12.383 TRACE 58992 --- [           main] o.s.b.f.s.DefaultListableBeanFactory     : Finished creating instance of bean 'org.springframework.context.annotation.internalPersistenceAnnotationProcessor'
2024-01-13 22:39:12.383 DEBUG 58992 --- [           main] o.s.b.f.s.DefaultListableBeanFactory     : Creating shared instance of singleton bean 'org.springframework.boot.test.mock.mockito.MockitoPostProcessor$SpyPostProcessor'
2024-01-13 22:39:12.383 TRACE 58992 --- [           main] o.s.b.f.s.DefaultListableBeanFactory     : Creating instance of bean 'org.springframework.boot.test.mock.mockito.MockitoPostProcessor$SpyPostProcessor'
2024-01-13 22:39:12.383 TRACE 58992 --- [           main] o.s.b.f.s.DefaultListableBeanFactory     : Returning cached instance of singleton bean 'org.springframework.boot.test.mock.mockito.MockitoPostProcessor'
2024-01-13 22:39:12.383 TRACE 58992 --- [           main] o.s.b.f.s.DefaultListableBeanFactory     : Eagerly caching bean 'org.springframework.boot.test.mock.mockito.MockitoPostProcessor$SpyPostProcessor' to allow for resolving potential circular references
2024-01-13 22:39:12.383 TRACE 58992 --- [           main] o.s.b.f.s.DefaultListableBeanFactory     : Finished creating instance of bean 'org.springframework.boot.test.mock.mockito.MockitoPostProcessor$SpyPostProcessor'
2024-01-13 22:39:12.383 DEBUG 58992 --- [           main] o.s.b.f.s.DefaultListableBeanFactory     : Creating shared instance of singleton bean 'org.springframework.boot.context.properties.ConfigurationPropertiesBindingPostProcessor'
2024-01-13 22:39:12.383 TRACE 58992 --- [           main] o.s.b.f.s.DefaultListableBeanFactory     : Creating instance of bean 'org.springframework.boot.context.properties.ConfigurationPropertiesBindingPostProcessor'
2024-01-13 22:39:12.383 TRACE 58992 --- [           main] o.s.b.f.s.DefaultListableBeanFactory     : Eagerly caching bean 'org.springframework.boot.context.properties.ConfigurationPropertiesBindingPostProcessor' to allow for resolving potential circular references
2024-01-13 22:39:12.383 TRACE 58992 --- [           main] o.s.b.f.s.DefaultListableBeanFactory     : Invoking afterPropertiesSet() on bean with name 'org.springframework.boot.context.properties.ConfigurationPropertiesBindingPostProcessor'
2024-01-13 22:39:12.383 DEBUG 58992 --- [           main] o.s.b.f.s.DefaultListableBeanFactory     : Creating shared instance of singleton bean 'org.springframework.boot.context.internalConfigurationPropertiesBinder'
2024-01-13 22:39:12.383 TRACE 58992 --- [           main] o.s.b.f.s.DefaultListableBeanFactory     : Creating instance of bean 'org.springframework.boot.context.internalConfigurationPropertiesBinder'
2024-01-13 22:39:12.383 DEBUG 58992 --- [           main] o.s.b.f.s.DefaultListableBeanFactory     : Creating shared instance of singleton bean 'org.springframework.boot.context.internalConfigurationPropertiesBinderFactory'
2024-01-13 22:39:12.383 TRACE 58992 --- [           main] o.s.b.f.s.DefaultListableBeanFactory     : Creating instance of bean 'org.springframework.boot.context.internalConfigurationPropertiesBinderFactory'
2024-01-13 22:39:12.383 TRACE 58992 --- [           main] o.s.b.f.s.DefaultListableBeanFactory     : Eagerly caching bean 'org.springframework.boot.context.internalConfigurationPropertiesBinderFactory' to allow for resolving potential circular references
2024-01-13 22:39:12.383 TRACE 58992 --- [           main] o.s.b.f.s.DefaultListableBeanFactory     : Finished creating instance of bean 'org.springframework.boot.context.internalConfigurationPropertiesBinderFactory'
2024-01-13 22:39:12.383 TRACE 58992 --- [           main] o.s.b.f.s.DefaultListableBeanFactory     : Eagerly caching bean 'org.springframework.boot.context.internalConfigurationPropertiesBinder' to allow for resolving potential circular references
2024-01-13 22:39:12.383 TRACE 58992 --- [           main] o.s.b.f.s.DefaultListableBeanFactory     : Finished creating instance of bean 'org.springframework.boot.context.internalConfigurationPropertiesBinder'
2024-01-13 22:39:12.383 TRACE 58992 --- [           main] o.s.b.f.s.DefaultListableBeanFactory     : Finished creating instance of bean 'org.springframework.boot.context.properties.ConfigurationPropertiesBindingPostProcessor'
2024-01-13 22:39:12.383 TRACE 58992 --- [           main] o.s.b.f.s.DefaultListableBeanFactory     : Returning cached instance of singleton bean 'org.springframework.boot.test.mock.mockito.MockitoPostProcessor'
2024-01-13 22:39:12.383 DEBUG 58992 --- [           main] o.s.b.f.s.DefaultListableBeanFactory     : Creating shared instance of singleton bean 'methodValidationPostProcessor'
2024-01-13 22:39:12.383 TRACE 58992 --- [           main] o.s.b.f.s.DefaultListableBeanFactory     : Creating instance of bean 'methodValidationPostProcessor'
2024-01-13 22:39:12.383 TRACE 58992 --- [           main] o.s.b.f.s.DefaultListableBeanFactory     : Returning cached instance of singleton bean 'environment'
2024-01-13 22:39:12.383 TRACE 58992 --- [           main] o.s.aop.framework.JdkDynamicAopProxy     : Creating JDK dynamic proxy: org.springframework.context.annotation.ContextAnnotationAutowireCandidateResolver$1@58052571
2024-01-13 22:39:12.383 DEBUG 58992 --- [           main] o.s.b.f.s.DefaultListableBeanFactory     : Autowiring by type from bean name 'methodValidationPostProcessor' via factory method to bean named 'environment'
2024-01-13 22:39:12.383 DEBUG 58992 --- [           main] o.s.b.f.s.DefaultListableBeanFactory     : Creating shared instance of singleton bean 'org.springframework.boot.context.properties.EnableConfigurationPropertiesRegistrar.methodValidationExcludeFilter'
2024-01-13 22:39:12.383 TRACE 58992 --- [           main] o.s.b.f.s.DefaultListableBeanFactory     : Creating instance of bean 'org.springframework.boot.context.properties.EnableConfigurationPropertiesRegistrar.methodValidationExcludeFilter'
2024-01-13 22:39:12.383 TRACE 58992 --- [           main] o.s.b.f.s.DefaultListableBeanFactory     : Eagerly caching bean 'org.springframework.boot.context.properties.EnableConfigurationPropertiesRegistrar.methodValidationExcludeFilter' to allow for resolving potential circular references
2024-01-13 22:39:12.383 TRACE 58992 --- [           main] o.s.beans.CachedIntrospectionResults     : Getting BeanInfo for class [org.springframework.boot.validation.beanvalidation.MethodValidationExcludeFilter$$Lambda$761/0x0000000801040200]
2024-01-13 22:39:12.384 TRACE 58992 --- [           main] o.s.beans.CachedIntrospectionResults     : Caching PropertyDescriptors for class [org.springframework.boot.validation.beanvalidation.MethodValidationExcludeFilter$$Lambda$761/0x0000000801040200]
2024-01-13 22:39:12.384 TRACE 58992 --- [           main] o.s.beans.CachedIntrospectionResults     : Found bean property 'class' of type [java.lang.Class]
2024-01-13 22:39:12.384 TRACE 58992 --- [           main] o.s.b.f.s.DefaultListableBeanFactory     : Finished creating instance of bean 'org.springframework.boot.context.properties.EnableConfigurationPropertiesRegistrar.methodValidationExcludeFilter'
2024-01-13 22:39:12.384 TRACE 58992 --- [           main] o.s.b.f.s.DefaultListableBeanFactory     : Returning cached instance of singleton bean 'org.springframework.boot.context.properties.EnableConfigurationPropertiesRegistrar.methodValidationExcludeFilter'
2024-01-13 22:39:12.384 TRACE 58992 --- [           main] o.s.c.e.PropertySourcesPropertyResolver  : Searching for key 'spring.aop.proxy-target-class' in PropertySource 'Annotations'
2024-01-13 22:39:12.384 TRACE 58992 --- [           main] o.s.c.e.PropertySourcesPropertyResolver  : Searching for key 'spring.aop.proxy-target-class' in PropertySource 'configurationProperties'
2024-01-13 22:39:12.384 TRACE 58992 --- [           main] o.s.c.e.PropertySourcesPropertyResolver  : Searching for key 'spring.aop.proxy-target-class' in PropertySource 'test'
2024-01-13 22:39:12.384 TRACE 58992 --- [           main] o.s.c.e.PropertySourcesPropertyResolver  : Searching for key 'spring.aop.proxy-target-class' in PropertySource 'Inlined Test Properties'
2024-01-13 22:39:12.384 TRACE 58992 --- [           main] o.s.c.e.PropertySourcesPropertyResolver  : Searching for key 'spring.aop.proxy-target-class' in PropertySource 'systemProperties'
2024-01-13 22:39:12.384 TRACE 58992 --- [           main] o.s.c.e.PropertySourcesPropertyResolver  : Searching for key 'spring.aop.proxy-target-class' in PropertySource 'systemEnvironment'
2024-01-13 22:39:12.384 TRACE 58992 --- [           main] o.s.c.e.PropertySourcesPropertyResolver  : Searching for key 'spring.aop.proxy-target-class' in PropertySource 'random'
2024-01-13 22:39:12.384 TRACE 58992 --- [           main] o.s.c.e.PropertySourcesPropertyResolver  : Searching for key 'spring.aop.proxy-target-class' in PropertySource 'Config resource 'class path resource [application.properties]' via location 'optional:classpath:/''
2024-01-13 22:39:12.384 TRACE 58992 --- [           main] o.s.c.e.PropertySourcesPropertyResolver  : Searching for key 'spring.aop.proxy-target-class' in PropertySource 'Config resource 'class path resource [application.yml]' via location 'optional:classpath:/''
2024-01-13 22:39:12.384 TRACE 58992 --- [           main] o.s.c.e.PropertySourcesPropertyResolver  : Could not find key 'spring.aop.proxy-target-class' in any property source
2024-01-13 22:39:12.384 TRACE 58992 --- [           main] o.s.b.f.s.DefaultListableBeanFactory     : Eagerly caching bean 'methodValidationPostProcessor' to allow for resolving potential circular references
2024-01-13 22:39:12.384 TRACE 58992 --- [           main] o.s.beans.CachedIntrospectionResults     : Getting BeanInfo for class [org.springframework.boot.validation.beanvalidation.FilteredMethodValidationPostProcessor]
2024-01-13 22:39:12.385 TRACE 58992 --- [           main] o.s.beans.CachedIntrospectionResults     : Caching PropertyDescriptors for class [org.springframework.boot.validation.beanvalidation.FilteredMethodValidationPostProcessor]
2024-01-13 22:39:12.385 TRACE 58992 --- [           main] o.s.beans.CachedIntrospectionResults     : Found bean property 'beanClassLoader' of type [java.lang.ClassLoader]
2024-01-13 22:39:12.385 TRACE 58992 --- [           main] o.s.beans.CachedIntrospectionResults     : Found bean property 'beanFactory' of type [org.springframework.beans.factory.BeanFactory]
2024-01-13 22:39:12.385 TRACE 58992 --- [           main] o.s.beans.CachedIntrospectionResults     : Found bean property 'beforeExistingAdvisors' of type [boolean]
2024-01-13 22:39:12.385 TRACE 58992 --- [           main] o.s.beans.CachedIntrospectionResults     : Found bean property 'class' of type [java.lang.Class]
2024-01-13 22:39:12.385 TRACE 58992 --- [           main] o.s.beans.CachedIntrospectionResults     : Found bean property 'exposeProxy' of type [boolean]
2024-01-13 22:39:12.385 TRACE 58992 --- [           main] o.s.beans.CachedIntrospectionResults     : Found bean property 'frozen' of type [boolean]
2024-01-13 22:39:12.385 TRACE 58992 --- [           main] o.s.beans.CachedIntrospectionResults     : Found bean property 'opaque' of type [boolean]
2024-01-13 22:39:12.385 TRACE 58992 --- [           main] o.s.beans.CachedIntrospectionResults     : Found bean property 'optimize' of type [boolean]
2024-01-13 22:39:12.385 TRACE 58992 --- [           main] o.s.beans.CachedIntrospectionResults     : Found bean property 'order' of type [int]
2024-01-13 22:39:12.385 TRACE 58992 --- [           main] o.s.beans.CachedIntrospectionResults     : Found bean property 'proxyClassLoader' of type [java.lang.ClassLoader]
2024-01-13 22:39:12.385 TRACE 58992 --- [           main] o.s.beans.CachedIntrospectionResults     : Found bean property 'proxyTargetClass' of type [boolean]
2024-01-13 22:39:12.385 TRACE 58992 --- [           main] o.s.beans.CachedIntrospectionResults     : Found bean property 'validatedAnnotationType' of type [java.lang.Class]
2024-01-13 22:39:12.385 TRACE 58992 --- [           main] o.s.beans.CachedIntrospectionResults     : Found bean property 'validator' of type [javax.validation.Validator]
2024-01-13 22:39:12.385 TRACE 58992 --- [           main] o.s.beans.CachedIntrospectionResults     : Found bean property 'validatorFactory' of type [javax.validation.ValidatorFactory]
2024-01-13 22:39:12.385 TRACE 58992 --- [           main] o.s.b.f.s.DefaultListableBeanFactory     : Invoking afterPropertiesSet() on bean with name 'methodValidationPostProcessor'
2024-01-13 22:39:12.385 TRACE 58992 --- [           main] o.s.b.f.s.DefaultListableBeanFactory     : Finished creating instance of bean 'methodValidationPostProcessor'
2024-01-13 22:39:12.385 DEBUG 58992 --- [           main] o.s.b.f.s.DefaultListableBeanFactory     : Creating shared instance of singleton bean 'projectingArgumentResolverBeanPostProcessor'
2024-01-13 22:39:12.385 TRACE 58992 --- [           main] o.s.b.f.s.DefaultListableBeanFactory     : Creating instance of bean 'projectingArgumentResolverBeanPostProcessor'
2024-01-13 22:39:12.386 TRACE 58992 --- [           main] o.s.b.f.s.DefaultListableBeanFactory     : Eagerly caching bean 'projectingArgumentResolverBeanPostProcessor' to allow for resolving potential circular references
2024-01-13 22:39:12.386 TRACE 58992 --- [           main] o.s.beans.CachedIntrospectionResults     : Getting BeanInfo for class [org.springframework.data.web.config.ProjectingArgumentResolverRegistrar$ProjectingArgumentResolverBeanPostProcessor]
2024-01-13 22:39:12.386 TRACE 58992 --- [           main] o.s.beans.CachedIntrospectionResults     : Caching PropertyDescriptors for class [org.springframework.data.web.config.ProjectingArgumentResolverRegistrar$ProjectingArgumentResolverBeanPostProcessor]
2024-01-13 22:39:12.386 TRACE 58992 --- [           main] o.s.beans.CachedIntrospectionResults     : Found bean property 'beanClassLoader' of type [java.lang.ClassLoader]
2024-01-13 22:39:12.386 TRACE 58992 --- [           main] o.s.beans.CachedIntrospectionResults     : Found bean property 'beanFactory' of type [org.springframework.beans.factory.BeanFactory]
2024-01-13 22:39:12.386 TRACE 58992 --- [           main] o.s.beans.CachedIntrospectionResults     : Found bean property 'class' of type [java.lang.Class]
2024-01-13 22:39:12.386 TRACE 58992 --- [           main] o.s.b.f.s.DefaultListableBeanFactory     : Finished creating instance of bean 'projectingArgumentResolverBeanPostProcessor'
2024-01-13 22:39:12.386 DEBUG 58992 --- [           main] o.s.b.f.s.DefaultListableBeanFactory     : Creating shared instance of singleton bean 'hypermediaRepresentionModelProcessorConfigurator'
2024-01-13 22:39:12.386 TRACE 58992 --- [           main] o.s.b.f.s.DefaultListableBeanFactory     : Creating instance of bean 'hypermediaRepresentionModelProcessorConfigurator'
2024-01-13 22:39:12.386 TRACE 58992 --- [           main] o.s.b.f.s.DefaultListableBeanFactory     : Eagerly caching bean 'hypermediaRepresentionModelProcessorConfigurator' to allow for resolving potential circular references
2024-01-13 22:39:12.386 TRACE 58992 --- [           main] o.s.beans.CachedIntrospectionResults     : Getting BeanInfo for class [org.springframework.hateoas.config.WebMvcHateoasConfiguration$HypermediaRepresentationModelBeanProcessorPostProcessor]
2024-01-13 22:39:12.386 TRACE 58992 --- [           main] o.s.beans.CachedIntrospectionResults     : Caching PropertyDescriptors for class [org.springframework.hateoas.config.WebMvcHateoasConfiguration$HypermediaRepresentationModelBeanProcessorPostProcessor]
2024-01-13 22:39:12.386 TRACE 58992 --- [           main] o.s.beans.CachedIntrospectionResults     : Found bean property 'class' of type [java.lang.Class]
2024-01-13 22:39:12.386 TRACE 58992 --- [           main] o.s.b.f.s.DefaultListableBeanFactory     : Finished creating instance of bean 'hypermediaRepresentionModelProcessorConfigurator'
2024-01-13 22:39:12.386 DEBUG 58992 --- [           main] o.s.b.f.s.DefaultListableBeanFactory     : Creating shared instance of singleton bean 'hypermediaRestTemplateBeanPostProcessor'
2024-01-13 22:39:12.386 TRACE 58992 --- [           main] o.s.b.f.s.DefaultListableBeanFactory     : Creating instance of bean 'hypermediaRestTemplateBeanPostProcessor'
2024-01-13 22:39:12.387 TRACE 58992 --- [           main] o.s.b.f.s.DefaultListableBeanFactory     : Eagerly caching bean 'hypermediaRestTemplateBeanPostProcessor' to allow for resolving potential circular references
2024-01-13 22:39:12.387 TRACE 58992 --- [           main] o.s.beans.CachedIntrospectionResults     : Getting BeanInfo for class [org.springframework.hateoas.config.RestTemplateHateoasConfiguration$HypermediaRestTemplateBeanPostProcessor]
2024-01-13 22:39:12.387 TRACE 58992 --- [           main] o.s.beans.CachedIntrospectionResults     : Caching PropertyDescriptors for class [org.springframework.hateoas.config.RestTemplateHateoasConfiguration$HypermediaRestTemplateBeanPostProcessor]
2024-01-13 22:39:12.387 TRACE 58992 --- [           main] o.s.beans.CachedIntrospectionResults     : Found bean property 'class' of type [java.lang.Class]
2024-01-13 22:39:12.387 TRACE 58992 --- [           main] o.s.b.f.s.DefaultListableBeanFactory     : Finished creating instance of bean 'hypermediaRestTemplateBeanPostProcessor'
2024-01-13 22:39:12.387 TRACE 58992 --- [           main] o.s.b.f.s.DefaultListableBeanFactory     : Returning cached instance of singleton bean 'org.springframework.boot.test.autoconfigure.properties.PropertyMappingContextCustomizer$PropertyMappingCheckBeanPostProcessor'
2024-01-13 22:39:12.387 TRACE 58992 --- [           main] o.s.w.c.s.GenericWebApplicationContext   : No 'messageSource' bean, using [Empty MessageSource]
2024-01-13 22:39:12.387 TRACE 58992 --- [           main] o.s.w.c.s.GenericWebApplicationContext   : No 'applicationEventMulticaster' bean, using [SimpleApplicationEventMulticaster]
2024-01-13 22:39:12.387 DEBUG 58992 --- [           main] o.s.u.c.s.UiApplicationContextUtils      : Unable to locate ThemeSource with name 'themeSource': using default [org.springframework.ui.context.support.ResourceBundleThemeSource@6965c32]
2024-01-13 22:39:12.387 TRACE 58992 --- [           main] o.s.b.f.s.DefaultListableBeanFactory     : Pre-instantiating singletons in org.springframework.beans.factory.support.DefaultListableBeanFactory@5e8f1db2: defining beans [org.springframework.context.annotation.internalConfigurationAnnotationProcessor,org.springframework.context.annotation.internalAutowiredAnnotationProcessor,org.springframework.context.annotation.internalCommonAnnotationProcessor,org.springframework.context.annotation.internalPersistenceAnnotationProcessor,org.springframework.context.event.internalEventListenerProcessor,org.springframework.context.event.internalEventListenerFactory,org.springframework.boot.test.context.ImportsContextCustomizer$ImportsCleanupPostProcessor,org.springframework.boot.test.mock.mockito.MockitoPostProcessor$SpyPostProcessor,org.springframework.boot.test.mock.mockito.MockitoPostProcessor,tacoCloudApplicationJpa,org.springframework.boot.autoconfigure.internalCachingMetadataReaderFactory,ingredientByIdConverter,securityConfiguration,designTacoController,orderController,registrationController,passwordEncoder,userDetailsService,filterChain,dataLoad,org.springframework.boot.autoconfigure.AutoConfigurationPackages,org.springframework.boot.autoconfigure.task.TaskExecutionAutoConfiguration,taskExecutorBuilder,applicationTaskExecutor,org.springframework.boot.context.properties.ConfigurationPropertiesBindingPostProcessor,org.springframework.boot.context.internalConfigurationPropertiesBinderFactory,org.springframework.boot.context.internalConfigurationPropertiesBinder,org.springframework.boot.context.properties.BoundConfigurationProperties,org.springframework.boot.context.properties.EnableConfigurationPropertiesRegistrar.methodValidationExcludeFilter,spring.task.execution-org.springframework.boot.autoconfigure.task.TaskExecutionProperties,org.springframework.boot.autoconfigure.validation.ValidationAutoConfiguration,defaultValidator,methodValidationPostProcessor,org.springframework.boot.autoconfigure.web.servlet.error.ErrorMvcAutoConfiguration$WhitelabelErrorViewConfiguration,error,beanNameViewResolver,org.springframework.boot.autoconfigure.web.servlet.error.ErrorMvcAutoConfiguration$DefaultErrorViewResolverConfiguration,spring.web-org.springframework.boot.autoconfigure.web.WebProperties,spring.resources-org.springframework.boot.autoconfigure.web.ResourceProperties,spring.mvc-org.springframework.boot.autoconfigure.web.servlet.WebMvcProperties,org.springframework.boot.autoconfigure.web.servlet.error.ErrorMvcAutoConfiguration,errorAttributes,basicErrorController,errorPageCustomizer,preserveErrorControllerTargetClassPostProcessor,server-org.springframework.boot.autoconfigure.web.ServerProperties,org.springframework.boot.autoconfigure.web.servlet.WebMvcAutoConfiguration$EnableWebMvcConfiguration,requestMappingHandlerAdapter,requestMappingHandlerMapping,welcomePageHandlerMapping,localeResolver,themeResolver,flashMapManager,mvcConversionService,mvcValidator,mvcContentNegotiationManager,mvcPatternParser,mvcUrlPathHelper,mvcPathMatcher,viewControllerHandlerMapping,beanNameHandlerMapping,routerFunctionMapping,resourceHandlerMapping,mvcResourceUrlProvider,defaultServletHandlerMapping,handlerFunctionAdapter,mvcUriComponentsContributor,httpRequestHandlerAdapter,simpleControllerHandlerAdapter,handlerExceptionResolver,mvcViewResolver,mvcHandlerMappingIntrospector,viewNameTranslator,org.springframework.boot.autoconfigure.web.servlet.WebMvcAutoConfiguration$WebMvcAutoConfigurationAdapter,defaultViewResolver,viewResolver,requestContextFilter,org.springframework.boot.autoconfigure.web.servlet.WebMvcAutoConfiguration,formContentFilter,org.springframework.boot.autoconfigure.jackson.JacksonAutoConfiguration$Jackson2ObjectMapperBuilderCustomizerConfiguration,standardJacksonObjectMapperBuilderCustomizer,spring.jackson-org.springframework.boot.autoconfigure.jackson.JacksonProperties,org.springframework.boot.autoconfigure.jackson.JacksonAutoConfiguration$JacksonObjectMapperBuilderConfiguration,jacksonObjectMapperBuilder,org.springframework.boot.autoconfigure.jackson.JacksonAutoConfiguration$ParameterNamesModuleConfiguration,parameterNamesModule,org.springframework.boot.autoconfigure.jackson.JacksonAutoConfiguration$JacksonObjectMapperConfiguration,jacksonObjectMapper,org.springframework.boot.autoconfigure.jackson.JacksonAutoConfiguration,jsonComponentModule,org.springframework.boot.autoconfigure.http.HttpMessageConvertersAutoConfiguration$StringHttpMessageConverterConfiguration,stringHttpMessageConverter,org.springframework.boot.autoconfigure.http.JacksonHttpMessageConvertersConfiguration$MappingJackson2HttpMessageConverterConfiguration,mappingJackson2HttpMessageConverter,org.springframework.boot.autoconfigure.http.JacksonHttpMessageConvertersConfiguration,org.springframework.boot.autoconfigure.http.HttpMessageConvertersAutoConfiguration,messageConverters,org.springframework.data.web.config.ProjectingArgumentResolverRegistrar,projectingArgumentResolverBeanPostProcessor,org.springframework.data.web.config.HateoasAwareSpringDataWebConfiguration,pageableResolver,sortResolver,pagedResourcesAssembler,pagedResourcesAssemblerArgumentResolver,org.springframework.data.web.config.SpringDataJacksonConfiguration,jacksonGeoModule,org.springframework.boot.autoconfigure.data.web.SpringDataWebAutoConfiguration,pageableCustomizer,sortCustomizer,spring.data.web-org.springframework.boot.autoconfigure.data.web.SpringDataWebProperties,org.springframework.hateoas.mediatype.hal.HalMediaTypeConfiguration,halLinkDisocoverer,org.springframework.hateoas.config.WebTestHateoasConfiguration,webTestClientConfigurer,org.springframework.hateoas.config.HateoasConfiguration,messageResolver,hypermediaWebMvcConverters,defaultRelProvider,annotationRelProvider,_relProvider,relProviderPluginRegistry,linkDiscoverers,linkDiscovererRegistry,org.springframework.hateoas.config.WebMvcEntityLinksConfiguration,webMvcEntityLinks,entityLinksPluginRegistry,delegatingEntityLinks,org.springframework.hateoas.config.WebMvcHateoasConfiguration,hypermediaWebMvcConfigurer,representationModelProcessorInvoker,hypermediaRepresentionModelProcessorConfigurator,webMvcLinkBuilderFactory,org.springframework.hateoas.config.RestTemplateHateoasConfiguration,hypermediaRestTemplateBeanPostProcessor,hypermediaRestTemplateConfigurer,org.springframework.boot.autoconfigure.hateoas.HypermediaAutoConfiguration$HypermediaConfiguration,org.springframework.boot.autoconfigure.hateoas.HypermediaAutoConfiguration,applicationJsonHalConfiguration,spring.hateoas-org.springframework.boot.autoconfigure.hateoas.HateoasProperties,org.springframework.security.config.annotation.configuration.ObjectPostProcessorConfiguration,objectPostProcessor,org.springframework.security.config.annotation.authentication.configuration.AuthenticationConfiguration,authenticationManagerBuilder,enableGlobalAuthenticationAutowiredConfigurer,initializeUserDetailsBeanManagerConfigurer,initializeAuthenticationProviderBeanManagerConfigurer,org.springframework.security.config.annotation.web.configuration.WebSecurityConfiguration,delegatingApplicationListener,webSecurityExpressionHandler,springSecurityFilterChain,privilegeEvaluator,conversionServicePostProcessor,autowiredWebSecurityConfigurersIgnoreParents,org.springframework.security.config.annotation.web.configuration.WebMvcSecurityConfiguration,requestDataValueProcessor,org.springframework.security.config.annotation.web.configuration.HttpSecurityConfiguration,org.springframework.security.config.annotation.web.configuration.HttpSecurityConfiguration.httpSecurity,org.springframework.boot.autoconfigure.security.servlet.WebSecurityEnablerConfiguration,org.springframework.boot.autoconfigure.security.servlet.SecurityAutoConfiguration,authenticationEventPublisher,spring.security-org.springframework.boot.autoconfigure.security.SecurityProperties,org.springframework.boot.autoconfigure.security.servlet.SecurityFilterAutoConfiguration,securityFilterChainRegistration,org.springframework.boot.autoconfigure.thymeleaf.ThymeleafAutoConfiguration$ThymeleafJava8TimeDialect,java8TimeDialect,org.springframework.boot.autoconfigure.thymeleaf.ThymeleafAutoConfiguration$ThymeleafWebMvcConfiguration$ThymeleafViewResolverConfiguration,thymeleafViewResolver,org.springframework.boot.autoconfigure.thymeleaf.ThymeleafAutoConfiguration$ThymeleafWebMvcConfiguration,org.springframework.boot.autoconfigure.thymeleaf.ThymeleafAutoConfiguration$ThymeleafDefaultConfiguration,templateEngine,org.springframework.boot.autoconfigure.thymeleaf.ThymeleafAutoConfiguration$DefaultTemplateResolverConfiguration,defaultTemplateResolver,org.springframework.boot.autoconfigure.thymeleaf.ThymeleafAutoConfiguration,spring.thymeleaf-org.springframework.boot.autoconfigure.thymeleaf.ThymeleafProperties,org.springframework.boot.autoconfigure.web.servlet.HttpEncodingAutoConfiguration,characterEncodingFilter,localeCharsetMappingsCustomizer,org.springframework.boot.test.autoconfigure.web.servlet.MockMvcAutoConfiguration,dispatcherServletPath,mockMvcBuilder,springBootMockMvcBuilderCustomizer,mockMvc,dispatcherServlet]; root of factory hierarchy
2024-01-13 22:39:12.387 TRACE 58992 --- [           main] o.s.b.f.s.DefaultListableBeanFactory     : Returning cached instance of singleton bean 'org.springframework.context.annotation.internalConfigurationAnnotationProcessor'
2024-01-13 22:39:12.387 TRACE 58992 --- [           main] o.s.b.f.s.DefaultListableBeanFactory     : Returning cached instance of singleton bean 'org.springframework.context.annotation.internalAutowiredAnnotationProcessor'
2024-01-13 22:39:12.387 TRACE 58992 --- [           main] o.s.b.f.s.DefaultListableBeanFactory     : Returning cached instance of singleton bean 'org.springframework.context.annotation.internalCommonAnnotationProcessor'
2024-01-13 22:39:12.387 TRACE 58992 --- [           main] o.s.b.f.s.DefaultListableBeanFactory     : Returning cached instance of singleton bean 'org.springframework.context.annotation.internalPersistenceAnnotationProcessor'
2024-01-13 22:39:12.387 TRACE 58992 --- [           main] o.s.b.f.s.DefaultListableBeanFactory     : Returning cached instance of singleton bean 'org.springframework.context.event.internalEventListenerProcessor'
2024-01-13 22:39:12.387 TRACE 58992 --- [           main] o.s.b.f.s.DefaultListableBeanFactory     : Returning cached instance of singleton bean 'org.springframework.context.event.internalEventListenerFactory'
2024-01-13 22:39:12.387 TRACE 58992 --- [           main] o.s.b.f.s.DefaultListableBeanFactory     : Returning cached instance of singleton bean 'org.springframework.boot.test.context.ImportsContextCustomizer$ImportsCleanupPostProcessor'
2024-01-13 22:39:12.387 TRACE 58992 --- [           main] o.s.b.f.s.DefaultListableBeanFactory     : Returning cached instance of singleton bean 'org.springframework.boot.test.mock.mockito.MockitoPostProcessor$SpyPostProcessor'
2024-01-13 22:39:12.387 TRACE 58992 --- [           main] o.s.b.f.s.DefaultListableBeanFactory     : Returning cached instance of singleton bean 'org.springframework.boot.test.mock.mockito.MockitoPostProcessor'
2024-01-13 22:39:12.387 DEBUG 58992 --- [           main] o.s.b.f.s.DefaultListableBeanFactory     : Creating shared instance of singleton bean 'tacoCloudApplicationJpa'
2024-01-13 22:39:12.387 TRACE 58992 --- [           main] o.s.b.f.s.DefaultListableBeanFactory     : Creating instance of bean 'tacoCloudApplicationJpa'
2024-01-13 22:39:12.387 TRACE 58992 --- [           main] o.s.b.f.s.DefaultListableBeanFactory     : Eagerly caching bean 'tacoCloudApplicationJpa' to allow for resolving potential circular references
2024-01-13 22:39:12.387 TRACE 58992 --- [           main] o.s.beans.CachedIntrospectionResults     : Getting BeanInfo for class [tacos.TacoCloudApplicationJpa$$EnhancerBySpringCGLIB$$9028a94d]
2024-01-13 22:39:12.388 TRACE 58992 --- [           main] o.s.beans.CachedIntrospectionResults     : Caching PropertyDescriptors for class [tacos.TacoCloudApplicationJpa$$EnhancerBySpringCGLIB$$9028a94d]
2024-01-13 22:39:12.388 TRACE 58992 --- [           main] o.s.beans.CachedIntrospectionResults     : Found bean property 'beanFactory' of type [org.springframework.beans.factory.BeanFactory]
2024-01-13 22:39:12.388 TRACE 58992 --- [           main] o.s.beans.CachedIntrospectionResults     : Found bean property 'class' of type [java.lang.Class]
2024-01-13 22:39:12.388 TRACE 58992 --- [           main] o.s.b.f.s.DefaultListableBeanFactory     : Finished creating instance of bean 'tacoCloudApplicationJpa'
2024-01-13 22:39:12.388 TRACE 58992 --- [           main] o.s.b.f.s.DefaultListableBeanFactory     : Returning cached instance of singleton bean 'org.springframework.boot.autoconfigure.internalCachingMetadataReaderFactory'
2024-01-13 22:39:12.388 DEBUG 58992 --- [           main] o.s.b.f.s.DefaultListableBeanFactory     : Creating shared instance of singleton bean 'ingredientByIdConverter'
2024-01-13 22:39:12.388 TRACE 58992 --- [           main] o.s.b.f.s.DefaultListableBeanFactory     : Creating instance of bean 'ingredientByIdConverter'
2024-01-13 22:39:12.388 TRACE 58992 --- [           main] o.s.b.f.s.DefaultListableBeanFactory     : Ignoring constructor [public tacos.IngredientByIdConverter(tacos.data.jdbc.IngredientDataRepository)] of bean 'ingredientByIdConverter': org.springframework.beans.factory.UnsatisfiedDependencyException: Error creating bean with name 'ingredientByIdConverter' defined in file [/Users/aselaillayapparachchi/IdeaProjects/learn-spring-in-action/taco-cloud-data-rest-jpa/target/classes/tacos/IngredientByIdConverter.class]: Unsatisfied dependency expressed through constructor parameter 0; nested exception is org.springframework.beans.factory.NoSuchBeanDefinitionException: No qualifying bean of type 'tacos.data.jdbc.IngredientDataRepository' available: expected at least 1 bean which qualifies as autowire candidate. Dependency annotations: {}
2024-01-13 22:39:12.388  WARN 58992 --- [           main] o.s.w.c.s.GenericWebApplicationContext   : Exception encountered during context initialization - cancelling refresh attempt: org.springframework.beans.factory.UnsatisfiedDependencyException: Error creating bean with name 'ingredientByIdConverter' defined in file [/Users/aselaillayapparachchi/IdeaProjects/learn-spring-in-action/taco-cloud-data-rest-jpa/target/classes/tacos/IngredientByIdConverter.class]: Unsatisfied dependency expressed through constructor parameter 0; nested exception is org.springframework.beans.factory.NoSuchBeanDefinitionException: No qualifying bean of type 'tacos.data.jdbc.IngredientDataRepository' available: expected at least 1 bean which qualifies as autowire candidate. Dependency annotations: {}
2024-01-13 22:39:12.388 TRACE 58992 --- [           main] o.s.b.f.s.DefaultListableBeanFactory     : Destroying singletons in org.springframework.beans.factory.support.DefaultListableBeanFactory@5e8f1db2: defining beans [org.springframework.context.annotation.internalConfigurationAnnotationProcessor,org.springframework.context.annotation.internalAutowiredAnnotationProcessor,org.springframework.context.annotation.internalCommonAnnotationProcessor,org.springframework.context.annotation.internalPersistenceAnnotationProcessor,org.springframework.context.event.internalEventListenerProcessor,org.springframework.context.event.internalEventListenerFactory,org.springframework.boot.test.context.ImportsContextCustomizer$ImportsCleanupPostProcessor,org.springframework.boot.test.mock.mockito.MockitoPostProcessor$SpyPostProcessor,org.springframework.boot.test.mock.mockito.MockitoPostProcessor,tacoCloudApplicationJpa,org.springframework.boot.autoconfigure.internalCachingMetadataReaderFactory,ingredientByIdConverter,securityConfiguration,designTacoController,orderController,registrationController,passwordEncoder,userDetailsService,filterChain,dataLoad,org.springframework.boot.autoconfigure.AutoConfigurationPackages,org.springframework.boot.autoconfigure.task.TaskExecutionAutoConfiguration,taskExecutorBuilder,applicationTaskExecutor,org.springframework.boot.context.properties.ConfigurationPropertiesBindingPostProcessor,org.springframework.boot.context.internalConfigurationPropertiesBinderFactory,org.springframework.boot.context.internalConfigurationPropertiesBinder,org.springframework.boot.context.properties.BoundConfigurationProperties,org.springframework.boot.context.properties.EnableConfigurationPropertiesRegistrar.methodValidationExcludeFilter,spring.task.execution-org.springframework.boot.autoconfigure.task.TaskExecutionProperties,org.springframework.boot.autoconfigure.validation.ValidationAutoConfiguration,defaultValidator,methodValidationPostProcessor,org.springframework.boot.autoconfigure.web.servlet.error.ErrorMvcAutoConfiguration$WhitelabelErrorViewConfiguration,error,beanNameViewResolver,org.springframework.boot.autoconfigure.web.servlet.error.ErrorMvcAutoConfiguration$DefaultErrorViewResolverConfiguration,spring.web-org.springframework.boot.autoconfigure.web.WebProperties,spring.resources-org.springframework.boot.autoconfigure.web.ResourceProperties,spring.mvc-org.springframework.boot.autoconfigure.web.servlet.WebMvcProperties,org.springframework.boot.autoconfigure.web.servlet.error.ErrorMvcAutoConfiguration,errorAttributes,basicErrorController,errorPageCustomizer,preserveErrorControllerTargetClassPostProcessor,server-org.springframework.boot.autoconfigure.web.ServerProperties,org.springframework.boot.autoconfigure.web.servlet.WebMvcAutoConfiguration$EnableWebMvcConfiguration,requestMappingHandlerAdapter,requestMappingHandlerMapping,welcomePageHandlerMapping,localeResolver,themeResolver,flashMapManager,mvcConversionService,mvcValidator,mvcContentNegotiationManager,mvcPatternParser,mvcUrlPathHelper,mvcPathMatcher,viewControllerHandlerMapping,beanNameHandlerMapping,routerFunctionMapping,resourceHandlerMapping,mvcResourceUrlProvider,defaultServletHandlerMapping,handlerFunctionAdapter,mvcUriComponentsContributor,httpRequestHandlerAdapter,simpleControllerHandlerAdapter,handlerExceptionResolver,mvcViewResolver,mvcHandlerMappingIntrospector,viewNameTranslator,org.springframework.boot.autoconfigure.web.servlet.WebMvcAutoConfiguration$WebMvcAutoConfigurationAdapter,defaultViewResolver,viewResolver,requestContextFilter,org.springframework.boot.autoconfigure.web.servlet.WebMvcAutoConfiguration,formContentFilter,org.springframework.boot.autoconfigure.jackson.JacksonAutoConfiguration$Jackson2ObjectMapperBuilderCustomizerConfiguration,standardJacksonObjectMapperBuilderCustomizer,spring.jackson-org.springframework.boot.autoconfigure.jackson.JacksonProperties,org.springframework.boot.autoconfigure.jackson.JacksonAutoConfiguration$JacksonObjectMapperBuilderConfiguration,jacksonObjectMapperBuilder,org.springframework.boot.autoconfigure.jackson.JacksonAutoConfiguration$ParameterNamesModuleConfiguration,parameterNamesModule,org.springframework.boot.autoconfigure.jackson.JacksonAutoConfiguration$JacksonObjectMapperConfiguration,jacksonObjectMapper,org.springframework.boot.autoconfigure.jackson.JacksonAutoConfiguration,jsonComponentModule,org.springframework.boot.autoconfigure.http.HttpMessageConvertersAutoConfiguration$StringHttpMessageConverterConfiguration,stringHttpMessageConverter,org.springframework.boot.autoconfigure.http.JacksonHttpMessageConvertersConfiguration$MappingJackson2HttpMessageConverterConfiguration,mappingJackson2HttpMessageConverter,org.springframework.boot.autoconfigure.http.JacksonHttpMessageConvertersConfiguration,org.springframework.boot.autoconfigure.http.HttpMessageConvertersAutoConfiguration,messageConverters,org.springframework.data.web.config.ProjectingArgumentResolverRegistrar,projectingArgumentResolverBeanPostProcessor,org.springframework.data.web.config.HateoasAwareSpringDataWebConfiguration,pageableResolver,sortResolver,pagedResourcesAssembler,pagedResourcesAssemblerArgumentResolver,org.springframework.data.web.config.SpringDataJacksonConfiguration,jacksonGeoModule,org.springframework.boot.autoconfigure.data.web.SpringDataWebAutoConfiguration,pageableCustomizer,sortCustomizer,spring.data.web-org.springframework.boot.autoconfigure.data.web.SpringDataWebProperties,org.springframework.hateoas.mediatype.hal.HalMediaTypeConfiguration,halLinkDisocoverer,org.springframework.hateoas.config.WebTestHateoasConfiguration,webTestClientConfigurer,org.springframework.hateoas.config.HateoasConfiguration,messageResolver,hypermediaWebMvcConverters,defaultRelProvider,annotationRelProvider,_relProvider,relProviderPluginRegistry,linkDiscoverers,linkDiscovererRegistry,org.springframework.hateoas.config.WebMvcEntityLinksConfiguration,webMvcEntityLinks,entityLinksPluginRegistry,delegatingEntityLinks,org.springframework.hateoas.config.WebMvcHateoasConfiguration,hypermediaWebMvcConfigurer,representationModelProcessorInvoker,hypermediaRepresentionModelProcessorConfigurator,webMvcLinkBuilderFactory,org.springframework.hateoas.config.RestTemplateHateoasConfiguration,hypermediaRestTemplateBeanPostProcessor,hypermediaRestTemplateConfigurer,org.springframework.boot.autoconfigure.hateoas.HypermediaAutoConfiguration$HypermediaConfiguration,org.springframework.boot.autoconfigure.hateoas.HypermediaAutoConfiguration,applicationJsonHalConfiguration,spring.hateoas-org.springframework.boot.autoconfigure.hateoas.HateoasProperties,org.springframework.security.config.annotation.configuration.ObjectPostProcessorConfiguration,objectPostProcessor,org.springframework.security.config.annotation.authentication.configuration.AuthenticationConfiguration,authenticationManagerBuilder,enableGlobalAuthenticationAutowiredConfigurer,initializeUserDetailsBeanManagerConfigurer,initializeAuthenticationProviderBeanManagerConfigurer,org.springframework.security.config.annotation.web.configuration.WebSecurityConfiguration,delegatingApplicationListener,webSecurityExpressionHandler,springSecurityFilterChain,privilegeEvaluator,conversionServicePostProcessor,autowiredWebSecurityConfigurersIgnoreParents,org.springframework.security.config.annotation.web.configuration.WebMvcSecurityConfiguration,requestDataValueProcessor,org.springframework.security.config.annotation.web.configuration.HttpSecurityConfiguration,org.springframework.security.config.annotation.web.configuration.HttpSecurityConfiguration.httpSecurity,org.springframework.boot.autoconfigure.security.servlet.WebSecurityEnablerConfiguration,org.springframework.boot.autoconfigure.security.servlet.SecurityAutoConfiguration,authenticationEventPublisher,spring.security-org.springframework.boot.autoconfigure.security.SecurityProperties,org.springframework.boot.autoconfigure.security.servlet.SecurityFilterAutoConfiguration,securityFilterChainRegistration,org.springframework.boot.autoconfigure.thymeleaf.ThymeleafAutoConfiguration$ThymeleafJava8TimeDialect,java8TimeDialect,org.springframework.boot.autoconfigure.thymeleaf.ThymeleafAutoConfiguration$ThymeleafWebMvcConfiguration$ThymeleafViewResolverConfiguration,thymeleafViewResolver,org.springframework.boot.autoconfigure.thymeleaf.ThymeleafAutoConfiguration$ThymeleafWebMvcConfiguration,org.springframework.boot.autoconfigure.thymeleaf.ThymeleafAutoConfiguration$ThymeleafDefaultConfiguration,templateEngine,org.springframework.boot.autoconfigure.thymeleaf.ThymeleafAutoConfiguration$DefaultTemplateResolverConfiguration,defaultTemplateResolver,org.springframework.boot.autoconfigure.thymeleaf.ThymeleafAutoConfiguration,spring.thymeleaf-org.springframework.boot.autoconfigure.thymeleaf.ThymeleafProperties,org.springframework.boot.autoconfigure.web.servlet.HttpEncodingAutoConfiguration,characterEncodingFilter,localeCharsetMappingsCustomizer,org.springframework.boot.test.autoconfigure.web.servlet.MockMvcAutoConfiguration,dispatcherServletPath,mockMvcBuilder,springBootMockMvcBuilderCustomizer,mockMvc,dispatcherServlet]; root of factory hierarchy
2024-01-13 22:39:12.388 TRACE 58992 --- [           main] o.s.b.f.s.DefaultListableBeanFactory     : Retrieved dependent beans for bean 'org.springframework.boot.autoconfigure.internalCachingMetadataReaderFactory': [org.springframework.context.annotation.internalConfigurationAnnotationProcessor]
2024-01-13 22:39:12.390 DEBUG 58992 --- [           main] ConditionEvaluationReportLoggingListener : 


============================
CONDITIONS EVALUATION REPORT
============================


Positive matches:
-----------------

   ErrorMvcAutoConfiguration matched:
      - @ConditionalOnClass found required classes 'javax.servlet.Servlet', 'org.springframework.web.servlet.DispatcherServlet' (OnClassCondition)
      - found 'session' scope (OnWebApplicationCondition)

   ErrorMvcAutoConfiguration#basicErrorController matched:
      - @ConditionalOnMissingBean (types: org.springframework.boot.web.servlet.error.ErrorController; SearchStrategy: current) did not find any beans (OnBeanCondition)

   ErrorMvcAutoConfiguration#errorAttributes matched:
      - @ConditionalOnMissingBean (types: org.springframework.boot.web.servlet.error.ErrorAttributes; SearchStrategy: current) did not find any beans (OnBeanCondition)

   ErrorMvcAutoConfiguration.WhitelabelErrorViewConfiguration matched:
      - @ConditionalOnProperty (server.error.whitelabel.enabled) matched (OnPropertyCondition)
      - ErrorTemplate Missing did not find error template view (ErrorMvcAutoConfiguration.ErrorTemplateMissingCondition)

   ErrorMvcAutoConfiguration.WhitelabelErrorViewConfiguration#beanNameViewResolver matched:
      - @ConditionalOnMissingBean (types: org.springframework.web.servlet.view.BeanNameViewResolver; SearchStrategy: all) did not find any beans (OnBeanCondition)

   ErrorMvcAutoConfiguration.WhitelabelErrorViewConfiguration#defaultErrorView matched:
      - @ConditionalOnMissingBean (names: error; SearchStrategy: all) did not find any beans (OnBeanCondition)

   HttpEncodingAutoConfiguration matched:
      - @ConditionalOnClass found required class 'org.springframework.web.filter.CharacterEncodingFilter' (OnClassCondition)
      - found 'session' scope (OnWebApplicationCondition)
      - @ConditionalOnProperty (server.servlet.encoding.enabled) matched (OnPropertyCondition)

   HttpEncodingAutoConfiguration#characterEncodingFilter matched:
      - @ConditionalOnMissingBean (types: org.springframework.web.filter.CharacterEncodingFilter; SearchStrategy: all) did not find any beans (OnBeanCondition)

   HttpMessageConvertersAutoConfiguration matched:
      - @ConditionalOnClass found required class 'org.springframework.http.converter.HttpMessageConverter' (OnClassCondition)
      - NoneNestedConditions 0 matched 1 did not; NestedCondition on HttpMessageConvertersAutoConfiguration.NotReactiveWebApplicationCondition.ReactiveWebApplication did not find reactive web application classes (HttpMessageConvertersAutoConfiguration.NotReactiveWebApplicationCondition)

   HttpMessageConvertersAutoConfiguration#messageConverters matched:
      - @ConditionalOnMissingBean (types: org.springframework.boot.autoconfigure.http.HttpMessageConverters; SearchStrategy: all) did not find any beans (OnBeanCondition)

   HttpMessageConvertersAutoConfiguration.StringHttpMessageConverterConfiguration matched:
      - @ConditionalOnClass found required class 'org.springframework.http.converter.StringHttpMessageConverter' (OnClassCondition)

   HttpMessageConvertersAutoConfiguration.StringHttpMessageConverterConfiguration#stringHttpMessageConverter matched:
      - @ConditionalOnMissingBean (types: org.springframework.http.converter.StringHttpMessageConverter; SearchStrategy: all) did not find any beans (OnBeanCondition)

   HypermediaAutoConfiguration matched:
      - @ConditionalOnClass found required classes 'org.springframework.hateoas.EntityModel', 'org.springframework.web.bind.annotation.RequestMapping', 'org.springframework.web.servlet.mvc.method.annotation.RequestMappingHandlerAdapter', 'org.springframework.plugin.core.Plugin' (OnClassCondition)
      - @ConditionalOnWebApplication (required) found 'session' scope (OnWebApplicationCondition)

   HypermediaAutoConfiguration#applicationJsonHalConfiguration matched:
      - @ConditionalOnClass found required class 'com.fasterxml.jackson.databind.ObjectMapper' (OnClassCondition)
      - @ConditionalOnProperty (spring.hateoas.use-hal-as-default-json-media-type) matched (OnPropertyCondition)
      - @ConditionalOnMissingBean (types: org.springframework.hateoas.mediatype.hal.HalConfiguration; SearchStrategy: all) did not find any beans (OnBeanCondition)

   HypermediaAutoConfiguration.HypermediaConfiguration matched:
      - @ConditionalOnClass found required class 'com.fasterxml.jackson.databind.ObjectMapper' (OnClassCondition)
      - @ConditionalOnMissingBean (types: org.springframework.hateoas.client.LinkDiscoverers; SearchStrategy: all) did not find any beans (OnBeanCondition)

   JacksonAutoConfiguration matched:
      - @ConditionalOnClass found required class 'com.fasterxml.jackson.databind.ObjectMapper' (OnClassCondition)

   JacksonAutoConfiguration.Jackson2ObjectMapperBuilderCustomizerConfiguration matched:
      - @ConditionalOnClass found required class 'org.springframework.http.converter.json.Jackson2ObjectMapperBuilder' (OnClassCondition)

   JacksonAutoConfiguration.JacksonObjectMapperBuilderConfiguration matched:
      - @ConditionalOnClass found required class 'org.springframework.http.converter.json.Jackson2ObjectMapperBuilder' (OnClassCondition)

   JacksonAutoConfiguration.JacksonObjectMapperBuilderConfiguration#jacksonObjectMapperBuilder matched:
      - @ConditionalOnMissingBean (types: org.springframework.http.converter.json.Jackson2ObjectMapperBuilder; SearchStrategy: all) did not find any beans (OnBeanCondition)

   JacksonAutoConfiguration.JacksonObjectMapperConfiguration matched:
      - @ConditionalOnClass found required class 'org.springframework.http.converter.json.Jackson2ObjectMapperBuilder' (OnClassCondition)

   JacksonAutoConfiguration.JacksonObjectMapperConfiguration#jacksonObjectMapper matched:
      - @ConditionalOnMissingBean (types: com.fasterxml.jackson.databind.ObjectMapper; SearchStrategy: all) did not find any beans (OnBeanCondition)

   JacksonAutoConfiguration.ParameterNamesModuleConfiguration matched:
      - @ConditionalOnClass found required class 'com.fasterxml.jackson.module.paramnames.ParameterNamesModule' (OnClassCondition)

   JacksonAutoConfiguration.ParameterNamesModuleConfiguration#parameterNamesModule matched:
      - @ConditionalOnMissingBean (types: com.fasterxml.jackson.module.paramnames.ParameterNamesModule; SearchStrategy: all) did not find any beans (OnBeanCondition)

   JacksonHttpMessageConvertersConfiguration.MappingJackson2HttpMessageConverterConfiguration matched:
      - @ConditionalOnClass found required class 'com.fasterxml.jackson.databind.ObjectMapper' (OnClassCondition)
      - @ConditionalOnProperty (spring.mvc.converters.preferred-json-mapper=jackson) matched (OnPropertyCondition)
      - @ConditionalOnBean (types: com.fasterxml.jackson.databind.ObjectMapper; SearchStrategy: all) found bean 'jacksonObjectMapper' (OnBeanCondition)

   JacksonHttpMessageConvertersConfiguration.MappingJackson2HttpMessageConverterConfiguration#mappingJackson2HttpMessageConverter matched:
      - @ConditionalOnMissingBean (types: org.springframework.http.converter.json.MappingJackson2HttpMessageConverter ignored: org.springframework.hateoas.server.mvc.TypeConstrainedMappingJackson2HttpMessageConverter,org.springframework.data.rest.webmvc.alps.AlpsJsonHttpMessageConverter; SearchStrategy: all) did not find any beans (OnBeanCondition)

   MockMvcAutoConfiguration matched:
      - found 'session' scope (OnWebApplicationCondition)

   MockMvcAutoConfiguration#dispatcherServlet matched:
      - @ConditionalOnMissingBean (types: org.springframework.web.servlet.DispatcherServlet; SearchStrategy: all) did not find any beans (OnBeanCondition)

   MockMvcAutoConfiguration#dispatcherServletPath matched:
      - @ConditionalOnMissingBean (types: org.springframework.boot.autoconfigure.web.servlet.DispatcherServletPath; SearchStrategy: all) did not find any beans (OnBeanCondition)

   MockMvcAutoConfiguration#mockMvc matched:
      - @ConditionalOnMissingBean (types: org.springframework.test.web.servlet.MockMvc; SearchStrategy: all) did not find any beans (OnBeanCondition)

   MockMvcAutoConfiguration#mockMvcBuilder matched:
      - @ConditionalOnMissingBean (types: org.springframework.test.web.servlet.MockMvcBuilder; SearchStrategy: all) did not find any beans (OnBeanCondition)

   NoOpCacheConfiguration matched:
      - Cache org.springframework.boot.autoconfigure.cache.NoOpCacheConfiguration NONE cache type (CacheCondition)

   SecurityAutoConfiguration matched:
      - @ConditionalOnClass found required class 'org.springframework.security.authentication.DefaultAuthenticationEventPublisher' (OnClassCondition)

   SecurityAutoConfiguration#authenticationEventPublisher matched:
      - @ConditionalOnMissingBean (types: org.springframework.security.authentication.AuthenticationEventPublisher; SearchStrategy: all) did not find any beans (OnBeanCondition)

   SecurityFilterAutoConfiguration matched:
      - @ConditionalOnClass found required classes 'org.springframework.security.web.context.AbstractSecurityWebApplicationInitializer', 'org.springframework.security.config.http.SessionCreationPolicy' (OnClassCondition)
      - found 'session' scope (OnWebApplicationCondition)

   SecurityFilterAutoConfiguration#securityFilterChainRegistration matched:
      - @ConditionalOnBean (names: springSecurityFilterChain; SearchStrategy: all) found bean 'springSecurityFilterChain' (OnBeanCondition)

   SpringDataWebAutoConfiguration matched:
      - @ConditionalOnClass found required classes 'org.springframework.data.web.PageableHandlerMethodArgumentResolver', 'org.springframework.web.servlet.config.annotation.WebMvcConfigurer' (OnClassCondition)
      - found 'session' scope (OnWebApplicationCondition)
      - @ConditionalOnMissingBean (types: org.springframework.data.web.PageableHandlerMethodArgumentResolver; SearchStrategy: all) did not find any beans (OnBeanCondition)

   SpringDataWebAutoConfiguration#pageableCustomizer matched:
      - @ConditionalOnMissingBean (types: org.springframework.data.web.config.PageableHandlerMethodArgumentResolverCustomizer; SearchStrategy: all) did not find any beans (OnBeanCondition)

   SpringDataWebAutoConfiguration#sortCustomizer matched:
      - @ConditionalOnMissingBean (types: org.springframework.data.web.config.SortHandlerMethodArgumentResolverCustomizer; SearchStrategy: all) did not find any beans (OnBeanCondition)

   TaskExecutionAutoConfiguration matched:
      - @ConditionalOnClass found required class 'org.springframework.scheduling.concurrent.ThreadPoolTaskExecutor' (OnClassCondition)

   TaskExecutionAutoConfiguration#applicationTaskExecutor matched:
      - @ConditionalOnMissingBean (types: java.util.concurrent.Executor; SearchStrategy: all) did not find any beans (OnBeanCondition)

   TaskExecutionAutoConfiguration#taskExecutorBuilder matched:
      - @ConditionalOnMissingBean (types: org.springframework.boot.task.TaskExecutorBuilder; SearchStrategy: all) did not find any beans (OnBeanCondition)

   ThymeleafAutoConfiguration matched:
      - @ConditionalOnClass found required classes 'org.thymeleaf.templatemode.TemplateMode', 'org.thymeleaf.spring5.SpringTemplateEngine' (OnClassCondition)

   ThymeleafAutoConfiguration.DefaultTemplateResolverConfiguration matched:
      - @ConditionalOnMissingBean (names: defaultTemplateResolver; SearchStrategy: all) did not find any beans (OnBeanCondition)

   ThymeleafAutoConfiguration.ThymeleafDefaultConfiguration#templateEngine matched:
      - @ConditionalOnMissingBean (types: org.thymeleaf.spring5.ISpringTemplateEngine; SearchStrategy: all) did not find any beans (OnBeanCondition)

   ThymeleafAutoConfiguration.ThymeleafJava8TimeDialect matched:
      - @ConditionalOnClass found required class 'org.thymeleaf.extras.java8time.dialect.Java8TimeDialect' (OnClassCondition)

   ThymeleafAutoConfiguration.ThymeleafJava8TimeDialect#java8TimeDialect matched:
      - @ConditionalOnMissingBean (types: org.thymeleaf.extras.java8time.dialect.Java8TimeDialect; SearchStrategy: all) did not find any beans (OnBeanCondition)

   ThymeleafAutoConfiguration.ThymeleafWebMvcConfiguration matched:
      - found 'session' scope (OnWebApplicationCondition)
      - @ConditionalOnProperty (spring.thymeleaf.enabled) matched (OnPropertyCondition)

   ThymeleafAutoConfiguration.ThymeleafWebMvcConfiguration.ThymeleafViewResolverConfiguration#thymeleafViewResolver matched:
      - @ConditionalOnMissingBean (names: thymeleafViewResolver; SearchStrategy: all) did not find any beans (OnBeanCondition)

   ValidationAutoConfiguration matched:
      - @ConditionalOnClass found required class 'javax.validation.executable.ExecutableValidator' (OnClassCondition)
      - @ConditionalOnResource found location classpath:META-INF/services/javax.validation.spi.ValidationProvider (OnResourceCondition)

   ValidationAutoConfiguration#defaultValidator matched:
      - @ConditionalOnMissingBean (types: javax.validation.Validator; SearchStrategy: all) did not find any beans (OnBeanCondition)

   ValidationAutoConfiguration#methodValidationPostProcessor matched:
      - @ConditionalOnMissingBean (types: org.springframework.validation.beanvalidation.MethodValidationPostProcessor; SearchStrategy: all) did not find any beans (OnBeanCondition)

   WebMvcAutoConfiguration matched:
      - @ConditionalOnClass found required classes 'javax.servlet.Servlet', 'org.springframework.web.servlet.DispatcherServlet', 'org.springframework.web.servlet.config.annotation.WebMvcConfigurer' (OnClassCondition)
      - found 'session' scope (OnWebApplicationCondition)
      - @ConditionalOnMissingBean (types: org.springframework.web.servlet.config.annotation.WebMvcConfigurationSupport; SearchStrategy: all) did not find any beans (OnBeanCondition)

   WebMvcAutoConfiguration#formContentFilter matched:
      - @ConditionalOnProperty (spring.mvc.formcontent.filter.enabled) matched (OnPropertyCondition)
      - @ConditionalOnMissingBean (types: org.springframework.web.filter.FormContentFilter; SearchStrategy: all) did not find any beans (OnBeanCondition)

   WebMvcAutoConfiguration.EnableWebMvcConfiguration#flashMapManager matched:
      - @ConditionalOnMissingBean (names: flashMapManager; SearchStrategy: all) did not find any beans (OnBeanCondition)

   WebMvcAutoConfiguration.EnableWebMvcConfiguration#localeResolver matched:
      - @ConditionalOnMissingBean (names: localeResolver; SearchStrategy: all) did not find any beans (OnBeanCondition)

   WebMvcAutoConfiguration.EnableWebMvcConfiguration#themeResolver matched:
      - @ConditionalOnMissingBean (names: themeResolver; SearchStrategy: all) did not find any beans (OnBeanCondition)

   WebMvcAutoConfiguration.WebMvcAutoConfigurationAdapter#defaultViewResolver matched:
      - @ConditionalOnMissingBean (types: org.springframework.web.servlet.view.InternalResourceViewResolver; SearchStrategy: all) did not find any beans (OnBeanCondition)

   WebMvcAutoConfiguration.WebMvcAutoConfigurationAdapter#requestContextFilter matched:
      - @ConditionalOnMissingBean (types: org.springframework.web.context.request.RequestContextListener,org.springframework.web.filter.RequestContextFilter; SearchStrategy: all) did not find any beans (OnBeanCondition)

   WebMvcAutoConfiguration.WebMvcAutoConfigurationAdapter#viewResolver matched:
      - @ConditionalOnBean (types: org.springframework.web.servlet.ViewResolver; SearchStrategy: all) found beans 'defaultViewResolver', 'beanNameViewResolver', 'mvcViewResolver'; @ConditionalOnMissingBean (names: viewResolver types: org.springframework.web.servlet.view.ContentNegotiatingViewResolver; SearchStrategy: all) did not find any beans (OnBeanCondition)

   WebSecurityEnablerConfiguration matched:
      - @ConditionalOnClass found required class 'org.springframework.security.config.annotation.web.configuration.EnableWebSecurity' (OnClassCondition)
      - found 'session' scope (OnWebApplicationCondition)
      - @ConditionalOnMissingBean (names: springSecurityFilterChain; SearchStrategy: all) did not find any beans (OnBeanCondition)


Negative matches:
-----------------

   CacheAutoConfiguration:
      Did not match:
         - @ConditionalOnBean (types: org.springframework.cache.interceptor.CacheAspectSupport; SearchStrategy: all) did not find any beans of type org.springframework.cache.interceptor.CacheAspectSupport (OnBeanCondition)
      Matched:
         - @ConditionalOnClass found required class 'org.springframework.cache.CacheManager' (OnClassCondition)

   CacheAutoConfiguration.CacheManagerEntityManagerFactoryDependsOnPostProcessor:
      Did not match:
         - Ancestor org.springframework.boot.autoconfigure.cache.CacheAutoConfiguration did not match (ConditionEvaluationReport.AncestorsMatchedCondition)
      Matched:
         - @ConditionalOnClass found required class 'org.springframework.orm.jpa.LocalContainerEntityManagerFactoryBean' (OnClassCondition)

   CaffeineCacheConfiguration:
      Did not match:
         - @ConditionalOnClass did not find required class 'com.github.benmanes.caffeine.cache.Caffeine' (OnClassCondition)

   CouchbaseCacheConfiguration:
      Did not match:
         - @ConditionalOnClass did not find required class 'com.couchbase.client.java.Cluster' (OnClassCondition)

   EhCacheCacheConfiguration:
      Did not match:
         - @ConditionalOnClass did not find required class 'net.sf.ehcache.Cache' (OnClassCondition)

   ErrorMvcAutoConfiguration.DefaultErrorViewResolverConfiguration#conventionErrorViewResolver:
      Did not match:
         - @ConditionalOnBean (types: org.springframework.web.servlet.DispatcherServlet; SearchStrategy: all) did not find any beans of type org.springframework.web.servlet.DispatcherServlet (OnBeanCondition)

   FreeMarkerAutoConfiguration:
      Did not match:
         - @ConditionalOnClass did not find required class 'freemarker.template.Configuration' (OnClassCondition)

   GenericCacheConfiguration:
      Did not match:
         - Cache org.springframework.boot.autoconfigure.cache.GenericCacheConfiguration unknown cache type (CacheCondition)

   GroovyTemplateAutoConfiguration:
      Did not match:
         - @ConditionalOnClass did not find required class 'groovy.text.markup.MarkupTemplateEngine' (OnClassCondition)

   GsonAutoConfiguration:
      Did not match:
         - @ConditionalOnClass did not find required class 'com.google.gson.Gson' (OnClassCondition)

   GsonHttpMessageConvertersConfiguration:
      Did not match:
         - @ConditionalOnClass did not find required class 'com.google.gson.Gson' (OnClassCondition)

   HazelcastCacheConfiguration:
      Did not match:
         - @ConditionalOnClass did not find required class 'com.hazelcast.core.HazelcastInstance' (OnClassCondition)

   InfinispanCacheConfiguration:
      Did not match:
         - @ConditionalOnClass did not find required class 'org.infinispan.spring.embedded.provider.SpringEmbeddedCacheManager' (OnClassCondition)

   JCacheCacheConfiguration:
      Did not match:
         - @ConditionalOnClass did not find required class 'javax.cache.Caching' (OnClassCondition)

   JacksonHttpMessageConvertersConfiguration.MappingJackson2XmlHttpMessageConverterConfiguration:
      Did not match:
         - @ConditionalOnClass did not find required class 'com.fasterxml.jackson.dataformat.xml.XmlMapper' (OnClassCondition)

   JsonbAutoConfiguration:
      Did not match:
         - @ConditionalOnClass did not find required class 'javax.json.bind.Jsonb' (OnClassCondition)

   JsonbHttpMessageConvertersConfiguration:
      Did not match:
         - @ConditionalOnClass did not find required class 'javax.json.bind.Jsonb' (OnClassCondition)

   MessageSourceAutoConfiguration:
      Did not match:
         - ResourceBundle did not find bundle with basename messages (MessageSourceAutoConfiguration.ResourceBundleCondition)

   MockMvcSecurityConfiguration:
      Did not match:
         - @ConditionalOnClass did not find required class 'org.springframework.security.test.web.servlet.request.SecurityMockMvcRequestPostProcessors' (OnClassCondition)

   MockMvcWebClientAutoConfiguration:
      Did not match:
         - @ConditionalOnClass did not find required class 'com.gargoylesoftware.htmlunit.WebClient' (OnClassCondition)

   MockMvcWebDriverAutoConfiguration:
      Did not match:
         - @ConditionalOnClass did not find required class 'org.openqa.selenium.htmlunit.HtmlUnitDriver' (OnClassCondition)

   MustacheAutoConfiguration:
      Did not match:
         - @ConditionalOnClass did not find required class 'com.samskivert.mustache.Mustache' (OnClassCondition)

   OAuth2ClientAutoConfiguration:
      Did not match:
         - @ConditionalOnClass did not find required class 'org.springframework.security.oauth2.client.registration.ClientRegistration' (OnClassCondition)

   OAuth2ResourceServerAutoConfiguration:
      Did not match:
         - @ConditionalOnClass did not find required class 'org.springframework.security.oauth2.server.resource.BearerTokenAuthenticationToken' (OnClassCondition)

   RedisCacheConfiguration:
      Did not match:
         - @ConditionalOnClass did not find required class 'org.springframework.data.redis.connection.RedisConnectionFactory' (OnClassCondition)

   SecurityDataConfiguration:
      Did not match:
         - @ConditionalOnClass did not find required class 'org.springframework.security.data.repository.query.SecurityEvaluationContextExtension' (OnClassCondition)

   SimpleCacheConfiguration:
      Did not match:
         - Cache org.springframework.boot.autoconfigure.cache.SimpleCacheConfiguration unknown cache type (CacheCondition)

   SpringBootWebSecurityConfiguration:
      Did not match:
         - AllNestedConditions 1 matched 1 did not; NestedCondition on DefaultWebSecurityCondition.Beans @ConditionalOnMissingBean (types: org.springframework.security.config.annotation.web.configuration.WebSecurityConfigurerAdapter,org.springframework.security.web.SecurityFilterChain; SearchStrategy: all) found beans of type 'org.springframework.security.web.SecurityFilterChain' filterChain; NestedCondition on DefaultWebSecurityCondition.Classes @ConditionalOnClass found required classes 'org.springframework.security.web.SecurityFilterChain', 'org.springframework.security.config.annotation.web.builders.HttpSecurity' (DefaultWebSecurityCondition)
      Matched:
         - found 'session' scope (OnWebApplicationCondition)

   ThymeleafAutoConfiguration.DataAttributeDialectConfiguration:
      Did not match:
         - @ConditionalOnClass did not find required class 'com.github.mxab.thymeleaf.extras.dataattribute.dialect.DataAttributeDialect' (OnClassCondition)

   ThymeleafAutoConfiguration.ThymeleafReactiveConfiguration:
      Did not match:
         - did not find reactive web application classes (OnWebApplicationCondition)

   ThymeleafAutoConfiguration.ThymeleafSecurityDialectConfiguration:
      Did not match:
         - @ConditionalOnClass did not find required class 'org.thymeleaf.extras.springsecurity5.dialect.SpringSecurityDialect' (OnClassCondition)

   ThymeleafAutoConfiguration.ThymeleafWebFluxConfiguration:
      Did not match:
         - did not find reactive web application classes (OnWebApplicationCondition)

   ThymeleafAutoConfiguration.ThymeleafWebLayoutConfiguration:
      Did not match:
         - @ConditionalOnClass did not find required class 'nz.net.ultraq.thymeleaf.LayoutDialect' (OnClassCondition)

   ThymeleafAutoConfiguration.ThymeleafWebMvcConfiguration#resourceUrlEncodingFilter:
      Did not match:
         - @ConditionalOnEnabledResourceChain did not find class org.webjars.WebJarAssetLocator (OnEnabledResourceChainCondition)

   UserDetailsServiceAutoConfiguration:
      Did not match:
         - @ConditionalOnMissingBean (types: org.springframework.security.authentication.AuthenticationManager,org.springframework.security.authentication.AuthenticationProvider,org.springframework.security.core.userdetails.UserDetailsService,org.springframework.security.oauth2.jwt.JwtDecoder,org.springframework.security.oauth2.server.resource.introspection.OpaqueTokenIntrospector; SearchStrategy: all) found beans of type 'org.springframework.security.core.userdetails.UserDetailsService' userDetailsService (OnBeanCondition)
      Matched:
         - @ConditionalOnClass found required class 'org.springframework.security.authentication.AuthenticationManager' (OnClassCondition)

   WebMvcAutoConfiguration#hiddenHttpMethodFilter:
      Did not match:
         - @ConditionalOnProperty (spring.mvc.hiddenmethod.filter.enabled) did not find property 'enabled' (OnPropertyCondition)

   WebMvcAutoConfiguration.ResourceChainCustomizerConfiguration:
      Did not match:
         - @ConditionalOnEnabledResourceChain did not find class org.webjars.WebJarAssetLocator (OnEnabledResourceChainCondition)

   WebMvcAutoConfiguration.WebMvcAutoConfigurationAdapter#beanNameViewResolver:
      Did not match:
         - @ConditionalOnMissingBean (types: org.springframework.web.servlet.view.BeanNameViewResolver; SearchStrategy: all) found beans of type 'org.springframework.web.servlet.view.BeanNameViewResolver' beanNameViewResolver (OnBeanCondition)


Exclusions:
-----------

    None


Unconditional classes:
----------------------

    None



2024-01-13 22:39:12.395 TRACE 58992 --- [           main] o.s.boot.diagnostics.FailureAnalyzers    : Failed to load org.springframework.boot.liquibase.LiquibaseChangelogMissingFailureAnalyzer

java.lang.NoClassDefFoundError: liquibase/exception/ChangeLogParseException
	at java.base/java.lang.Class.getDeclaredConstructors0(Native Method) ~[na:na]
	at java.base/java.lang.Class.privateGetDeclaredConstructors(Class.java:3373) ~[na:na]
	at java.base/java.lang.Class.getConstructor0(Class.java:3578) ~[na:na]
	at java.base/java.lang.Class.getDeclaredConstructor(Class.java:2754) ~[na:na]
	at org.springframework.boot.diagnostics.FailureAnalyzers.createAnalyzer(FailureAnalyzers.java:91) ~[spring-boot-2.5.3.jar:2.5.3]
	at org.springframework.boot.diagnostics.FailureAnalyzers.loadFailureAnalyzers(FailureAnalyzers.java:77) ~[spring-boot-2.5.3.jar:2.5.3]
	at org.springframework.boot.diagnostics.FailureAnalyzers.<init>(FailureAnalyzers.java:64) ~[spring-boot-2.5.3.jar:2.5.3]
	at org.springframework.boot.diagnostics.FailureAnalyzers.<init>(FailureAnalyzers.java:59) ~[spring-boot-2.5.3.jar:2.5.3]
	at java.base/jdk.internal.reflect.NativeConstructorAccessorImpl.newInstance0(Native Method) ~[na:na]
	at java.base/jdk.internal.reflect.NativeConstructorAccessorImpl.newInstance(NativeConstructorAccessorImpl.java:77) ~[na:na]
	at java.base/jdk.internal.reflect.DelegatingConstructorAccessorImpl.newInstance(DelegatingConstructorAccessorImpl.java:45) ~[na:na]
	at java.base/java.lang.reflect.Constructor.newInstanceWithCaller(Constructor.java:499) ~[na:na]
	at java.base/java.lang.reflect.Constructor.newInstance(Constructor.java:480) ~[na:na]
	at org.springframework.beans.BeanUtils.instantiateClass(BeanUtils.java:208) ~[spring-beans-5.3.9.jar:5.3.9]
	at org.springframework.boot.SpringApplication.createSpringFactoriesInstances(SpringApplication.java:471) ~[spring-boot-2.5.3.jar:2.5.3]
	at org.springframework.boot.SpringApplication.getSpringFactoriesInstances(SpringApplication.java:457) ~[spring-boot-2.5.3.jar:2.5.3]
	at org.springframework.boot.SpringApplication.getExceptionReporters(SpringApplication.java:822) ~[spring-boot-2.5.3.jar:2.5.3]
	at org.springframework.boot.SpringApplication.handleRunFailure(SpringApplication.java:808) ~[spring-boot-2.5.3.jar:2.5.3]
	at org.springframework.boot.SpringApplication.run(SpringApplication.java:348) ~[spring-boot-2.5.3.jar:2.5.3]
	at org.springframework.boot.test.context.SpringBootContextLoader.loadContext(SpringBootContextLoader.java:123) ~[spring-boot-test-2.5.3.jar:2.5.3]
	at org.springframework.test.context.cache.DefaultCacheAwareContextLoaderDelegate.loadContextInternal(DefaultCacheAwareContextLoaderDelegate.java:99) ~[spring-test-5.3.9.jar:5.3.9]
	at org.springframework.test.context.cache.DefaultCacheAwareContextLoaderDelegate.loadContext(DefaultCacheAwareContextLoaderDelegate.java:124) ~[spring-test-5.3.9.jar:5.3.9]
	at org.springframework.test.context.support.DefaultTestContext.getApplicationContext(DefaultTestContext.java:124) ~[spring-test-5.3.9.jar:5.3.9]
	at org.springframework.test.context.support.DependencyInjectionTestExecutionListener.injectDependencies(DependencyInjectionTestExecutionListener.java:118) ~[spring-test-5.3.9.jar:5.3.9]
	at org.springframework.test.context.support.DependencyInjectionTestExecutionListener.prepareTestInstance(DependencyInjectionTestExecutionListener.java:83) ~[spring-test-5.3.9.jar:5.3.9]
	at org.springframework.boot.test.autoconfigure.SpringBootDependencyInjectionTestExecutionListener.prepareTestInstance(SpringBootDependencyInjectionTestExecutionListener.java:43) ~[spring-boot-test-autoconfigure-2.5.3.jar:2.5.3]
	at org.springframework.test.context.TestContextManager.prepareTestInstance(TestContextManager.java:244) ~[spring-test-5.3.9.jar:5.3.9]
	at org.springframework.test.context.junit.jupiter.SpringExtension.postProcessTestInstance(SpringExtension.java:138) ~[spring-test-5.3.9.jar:5.3.9]
	at org.junit.jupiter.engine.descriptor.ClassBasedTestDescriptor.lambda$invokeTestInstancePostProcessors$6(ClassBasedTestDescriptor.java:350) ~[junit-jupiter-engine-5.7.2.jar:5.7.2]
	at org.junit.jupiter.engine.descriptor.ClassBasedTestDescriptor.executeAndMaskThrowable(ClassBasedTestDescriptor.java:355) ~[junit-jupiter-engine-5.7.2.jar:5.7.2]
	at org.junit.jupiter.engine.descriptor.ClassBasedTestDescriptor.lambda$invokeTestInstancePostProcessors$7(ClassBasedTestDescriptor.java:350) ~[junit-jupiter-engine-5.7.2.jar:5.7.2]
	at java.base/java.util.stream.ReferencePipeline$3$1.accept(ReferencePipeline.java:197) ~[na:na]
	at java.base/java.util.stream.ReferencePipeline$2$1.accept(ReferencePipeline.java:179) ~[na:na]
	at java.base/java.util.ArrayList$ArrayListSpliterator.forEachRemaining(ArrayList.java:1625) ~[na:na]
	at java.base/java.util.stream.AbstractPipeline.copyInto(AbstractPipeline.java:509) ~[na:na]
	at java.base/java.util.stream.AbstractPipeline.wrapAndCopyInto(AbstractPipeline.java:499) ~[na:na]
	at java.base/java.util.stream.StreamSpliterators$WrappingSpliterator.forEachRemaining(StreamSpliterators.java:310) ~[na:na]
	at java.base/java.util.stream.Streams$ConcatSpliterator.forEachRemaining(Streams.java:735) ~[na:na]
	at java.base/java.util.stream.Streams$ConcatSpliterator.forEachRemaining(Streams.java:734) ~[na:na]
	at java.base/java.util.stream.ReferencePipeline$Head.forEach(ReferencePipeline.java:762) ~[na:na]
	at org.junit.jupiter.engine.descriptor.ClassBasedTestDescriptor.invokeTestInstancePostProcessors(ClassBasedTestDescriptor.java:349) ~[junit-jupiter-engine-5.7.2.jar:5.7.2]
	at org.junit.jupiter.engine.descriptor.ClassBasedTestDescriptor.lambda$instantiateAndPostProcessTestInstance$4(ClassBasedTestDescriptor.java:270) ~[junit-jupiter-engine-5.7.2.jar:5.7.2]
	at org.junit.platform.engine.support.hierarchical.ThrowableCollector.execute(ThrowableCollector.java:73) ~[junit-platform-engine-1.7.2.jar:1.7.2]
	at org.junit.jupiter.engine.descriptor.ClassBasedTestDescriptor.instantiateAndPostProcessTestInstance(ClassBasedTestDescriptor.java:269) ~[junit-jupiter-engine-5.7.2.jar:5.7.2]
	at org.junit.jupiter.engine.descriptor.ClassBasedTestDescriptor.lambda$testInstancesProvider$2(ClassBasedTestDescriptor.java:259) ~[junit-jupiter-engine-5.7.2.jar:5.7.2]
	at java.base/java.util.Optional.orElseGet(Optional.java:364) ~[na:na]
	at org.junit.jupiter.engine.descriptor.ClassBasedTestDescriptor.lambda$testInstancesProvider$3(ClassBasedTestDescriptor.java:258) ~[junit-jupiter-engine-5.7.2.jar:5.7.2]
	at org.junit.jupiter.engine.execution.TestInstancesProvider.getTestInstances(TestInstancesProvider.java:31) ~[junit-jupiter-engine-5.7.2.jar:5.7.2]
	at org.junit.jupiter.engine.descriptor.TestMethodTestDescriptor.lambda$prepare$0(TestMethodTestDescriptor.java:101) ~[junit-jupiter-engine-5.7.2.jar:5.7.2]
	at org.junit.platform.engine.support.hierarchical.ThrowableCollector.execute(ThrowableCollector.java:73) ~[junit-platform-engine-1.7.2.jar:1.7.2]
	at org.junit.jupiter.engine.descriptor.TestMethodTestDescriptor.prepare(TestMethodTestDescriptor.java:100) ~[junit-jupiter-engine-5.7.2.jar:5.7.2]
	at org.junit.jupiter.engine.descriptor.TestMethodTestDescriptor.prepare(TestMethodTestDescriptor.java:65) ~[junit-jupiter-engine-5.7.2.jar:5.7.2]
	at org.junit.platform.engine.support.hierarchical.NodeTestTask.lambda$prepare$1(NodeTestTask.java:111) ~[junit-platform-engine-1.7.2.jar:1.7.2]
	at org.junit.platform.engine.support.hierarchical.ThrowableCollector.execute(ThrowableCollector.java:73) ~[junit-platform-engine-1.7.2.jar:1.7.2]
	at org.junit.platform.engine.support.hierarchical.NodeTestTask.prepare(NodeTestTask.java:111) ~[junit-platform-engine-1.7.2.jar:1.7.2]
	at org.junit.platform.engine.support.hierarchical.NodeTestTask.execute(NodeTestTask.java:79) ~[junit-platform-engine-1.7.2.jar:1.7.2]
	at java.base/java.util.ArrayList.forEach(ArrayList.java:1511) ~[na:na]
	at org.junit.platform.engine.support.hierarchical.SameThreadHierarchicalTestExecutorService.invokeAll(SameThreadHierarchicalTestExecutorService.java:38) ~[junit-platform-engine-1.7.2.jar:1.7.2]
	at org.junit.platform.engine.support.hierarchical.NodeTestTask.lambda$executeRecursively$5(NodeTestTask.java:143) ~[junit-platform-engine-1.7.2.jar:1.7.2]
	at org.junit.platform.engine.support.hierarchical.ThrowableCollector.execute(ThrowableCollector.java:73) ~[junit-platform-engine-1.7.2.jar:1.7.2]
	at org.junit.platform.engine.support.hierarchical.NodeTestTask.lambda$executeRecursively$7(NodeTestTask.java:129) ~[junit-platform-engine-1.7.2.jar:1.7.2]
	at org.junit.platform.engine.support.hierarchical.Node.around(Node.java:137) ~[junit-platform-engine-1.7.2.jar:1.7.2]
	at org.junit.platform.engine.support.hierarchical.NodeTestTask.lambda$executeRecursively$8(NodeTestTask.java:127) ~[junit-platform-engine-1.7.2.jar:1.7.2]
	at org.junit.platform.engine.support.hierarchical.ThrowableCollector.execute(ThrowableCollector.java:73) ~[junit-platform-engine-1.7.2.jar:1.7.2]
	at org.junit.platform.engine.support.hierarchical.NodeTestTask.executeRecursively(NodeTestTask.java:126) ~[junit-platform-engine-1.7.2.jar:1.7.2]
	at org.junit.platform.engine.support.hierarchical.NodeTestTask.execute(NodeTestTask.java:84) ~[junit-platform-engine-1.7.2.jar:1.7.2]
	at java.base/java.util.ArrayList.forEach(ArrayList.java:1511) ~[na:na]
	at org.junit.platform.engine.support.hierarchical.SameThreadHierarchicalTestExecutorService.invokeAll(SameThreadHierarchicalTestExecutorService.java:38) ~[junit-platform-engine-1.7.2.jar:1.7.2]
	at org.junit.platform.engine.support.hierarchical.NodeTestTask.lambda$executeRecursively$5(NodeTestTask.java:143) ~[junit-platform-engine-1.7.2.jar:1.7.2]
	at org.junit.platform.engine.support.hierarchical.ThrowableCollector.execute(ThrowableCollector.java:73) ~[junit-platform-engine-1.7.2.jar:1.7.2]
	at org.junit.platform.engine.support.hierarchical.NodeTestTask.lambda$executeRecursively$7(NodeTestTask.java:129) ~[junit-platform-engine-1.7.2.jar:1.7.2]
	at org.junit.platform.engine.support.hierarchical.Node.around(Node.java:137) ~[junit-platform-engine-1.7.2.jar:1.7.2]
	at org.junit.platform.engine.support.hierarchical.NodeTestTask.lambda$executeRecursively$8(NodeTestTask.java:127) ~[junit-platform-engine-1.7.2.jar:1.7.2]
	at org.junit.platform.engine.support.hierarchical.ThrowableCollector.execute(ThrowableCollector.java:73) ~[junit-platform-engine-1.7.2.jar:1.7.2]
	at org.junit.platform.engine.support.hierarchical.NodeTestTask.executeRecursively(NodeTestTask.java:126) ~[junit-platform-engine-1.7.2.jar:1.7.2]
	at org.junit.platform.engine.support.hierarchical.NodeTestTask.execute(NodeTestTask.java:84) ~[junit-platform-engine-1.7.2.jar:1.7.2]
	at org.junit.platform.engine.support.hierarchical.SameThreadHierarchicalTestExecutorService.submit(SameThreadHierarchicalTestExecutorService.java:32) ~[junit-platform-engine-1.7.2.jar:1.7.2]
	at org.junit.platform.engine.support.hierarchical.HierarchicalTestExecutor.execute(HierarchicalTestExecutor.java:57) ~[junit-platform-engine-1.7.2.jar:1.7.2]
	at org.junit.platform.engine.support.hierarchical.HierarchicalTestEngine.execute(HierarchicalTestEngine.java:51) ~[junit-platform-engine-1.7.2.jar:1.7.2]
	at org.junit.platform.launcher.core.DefaultLauncher.execute(DefaultLauncher.java:220) ~[junit-platform-launcher-1.3.1.jar:1.3.1]
	at org.junit.platform.launcher.core.DefaultLauncher.lambda$execute$6(DefaultLauncher.java:188) ~[junit-platform-launcher-1.3.1.jar:1.3.1]
	at org.junit.platform.launcher.core.DefaultLauncher.withInterceptedStreams(DefaultLauncher.java:202) ~[junit-platform-launcher-1.3.1.jar:1.3.1]
	at org.junit.platform.launcher.core.DefaultLauncher.execute(DefaultLauncher.java:181) ~[junit-platform-launcher-1.3.1.jar:1.3.1]
	at org.junit.platform.launcher.core.DefaultLauncher.execute(DefaultLauncher.java:128) ~[junit-platform-launcher-1.3.1.jar:1.3.1]
	at org.apache.maven.surefire.junitplatform.JUnitPlatformProvider.invokeAllTests(JUnitPlatformProvider.java:150) ~[surefire-junit-platform-2.22.2.jar:2.22.2]
	at org.apache.maven.surefire.junitplatform.JUnitPlatformProvider.invoke(JUnitPlatformProvider.java:124) ~[surefire-junit-platform-2.22.2.jar:2.22.2]
	at org.apache.maven.surefire.booter.ForkedBooter.invokeProviderInSameClassLoader(ForkedBooter.java:384) ~[surefire-booter-2.22.2.jar:2.22.2]
	at org.apache.maven.surefire.booter.ForkedBooter.runSuitesInProcess(ForkedBooter.java:345) ~[surefire-booter-2.22.2.jar:2.22.2]
	at org.apache.maven.surefire.booter.ForkedBooter.execute(ForkedBooter.java:126) ~[surefire-booter-2.22.2.jar:2.22.2]
	at org.apache.maven.surefire.booter.ForkedBooter.main(ForkedBooter.java:418) ~[surefire-booter-2.22.2.jar:2.22.2]
Caused by: java.lang.ClassNotFoundException: liquibase.exception.ChangeLogParseException
	at java.base/jdk.internal.loader.BuiltinClassLoader.loadClass(BuiltinClassLoader.java:641) ~[na:na]
	at java.base/jdk.internal.loader.ClassLoaders$AppClassLoader.loadClass(ClassLoaders.java:188) ~[na:na]
	at java.base/java.lang.ClassLoader.loadClass(ClassLoader.java:520) ~[na:na]
	... 90 common frames omitted

2024-01-13 22:39:12.399 TRACE 58992 --- [           main] o.s.c.io.support.SpringFactoriesLoader   : Loaded [org.springframework.boot.diagnostics.FailureAnalysisReporter] names: [org.springframework.boot.diagnostics.LoggingFailureAnalysisReporter]
2024-01-13 22:39:12.399 DEBUG 58992 --- [           main] o.s.b.d.LoggingFailureAnalysisReporter   : Application failed to start due to an exception

org.springframework.beans.factory.NoSuchBeanDefinitionException: No qualifying bean of type 'tacos.data.jdbc.IngredientDataRepository' available: expected at least 1 bean which qualifies as autowire candidate. Dependency annotations: {}
	at org.springframework.beans.factory.support.DefaultListableBeanFactory.raiseNoMatchingBeanFound(DefaultListableBeanFactory.java:1790) ~[spring-beans-5.3.9.jar:5.3.9]
	at org.springframework.beans.factory.support.DefaultListableBeanFactory.doResolveDependency(DefaultListableBeanFactory.java:1346) ~[spring-beans-5.3.9.jar:5.3.9]
	at org.springframework.beans.factory.support.DefaultListableBeanFactory.resolveDependency(DefaultListableBeanFactory.java:1300) ~[spring-beans-5.3.9.jar:5.3.9]
	at org.springframework.beans.factory.support.ConstructorResolver.resolveAutowiredArgument(ConstructorResolver.java:887) ~[spring-beans-5.3.9.jar:5.3.9]
	at org.springframework.beans.factory.support.ConstructorResolver.createArgumentArray(ConstructorResolver.java:791) ~[spring-beans-5.3.9.jar:5.3.9]
	at org.springframework.beans.factory.support.ConstructorResolver.autowireConstructor(ConstructorResolver.java:229) ~[spring-beans-5.3.9.jar:5.3.9]
	at org.springframework.beans.factory.support.AbstractAutowireCapableBeanFactory.autowireConstructor(AbstractAutowireCapableBeanFactory.java:1354) ~[spring-beans-5.3.9.jar:5.3.9]
	at org.springframework.beans.factory.support.AbstractAutowireCapableBeanFactory.createBeanInstance(AbstractAutowireCapableBeanFactory.java:1204) ~[spring-beans-5.3.9.jar:5.3.9]
	at org.springframework.beans.factory.support.AbstractAutowireCapableBeanFactory.doCreateBean(AbstractAutowireCapableBeanFactory.java:564) ~[spring-beans-5.3.9.jar:5.3.9]
	at org.springframework.beans.factory.support.AbstractAutowireCapableBeanFactory.createBean(AbstractAutowireCapableBeanFactory.java:524) ~[spring-beans-5.3.9.jar:5.3.9]
	at org.springframework.beans.factory.support.AbstractBeanFactory.lambda$doGetBean$0(AbstractBeanFactory.java:335) ~[spring-beans-5.3.9.jar:5.3.9]
	at org.springframework.beans.factory.support.DefaultSingletonBeanRegistry.getSingleton(DefaultSingletonBeanRegistry.java:234) ~[spring-beans-5.3.9.jar:5.3.9]
	at org.springframework.beans.factory.support.AbstractBeanFactory.doGetBean(AbstractBeanFactory.java:333) ~[spring-beans-5.3.9.jar:5.3.9]
	at org.springframework.beans.factory.support.AbstractBeanFactory.getBean(AbstractBeanFactory.java:208) ~[spring-beans-5.3.9.jar:5.3.9]
	at org.springframework.beans.factory.support.DefaultListableBeanFactory.preInstantiateSingletons(DefaultListableBeanFactory.java:944) ~[spring-beans-5.3.9.jar:5.3.9]
	at org.springframework.context.support.AbstractApplicationContext.finishBeanFactoryInitialization(AbstractApplicationContext.java:918) ~[spring-context-5.3.9.jar:5.3.9]
	at org.springframework.context.support.AbstractApplicationContext.refresh(AbstractApplicationContext.java:583) ~[spring-context-5.3.9.jar:5.3.9]
	at org.springframework.boot.SpringApplication.refresh(SpringApplication.java:754) ~[spring-boot-2.5.3.jar:2.5.3]
	at org.springframework.boot.SpringApplication.refreshContext(SpringApplication.java:434) ~[spring-boot-2.5.3.jar:2.5.3]
	at org.springframework.boot.SpringApplication.run(SpringApplication.java:338) ~[spring-boot-2.5.3.jar:2.5.3]
	at org.springframework.boot.test.context.SpringBootContextLoader.loadContext(SpringBootContextLoader.java:123) ~[spring-boot-test-2.5.3.jar:2.5.3]
	at org.springframework.test.context.cache.DefaultCacheAwareContextLoaderDelegate.loadContextInternal(DefaultCacheAwareContextLoaderDelegate.java:99) ~[spring-test-5.3.9.jar:5.3.9]
	at org.springframework.test.context.cache.DefaultCacheAwareContextLoaderDelegate.loadContext(DefaultCacheAwareContextLoaderDelegate.java:124) ~[spring-test-5.3.9.jar:5.3.9]
	at org.springframework.test.context.support.DefaultTestContext.getApplicationContext(DefaultTestContext.java:124) ~[spring-test-5.3.9.jar:5.3.9]
	at org.springframework.test.context.support.DependencyInjectionTestExecutionListener.injectDependencies(DependencyInjectionTestExecutionListener.java:118) ~[spring-test-5.3.9.jar:5.3.9]
	at org.springframework.test.context.support.DependencyInjectionTestExecutionListener.prepareTestInstance(DependencyInjectionTestExecutionListener.java:83) ~[spring-test-5.3.9.jar:5.3.9]
	at org.springframework.boot.test.autoconfigure.SpringBootDependencyInjectionTestExecutionListener.prepareTestInstance(SpringBootDependencyInjectionTestExecutionListener.java:43) ~[spring-boot-test-autoconfigure-2.5.3.jar:2.5.3]
	at org.springframework.test.context.TestContextManager.prepareTestInstance(TestContextManager.java:244) ~[spring-test-5.3.9.jar:5.3.9]
	at org.springframework.test.context.junit.jupiter.SpringExtension.postProcessTestInstance(SpringExtension.java:138) ~[spring-test-5.3.9.jar:5.3.9]
	at org.junit.jupiter.engine.descriptor.ClassBasedTestDescriptor.lambda$invokeTestInstancePostProcessors$6(ClassBasedTestDescriptor.java:350) ~[junit-jupiter-engine-5.7.2.jar:5.7.2]
	at org.junit.jupiter.engine.descriptor.ClassBasedTestDescriptor.executeAndMaskThrowable(ClassBasedTestDescriptor.java:355) ~[junit-jupiter-engine-5.7.2.jar:5.7.2]
	at org.junit.jupiter.engine.descriptor.ClassBasedTestDescriptor.lambda$invokeTestInstancePostProcessors$7(ClassBasedTestDescriptor.java:350) ~[junit-jupiter-engine-5.7.2.jar:5.7.2]
	at java.base/java.util.stream.ReferencePipeline$3$1.accept(ReferencePipeline.java:197) ~[na:na]
	at java.base/java.util.stream.ReferencePipeline$2$1.accept(ReferencePipeline.java:179) ~[na:na]
	at java.base/java.util.ArrayList$ArrayListSpliterator.forEachRemaining(ArrayList.java:1625) ~[na:na]
	at java.base/java.util.stream.AbstractPipeline.copyInto(AbstractPipeline.java:509) ~[na:na]
	at java.base/java.util.stream.AbstractPipeline.wrapAndCopyInto(AbstractPipeline.java:499) ~[na:na]
	at java.base/java.util.stream.StreamSpliterators$WrappingSpliterator.forEachRemaining(StreamSpliterators.java:310) ~[na:na]
	at java.base/java.util.stream.Streams$ConcatSpliterator.forEachRemaining(Streams.java:735) ~[na:na]
	at java.base/java.util.stream.Streams$ConcatSpliterator.forEachRemaining(Streams.java:734) ~[na:na]
	at java.base/java.util.stream.ReferencePipeline$Head.forEach(ReferencePipeline.java:762) ~[na:na]
	at org.junit.jupiter.engine.descriptor.ClassBasedTestDescriptor.invokeTestInstancePostProcessors(ClassBasedTestDescriptor.java:349) ~[junit-jupiter-engine-5.7.2.jar:5.7.2]
	at org.junit.jupiter.engine.descriptor.ClassBasedTestDescriptor.lambda$instantiateAndPostProcessTestInstance$4(ClassBasedTestDescriptor.java:270) ~[junit-jupiter-engine-5.7.2.jar:5.7.2]
	at org.junit.platform.engine.support.hierarchical.ThrowableCollector.execute(ThrowableCollector.java:73) ~[junit-platform-engine-1.7.2.jar:1.7.2]
	at org.junit.jupiter.engine.descriptor.ClassBasedTestDescriptor.instantiateAndPostProcessTestInstance(ClassBasedTestDescriptor.java:269) ~[junit-jupiter-engine-5.7.2.jar:5.7.2]
	at org.junit.jupiter.engine.descriptor.ClassBasedTestDescriptor.lambda$testInstancesProvider$2(ClassBasedTestDescriptor.java:259) ~[junit-jupiter-engine-5.7.2.jar:5.7.2]
	at java.base/java.util.Optional.orElseGet(Optional.java:364) ~[na:na]
	at org.junit.jupiter.engine.descriptor.ClassBasedTestDescriptor.lambda$testInstancesProvider$3(ClassBasedTestDescriptor.java:258) ~[junit-jupiter-engine-5.7.2.jar:5.7.2]
	at org.junit.jupiter.engine.execution.TestInstancesProvider.getTestInstances(TestInstancesProvider.java:31) ~[junit-jupiter-engine-5.7.2.jar:5.7.2]
	at org.junit.jupiter.engine.descriptor.TestMethodTestDescriptor.lambda$prepare$0(TestMethodTestDescriptor.java:101) ~[junit-jupiter-engine-5.7.2.jar:5.7.2]
	at org.junit.platform.engine.support.hierarchical.ThrowableCollector.execute(ThrowableCollector.java:73) ~[junit-platform-engine-1.7.2.jar:1.7.2]
	at org.junit.jupiter.engine.descriptor.TestMethodTestDescriptor.prepare(TestMethodTestDescriptor.java:100) ~[junit-jupiter-engine-5.7.2.jar:5.7.2]
	at org.junit.jupiter.engine.descriptor.TestMethodTestDescriptor.prepare(TestMethodTestDescriptor.java:65) ~[junit-jupiter-engine-5.7.2.jar:5.7.2]
	at org.junit.platform.engine.support.hierarchical.NodeTestTask.lambda$prepare$1(NodeTestTask.java:111) ~[junit-platform-engine-1.7.2.jar:1.7.2]
	at org.junit.platform.engine.support.hierarchical.ThrowableCollector.execute(ThrowableCollector.java:73) ~[junit-platform-engine-1.7.2.jar:1.7.2]
	at org.junit.platform.engine.support.hierarchical.NodeTestTask.prepare(NodeTestTask.java:111) ~[junit-platform-engine-1.7.2.jar:1.7.2]
	at org.junit.platform.engine.support.hierarchical.NodeTestTask.execute(NodeTestTask.java:79) ~[junit-platform-engine-1.7.2.jar:1.7.2]
	at java.base/java.util.ArrayList.forEach(ArrayList.java:1511) ~[na:na]
	at org.junit.platform.engine.support.hierarchical.SameThreadHierarchicalTestExecutorService.invokeAll(SameThreadHierarchicalTestExecutorService.java:38) ~[junit-platform-engine-1.7.2.jar:1.7.2]
	at org.junit.platform.engine.support.hierarchical.NodeTestTask.lambda$executeRecursively$5(NodeTestTask.java:143) ~[junit-platform-engine-1.7.2.jar:1.7.2]
	at org.junit.platform.engine.support.hierarchical.ThrowableCollector.execute(ThrowableCollector.java:73) ~[junit-platform-engine-1.7.2.jar:1.7.2]
	at org.junit.platform.engine.support.hierarchical.NodeTestTask.lambda$executeRecursively$7(NodeTestTask.java:129) ~[junit-platform-engine-1.7.2.jar:1.7.2]
	at org.junit.platform.engine.support.hierarchical.Node.around(Node.java:137) ~[junit-platform-engine-1.7.2.jar:1.7.2]
	at org.junit.platform.engine.support.hierarchical.NodeTestTask.lambda$executeRecursively$8(NodeTestTask.java:127) ~[junit-platform-engine-1.7.2.jar:1.7.2]
	at org.junit.platform.engine.support.hierarchical.ThrowableCollector.execute(ThrowableCollector.java:73) ~[junit-platform-engine-1.7.2.jar:1.7.2]
	at org.junit.platform.engine.support.hierarchical.NodeTestTask.executeRecursively(NodeTestTask.java:126) ~[junit-platform-engine-1.7.2.jar:1.7.2]
	at org.junit.platform.engine.support.hierarchical.NodeTestTask.execute(NodeTestTask.java:84) ~[junit-platform-engine-1.7.2.jar:1.7.2]
	at java.base/java.util.ArrayList.forEach(ArrayList.java:1511) ~[na:na]
	at org.junit.platform.engine.support.hierarchical.SameThreadHierarchicalTestExecutorService.invokeAll(SameThreadHierarchicalTestExecutorService.java:38) ~[junit-platform-engine-1.7.2.jar:1.7.2]
	at org.junit.platform.engine.support.hierarchical.NodeTestTask.lambda$executeRecursively$5(NodeTestTask.java:143) ~[junit-platform-engine-1.7.2.jar:1.7.2]
	at org.junit.platform.engine.support.hierarchical.ThrowableCollector.execute(ThrowableCollector.java:73) ~[junit-platform-engine-1.7.2.jar:1.7.2]
	at org.junit.platform.engine.support.hierarchical.NodeTestTask.lambda$executeRecursively$7(NodeTestTask.java:129) ~[junit-platform-engine-1.7.2.jar:1.7.2]
	at org.junit.platform.engine.support.hierarchical.Node.around(Node.java:137) ~[junit-platform-engine-1.7.2.jar:1.7.2]
	at org.junit.platform.engine.support.hierarchical.NodeTestTask.lambda$executeRecursively$8(NodeTestTask.java:127) ~[junit-platform-engine-1.7.2.jar:1.7.2]
	at org.junit.platform.engine.support.hierarchical.ThrowableCollector.execute(ThrowableCollector.java:73) ~[junit-platform-engine-1.7.2.jar:1.7.2]
	at org.junit.platform.engine.support.hierarchical.NodeTestTask.executeRecursively(NodeTestTask.java:126) ~[junit-platform-engine-1.7.2.jar:1.7.2]
	at org.junit.platform.engine.support.hierarchical.NodeTestTask.execute(NodeTestTask.java:84) ~[junit-platform-engine-1.7.2.jar:1.7.2]
	at org.junit.platform.engine.support.hierarchical.SameThreadHierarchicalTestExecutorService.submit(SameThreadHierarchicalTestExecutorService.java:32) ~[junit-platform-engine-1.7.2.jar:1.7.2]
	at org.junit.platform.engine.support.hierarchical.HierarchicalTestExecutor.execute(HierarchicalTestExecutor.java:57) ~[junit-platform-engine-1.7.2.jar:1.7.2]
	at org.junit.platform.engine.support.hierarchical.HierarchicalTestEngine.execute(HierarchicalTestEngine.java:51) ~[junit-platform-engine-1.7.2.jar:1.7.2]
	at org.junit.platform.launcher.core.DefaultLauncher.execute(DefaultLauncher.java:220) ~[junit-platform-launcher-1.3.1.jar:1.3.1]
	at org.junit.platform.launcher.core.DefaultLauncher.lambda$execute$6(DefaultLauncher.java:188) ~[junit-platform-launcher-1.3.1.jar:1.3.1]
	at org.junit.platform.launcher.core.DefaultLauncher.withInterceptedStreams(DefaultLauncher.java:202) ~[junit-platform-launcher-1.3.1.jar:1.3.1]
	at org.junit.platform.launcher.core.DefaultLauncher.execute(DefaultLauncher.java:181) ~[junit-platform-launcher-1.3.1.jar:1.3.1]
	at org.junit.platform.launcher.core.DefaultLauncher.execute(DefaultLauncher.java:128) ~[junit-platform-launcher-1.3.1.jar:1.3.1]
	at org.apache.maven.surefire.junitplatform.JUnitPlatformProvider.invokeAllTests(JUnitPlatformProvider.java:150) ~[surefire-junit-platform-2.22.2.jar:2.22.2]
	at org.apache.maven.surefire.junitplatform.JUnitPlatformProvider.invoke(JUnitPlatformProvider.java:124) ~[surefire-junit-platform-2.22.2.jar:2.22.2]
	at org.apache.maven.surefire.booter.ForkedBooter.invokeProviderInSameClassLoader(ForkedBooter.java:384) ~[surefire-booter-2.22.2.jar:2.22.2]
	at org.apache.maven.surefire.booter.ForkedBooter.runSuitesInProcess(ForkedBooter.java:345) ~[surefire-booter-2.22.2.jar:2.22.2]
	at org.apache.maven.surefire.booter.ForkedBooter.execute(ForkedBooter.java:126) ~[surefire-booter-2.22.2.jar:2.22.2]
	at org.apache.maven.surefire.booter.ForkedBooter.main(ForkedBooter.java:418) ~[surefire-booter-2.22.2.jar:2.22.2]

2024-01-13 22:39:12.399 ERROR 58992 --- [           main] o.s.b.d.LoggingFailureAnalysisReporter   : 

***************************
APPLICATION FAILED TO START
***************************

Description:

Parameter 0 of constructor in tacos.IngredientByIdConverter required a bean of type 'tacos.data.jdbc.IngredientDataRepository' that could not be found.


Action:

Consider defining a bean of type 'tacos.data.jdbc.IngredientDataRepository' in your configuration.

2024-01-13 22:39:12.400 DEBUG 58992 --- [           main] o.s.t.c.support.TestPropertySourceUtils  : Adding inlined properties to environment: {spring.jmx.enabled=false, org.springframework.boot.test.autoconfigure.web.servlet.WebMvcTestContextBootstrapper=true}
2024-01-13 22:39:12.401 TRACE 58992 --- [           main] o.s.c.io.support.SpringFactoriesLoader   : Loaded [org.springframework.boot.logging.LoggingSystemFactory] names: [org.springframework.boot.logging.logback.LogbackLoggingSystem.Factory, org.springframework.boot.logging.log4j2.Log4J2LoggingSystem.Factory, org.springframework.boot.logging.java.JavaLoggingSystem.Factory]
2024-01-13 22:39:12.413 TRACE 58992 --- [           main] o.s.c.e.PropertySourcesPropertyResolver  : Searching for key 'logging.register-shutdown-hook' in PropertySource 'configurationProperties'
2024-01-13 22:39:12.413 TRACE 58992 --- [           main] o.s.c.e.PropertySourcesPropertyResolver  : Searching for key 'logging.register-shutdown-hook' in PropertySource 'Inlined Test Properties'
2024-01-13 22:39:12.413 TRACE 58992 --- [           main] o.s.c.e.PropertySourcesPropertyResolver  : Searching for key 'logging.register-shutdown-hook' in PropertySource 'systemProperties'
2024-01-13 22:39:12.413 TRACE 58992 --- [           main] o.s.c.e.PropertySourcesPropertyResolver  : Searching for key 'logging.register-shutdown-hook' in PropertySource 'systemEnvironment'
2024-01-13 22:39:12.413 TRACE 58992 --- [           main] o.s.c.e.PropertySourcesPropertyResolver  : Searching for key 'logging.register-shutdown-hook' in PropertySource 'random'
2024-01-13 22:39:12.413 TRACE 58992 --- [           main] o.s.c.e.PropertySourcesPropertyResolver  : Searching for key 'logging.register-shutdown-hook' in PropertySource 'Config resource 'class path resource [application.properties]' via location 'optional:classpath:/''
2024-01-13 22:39:12.413 TRACE 58992 --- [           main] o.s.c.e.PropertySourcesPropertyResolver  : Searching for key 'logging.register-shutdown-hook' in PropertySource 'Config resource 'class path resource [application.yml]' via location 'optional:classpath:/''
2024-01-13 22:39:12.413 TRACE 58992 --- [           main] o.s.c.e.PropertySourcesPropertyResolver  : Could not find key 'logging.register-shutdown-hook' in any property source
2024-01-13 22:39:12.413 TRACE 58992 --- [           main] o.s.c.e.PropertySourcesPropertyResolver  : Searching for key 'context.listener.classes' in PropertySource 'configurationProperties'
2024-01-13 22:39:12.413 TRACE 58992 --- [           main] o.s.c.e.PropertySourcesPropertyResolver  : Searching for key 'context.listener.classes' in PropertySource 'Inlined Test Properties'
2024-01-13 22:39:12.413 TRACE 58992 --- [           main] o.s.c.e.PropertySourcesPropertyResolver  : Searching for key 'context.listener.classes' in PropertySource 'systemProperties'
2024-01-13 22:39:12.413 TRACE 58992 --- [           main] o.s.c.e.PropertySourcesPropertyResolver  : Searching for key 'context.listener.classes' in PropertySource 'systemEnvironment'
2024-01-13 22:39:12.413 TRACE 58992 --- [           main] o.s.c.e.PropertySourcesPropertyResolver  : Searching for key 'context.listener.classes' in PropertySource 'random'
2024-01-13 22:39:12.413 TRACE 58992 --- [           main] o.s.c.e.PropertySourcesPropertyResolver  : Searching for key 'context.listener.classes' in PropertySource 'Config resource 'class path resource [application.properties]' via location 'optional:classpath:/''
2024-01-13 22:39:12.413 TRACE 58992 --- [           main] o.s.c.e.PropertySourcesPropertyResolver  : Searching for key 'context.listener.classes' in PropertySource 'Config resource 'class path resource [application.yml]' via location 'optional:classpath:/''
2024-01-13 22:39:12.413 TRACE 58992 --- [           main] o.s.c.e.PropertySourcesPropertyResolver  : Could not find key 'context.listener.classes' in any property source
2024-01-13 22:39:12.413 TRACE 58992 --- [           main] o.s.c.e.PropertySourcesPropertyResolver  : Searching for key 'spring.mandatory-file-encoding' in PropertySource 'configurationProperties'
2024-01-13 22:39:12.413 TRACE 58992 --- [           main] o.s.c.e.PropertySourcesPropertyResolver  : Searching for key 'spring.mandatory-file-encoding' in PropertySource 'Inlined Test Properties'
2024-01-13 22:39:12.413 TRACE 58992 --- [           main] o.s.c.e.PropertySourcesPropertyResolver  : Searching for key 'spring.mandatory-file-encoding' in PropertySource 'systemProperties'
2024-01-13 22:39:12.413 TRACE 58992 --- [           main] o.s.c.e.PropertySourcesPropertyResolver  : Searching for key 'spring.mandatory-file-encoding' in PropertySource 'systemEnvironment'
2024-01-13 22:39:12.413 TRACE 58992 --- [           main] o.s.c.e.PropertySourcesPropertyResolver  : Searching for key 'spring.mandatory-file-encoding' in PropertySource 'random'
2024-01-13 22:39:12.413 TRACE 58992 --- [           main] o.s.c.e.PropertySourcesPropertyResolver  : Searching for key 'spring.mandatory-file-encoding' in PropertySource 'Config resource 'class path resource [application.properties]' via location 'optional:classpath:/''
2024-01-13 22:39:12.413 TRACE 58992 --- [           main] o.s.c.e.PropertySourcesPropertyResolver  : Searching for key 'spring.mandatory-file-encoding' in PropertySource 'Config resource 'class path resource [application.yml]' via location 'optional:classpath:/''
2024-01-13 22:39:12.413 TRACE 58992 --- [           main] o.s.c.e.PropertySourcesPropertyResolver  : Could not find key 'spring.mandatory-file-encoding' in any property source
2024-01-13 22:39:12.413 TRACE 58992 --- [           main] o.s.c.e.PropertySourcesPropertyResolver  : Searching for key 'spring.banner.image.location' in PropertySource 'configurationProperties'
2024-01-13 22:39:12.414 TRACE 58992 --- [           main] o.s.c.e.PropertySourcesPropertyResolver  : Searching for key 'spring.banner.image.location' in PropertySource 'Inlined Test Properties'
2024-01-13 22:39:12.414 TRACE 58992 --- [           main] o.s.c.e.PropertySourcesPropertyResolver  : Searching for key 'spring.banner.image.location' in PropertySource 'systemProperties'
2024-01-13 22:39:12.414 TRACE 58992 --- [           main] o.s.c.e.PropertySourcesPropertyResolver  : Searching for key 'spring.banner.image.location' in PropertySource 'systemEnvironment'
2024-01-13 22:39:12.414 TRACE 58992 --- [           main] o.s.c.e.PropertySourcesPropertyResolver  : Searching for key 'spring.banner.image.location' in PropertySource 'random'
2024-01-13 22:39:12.414 TRACE 58992 --- [           main] o.s.c.e.PropertySourcesPropertyResolver  : Searching for key 'spring.banner.image.location' in PropertySource 'Config resource 'class path resource [application.properties]' via location 'optional:classpath:/''
2024-01-13 22:39:12.414 TRACE 58992 --- [           main] o.s.c.e.PropertySourcesPropertyResolver  : Searching for key 'spring.banner.image.location' in PropertySource 'Config resource 'class path resource [application.yml]' via location 'optional:classpath:/''
2024-01-13 22:39:12.414 TRACE 58992 --- [           main] o.s.c.e.PropertySourcesPropertyResolver  : Could not find key 'spring.banner.image.location' in any property source
2024-01-13 22:39:12.414 TRACE 58992 --- [           main] o.s.c.e.PropertySourcesPropertyResolver  : Searching for key 'spring.banner.location' in PropertySource 'configurationProperties'
2024-01-13 22:39:12.414 TRACE 58992 --- [           main] o.s.c.e.PropertySourcesPropertyResolver  : Searching for key 'spring.banner.location' in PropertySource 'Inlined Test Properties'
2024-01-13 22:39:12.414 TRACE 58992 --- [           main] o.s.c.e.PropertySourcesPropertyResolver  : Searching for key 'spring.banner.location' in PropertySource 'systemProperties'
2024-01-13 22:39:12.414 TRACE 58992 --- [           main] o.s.c.e.PropertySourcesPropertyResolver  : Searching for key 'spring.banner.location' in PropertySource 'systemEnvironment'
2024-01-13 22:39:12.414 TRACE 58992 --- [           main] o.s.c.e.PropertySourcesPropertyResolver  : Searching for key 'spring.banner.location' in PropertySource 'random'
2024-01-13 22:39:12.414 TRACE 58992 --- [           main] o.s.c.e.PropertySourcesPropertyResolver  : Searching for key 'spring.banner.location' in PropertySource 'Config resource 'class path resource [application.properties]' via location 'optional:classpath:/''
2024-01-13 22:39:12.414 TRACE 58992 --- [           main] o.s.c.e.PropertySourcesPropertyResolver  : Searching for key 'spring.banner.location' in PropertySource 'Config resource 'class path resource [application.yml]' via location 'optional:classpath:/''
2024-01-13 22:39:12.414 TRACE 58992 --- [           main] o.s.c.e.PropertySourcesPropertyResolver  : Could not find key 'spring.banner.location' in any property source

  .   ____          _            __ _ _
 /\\ / ___'_ __ _ _(_)_ __  __ _ \ \ \ \
( ( )\___ | '_ | '_| | '_ \/ _` | \ \ \ \
 \\/  ___)| |_)| | | | | || (_| |  ) ) ) )
  '  |____| .__|_| |_|_| |_\__, | / / / /
 =========|_|==============|___/=/_/_/_/
 :: Spring Boot ::                (v2.5.3)

2024-01-13 22:39:12.414 TRACE 58992 --- [           main] o.s.c.e.PropertySourcesPropertyResolver  : Searching for key 'context.initializer.classes' in PropertySource 'configurationProperties'
2024-01-13 22:39:12.414 TRACE 58992 --- [           main] o.s.c.e.PropertySourcesPropertyResolver  : Searching for key 'context.initializer.classes' in PropertySource 'Inlined Test Properties'
2024-01-13 22:39:12.414 TRACE 58992 --- [           main] o.s.c.e.PropertySourcesPropertyResolver  : Searching for key 'context.initializer.classes' in PropertySource 'systemProperties'
2024-01-13 22:39:12.414 TRACE 58992 --- [           main] o.s.c.e.PropertySourcesPropertyResolver  : Searching for key 'context.initializer.classes' in PropertySource 'systemEnvironment'
2024-01-13 22:39:12.414 TRACE 58992 --- [           main] o.s.c.e.PropertySourcesPropertyResolver  : Searching for key 'context.initializer.classes' in PropertySource 'random'
2024-01-13 22:39:12.414 TRACE 58992 --- [           main] o.s.c.e.PropertySourcesPropertyResolver  : Searching for key 'context.initializer.classes' in PropertySource 'Config resource 'class path resource [application.properties]' via location 'optional:classpath:/''
2024-01-13 22:39:12.414 TRACE 58992 --- [           main] o.s.c.e.PropertySourcesPropertyResolver  : Searching for key 'context.initializer.classes' in PropertySource 'Config resource 'class path resource [application.yml]' via location 'optional:classpath:/''
2024-01-13 22:39:12.414 TRACE 58992 --- [           main] o.s.c.e.PropertySourcesPropertyResolver  : Could not find key 'context.initializer.classes' in any property source
2024-01-13 22:39:12.414 TRACE 58992 --- [           main] o.s.c.e.PropertySourcesPropertyResolver  : Searching for key 'spring.application.name' in PropertySource 'configurationProperties'
2024-01-13 22:39:12.414 TRACE 58992 --- [           main] o.s.c.e.PropertySourcesPropertyResolver  : Searching for key 'spring.application.name' in PropertySource 'Inlined Test Properties'
2024-01-13 22:39:12.414 TRACE 58992 --- [           main] o.s.c.e.PropertySourcesPropertyResolver  : Searching for key 'spring.application.name' in PropertySource 'systemProperties'
2024-01-13 22:39:12.414 TRACE 58992 --- [           main] o.s.c.e.PropertySourcesPropertyResolver  : Searching for key 'spring.application.name' in PropertySource 'systemEnvironment'
2024-01-13 22:39:12.414 TRACE 58992 --- [           main] o.s.c.e.PropertySourcesPropertyResolver  : Searching for key 'spring.application.name' in PropertySource 'random'
2024-01-13 22:39:12.414 TRACE 58992 --- [           main] o.s.c.e.PropertySourcesPropertyResolver  : Searching for key 'spring.application.name' in PropertySource 'Config resource 'class path resource [application.properties]' via location 'optional:classpath:/''
2024-01-13 22:39:12.414 TRACE 58992 --- [           main] o.s.c.e.PropertySourcesPropertyResolver  : Searching for key 'spring.application.name' in PropertySource 'Config resource 'class path resource [application.yml]' via location 'optional:classpath:/''
2024-01-13 22:39:12.414 TRACE 58992 --- [           main] o.s.c.e.PropertySourcesPropertyResolver  : Could not find key 'spring.application.name' in any property source
2024-01-13 22:39:12.414 TRACE 58992 --- [           main] o.s.b.f.s.DefaultListableBeanFactory     : Registering scope 'restart' with implementation [org.springframework.boot.devtools.restart.RestartScopeInitializer$RestartScope@358bbbe2]
2024-01-13 22:39:12.415  INFO 58992 --- [           main] tacos.HomeControllerTest                 : Starting HomeControllerTest using Java 17.0.1 on MBP-Asela.lan with PID 58992 (started by aselaillayapparachchi in /Users/aselaillayapparachchi/IdeaProjects/learn-spring-in-action/taco-cloud-data-rest-jpa)
2024-01-13 22:39:12.415 DEBUG 58992 --- [           main] tacos.HomeControllerTest                 : Running with Spring Boot v2.5.3, Spring v5.3.9
2024-01-13 22:39:12.415 TRACE 58992 --- [           main] o.s.c.e.PropertySourcesPropertyResolver  : Searching for key 'spring.profiles.active' in PropertySource 'Annotations'
2024-01-13 22:39:12.415 TRACE 58992 --- [           main] o.s.c.e.PropertySourcesPropertyResolver  : Searching for key 'spring.profiles.active' in PropertySource 'configurationProperties'
2024-01-13 22:39:12.415 TRACE 58992 --- [           main] o.s.c.e.PropertySourcesPropertyResolver  : Searching for key 'spring.profiles.active' in PropertySource 'test'
2024-01-13 22:39:12.415 TRACE 58992 --- [           main] o.s.c.e.PropertySourcesPropertyResolver  : Searching for key 'spring.profiles.active' in PropertySource 'Inlined Test Properties'
2024-01-13 22:39:12.415 TRACE 58992 --- [           main] o.s.c.e.PropertySourcesPropertyResolver  : Searching for key 'spring.profiles.active' in PropertySource 'systemProperties'
2024-01-13 22:39:12.415 TRACE 58992 --- [           main] o.s.c.e.PropertySourcesPropertyResolver  : Searching for key 'spring.profiles.active' in PropertySource 'systemEnvironment'
2024-01-13 22:39:12.415 TRACE 58992 --- [           main] o.s.c.e.PropertySourcesPropertyResolver  : Searching for key 'spring.profiles.active' in PropertySource 'random'
2024-01-13 22:39:12.415 TRACE 58992 --- [           main] o.s.c.e.PropertySourcesPropertyResolver  : Searching for key 'spring.profiles.active' in PropertySource 'Config resource 'class path resource [application.properties]' via location 'optional:classpath:/''
2024-01-13 22:39:12.415 TRACE 58992 --- [           main] o.s.c.e.PropertySourcesPropertyResolver  : Searching for key 'spring.profiles.active' in PropertySource 'Config resource 'class path resource [application.yml]' via location 'optional:classpath:/''
2024-01-13 22:39:12.415 TRACE 58992 --- [           main] o.s.c.e.PropertySourcesPropertyResolver  : Could not find key 'spring.profiles.active' in any property source
2024-01-13 22:39:12.415 TRACE 58992 --- [           main] o.s.c.e.PropertySourcesPropertyResolver  : Searching for key 'spring.profiles.default' in PropertySource 'Annotations'
2024-01-13 22:39:12.415 TRACE 58992 --- [           main] o.s.c.e.PropertySourcesPropertyResolver  : Searching for key 'spring.profiles.default' in PropertySource 'configurationProperties'
2024-01-13 22:39:12.415 TRACE 58992 --- [           main] o.s.c.e.PropertySourcesPropertyResolver  : Searching for key 'spring.profiles.default' in PropertySource 'test'
2024-01-13 22:39:12.415 TRACE 58992 --- [           main] o.s.c.e.PropertySourcesPropertyResolver  : Searching for key 'spring.profiles.default' in PropertySource 'Inlined Test Properties'
2024-01-13 22:39:12.415 TRACE 58992 --- [           main] o.s.c.e.PropertySourcesPropertyResolver  : Searching for key 'spring.profiles.default' in PropertySource 'systemProperties'
2024-01-13 22:39:12.415 TRACE 58992 --- [           main] o.s.c.e.PropertySourcesPropertyResolver  : Searching for key 'spring.profiles.default' in PropertySource 'systemEnvironment'
2024-01-13 22:39:12.415 TRACE 58992 --- [           main] o.s.c.e.PropertySourcesPropertyResolver  : Searching for key 'spring.profiles.default' in PropertySource 'random'
2024-01-13 22:39:12.415 TRACE 58992 --- [           main] o.s.c.e.PropertySourcesPropertyResolver  : Searching for key 'spring.profiles.default' in PropertySource 'Config resource 'class path resource [application.properties]' via location 'optional:classpath:/''
2024-01-13 22:39:12.415 TRACE 58992 --- [           main] o.s.c.e.PropertySourcesPropertyResolver  : Searching for key 'spring.profiles.default' in PropertySource 'Config resource 'class path resource [application.yml]' via location 'optional:classpath:/''
2024-01-13 22:39:12.415 TRACE 58992 --- [           main] o.s.c.e.PropertySourcesPropertyResolver  : Could not find key 'spring.profiles.default' in any property source
2024-01-13 22:39:12.415  INFO 58992 --- [           main] tacos.HomeControllerTest                 : No active profile set, falling back to default profiles: default
2024-01-13 22:39:12.415 DEBUG 58992 --- [           main] o.s.boot.SpringApplication               : Loading source class tacos.TacoCloudApplicationJpa
2024-01-13 22:39:12.415 TRACE 58992 --- [           main] o.s.c.a.ClassPathBeanDefinitionScanner   : JSR-250 'javax.annotation.ManagedBean' found and supported for component scanning
2024-01-13 22:39:12.416 TRACE 58992 --- [           main] o.s.boot.env.EnvironmentPostProcessor    : RandomValuePropertySource add to Environment
2024-01-13 22:39:12.416 TRACE 58992 --- [           main] b.c.c.ConfigDataEnvironmentPostProcessor : Post-processing environment to add config data
2024-01-13 22:39:12.416 TRACE 58992 --- [           main] o.s.b.c.config.ConfigDataEnvironment     : Building config data environment contributors
2024-01-13 22:39:12.416 TRACE 58992 --- [           main] o.s.b.c.config.ConfigDataEnvironment     : Creating wrapped config data contributor for 'configurationProperties'
2024-01-13 22:39:12.416 TRACE 58992 --- [           main] o.s.b.c.config.ConfigDataEnvironment     : Creating wrapped config data contributor for 'Inlined Test Properties'
2024-01-13 22:39:12.416 TRACE 58992 --- [           main] o.s.b.c.config.ConfigDataEnvironment     : Creating wrapped config data contributor for 'systemProperties'
2024-01-13 22:39:12.416 TRACE 58992 --- [           main] o.s.b.c.config.ConfigDataEnvironment     : Creating wrapped config data contributor for 'systemEnvironment'
2024-01-13 22:39:12.416 TRACE 58992 --- [           main] o.s.b.c.config.ConfigDataEnvironment     : Creating wrapped config data contributor for 'random'
2024-01-13 22:39:12.416 TRACE 58992 --- [           main] o.s.b.c.config.ConfigDataEnvironment     : Adding initial config data import from location 'optional:file:./;optional:file:./config/;optional:file:./config/*/'
2024-01-13 22:39:12.416 TRACE 58992 --- [           main] o.s.b.c.config.ConfigDataEnvironment     : Adding initial config data import from location 'optional:classpath:/;optional:classpath:/config/'
2024-01-13 22:39:12.416 TRACE 58992 --- [           main] o.s.b.c.config.ConfigDataEnvironment     : Processing initial config data environment contributors without activation context
2024-01-13 22:39:12.416 TRACE 58992 --- [           main] .b.c.c.ConfigDataEnvironmentContributors : Processing imports for phase BEFORE_PROFILE_ACTIVATION. no activation context
2024-01-13 22:39:12.416 TRACE 58992 --- [           main] .b.c.c.ConfigDataEnvironmentContributors : Processing imports [optional:file:./;optional:file:./config/;optional:file:./config/*/]
2024-01-13 22:39:12.416 TRACE 58992 --- [           main] o.s.b.c.c.ConfigDataLocationResolver     : Skipping missing resource file:./application.yaml
2024-01-13 22:39:12.416 TRACE 58992 --- [           main] o.s.b.c.c.ConfigDataLocationResolver     : Skipping missing resource file:./application.yml
2024-01-13 22:39:12.416 TRACE 58992 --- [           main] o.s.b.c.c.ConfigDataLocationResolver     : Skipping missing resource file:./application.xml
2024-01-13 22:39:12.416 TRACE 58992 --- [           main] o.s.b.c.c.ConfigDataLocationResolver     : Skipping missing resource file:./application.properties
2024-01-13 22:39:12.416 TRACE 58992 --- [           main] o.s.b.c.c.ConfigDataLocationResolver     : Skipping missing resource file:./config/application.yaml
2024-01-13 22:39:12.416 TRACE 58992 --- [           main] o.s.b.c.c.ConfigDataLocationResolver     : Skipping missing resource file:./config/application.yml
2024-01-13 22:39:12.416 TRACE 58992 --- [           main] o.s.b.c.c.ConfigDataLocationResolver     : Skipping missing resource file:./config/application.xml
2024-01-13 22:39:12.416 TRACE 58992 --- [           main] o.s.b.c.c.ConfigDataLocationResolver     : Skipping missing resource file:./config/application.properties
2024-01-13 22:39:12.416 TRACE 58992 --- [           main] o.s.b.context.config.ConfigDataLoaders   : Loading file [.] using loader org.springframework.boot.context.config.StandardConfigDataLoader
2024-01-13 22:39:12.416 TRACE 58992 --- [           main] .b.c.c.ConfigDataEnvironmentContributors : Imported 1 resource [file [.]]
2024-01-13 22:39:12.416 TRACE 58992 --- [           main] .b.c.c.ConfigDataEnvironmentContributors : Processing imports [optional:classpath:/;optional:classpath:/config/]
2024-01-13 22:39:12.416 TRACE 58992 --- [           main] o.s.b.c.c.ConfigDataLocationResolver     : Skipping missing resource classpath:/application.yaml
2024-01-13 22:39:12.416 TRACE 58992 --- [           main] o.s.b.c.c.ConfigDataLocationResolver     : Skipping missing resource classpath:/application.xml
2024-01-13 22:39:12.416 TRACE 58992 --- [           main] o.s.b.c.c.ConfigDataLocationResolver     : Skipping missing resource classpath:/config/application.yaml
2024-01-13 22:39:12.416 TRACE 58992 --- [           main] o.s.b.c.c.ConfigDataLocationResolver     : Skipping missing resource classpath:/config/application.yml
2024-01-13 22:39:12.416 TRACE 58992 --- [           main] o.s.b.c.c.ConfigDataLocationResolver     : Skipping missing resource classpath:/config/application.xml
2024-01-13 22:39:12.416 TRACE 58992 --- [           main] o.s.b.c.c.ConfigDataLocationResolver     : Skipping missing resource classpath:/config/application.properties
2024-01-13 22:39:12.416 TRACE 58992 --- [           main] o.s.b.context.config.ConfigDataLoaders   : Loading class path resource [application.properties] using loader org.springframework.boot.context.config.StandardConfigDataLoader
2024-01-13 22:39:12.416 TRACE 58992 --- [           main] o.s.b.context.config.ConfigDataLoaders   : Loading class path resource [application.yml] using loader org.springframework.boot.context.config.StandardConfigDataLoader
2024-01-13 22:39:12.416 TRACE 58992 --- [           main] .b.c.c.ConfigDataEnvironmentContributors : Imported 2 resources [class path resource [application.properties], class path resource [application.yml]]
2024-01-13 22:39:12.416 TRACE 58992 --- [           main] .b.c.c.ConfigDataEnvironmentContributors : Processed imports for of 2 contributors
2024-01-13 22:39:12.416 TRACE 58992 --- [           main] o.s.b.c.config.ConfigDataEnvironment     : Creating config data activation context from initial contributions
2024-01-13 22:39:12.416 TRACE 58992 --- [           main] o.s.b.c.config.ConfigDataEnvironment     : Processing config data environment contributors with initial activation context
2024-01-13 22:39:12.416 TRACE 58992 --- [           main] .b.c.c.ConfigDataEnvironmentContributors : Processing imports for phase BEFORE_PROFILE_ACTIVATION. [ConfigDataActivationContext@6e620fa9 cloudPlatform = [null], profiles = [null]]
2024-01-13 22:39:12.416 TRACE 58992 --- [           main] .b.c.c.ConfigDataEnvironmentContributors : Processed imports for of 0 contributors
2024-01-13 22:39:12.416 TRACE 58992 --- [           main] o.s.b.c.config.ConfigDataEnvironment     : Deducing profiles from current config data environment contributors
2024-01-13 22:39:12.416 TRACE 58992 --- [           main] o.s.b.c.config.ConfigDataEnvironment     : Processing config data environment contributors with profile activation context
2024-01-13 22:39:12.416 TRACE 58992 --- [           main] .b.c.c.ConfigDataEnvironmentContributors : Processing imports for phase AFTER_PROFILE_ACTIVATION. [ConfigDataActivationContext@2cee1bcf cloudPlatform = [null], profiles = [Profiles@ae4a043 active = '[]', default = '[default]', accepted = '[default]']]
2024-01-13 22:39:12.416 TRACE 58992 --- [           main] .b.c.c.ConfigDataEnvironmentContributors : Processing imports [optional:file:./;optional:file:./config/;optional:file:./config/*/]
2024-01-13 22:39:12.416 TRACE 58992 --- [           main] o.s.b.c.c.ConfigDataLocationResolver     : Skipping missing resource file:./application.yaml
2024-01-13 22:39:12.416 TRACE 58992 --- [           main] o.s.b.c.c.ConfigDataLocationResolver     : Skipping missing resource file:./application.yml
2024-01-13 22:39:12.416 TRACE 58992 --- [           main] o.s.b.c.c.ConfigDataLocationResolver     : Skipping missing resource file:./application.xml
2024-01-13 22:39:12.416 TRACE 58992 --- [           main] o.s.b.c.c.ConfigDataLocationResolver     : Skipping missing resource file:./application.properties
2024-01-13 22:39:12.416 TRACE 58992 --- [           main] o.s.b.c.c.ConfigDataLocationResolver     : Skipping missing resource file:./config/application.yaml
2024-01-13 22:39:12.416 TRACE 58992 --- [           main] o.s.b.c.c.ConfigDataLocationResolver     : Skipping missing resource file:./config/application.yml
2024-01-13 22:39:12.416 TRACE 58992 --- [           main] o.s.b.c.c.ConfigDataLocationResolver     : Skipping missing resource file:./config/application.xml
2024-01-13 22:39:12.416 TRACE 58992 --- [           main] o.s.b.c.c.ConfigDataLocationResolver     : Skipping missing resource file:./config/application.properties
2024-01-13 22:39:12.416 TRACE 58992 --- [           main] o.s.b.c.c.ConfigDataLocationResolver     : Skipping missing resource file:./application-default.yaml
2024-01-13 22:39:12.416 TRACE 58992 --- [           main] o.s.b.c.c.ConfigDataLocationResolver     : Skipping missing resource file:./application-default.yml
2024-01-13 22:39:12.416 TRACE 58992 --- [           main] o.s.b.c.c.ConfigDataLocationResolver     : Skipping missing resource file:./application-default.xml
2024-01-13 22:39:12.416 TRACE 58992 --- [           main] o.s.b.c.c.ConfigDataLocationResolver     : Skipping missing resource file:./application-default.properties
2024-01-13 22:39:12.416 TRACE 58992 --- [           main] o.s.b.c.c.ConfigDataLocationResolver     : Skipping missing resource file:./config/application-default.yaml
2024-01-13 22:39:12.416 TRACE 58992 --- [           main] o.s.b.c.c.ConfigDataLocationResolver     : Skipping missing resource file:./config/application-default.yml
2024-01-13 22:39:12.416 TRACE 58992 --- [           main] o.s.b.c.c.ConfigDataLocationResolver     : Skipping missing resource file:./config/application-default.xml
2024-01-13 22:39:12.416 TRACE 58992 --- [           main] o.s.b.c.c.ConfigDataLocationResolver     : Skipping missing resource file:./config/application-default.properties
2024-01-13 22:39:12.416 TRACE 58992 --- [           main] .b.c.c.ConfigDataEnvironmentContributors : Nothing imported
2024-01-13 22:39:12.416 TRACE 58992 --- [           main] .b.c.c.ConfigDataEnvironmentContributors : Processing imports [optional:classpath:/;optional:classpath:/config/]
2024-01-13 22:39:12.416 TRACE 58992 --- [           main] o.s.b.c.c.ConfigDataLocationResolver     : Skipping missing resource classpath:/application.yaml
2024-01-13 22:39:12.416 TRACE 58992 --- [           main] o.s.b.c.c.ConfigDataLocationResolver     : Skipping missing resource classpath:/application.xml
2024-01-13 22:39:12.416 TRACE 58992 --- [           main] o.s.b.c.c.ConfigDataLocationResolver     : Skipping missing resource classpath:/config/application.yaml
2024-01-13 22:39:12.416 TRACE 58992 --- [           main] o.s.b.c.c.ConfigDataLocationResolver     : Skipping missing resource classpath:/config/application.yml
2024-01-13 22:39:12.416 TRACE 58992 --- [           main] o.s.b.c.c.ConfigDataLocationResolver     : Skipping missing resource classpath:/config/application.xml
2024-01-13 22:39:12.416 TRACE 58992 --- [           main] o.s.b.c.c.ConfigDataLocationResolver     : Skipping missing resource classpath:/config/application.properties
2024-01-13 22:39:12.416 TRACE 58992 --- [           main] o.s.b.c.c.ConfigDataLocationResolver     : Skipping missing resource classpath:/application-default.yaml
2024-01-13 22:39:12.416 TRACE 58992 --- [           main] o.s.b.c.c.ConfigDataLocationResolver     : Skipping missing resource classpath:/application-default.yml
2024-01-13 22:39:12.416 TRACE 58992 --- [           main] o.s.b.c.c.ConfigDataLocationResolver     : Skipping missing resource classpath:/application-default.xml
2024-01-13 22:39:12.416 TRACE 58992 --- [           main] o.s.b.c.c.ConfigDataLocationResolver     : Skipping missing resource classpath:/application-default.properties
2024-01-13 22:39:12.416 TRACE 58992 --- [           main] o.s.b.c.c.ConfigDataLocationResolver     : Skipping missing resource classpath:/config/application-default.yaml
2024-01-13 22:39:12.416 TRACE 58992 --- [           main] o.s.b.c.c.ConfigDataLocationResolver     : Skipping missing resource classpath:/config/application-default.yml
2024-01-13 22:39:12.416 TRACE 58992 --- [           main] o.s.b.c.c.ConfigDataLocationResolver     : Skipping missing resource classpath:/config/application-default.xml
2024-01-13 22:39:12.416 TRACE 58992 --- [           main] o.s.b.c.c.ConfigDataLocationResolver     : Skipping missing resource classpath:/config/application-default.properties
2024-01-13 22:39:12.416 TRACE 58992 --- [           main] .b.c.c.ConfigDataEnvironmentContributors : Nothing imported
2024-01-13 22:39:12.416 TRACE 58992 --- [           main] .b.c.c.ConfigDataEnvironmentContributors : Processed imports for of 2 contributors
2024-01-13 22:39:12.416 TRACE 58992 --- [           main] o.s.b.c.config.ConfigDataEnvironment     : Applying config data environment contributions
2024-01-13 22:39:12.416 TRACE 58992 --- [           main] o.s.b.c.config.ConfigDataEnvironment     : Adding imported property source 'Config resource 'class path resource [application.properties]' via location 'optional:classpath:/''
2024-01-13 22:39:12.416 TRACE 58992 --- [           main] o.s.b.c.config.ConfigDataEnvironment     : Adding imported property source 'Config resource 'class path resource [application.yml]' via location 'optional:classpath:/''
2024-01-13 22:39:12.416 TRACE 58992 --- [           main] o.s.b.c.config.ConfigDataEnvironment     : Setting default profiles: [default]
2024-01-13 22:39:12.416 TRACE 58992 --- [           main] o.s.b.c.config.ConfigDataEnvironment     : Setting active profiles: []
2024-01-13 22:39:12.416 TRACE 58992 --- [           main] o.s.w.c.s.GenericWebApplicationContext   : Refreshing org.springframework.web.context.support.GenericWebApplicationContext@4ce4c097, started on Sat Jan 13 22:39:12 SGT 2024
2024-01-13 22:39:12.416 TRACE 58992 --- [           main] o.s.b.f.s.DefaultListableBeanFactory     : Registering scope 'request' with implementation [org.springframework.web.context.request.RequestScope@2ea8f277]
2024-01-13 22:39:12.416 TRACE 58992 --- [           main] o.s.b.f.s.DefaultListableBeanFactory     : Registering scope 'session' with implementation [org.springframework.web.context.request.SessionScope@7244b40e]
2024-01-13 22:39:12.416 TRACE 58992 --- [           main] o.s.b.f.s.DefaultListableBeanFactory     : Registering scope 'application' with implementation [org.springframework.web.context.support.ServletContextScope@5d8de4bd]
2024-01-13 22:39:12.417 DEBUG 58992 --- [           main] o.s.b.f.s.DefaultListableBeanFactory     : Creating shared instance of singleton bean 'org.springframework.context.annotation.internalConfigurationAnnotationProcessor'
2024-01-13 22:39:12.417 TRACE 58992 --- [           main] o.s.b.f.s.DefaultListableBeanFactory     : Creating instance of bean 'org.springframework.context.annotation.internalConfigurationAnnotationProcessor'
2024-01-13 22:39:12.417 TRACE 58992 --- [           main] o.s.b.f.s.DefaultListableBeanFactory     : Eagerly caching bean 'org.springframework.context.annotation.internalConfigurationAnnotationProcessor' to allow for resolving potential circular references
2024-01-13 22:39:12.417 DEBUG 58992 --- [           main] o.s.b.f.s.DefaultListableBeanFactory     : Creating shared instance of singleton bean 'org.springframework.boot.autoconfigure.internalCachingMetadataReaderFactory'
2024-01-13 22:39:12.417 TRACE 58992 --- [           main] o.s.b.f.s.DefaultListableBeanFactory     : Creating instance of bean 'org.springframework.boot.autoconfigure.internalCachingMetadataReaderFactory'
2024-01-13 22:39:12.417 TRACE 58992 --- [           main] o.s.b.f.s.DefaultListableBeanFactory     : Eagerly caching bean 'org.springframework.boot.autoconfigure.internalCachingMetadataReaderFactory' to allow for resolving potential circular references
2024-01-13 22:39:12.417 TRACE 58992 --- [           main] o.s.b.f.s.DefaultListableBeanFactory     : Finished creating instance of bean 'org.springframework.boot.autoconfigure.internalCachingMetadataReaderFactory'
2024-01-13 22:39:12.417 TRACE 58992 --- [           main] o.s.beans.CachedIntrospectionResults     : Getting BeanInfo for class [org.springframework.context.annotation.ConfigurationClassPostProcessor]
2024-01-13 22:39:12.417 TRACE 58992 --- [           main] o.s.beans.CachedIntrospectionResults     : Caching PropertyDescriptors for class [org.springframework.context.annotation.ConfigurationClassPostProcessor]
2024-01-13 22:39:12.417 TRACE 58992 --- [           main] o.s.beans.CachedIntrospectionResults     : Found bean property 'applicationStartup' of type [org.springframework.core.metrics.ApplicationStartup]
2024-01-13 22:39:12.417 TRACE 58992 --- [           main] o.s.beans.CachedIntrospectionResults     : Found bean property 'beanClassLoader' of type [java.lang.ClassLoader]
2024-01-13 22:39:12.417 TRACE 58992 --- [           main] o.s.beans.CachedIntrospectionResults     : Found bean property 'beanNameGenerator' of type [org.springframework.beans.factory.support.BeanNameGenerator]
2024-01-13 22:39:12.417 TRACE 58992 --- [           main] o.s.beans.CachedIntrospectionResults     : Found bean property 'class' of type [java.lang.Class]
2024-01-13 22:39:12.417 TRACE 58992 --- [           main] o.s.beans.CachedIntrospectionResults     : Found bean property 'environment' of type [org.springframework.core.env.Environment]
2024-01-13 22:39:12.417 TRACE 58992 --- [           main] o.s.beans.CachedIntrospectionResults     : Found bean property 'metadataReaderFactory' of type [org.springframework.core.type.classreading.MetadataReaderFactory]
2024-01-13 22:39:12.417 TRACE 58992 --- [           main] o.s.beans.CachedIntrospectionResults     : Found bean property 'order' of type [int]
2024-01-13 22:39:12.417 TRACE 58992 --- [           main] o.s.beans.CachedIntrospectionResults     : Found bean property 'problemReporter' of type [org.springframework.beans.factory.parsing.ProblemReporter]
2024-01-13 22:39:12.417 TRACE 58992 --- [           main] o.s.beans.CachedIntrospectionResults     : Found bean property 'resourceLoader' of type [org.springframework.core.io.ResourceLoader]
2024-01-13 22:39:12.417 TRACE 58992 --- [           main] o.s.beans.CachedIntrospectionResults     : Found bean property 'sourceExtractor' of type [org.springframework.beans.factory.parsing.SourceExtractor]
2024-01-13 22:39:12.418 TRACE 58992 --- [           main] o.s.b.f.s.DefaultListableBeanFactory     : Finished creating instance of bean 'org.springframework.context.annotation.internalConfigurationAnnotationProcessor'
2024-01-13 22:39:12.420 TRACE 58992 --- [           main] o.s.c.a.ClassPathBeanDefinitionScanner   : JSR-250 'javax.annotation.ManagedBean' found and supported for component scanning
2024-01-13 22:39:12.420 TRACE 58992 --- [           main] .i.s.PathMatchingResourcePatternResolver : Resolved classpath location [tacos/] to resources [URL [file:/Users/aselaillayapparachchi/IdeaProjects/learn-spring-in-action/taco-cloud-data-rest-jpa/target/test-classes/tacos/], URL [file:/Users/aselaillayapparachchi/IdeaProjects/learn-spring-in-action/taco-cloud-data-rest-jpa/target/classes/tacos/]]
2024-01-13 22:39:12.420 TRACE 58992 --- [           main] .i.s.PathMatchingResourcePatternResolver : Looking for matching resources in directory tree [/Users/aselaillayapparachchi/IdeaProjects/learn-spring-in-action/taco-cloud-data-rest-jpa/target/test-classes/tacos]
2024-01-13 22:39:12.420 TRACE 58992 --- [           main] .i.s.PathMatchingResourcePatternResolver : Searching directory [/Users/aselaillayapparachchi/IdeaProjects/learn-spring-in-action/taco-cloud-data-rest-jpa/target/test-classes/tacos] for files matching pattern [/Users/aselaillayapparachchi/IdeaProjects/learn-spring-in-action/taco-cloud-data-rest-jpa/target/test-classes/tacos/**/*.class]
2024-01-13 22:39:12.421 TRACE 58992 --- [           main] .i.s.PathMatchingResourcePatternResolver : Looking for matching resources in directory tree [/Users/aselaillayapparachchi/IdeaProjects/learn-spring-in-action/taco-cloud-data-rest-jpa/target/classes/tacos]
2024-01-13 22:39:12.421 TRACE 58992 --- [           main] .i.s.PathMatchingResourcePatternResolver : Searching directory [/Users/aselaillayapparachchi/IdeaProjects/learn-spring-in-action/taco-cloud-data-rest-jpa/target/classes/tacos] for files matching pattern [/Users/aselaillayapparachchi/IdeaProjects/learn-spring-in-action/taco-cloud-data-rest-jpa/target/classes/tacos/**/*.class]
2024-01-13 22:39:12.421 TRACE 58992 --- [           main] .i.s.PathMatchingResourcePatternResolver : Searching directory [/Users/aselaillayapparachchi/IdeaProjects/learn-spring-in-action/taco-cloud-data-rest-jpa/target/classes/tacos/data] for files matching pattern [/Users/aselaillayapparachchi/IdeaProjects/learn-spring-in-action/taco-cloud-data-rest-jpa/target/classes/tacos/**/*.class]
2024-01-13 22:39:12.421 TRACE 58992 --- [           main] .i.s.PathMatchingResourcePatternResolver : Searching directory [/Users/aselaillayapparachchi/IdeaProjects/learn-spring-in-action/taco-cloud-data-rest-jpa/target/classes/tacos/data/jdbc] for files matching pattern [/Users/aselaillayapparachchi/IdeaProjects/learn-spring-in-action/taco-cloud-data-rest-jpa/target/classes/tacos/**/*.class]
2024-01-13 22:39:12.421 TRACE 58992 --- [           main] .i.s.PathMatchingResourcePatternResolver : Searching directory [/Users/aselaillayapparachchi/IdeaProjects/learn-spring-in-action/taco-cloud-data-rest-jpa/target/classes/tacos/model] for files matching pattern [/Users/aselaillayapparachchi/IdeaProjects/learn-spring-in-action/taco-cloud-data-rest-jpa/target/classes/tacos/**/*.class]
2024-01-13 22:39:12.421 TRACE 58992 --- [           main] .i.s.PathMatchingResourcePatternResolver : Searching directory [/Users/aselaillayapparachchi/IdeaProjects/learn-spring-in-action/taco-cloud-data-rest-jpa/target/classes/tacos/web] for files matching pattern [/Users/aselaillayapparachchi/IdeaProjects/learn-spring-in-action/taco-cloud-data-rest-jpa/target/classes/tacos/**/*.class]
2024-01-13 22:39:12.421 TRACE 58992 --- [           main] .i.s.PathMatchingResourcePatternResolver : Resolved location pattern [classpath*:tacos/**/*.class] to resources [file [/Users/aselaillayapparachchi/IdeaProjects/learn-spring-in-action/taco-cloud-data-rest-jpa/target/test-classes/tacos/HomeControllerTest.class], file [/Users/aselaillayapparachchi/IdeaProjects/learn-spring-in-action/taco-cloud-data-rest-jpa/target/test-classes/tacos/TacoCloudApplicationTests.class], file [/Users/aselaillayapparachchi/IdeaProjects/learn-spring-in-action/taco-cloud-data-rest-jpa/target/classes/tacos/IngredientByIdConverter.class], file [/Users/aselaillayapparachchi/IdeaProjects/learn-spring-in-action/taco-cloud-data-rest-jpa/target/classes/tacos/IngredientUtils.class], file [/Users/aselaillayapparachchi/IdeaProjects/learn-spring-in-action/taco-cloud-data-rest-jpa/target/classes/tacos/SecurityConfiguration.class], file [/Users/aselaillayapparachchi/IdeaProjects/learn-spring-in-action/taco-cloud-data-rest-jpa/target/classes/tacos/TacoCloudApplicationJpa.class], file [/Users/aselaillayapparachchi/IdeaProjects/learn-spring-in-action/taco-cloud-data-rest-jpa/target/classes/tacos/data/jdbc/IngredientDataRepository.class], file [/Users/aselaillayapparachchi/IdeaProjects/learn-spring-in-action/taco-cloud-data-rest-jpa/target/classes/tacos/data/jdbc/OrderDataRepository.class], file [/Users/aselaillayapparachchi/IdeaProjects/learn-spring-in-action/taco-cloud-data-rest-jpa/target/classes/tacos/data/jdbc/TacoRepository.class], file [/Users/aselaillayapparachchi/IdeaProjects/learn-spring-in-action/taco-cloud-data-rest-jpa/target/classes/tacos/data/jdbc/UserRepository.class], file [/Users/aselaillayapparachchi/IdeaProjects/learn-spring-in-action/taco-cloud-data-rest-jpa/target/classes/tacos/model/Ingredient$IngredientBuilder.class], file [/Users/aselaillayapparachchi/IdeaProjects/learn-spring-in-action/taco-cloud-data-rest-jpa/target/classes/tacos/model/Ingredient$Type.class], file [/Users/aselaillayapparachchi/IdeaProjects/learn-spring-in-action/taco-cloud-data-rest-jpa/target/classes/tacos/model/Ingredient.class], file [/Users/aselaillayapparachchi/IdeaProjects/learn-spring-in-action/taco-cloud-data-rest-jpa/target/classes/tacos/model/RegistrationForm.class], file [/Users/aselaillayapparachchi/IdeaProjects/learn-spring-in-action/taco-cloud-data-rest-jpa/target/classes/tacos/model/Taco$TacoBuilder.class], file [/Users/aselaillayapparachchi/IdeaProjects/learn-spring-in-action/taco-cloud-data-rest-jpa/target/classes/tacos/model/Taco.class], file [/Users/aselaillayapparachchi/IdeaProjects/learn-spring-in-action/taco-cloud-data-rest-jpa/target/classes/tacos/model/TacoOrder.class], file [/Users/aselaillayapparachchi/IdeaProjects/learn-spring-in-action/taco-cloud-data-rest-jpa/target/classes/tacos/model/User.class], file [/Users/aselaillayapparachchi/IdeaProjects/learn-spring-in-action/taco-cloud-data-rest-jpa/target/classes/tacos/web/DesignTacoController.class], file [/Users/aselaillayapparachchi/IdeaProjects/learn-spring-in-action/taco-cloud-data-rest-jpa/target/classes/tacos/web/OrderController.class], file [/Users/aselaillayapparachchi/IdeaProjects/learn-spring-in-action/taco-cloud-data-rest-jpa/target/classes/tacos/web/RegistrationController.class]]
2024-01-13 22:39:12.421 TRACE 58992 --- [           main] o.s.c.a.ClassPathBeanDefinitionScanner   : Scanning file [/Users/aselaillayapparachchi/IdeaProjects/learn-spring-in-action/taco-cloud-data-rest-jpa/target/test-classes/tacos/HomeControllerTest.class]
2024-01-13 22:39:12.421 TRACE 58992 --- [           main] o.s.c.a.ClassPathBeanDefinitionScanner   : Ignored because not matching any filter: file [/Users/aselaillayapparachchi/IdeaProjects/learn-spring-in-action/taco-cloud-data-rest-jpa/target/test-classes/tacos/HomeControllerTest.class]
2024-01-13 22:39:12.421 TRACE 58992 --- [           main] o.s.c.a.ClassPathBeanDefinitionScanner   : Scanning file [/Users/aselaillayapparachchi/IdeaProjects/learn-spring-in-action/taco-cloud-data-rest-jpa/target/test-classes/tacos/TacoCloudApplicationTests.class]
2024-01-13 22:39:12.421 TRACE 58992 --- [           main] o.s.c.a.ClassPathBeanDefinitionScanner   : Ignored because not matching any filter: file [/Users/aselaillayapparachchi/IdeaProjects/learn-spring-in-action/taco-cloud-data-rest-jpa/target/test-classes/tacos/TacoCloudApplicationTests.class]
2024-01-13 22:39:12.421 TRACE 58992 --- [           main] o.s.c.a.ClassPathBeanDefinitionScanner   : Scanning file [/Users/aselaillayapparachchi/IdeaProjects/learn-spring-in-action/taco-cloud-data-rest-jpa/target/classes/tacos/IngredientByIdConverter.class]
2024-01-13 22:39:12.422 DEBUG 58992 --- [           main] o.s.c.a.ClassPathBeanDefinitionScanner   : Identified candidate component class: file [/Users/aselaillayapparachchi/IdeaProjects/learn-spring-in-action/taco-cloud-data-rest-jpa/target/classes/tacos/IngredientByIdConverter.class]
2024-01-13 22:39:12.422 TRACE 58992 --- [           main] o.s.c.a.ClassPathBeanDefinitionScanner   : Scanning file [/Users/aselaillayapparachchi/IdeaProjects/learn-spring-in-action/taco-cloud-data-rest-jpa/target/classes/tacos/IngredientUtils.class]
2024-01-13 22:39:12.422 TRACE 58992 --- [           main] o.s.c.a.ClassPathBeanDefinitionScanner   : Ignored because not matching any filter: file [/Users/aselaillayapparachchi/IdeaProjects/learn-spring-in-action/taco-cloud-data-rest-jpa/target/classes/tacos/IngredientUtils.class]
2024-01-13 22:39:12.422 TRACE 58992 --- [           main] o.s.c.a.ClassPathBeanDefinitionScanner   : Scanning file [/Users/aselaillayapparachchi/IdeaProjects/learn-spring-in-action/taco-cloud-data-rest-jpa/target/classes/tacos/SecurityConfiguration.class]
2024-01-13 22:39:12.422 DEBUG 58992 --- [           main] o.s.c.a.ClassPathBeanDefinitionScanner   : Identified candidate component class: file [/Users/aselaillayapparachchi/IdeaProjects/learn-spring-in-action/taco-cloud-data-rest-jpa/target/classes/tacos/SecurityConfiguration.class]
2024-01-13 22:39:12.422 TRACE 58992 --- [           main] o.s.c.a.ClassPathBeanDefinitionScanner   : Scanning file [/Users/aselaillayapparachchi/IdeaProjects/learn-spring-in-action/taco-cloud-data-rest-jpa/target/classes/tacos/TacoCloudApplicationJpa.class]
2024-01-13 22:39:12.422 TRACE 58992 --- [           main] o.s.c.a.ClassPathBeanDefinitionScanner   : Ignored because not matching any filter: file [/Users/aselaillayapparachchi/IdeaProjects/learn-spring-in-action/taco-cloud-data-rest-jpa/target/classes/tacos/TacoCloudApplicationJpa.class]
2024-01-13 22:39:12.422 TRACE 58992 --- [           main] o.s.c.a.ClassPathBeanDefinitionScanner   : Scanning file [/Users/aselaillayapparachchi/IdeaProjects/learn-spring-in-action/taco-cloud-data-rest-jpa/target/classes/tacos/data/jdbc/IngredientDataRepository.class]
2024-01-13 22:39:12.422 TRACE 58992 --- [           main] o.s.c.a.ClassPathBeanDefinitionScanner   : Ignored because not matching any filter: file [/Users/aselaillayapparachchi/IdeaProjects/learn-spring-in-action/taco-cloud-data-rest-jpa/target/classes/tacos/data/jdbc/IngredientDataRepository.class]
2024-01-13 22:39:12.422 TRACE 58992 --- [           main] o.s.c.a.ClassPathBeanDefinitionScanner   : Scanning file [/Users/aselaillayapparachchi/IdeaProjects/learn-spring-in-action/taco-cloud-data-rest-jpa/target/classes/tacos/data/jdbc/OrderDataRepository.class]
2024-01-13 22:39:12.422 TRACE 58992 --- [           main] o.s.c.a.ClassPathBeanDefinitionScanner   : Ignored because not matching any filter: file [/Users/aselaillayapparachchi/IdeaProjects/learn-spring-in-action/taco-cloud-data-rest-jpa/target/classes/tacos/data/jdbc/OrderDataRepository.class]
2024-01-13 22:39:12.422 TRACE 58992 --- [           main] o.s.c.a.ClassPathBeanDefinitionScanner   : Scanning file [/Users/aselaillayapparachchi/IdeaProjects/learn-spring-in-action/taco-cloud-data-rest-jpa/target/classes/tacos/data/jdbc/TacoRepository.class]
2024-01-13 22:39:12.422 DEBUG 58992 --- [           main] o.s.c.a.ClassPathBeanDefinitionScanner   : Ignored because not a concrete top-level class: file [/Users/aselaillayapparachchi/IdeaProjects/learn-spring-in-action/taco-cloud-data-rest-jpa/target/classes/tacos/data/jdbc/TacoRepository.class]
2024-01-13 22:39:12.422 TRACE 58992 --- [           main] o.s.c.a.ClassPathBeanDefinitionScanner   : Scanning file [/Users/aselaillayapparachchi/IdeaProjects/learn-spring-in-action/taco-cloud-data-rest-jpa/target/classes/tacos/data/jdbc/UserRepository.class]
2024-01-13 22:39:12.422 TRACE 58992 --- [           main] o.s.c.a.ClassPathBeanDefinitionScanner   : Ignored because not matching any filter: file [/Users/aselaillayapparachchi/IdeaProjects/learn-spring-in-action/taco-cloud-data-rest-jpa/target/classes/tacos/data/jdbc/UserRepository.class]
2024-01-13 22:39:12.422 TRACE 58992 --- [           main] o.s.c.a.ClassPathBeanDefinitionScanner   : Scanning file [/Users/aselaillayapparachchi/IdeaProjects/learn-spring-in-action/taco-cloud-data-rest-jpa/target/classes/tacos/model/Ingredient$IngredientBuilder.class]
2024-01-13 22:39:12.422 TRACE 58992 --- [           main] o.s.c.a.ClassPathBeanDefinitionScanner   : Ignored because not matching any filter: file [/Users/aselaillayapparachchi/IdeaProjects/learn-spring-in-action/taco-cloud-data-rest-jpa/target/classes/tacos/model/Ingredient$IngredientBuilder.class]
2024-01-13 22:39:12.422 TRACE 58992 --- [           main] o.s.c.a.ClassPathBeanDefinitionScanner   : Scanning file [/Users/aselaillayapparachchi/IdeaProjects/learn-spring-in-action/taco-cloud-data-rest-jpa/target/classes/tacos/model/Ingredient$Type.class]
2024-01-13 22:39:12.422 TRACE 58992 --- [           main] o.s.c.a.ClassPathBeanDefinitionScanner   : Ignored because not matching any filter: file [/Users/aselaillayapparachchi/IdeaProjects/learn-spring-in-action/taco-cloud-data-rest-jpa/target/classes/tacos/model/Ingredient$Type.class]
2024-01-13 22:39:12.422 TRACE 58992 --- [           main] o.s.c.a.ClassPathBeanDefinitionScanner   : Scanning file [/Users/aselaillayapparachchi/IdeaProjects/learn-spring-in-action/taco-cloud-data-rest-jpa/target/classes/tacos/model/Ingredient.class]
2024-01-13 22:39:12.422 TRACE 58992 --- [           main] o.s.c.a.ClassPathBeanDefinitionScanner   : Ignored because not matching any filter: file [/Users/aselaillayapparachchi/IdeaProjects/learn-spring-in-action/taco-cloud-data-rest-jpa/target/classes/tacos/model/Ingredient.class]
2024-01-13 22:39:12.422 TRACE 58992 --- [           main] o.s.c.a.ClassPathBeanDefinitionScanner   : Scanning file [/Users/aselaillayapparachchi/IdeaProjects/learn-spring-in-action/taco-cloud-data-rest-jpa/target/classes/tacos/model/RegistrationForm.class]
2024-01-13 22:39:12.422 TRACE 58992 --- [           main] o.s.c.a.ClassPathBeanDefinitionScanner   : Ignored because not matching any filter: file [/Users/aselaillayapparachchi/IdeaProjects/learn-spring-in-action/taco-cloud-data-rest-jpa/target/classes/tacos/model/RegistrationForm.class]
2024-01-13 22:39:12.422 TRACE 58992 --- [           main] o.s.c.a.ClassPathBeanDefinitionScanner   : Scanning file [/Users/aselaillayapparachchi/IdeaProjects/learn-spring-in-action/taco-cloud-data-rest-jpa/target/classes/tacos/model/Taco$TacoBuilder.class]
2024-01-13 22:39:12.422 TRACE 58992 --- [           main] o.s.c.a.ClassPathBeanDefinitionScanner   : Ignored because not matching any filter: file [/Users/aselaillayapparachchi/IdeaProjects/learn-spring-in-action/taco-cloud-data-rest-jpa/target/classes/tacos/model/Taco$TacoBuilder.class]
2024-01-13 22:39:12.422 TRACE 58992 --- [           main] o.s.c.a.ClassPathBeanDefinitionScanner   : Scanning file [/Users/aselaillayapparachchi/IdeaProjects/learn-spring-in-action/taco-cloud-data-rest-jpa/target/classes/tacos/model/Taco.class]
2024-01-13 22:39:12.422 TRACE 58992 --- [           main] o.s.c.a.ClassPathBeanDefinitionScanner   : Ignored because not matching any filter: file [/Users/aselaillayapparachchi/IdeaProjects/learn-spring-in-action/taco-cloud-data-rest-jpa/target/classes/tacos/model/Taco.class]
2024-01-13 22:39:12.423 TRACE 58992 --- [           main] o.s.c.a.ClassPathBeanDefinitionScanner   : Scanning file [/Users/aselaillayapparachchi/IdeaProjects/learn-spring-in-action/taco-cloud-data-rest-jpa/target/classes/tacos/model/TacoOrder.class]
2024-01-13 22:39:12.423 TRACE 58992 --- [           main] o.s.c.a.ClassPathBeanDefinitionScanner   : Ignored because not matching any filter: file [/Users/aselaillayapparachchi/IdeaProjects/learn-spring-in-action/taco-cloud-data-rest-jpa/target/classes/tacos/model/TacoOrder.class]
2024-01-13 22:39:12.423 TRACE 58992 --- [           main] o.s.c.a.ClassPathBeanDefinitionScanner   : Scanning file [/Users/aselaillayapparachchi/IdeaProjects/learn-spring-in-action/taco-cloud-data-rest-jpa/target/classes/tacos/model/User.class]
2024-01-13 22:39:12.423 TRACE 58992 --- [           main] o.s.c.a.ClassPathBeanDefinitionScanner   : Ignored because not matching any filter: file [/Users/aselaillayapparachchi/IdeaProjects/learn-spring-in-action/taco-cloud-data-rest-jpa/target/classes/tacos/model/User.class]
2024-01-13 22:39:12.423 TRACE 58992 --- [           main] o.s.c.a.ClassPathBeanDefinitionScanner   : Scanning file [/Users/aselaillayapparachchi/IdeaProjects/learn-spring-in-action/taco-cloud-data-rest-jpa/target/classes/tacos/web/DesignTacoController.class]
2024-01-13 22:39:12.423 DEBUG 58992 --- [           main] o.s.c.a.ClassPathBeanDefinitionScanner   : Identified candidate component class: file [/Users/aselaillayapparachchi/IdeaProjects/learn-spring-in-action/taco-cloud-data-rest-jpa/target/classes/tacos/web/DesignTacoController.class]
2024-01-13 22:39:12.423 TRACE 58992 --- [           main] o.s.c.a.ClassPathBeanDefinitionScanner   : Scanning file [/Users/aselaillayapparachchi/IdeaProjects/learn-spring-in-action/taco-cloud-data-rest-jpa/target/classes/tacos/web/OrderController.class]
2024-01-13 22:39:12.423 DEBUG 58992 --- [           main] o.s.c.a.ClassPathBeanDefinitionScanner   : Identified candidate component class: file [/Users/aselaillayapparachchi/IdeaProjects/learn-spring-in-action/taco-cloud-data-rest-jpa/target/classes/tacos/web/OrderController.class]
2024-01-13 22:39:12.423 TRACE 58992 --- [           main] o.s.c.a.ClassPathBeanDefinitionScanner   : Scanning file [/Users/aselaillayapparachchi/IdeaProjects/learn-spring-in-action/taco-cloud-data-rest-jpa/target/classes/tacos/web/RegistrationController.class]
2024-01-13 22:39:12.423 DEBUG 58992 --- [           main] o.s.c.a.ClassPathBeanDefinitionScanner   : Identified candidate component class: file [/Users/aselaillayapparachchi/IdeaProjects/learn-spring-in-action/taco-cloud-data-rest-jpa/target/classes/tacos/web/RegistrationController.class]
2024-01-13 22:39:12.424 TRACE 58992 --- [           main] o.s.c.io.support.SpringFactoriesLoader   : Loaded [org.springframework.boot.autoconfigure.AutoConfigurationImportFilter] names: [org.springframework.boot.autoconfigure.condition.OnBeanCondition, org.springframework.boot.autoconfigure.condition.OnClassCondition, org.springframework.boot.autoconfigure.condition.OnWebApplicationCondition]
2024-01-13 22:39:12.427 TRACE 58992 --- [           main] o.s.b.f.s.DefaultListableBeanFactory     : Returning cached instance of singleton bean 'autoConfigurationReport'
2024-01-13 22:39:12.428 TRACE 58992 --- [           main] o.s.b.a.condition.OnClassCondition       : Condition OnClassCondition on org.springframework.boot.autoconfigure.freemarker.FreeMarkerAutoConfiguration did not match due to @ConditionalOnClass did not find required class 'freemarker.template.Configuration'
2024-01-13 22:39:12.428 TRACE 58992 --- [           main] o.s.b.a.condition.OnClassCondition       : Condition OnClassCondition on org.springframework.boot.autoconfigure.groovy.template.GroovyTemplateAutoConfiguration did not match due to @ConditionalOnClass did not find required class 'groovy.text.markup.MarkupTemplateEngine'
2024-01-13 22:39:12.428 TRACE 58992 --- [           main] o.s.b.a.condition.OnClassCondition       : Condition OnClassCondition on org.springframework.boot.autoconfigure.gson.GsonAutoConfiguration did not match due to @ConditionalOnClass did not find required class 'com.google.gson.Gson'
2024-01-13 22:39:12.428 TRACE 58992 --- [           main] o.s.b.a.condition.OnClassCondition       : Condition OnClassCondition on org.springframework.boot.autoconfigure.jsonb.JsonbAutoConfiguration did not match due to @ConditionalOnClass did not find required class 'javax.json.bind.Jsonb'
2024-01-13 22:39:12.428 TRACE 58992 --- [           main] o.s.b.a.condition.OnClassCondition       : Condition OnClassCondition on org.springframework.boot.autoconfigure.mustache.MustacheAutoConfiguration did not match due to @ConditionalOnClass did not find required class 'com.samskivert.mustache.Mustache'
2024-01-13 22:39:12.428 TRACE 58992 --- [           main] o.s.b.a.condition.OnClassCondition       : Condition OnClassCondition on org.springframework.boot.autoconfigure.security.oauth2.client.servlet.OAuth2ClientAutoConfiguration did not match due to @ConditionalOnClass did not find required class 'org.springframework.security.oauth2.client.registration.ClientRegistration'
2024-01-13 22:39:12.428 TRACE 58992 --- [           main] o.s.b.a.condition.OnClassCondition       : Condition OnClassCondition on org.springframework.boot.autoconfigure.security.oauth2.resource.servlet.OAuth2ResourceServerAutoConfiguration did not match due to @ConditionalOnClass did not find required class 'org.springframework.security.oauth2.server.resource.BearerTokenAuthenticationToken'
2024-01-13 22:39:12.428 TRACE 58992 --- [           main] o.s.b.f.s.DefaultListableBeanFactory     : Returning cached instance of singleton bean 'autoConfigurationReport'
2024-01-13 22:39:12.428 TRACE 58992 --- [           main] o.s.b.f.s.DefaultListableBeanFactory     : Returning cached instance of singleton bean 'autoConfigurationReport'
2024-01-13 22:39:12.429 TRACE 58992 --- [           main] o.s.b.a.AutoConfigurationImportSelector  : Filtered 7 auto configuration class in 1 ms
2024-01-13 22:39:12.429 TRACE 58992 --- [           main] o.s.c.io.support.SpringFactoriesLoader   : Loaded [org.springframework.boot.autoconfigure.AutoConfigurationImportListener] names: [org.springframework.boot.autoconfigure.condition.ConditionEvaluationReportAutoConfigurationImportListener]
2024-01-13 22:39:12.429 TRACE 58992 --- [           main] o.s.b.f.s.DefaultListableBeanFactory     : Returning cached instance of singleton bean 'autoConfigurationReport'
2024-01-13 22:39:12.429 TRACE 58992 --- [           main] o.s.c.e.PropertySourcesPropertyResolver  : Searching for key 'spring.boot.enableautoconfiguration' in PropertySource 'Annotations'
2024-01-13 22:39:12.429 TRACE 58992 --- [           main] o.s.c.e.PropertySourcesPropertyResolver  : Searching for key 'spring.boot.enableautoconfiguration' in PropertySource 'configurationProperties'
2024-01-13 22:39:12.429 DEBUG 58992 --- [           main] o.s.c.e.PropertySourcesPropertyResolver  : Found key 'spring.boot.enableautoconfiguration' in PropertySource 'configurationProperties' with value of type String
2024-01-13 22:39:12.432 TRACE 58992 --- [           main] o.s.b.f.s.DefaultListableBeanFactory     : Returning cached instance of singleton bean 'org.springframework.boot.autoconfigure.internalCachingMetadataReaderFactory'
2024-01-13 22:39:12.432 TRACE 58992 --- [           main] o.s.b.f.s.DefaultListableBeanFactory     : Returning cached instance of singleton bean 'autoConfigurationReport'
2024-01-13 22:39:12.432 TRACE 58992 --- [           main] o.s.b.f.s.DefaultListableBeanFactory     : Returning cached instance of singleton bean 'autoConfigurationReport'
2024-01-13 22:39:12.432 TRACE 58992 --- [           main] o.s.b.f.s.DefaultListableBeanFactory     : Returning cached instance of singleton bean 'autoConfigurationReport'
2024-01-13 22:39:12.432 TRACE 58992 --- [           main] o.s.c.io.support.SpringFactoriesLoader   : Loaded [org.springframework.boot.autoconfigure.AutoConfigurationImportFilter] names: [org.springframework.boot.autoconfigure.condition.OnBeanCondition, org.springframework.boot.autoconfigure.condition.OnClassCondition, org.springframework.boot.autoconfigure.condition.OnWebApplicationCondition]
2024-01-13 22:39:12.435 TRACE 58992 --- [           main] o.s.b.f.s.DefaultListableBeanFactory     : Returning cached instance of singleton bean 'autoConfigurationReport'
2024-01-13 22:39:12.436 TRACE 58992 --- [           main] o.s.b.f.s.DefaultListableBeanFactory     : Returning cached instance of singleton bean 'autoConfigurationReport'
2024-01-13 22:39:12.436 TRACE 58992 --- [           main] o.s.b.f.s.DefaultListableBeanFactory     : Returning cached instance of singleton bean 'autoConfigurationReport'
2024-01-13 22:39:12.436 TRACE 58992 --- [           main] o.s.b.f.s.DefaultListableBeanFactory     : Returning cached instance of singleton bean 'autoConfigurationReport'
2024-01-13 22:39:12.436 TRACE 58992 --- [           main] o.s.b.f.s.DefaultListableBeanFactory     : Returning cached instance of singleton bean 'autoConfigurationReport'
2024-01-13 22:39:12.436 TRACE 58992 --- [           main] o.s.b.f.s.DefaultListableBeanFactory     : Returning cached instance of singleton bean 'autoConfigurationReport'
2024-01-13 22:39:12.436 TRACE 58992 --- [           main] o.s.b.f.s.DefaultListableBeanFactory     : Returning cached instance of singleton bean 'autoConfigurationReport'
2024-01-13 22:39:12.436 TRACE 58992 --- [           main] o.s.b.f.s.DefaultListableBeanFactory     : Returning cached instance of singleton bean 'autoConfigurationReport'
2024-01-13 22:39:12.436 TRACE 58992 --- [           main] o.s.b.f.s.DefaultListableBeanFactory     : Returning cached instance of singleton bean 'autoConfigurationReport'
2024-01-13 22:39:12.436 TRACE 58992 --- [           main] o.s.c.e.PropertySourcesPropertyResolver  : Searching for key 'spring.messages.basename' in PropertySource 'Annotations'
2024-01-13 22:39:12.436 TRACE 58992 --- [           main] o.s.c.e.PropertySourcesPropertyResolver  : Searching for key 'spring.messages.basename' in PropertySource 'configurationProperties'
2024-01-13 22:39:12.436 TRACE 58992 --- [           main] o.s.c.e.PropertySourcesPropertyResolver  : Searching for key 'spring.messages.basename' in PropertySource 'test'
2024-01-13 22:39:12.436 TRACE 58992 --- [           main] o.s.c.e.PropertySourcesPropertyResolver  : Searching for key 'spring.messages.basename' in PropertySource 'Inlined Test Properties'
2024-01-13 22:39:12.436 TRACE 58992 --- [           main] o.s.c.e.PropertySourcesPropertyResolver  : Searching for key 'spring.messages.basename' in PropertySource 'systemProperties'
2024-01-13 22:39:12.436 TRACE 58992 --- [           main] o.s.c.e.PropertySourcesPropertyResolver  : Searching for key 'spring.messages.basename' in PropertySource 'systemEnvironment'
2024-01-13 22:39:12.436 TRACE 58992 --- [           main] o.s.c.e.PropertySourcesPropertyResolver  : Searching for key 'spring.messages.basename' in PropertySource 'random'
2024-01-13 22:39:12.436 TRACE 58992 --- [           main] o.s.c.e.PropertySourcesPropertyResolver  : Searching for key 'spring.messages.basename' in PropertySource 'Config resource 'class path resource [application.properties]' via location 'optional:classpath:/''
2024-01-13 22:39:12.436 TRACE 58992 --- [           main] o.s.c.e.PropertySourcesPropertyResolver  : Searching for key 'spring.messages.basename' in PropertySource 'Config resource 'class path resource [application.yml]' via location 'optional:classpath:/''
2024-01-13 22:39:12.436 TRACE 58992 --- [           main] o.s.c.e.PropertySourcesPropertyResolver  : Could not find key 'spring.messages.basename' in any property source
2024-01-13 22:39:12.436 TRACE 58992 --- [           main] utoConfiguration$ResourceBundleCondition : Condition MessageSourceAutoConfiguration.ResourceBundleCondition on org.springframework.boot.autoconfigure.context.MessageSourceAutoConfiguration did not match due to ResourceBundle did not find bundle with basename messages
2024-01-13 22:39:12.436 TRACE 58992 --- [           main] o.s.b.f.s.DefaultListableBeanFactory     : Returning cached instance of singleton bean 'autoConfigurationReport'
2024-01-13 22:39:12.436 TRACE 58992 --- [           main] o.s.b.f.s.DefaultListableBeanFactory     : Returning cached instance of singleton bean 'autoConfigurationReport'
2024-01-13 22:39:12.436 TRACE 58992 --- [           main] o.s.b.f.s.DefaultListableBeanFactory     : Returning cached instance of singleton bean 'autoConfigurationReport'
2024-01-13 22:39:12.436 TRACE 58992 --- [           main] o.s.b.f.s.DefaultListableBeanFactory     : Returning cached instance of singleton bean 'autoConfigurationReport'
2024-01-13 22:39:12.436 TRACE 58992 --- [           main] o.s.b.f.s.DefaultListableBeanFactory     : Returning cached instance of singleton bean 'autoConfigurationReport'
2024-01-13 22:39:12.436 TRACE 58992 --- [           main] o.s.b.f.s.DefaultListableBeanFactory     : Returning cached instance of singleton bean 'autoConfigurationReport'
2024-01-13 22:39:12.436 TRACE 58992 --- [           main] o.s.b.f.s.DefaultListableBeanFactory     : Returning cached instance of singleton bean 'autoConfigurationReport'
2024-01-13 22:39:12.436 TRACE 58992 --- [           main] o.s.b.f.s.DefaultListableBeanFactory     : Returning cached instance of singleton bean 'autoConfigurationReport'
2024-01-13 22:39:12.436 TRACE 58992 --- [           main] o.s.b.f.s.DefaultListableBeanFactory     : Returning cached instance of singleton bean 'autoConfigurationReport'
2024-01-13 22:39:12.436 TRACE 58992 --- [           main] o.s.b.f.s.DefaultListableBeanFactory     : Returning cached instance of singleton bean 'autoConfigurationReport'
2024-01-13 22:39:12.436 TRACE 58992 --- [           main] o.s.b.f.s.DefaultListableBeanFactory     : Returning cached instance of singleton bean 'autoConfigurationReport'
2024-01-13 22:39:12.436 TRACE 58992 --- [           main] o.s.b.f.s.DefaultListableBeanFactory     : Returning cached instance of singleton bean 'autoConfigurationReport'
2024-01-13 22:39:12.436 TRACE 58992 --- [           main] o.s.b.f.s.DefaultListableBeanFactory     : Returning cached instance of singleton bean 'autoConfigurationReport'
2024-01-13 22:39:12.436 TRACE 58992 --- [           main] o.s.b.a.condition.OnClassCondition       : Condition OnClassCondition on org.springframework.boot.autoconfigure.task.TaskExecutionAutoConfiguration matched due to @ConditionalOnClass found required class 'org.springframework.scheduling.concurrent.ThreadPoolTaskExecutor'
2024-01-13 22:39:12.436 TRACE 58992 --- [           main] o.s.b.f.s.DefaultListableBeanFactory     : Returning cached instance of singleton bean 'autoConfigurationReport'
2024-01-13 22:39:12.436 TRACE 58992 --- [           main] o.s.b.f.s.DefaultListableBeanFactory     : Returning cached instance of singleton bean 'autoConfigurationReport'
2024-01-13 22:39:12.436 TRACE 58992 --- [           main] o.s.b.f.s.DefaultListableBeanFactory     : Returning cached instance of singleton bean 'autoConfigurationReport'
2024-01-13 22:39:12.436 TRACE 58992 --- [           main] o.s.b.f.s.DefaultListableBeanFactory     : Returning cached instance of singleton bean 'autoConfigurationReport'
2024-01-13 22:39:12.436 TRACE 58992 --- [           main] o.s.b.f.s.DefaultListableBeanFactory     : Returning cached instance of singleton bean 'autoConfigurationReport'
2024-01-13 22:39:12.436 TRACE 58992 --- [           main] o.s.b.f.s.DefaultListableBeanFactory     : Returning cached instance of singleton bean 'autoConfigurationReport'
2024-01-13 22:39:12.436 TRACE 58992 --- [           main] o.s.b.f.s.DefaultListableBeanFactory     : Returning cached instance of singleton bean 'autoConfigurationReport'
2024-01-13 22:39:12.437 TRACE 58992 --- [           main] o.s.b.f.s.DefaultListableBeanFactory     : Returning cached instance of singleton bean 'autoConfigurationReport'
2024-01-13 22:39:12.437 TRACE 58992 --- [           main] o.s.b.f.s.DefaultListableBeanFactory     : Returning cached instance of singleton bean 'autoConfigurationReport'
2024-01-13 22:39:12.437 TRACE 58992 --- [           main] o.s.b.f.s.DefaultListableBeanFactory     : Returning cached instance of singleton bean 'autoConfigurationReport'
2024-01-13 22:39:12.437 TRACE 58992 --- [           main] o.s.b.f.s.DefaultListableBeanFactory     : Returning cached instance of singleton bean 'autoConfigurationReport'
2024-01-13 22:39:12.437 TRACE 58992 --- [           main] o.s.b.f.s.DefaultListableBeanFactory     : Returning cached instance of singleton bean 'autoConfigurationReport'
2024-01-13 22:39:12.437 TRACE 58992 --- [           main] o.s.b.f.s.DefaultListableBeanFactory     : Returning cached instance of singleton bean 'autoConfigurationReport'
2024-01-13 22:39:12.437 TRACE 58992 --- [           main] o.s.b.f.s.DefaultListableBeanFactory     : Returning cached instance of singleton bean 'autoConfigurationReport'
2024-01-13 22:39:12.437 TRACE 58992 --- [           main] o.s.b.f.s.DefaultListableBeanFactory     : Returning cached instance of singleton bean 'autoConfigurationReport'
2024-01-13 22:39:12.437 TRACE 58992 --- [           main] o.s.b.f.s.DefaultListableBeanFactory     : Returning cached instance of singleton bean 'autoConfigurationReport'
2024-01-13 22:39:12.437 TRACE 58992 --- [           main] o.s.b.f.s.DefaultListableBeanFactory     : Returning cached instance of singleton bean 'autoConfigurationReport'
2024-01-13 22:39:12.437 TRACE 58992 --- [           main] o.s.b.f.s.DefaultListableBeanFactory     : Returning cached instance of singleton bean 'autoConfigurationReport'
2024-01-13 22:39:12.437 TRACE 58992 --- [           main] o.s.b.f.s.DefaultListableBeanFactory     : Returning cached instance of singleton bean 'autoConfigurationReport'
2024-01-13 22:39:12.437 TRACE 58992 --- [           main] o.s.b.a.condition.OnClassCondition       : Condition OnClassCondition on org.springframework.boot.autoconfigure.validation.ValidationAutoConfiguration matched due to @ConditionalOnClass found required class 'javax.validation.executable.ExecutableValidator'
2024-01-13 22:39:12.437 TRACE 58992 --- [           main] o.s.b.f.s.DefaultListableBeanFactory     : Returning cached instance of singleton bean 'autoConfigurationReport'
2024-01-13 22:39:12.437 TRACE 58992 --- [           main] o.s.b.a.condition.OnResourceCondition    : Condition OnResourceCondition on org.springframework.boot.autoconfigure.validation.ValidationAutoConfiguration matched due to @ConditionalOnResource found location classpath:META-INF/services/javax.validation.spi.ValidationProvider
2024-01-13 22:39:12.437 TRACE 58992 --- [           main] o.s.b.f.s.DefaultListableBeanFactory     : Returning cached instance of singleton bean 'autoConfigurationReport'
2024-01-13 22:39:12.437 TRACE 58992 --- [           main] o.s.b.f.s.DefaultListableBeanFactory     : Returning cached instance of singleton bean 'autoConfigurationReport'
2024-01-13 22:39:12.437 TRACE 58992 --- [           main] o.s.b.f.s.DefaultListableBeanFactory     : Returning cached instance of singleton bean 'autoConfigurationReport'
2024-01-13 22:39:12.437 TRACE 58992 --- [           main] o.s.b.f.s.DefaultListableBeanFactory     : Returning cached instance of singleton bean 'autoConfigurationReport'
2024-01-13 22:39:12.437 TRACE 58992 --- [           main] o.s.b.f.s.DefaultListableBeanFactory     : Returning cached instance of singleton bean 'autoConfigurationReport'
2024-01-13 22:39:12.437 TRACE 58992 --- [           main] o.s.b.f.s.DefaultListableBeanFactory     : Returning cached instance of singleton bean 'autoConfigurationReport'
2024-01-13 22:39:12.437 TRACE 58992 --- [           main] o.s.b.f.s.DefaultListableBeanFactory     : Returning cached instance of singleton bean 'autoConfigurationReport'
2024-01-13 22:39:12.438 TRACE 58992 --- [           main] o.s.b.f.s.DefaultListableBeanFactory     : Returning cached instance of singleton bean 'autoConfigurationReport'
2024-01-13 22:39:12.438 TRACE 58992 --- [           main] o.s.b.f.s.DefaultListableBeanFactory     : Returning cached instance of singleton bean 'autoConfigurationReport'
2024-01-13 22:39:12.438 TRACE 58992 --- [           main] o.s.b.f.s.DefaultListableBeanFactory     : Returning cached instance of singleton bean 'autoConfigurationReport'
2024-01-13 22:39:12.438 TRACE 58992 --- [           main] o.s.b.f.s.DefaultListableBeanFactory     : Returning cached instance of singleton bean 'autoConfigurationReport'
2024-01-13 22:39:12.438 TRACE 58992 --- [           main] o.s.b.f.s.DefaultListableBeanFactory     : Returning cached instance of singleton bean 'autoConfigurationReport'
2024-01-13 22:39:12.438 TRACE 58992 --- [           main] o.s.b.f.s.DefaultListableBeanFactory     : Returning cached instance of singleton bean 'autoConfigurationReport'
2024-01-13 22:39:12.438 TRACE 58992 --- [           main] o.s.b.f.s.DefaultListableBeanFactory     : Returning cached instance of singleton bean 'autoConfigurationReport'
2024-01-13 22:39:12.438 TRACE 58992 --- [           main] o.s.b.f.s.DefaultListableBeanFactory     : Returning cached instance of singleton bean 'autoConfigurationReport'
2024-01-13 22:39:12.438 TRACE 58992 --- [           main] o.s.b.f.s.DefaultListableBeanFactory     : Returning cached instance of singleton bean 'autoConfigurationReport'
2024-01-13 22:39:12.438 TRACE 58992 --- [           main] o.s.b.f.s.DefaultListableBeanFactory     : Returning cached instance of singleton bean 'autoConfigurationReport'
2024-01-13 22:39:12.438 TRACE 58992 --- [           main] o.s.b.f.s.DefaultListableBeanFactory     : Returning cached instance of singleton bean 'autoConfigurationReport'
2024-01-13 22:39:12.438 TRACE 58992 --- [           main] o.s.b.f.s.DefaultListableBeanFactory     : Returning cached instance of singleton bean 'autoConfigurationReport'
2024-01-13 22:39:12.438 TRACE 58992 --- [           main] o.s.b.a.condition.OnClassCondition       : Condition OnClassCondition on org.springframework.boot.autoconfigure.web.servlet.error.ErrorMvcAutoConfiguration matched due to @ConditionalOnClass found required classes 'javax.servlet.Servlet', 'org.springframework.web.servlet.DispatcherServlet'
2024-01-13 22:39:12.438 TRACE 58992 --- [           main] o.s.b.f.s.DefaultListableBeanFactory     : Returning cached instance of singleton bean 'autoConfigurationReport'
2024-01-13 22:39:12.438 TRACE 58992 --- [           main] o.s.b.a.c.OnWebApplicationCondition      : Condition OnWebApplicationCondition on org.springframework.boot.autoconfigure.web.servlet.error.ErrorMvcAutoConfiguration matched due to found 'session' scope
2024-01-13 22:39:12.438 TRACE 58992 --- [           main] o.s.b.f.s.DefaultListableBeanFactory     : Returning cached instance of singleton bean 'autoConfigurationReport'
2024-01-13 22:39:12.438 TRACE 58992 --- [           main] o.s.b.f.s.DefaultListableBeanFactory     : Returning cached instance of singleton bean 'autoConfigurationReport'
2024-01-13 22:39:12.438 TRACE 58992 --- [           main] o.s.b.f.s.DefaultListableBeanFactory     : Returning cached instance of singleton bean 'autoConfigurationReport'
2024-01-13 22:39:12.438 TRACE 58992 --- [           main] o.s.b.f.s.DefaultListableBeanFactory     : Returning cached instance of singleton bean 'autoConfigurationReport'
2024-01-13 22:39:12.438 TRACE 58992 --- [           main] o.s.b.f.s.DefaultListableBeanFactory     : Returning cached instance of singleton bean 'autoConfigurationReport'
2024-01-13 22:39:12.438 TRACE 58992 --- [           main] o.s.b.f.s.DefaultListableBeanFactory     : Returning cached instance of singleton bean 'autoConfigurationReport'
2024-01-13 22:39:12.438 TRACE 58992 --- [           main] o.s.b.f.s.DefaultListableBeanFactory     : Returning cached instance of singleton bean 'autoConfigurationReport'
2024-01-13 22:39:12.438 TRACE 58992 --- [           main] o.s.b.a.condition.OnPropertyCondition    : Condition OnPropertyCondition on org.springframework.boot.autoconfigure.web.servlet.error.ErrorMvcAutoConfiguration$WhitelabelErrorViewConfiguration matched due to @ConditionalOnProperty (server.error.whitelabel.enabled) matched
2024-01-13 22:39:12.438 TRACE 58992 --- [           main] o.s.b.f.s.DefaultListableBeanFactory     : Returning cached instance of singleton bean 'autoConfigurationReport'
2024-01-13 22:39:12.438 TRACE 58992 --- [           main] o.s.c.io.support.SpringFactoriesLoader   : Loaded [org.springframework.boot.autoconfigure.template.TemplateAvailabilityProvider] names: [org.springframework.boot.autoconfigure.freemarker.FreeMarkerTemplateAvailabilityProvider, org.springframework.boot.autoconfigure.mustache.MustacheTemplateAvailabilityProvider, org.springframework.boot.autoconfigure.groovy.template.GroovyTemplateAvailabilityProvider, org.springframework.boot.autoconfigure.thymeleaf.ThymeleafTemplateAvailabilityProvider, org.springframework.boot.autoconfigure.web.servlet.JspTemplateAvailabilityProvider]
2024-01-13 22:39:12.438 TRACE 58992 --- [           main] o.s.c.e.PropertySourcesPropertyResolver  : Searching for key 'spring.template.provider.cache' in PropertySource 'Annotations'
2024-01-13 22:39:12.439 TRACE 58992 --- [           main] o.s.c.e.PropertySourcesPropertyResolver  : Searching for key 'spring.template.provider.cache' in PropertySource 'configurationProperties'
2024-01-13 22:39:12.439 TRACE 58992 --- [           main] o.s.c.e.PropertySourcesPropertyResolver  : Searching for key 'spring.template.provider.cache' in PropertySource 'test'
2024-01-13 22:39:12.439 TRACE 58992 --- [           main] o.s.c.e.PropertySourcesPropertyResolver  : Searching for key 'spring.template.provider.cache' in PropertySource 'Inlined Test Properties'
2024-01-13 22:39:12.439 TRACE 58992 --- [           main] o.s.c.e.PropertySourcesPropertyResolver  : Searching for key 'spring.template.provider.cache' in PropertySource 'systemProperties'
2024-01-13 22:39:12.439 TRACE 58992 --- [           main] o.s.c.e.PropertySourcesPropertyResolver  : Searching for key 'spring.template.provider.cache' in PropertySource 'systemEnvironment'
2024-01-13 22:39:12.439 TRACE 58992 --- [           main] o.s.c.e.PropertySourcesPropertyResolver  : Searching for key 'spring.template.provider.cache' in PropertySource 'random'
2024-01-13 22:39:12.439 TRACE 58992 --- [           main] o.s.c.e.PropertySourcesPropertyResolver  : Searching for key 'spring.template.provider.cache' in PropertySource 'Config resource 'class path resource [application.properties]' via location 'optional:classpath:/''
2024-01-13 22:39:12.439 TRACE 58992 --- [           main] o.s.c.e.PropertySourcesPropertyResolver  : Searching for key 'spring.template.provider.cache' in PropertySource 'Config resource 'class path resource [application.yml]' via location 'optional:classpath:/''
2024-01-13 22:39:12.439 TRACE 58992 --- [           main] o.s.c.e.PropertySourcesPropertyResolver  : Could not find key 'spring.template.provider.cache' in any property source
2024-01-13 22:39:12.439 TRACE 58992 --- [           main] o.s.c.e.PropertySourcesPropertyResolver  : Searching for key 'spring.thymeleaf.prefix' in PropertySource 'Annotations'
2024-01-13 22:39:12.439 TRACE 58992 --- [           main] o.s.c.e.PropertySourcesPropertyResolver  : Searching for key 'spring.thymeleaf.prefix' in PropertySource 'configurationProperties'
2024-01-13 22:39:12.439 TRACE 58992 --- [           main] o.s.c.e.PropertySourcesPropertyResolver  : Searching for key 'spring.thymeleaf.prefix' in PropertySource 'test'
2024-01-13 22:39:12.439 TRACE 58992 --- [           main] o.s.c.e.PropertySourcesPropertyResolver  : Searching for key 'spring.thymeleaf.prefix' in PropertySource 'Inlined Test Properties'
2024-01-13 22:39:12.439 TRACE 58992 --- [           main] o.s.c.e.PropertySourcesPropertyResolver  : Searching for key 'spring.thymeleaf.prefix' in PropertySource 'systemProperties'
2024-01-13 22:39:12.439 TRACE 58992 --- [           main] o.s.c.e.PropertySourcesPropertyResolver  : Searching for key 'spring.thymeleaf.prefix' in PropertySource 'systemEnvironment'
2024-01-13 22:39:12.439 TRACE 58992 --- [           main] o.s.c.e.PropertySourcesPropertyResolver  : Searching for key 'spring.thymeleaf.prefix' in PropertySource 'random'
2024-01-13 22:39:12.439 TRACE 58992 --- [           main] o.s.c.e.PropertySourcesPropertyResolver  : Searching for key 'spring.thymeleaf.prefix' in PropertySource 'Config resource 'class path resource [application.properties]' via location 'optional:classpath:/''
2024-01-13 22:39:12.439 TRACE 58992 --- [           main] o.s.c.e.PropertySourcesPropertyResolver  : Searching for key 'spring.thymeleaf.prefix' in PropertySource 'Config resource 'class path resource [application.yml]' via location 'optional:classpath:/''
2024-01-13 22:39:12.439 TRACE 58992 --- [           main] o.s.c.e.PropertySourcesPropertyResolver  : Could not find key 'spring.thymeleaf.prefix' in any property source
2024-01-13 22:39:12.439 TRACE 58992 --- [           main] o.s.c.e.PropertySourcesPropertyResolver  : Searching for key 'spring.thymeleaf.suffix' in PropertySource 'Annotations'
2024-01-13 22:39:12.439 TRACE 58992 --- [           main] o.s.c.e.PropertySourcesPropertyResolver  : Searching for key 'spring.thymeleaf.suffix' in PropertySource 'configurationProperties'
2024-01-13 22:39:12.439 TRACE 58992 --- [           main] o.s.c.e.PropertySourcesPropertyResolver  : Searching for key 'spring.thymeleaf.suffix' in PropertySource 'test'
2024-01-13 22:39:12.439 TRACE 58992 --- [           main] o.s.c.e.PropertySourcesPropertyResolver  : Searching for key 'spring.thymeleaf.suffix' in PropertySource 'Inlined Test Properties'
2024-01-13 22:39:12.439 TRACE 58992 --- [           main] o.s.c.e.PropertySourcesPropertyResolver  : Searching for key 'spring.thymeleaf.suffix' in PropertySource 'systemProperties'
2024-01-13 22:39:12.439 TRACE 58992 --- [           main] o.s.c.e.PropertySourcesPropertyResolver  : Searching for key 'spring.thymeleaf.suffix' in PropertySource 'systemEnvironment'
2024-01-13 22:39:12.439 TRACE 58992 --- [           main] o.s.c.e.PropertySourcesPropertyResolver  : Searching for key 'spring.thymeleaf.suffix' in PropertySource 'random'
2024-01-13 22:39:12.439 TRACE 58992 --- [           main] o.s.c.e.PropertySourcesPropertyResolver  : Searching for key 'spring.thymeleaf.suffix' in PropertySource 'Config resource 'class path resource [application.properties]' via location 'optional:classpath:/''
2024-01-13 22:39:12.439 TRACE 58992 --- [           main] o.s.c.e.PropertySourcesPropertyResolver  : Searching for key 'spring.thymeleaf.suffix' in PropertySource 'Config resource 'class path resource [application.yml]' via location 'optional:classpath:/''
2024-01-13 22:39:12.439 TRACE 58992 --- [           main] o.s.c.e.PropertySourcesPropertyResolver  : Could not find key 'spring.thymeleaf.suffix' in any property source
2024-01-13 22:39:12.439 TRACE 58992 --- [           main] figuration$ErrorTemplateMissingCondition : Condition ErrorMvcAutoConfiguration.ErrorTemplateMissingCondition on org.springframework.boot.autoconfigure.web.servlet.error.ErrorMvcAutoConfiguration$WhitelabelErrorViewConfiguration matched due to ErrorTemplate Missing did not find error template view
2024-01-13 22:39:12.439 TRACE 58992 --- [           main] o.s.b.f.s.DefaultListableBeanFactory     : Returning cached instance of singleton bean 'autoConfigurationReport'
2024-01-13 22:39:12.439 TRACE 58992 --- [           main] o.s.b.f.s.DefaultListableBeanFactory     : Returning cached instance of singleton bean 'autoConfigurationReport'
2024-01-13 22:39:12.439 TRACE 58992 --- [           main] o.s.b.f.s.DefaultListableBeanFactory     : Returning cached instance of singleton bean 'autoConfigurationReport'
2024-01-13 22:39:12.439 TRACE 58992 --- [           main] o.s.b.f.s.DefaultListableBeanFactory     : Returning cached instance of singleton bean 'autoConfigurationReport'
2024-01-13 22:39:12.439 TRACE 58992 --- [           main] o.s.b.f.s.DefaultListableBeanFactory     : Returning cached instance of singleton bean 'autoConfigurationReport'
2024-01-13 22:39:12.439 TRACE 58992 --- [           main] o.s.b.f.s.DefaultListableBeanFactory     : Returning cached instance of singleton bean 'autoConfigurationReport'
2024-01-13 22:39:12.439 TRACE 58992 --- [           main] o.s.b.f.s.DefaultListableBeanFactory     : Returning cached instance of singleton bean 'autoConfigurationReport'
2024-01-13 22:39:12.439 TRACE 58992 --- [           main] o.s.b.f.s.DefaultListableBeanFactory     : Returning cached instance of singleton bean 'autoConfigurationReport'
2024-01-13 22:39:12.439 TRACE 58992 --- [           main] o.s.b.f.s.DefaultListableBeanFactory     : Returning cached instance of singleton bean 'autoConfigurationReport'
2024-01-13 22:39:12.439 TRACE 58992 --- [           main] o.s.b.f.s.DefaultListableBeanFactory     : Returning cached instance of singleton bean 'autoConfigurationReport'
2024-01-13 22:39:12.439 TRACE 58992 --- [           main] o.s.b.f.s.DefaultListableBeanFactory     : Returning cached instance of singleton bean 'autoConfigurationReport'
2024-01-13 22:39:12.439 TRACE 58992 --- [           main] o.s.b.f.s.DefaultListableBeanFactory     : Returning cached instance of singleton bean 'autoConfigurationReport'
2024-01-13 22:39:12.439 TRACE 58992 --- [           main] o.s.b.f.s.DefaultListableBeanFactory     : Returning cached instance of singleton bean 'autoConfigurationReport'
2024-01-13 22:39:12.439 TRACE 58992 --- [           main] o.s.b.f.s.DefaultListableBeanFactory     : Returning cached instance of singleton bean 'autoConfigurationReport'
2024-01-13 22:39:12.439 TRACE 58992 --- [           main] o.s.b.f.s.DefaultListableBeanFactory     : Returning cached instance of singleton bean 'autoConfigurationReport'
2024-01-13 22:39:12.439 TRACE 58992 --- [           main] o.s.b.f.s.DefaultListableBeanFactory     : Returning cached instance of singleton bean 'autoConfigurationReport'
2024-01-13 22:39:12.439 TRACE 58992 --- [           main] o.s.b.f.s.DefaultListableBeanFactory     : Returning cached instance of singleton bean 'autoConfigurationReport'
2024-01-13 22:39:12.439 TRACE 58992 --- [           main] o.s.b.f.s.DefaultListableBeanFactory     : Returning cached instance of singleton bean 'autoConfigurationReport'
2024-01-13 22:39:12.439 TRACE 58992 --- [           main] o.s.b.f.s.DefaultListableBeanFactory     : Returning cached instance of singleton bean 'autoConfigurationReport'
2024-01-13 22:39:12.439 TRACE 58992 --- [           main] o.s.b.f.s.DefaultListableBeanFactory     : Returning cached instance of singleton bean 'autoConfigurationReport'
2024-01-13 22:39:12.439 TRACE 58992 --- [           main] o.s.b.f.s.DefaultListableBeanFactory     : Returning cached instance of singleton bean 'autoConfigurationReport'
2024-01-13 22:39:12.439 TRACE 58992 --- [           main] o.s.b.f.s.DefaultListableBeanFactory     : Returning cached instance of singleton bean 'autoConfigurationReport'
2024-01-13 22:39:12.439 TRACE 58992 --- [           main] o.s.b.f.s.DefaultListableBeanFactory     : Returning cached instance of singleton bean 'autoConfigurationReport'
2024-01-13 22:39:12.439 TRACE 58992 --- [           main] o.s.b.f.s.DefaultListableBeanFactory     : Returning cached instance of singleton bean 'autoConfigurationReport'
2024-01-13 22:39:12.439 TRACE 58992 --- [           main] o.s.b.f.s.DefaultListableBeanFactory     : Returning cached instance of singleton bean 'autoConfigurationReport'
2024-01-13 22:39:12.440 TRACE 58992 --- [           main] o.s.b.a.condition.OnClassCondition       : Condition OnClassCondition on org.springframework.boot.autoconfigure.web.servlet.WebMvcAutoConfiguration matched due to @ConditionalOnClass found required classes 'javax.servlet.Servlet', 'org.springframework.web.servlet.DispatcherServlet', 'org.springframework.web.servlet.config.annotation.WebMvcConfigurer'
2024-01-13 22:39:12.440 TRACE 58992 --- [           main] o.s.b.f.s.DefaultListableBeanFactory     : Returning cached instance of singleton bean 'autoConfigurationReport'
2024-01-13 22:39:12.440 TRACE 58992 --- [           main] o.s.b.a.c.OnWebApplicationCondition      : Condition OnWebApplicationCondition on org.springframework.boot.autoconfigure.web.servlet.WebMvcAutoConfiguration matched due to found 'session' scope
2024-01-13 22:39:12.440 TRACE 58992 --- [           main] o.s.b.f.s.DefaultListableBeanFactory     : Returning cached instance of singleton bean 'autoConfigurationReport'
2024-01-13 22:39:12.440 TRACE 58992 --- [           main] o.s.b.f.s.DefaultListableBeanFactory     : Returning cached instance of singleton bean 'autoConfigurationReport'
2024-01-13 22:39:12.440 TRACE 58992 --- [           main] o.s.b.f.s.DefaultListableBeanFactory     : Returning cached instance of singleton bean 'autoConfigurationReport'
2024-01-13 22:39:12.440 TRACE 58992 --- [           main] o.s.b.f.s.DefaultListableBeanFactory     : Returning cached instance of singleton bean 'autoConfigurationReport'
2024-01-13 22:39:12.440 TRACE 58992 --- [           main] o.s.b.f.s.DefaultListableBeanFactory     : Returning cached instance of singleton bean 'autoConfigurationReport'
2024-01-13 22:39:12.440 TRACE 58992 --- [           main] o.s.b.f.s.DefaultListableBeanFactory     : Returning cached instance of singleton bean 'autoConfigurationReport'
2024-01-13 22:39:12.440 TRACE 58992 --- [           main] o.s.b.f.s.DefaultListableBeanFactory     : Returning cached instance of singleton bean 'autoConfigurationReport'
2024-01-13 22:39:12.440 TRACE 58992 --- [           main] o.s.b.f.s.DefaultListableBeanFactory     : Returning cached instance of singleton bean 'autoConfigurationReport'
2024-01-13 22:39:12.440 TRACE 58992 --- [           main] o.s.b.f.s.DefaultListableBeanFactory     : Returning cached instance of singleton bean 'autoConfigurationReport'
2024-01-13 22:39:12.440 TRACE 58992 --- [           main] o.s.b.f.s.DefaultListableBeanFactory     : Returning cached instance of singleton bean 'autoConfigurationReport'
2024-01-13 22:39:12.440 TRACE 58992 --- [           main] o.s.b.f.s.DefaultListableBeanFactory     : Returning cached instance of singleton bean 'autoConfigurationReport'
2024-01-13 22:39:12.440 TRACE 58992 --- [           main] o.s.b.f.s.DefaultListableBeanFactory     : Returning cached instance of singleton bean 'autoConfigurationReport'
2024-01-13 22:39:12.440 TRACE 58992 --- [           main] o.s.b.f.s.DefaultListableBeanFactory     : Returning cached instance of singleton bean 'autoConfigurationReport'
2024-01-13 22:39:12.441 TRACE 58992 --- [           main] o.s.b.f.s.DefaultListableBeanFactory     : Returning cached instance of singleton bean 'autoConfigurationReport'
2024-01-13 22:39:12.441 TRACE 58992 --- [           main] o.s.b.f.s.DefaultListableBeanFactory     : Returning cached instance of singleton bean 'autoConfigurationReport'
2024-01-13 22:39:12.441 TRACE 58992 --- [           main] o.s.b.f.s.DefaultListableBeanFactory     : Returning cached instance of singleton bean 'autoConfigurationReport'
2024-01-13 22:39:12.441 TRACE 58992 --- [           main] o.s.b.f.s.DefaultListableBeanFactory     : Returning cached instance of singleton bean 'autoConfigurationReport'
2024-01-13 22:39:12.441 TRACE 58992 --- [           main] o.s.b.f.s.DefaultListableBeanFactory     : Returning cached instance of singleton bean 'autoConfigurationReport'
2024-01-13 22:39:12.441 TRACE 58992 --- [           main] o.s.b.f.s.DefaultListableBeanFactory     : Returning cached instance of singleton bean 'autoConfigurationReport'
2024-01-13 22:39:12.441 TRACE 58992 --- [           main] o.s.c.e.PropertySourcesPropertyResolver  : Searching for key 'spring.web.resources.chain.strategy.fixed.enabled' in PropertySource 'Annotations'
2024-01-13 22:39:12.441 TRACE 58992 --- [           main] o.s.c.e.PropertySourcesPropertyResolver  : Searching for key 'spring.web.resources.chain.strategy.fixed.enabled' in PropertySource 'configurationProperties'
2024-01-13 22:39:12.441 TRACE 58992 --- [           main] o.s.c.e.PropertySourcesPropertyResolver  : Searching for key 'spring.web.resources.chain.strategy.fixed.enabled' in PropertySource 'test'
2024-01-13 22:39:12.441 TRACE 58992 --- [           main] o.s.c.e.PropertySourcesPropertyResolver  : Searching for key 'spring.web.resources.chain.strategy.fixed.enabled' in PropertySource 'Inlined Test Properties'
2024-01-13 22:39:12.441 TRACE 58992 --- [           main] o.s.c.e.PropertySourcesPropertyResolver  : Searching for key 'spring.web.resources.chain.strategy.fixed.enabled' in PropertySource 'systemProperties'
2024-01-13 22:39:12.441 TRACE 58992 --- [           main] o.s.c.e.PropertySourcesPropertyResolver  : Searching for key 'spring.web.resources.chain.strategy.fixed.enabled' in PropertySource 'systemEnvironment'
2024-01-13 22:39:12.441 TRACE 58992 --- [           main] o.s.c.e.PropertySourcesPropertyResolver  : Searching for key 'spring.web.resources.chain.strategy.fixed.enabled' in PropertySource 'random'
2024-01-13 22:39:12.441 TRACE 58992 --- [           main] o.s.c.e.PropertySourcesPropertyResolver  : Searching for key 'spring.web.resources.chain.strategy.fixed.enabled' in PropertySource 'Config resource 'class path resource [application.properties]' via location 'optional:classpath:/''
2024-01-13 22:39:12.441 TRACE 58992 --- [           main] o.s.c.e.PropertySourcesPropertyResolver  : Searching for key 'spring.web.resources.chain.strategy.fixed.enabled' in PropertySource 'Config resource 'class path resource [application.yml]' via location 'optional:classpath:/''
2024-01-13 22:39:12.441 TRACE 58992 --- [           main] o.s.c.e.PropertySourcesPropertyResolver  : Could not find key 'spring.web.resources.chain.strategy.fixed.enabled' in any property source
2024-01-13 22:39:12.441 TRACE 58992 --- [           main] o.s.c.e.PropertySourcesPropertyResolver  : Searching for key 'spring.web.resources.chain.strategy.content.enabled' in PropertySource 'Annotations'
2024-01-13 22:39:12.441 TRACE 58992 --- [           main] o.s.c.e.PropertySourcesPropertyResolver  : Searching for key 'spring.web.resources.chain.strategy.content.enabled' in PropertySource 'configurationProperties'
2024-01-13 22:39:12.441 TRACE 58992 --- [           main] o.s.c.e.PropertySourcesPropertyResolver  : Searching for key 'spring.web.resources.chain.strategy.content.enabled' in PropertySource 'test'
2024-01-13 22:39:12.441 TRACE 58992 --- [           main] o.s.c.e.PropertySourcesPropertyResolver  : Searching for key 'spring.web.resources.chain.strategy.content.enabled' in PropertySource 'Inlined Test Properties'
2024-01-13 22:39:12.441 TRACE 58992 --- [           main] o.s.c.e.PropertySourcesPropertyResolver  : Searching for key 'spring.web.resources.chain.strategy.content.enabled' in PropertySource 'systemProperties'
2024-01-13 22:39:12.441 TRACE 58992 --- [           main] o.s.c.e.PropertySourcesPropertyResolver  : Searching for key 'spring.web.resources.chain.strategy.content.enabled' in PropertySource 'systemEnvironment'
2024-01-13 22:39:12.441 TRACE 58992 --- [           main] o.s.c.e.PropertySourcesPropertyResolver  : Searching for key 'spring.web.resources.chain.strategy.content.enabled' in PropertySource 'random'
2024-01-13 22:39:12.441 TRACE 58992 --- [           main] o.s.c.e.PropertySourcesPropertyResolver  : Searching for key 'spring.web.resources.chain.strategy.content.enabled' in PropertySource 'Config resource 'class path resource [application.properties]' via location 'optional:classpath:/''
2024-01-13 22:39:12.441 TRACE 58992 --- [           main] o.s.c.e.PropertySourcesPropertyResolver  : Searching for key 'spring.web.resources.chain.strategy.content.enabled' in PropertySource 'Config resource 'class path resource [application.yml]' via location 'optional:classpath:/''
2024-01-13 22:39:12.441 TRACE 58992 --- [           main] o.s.c.e.PropertySourcesPropertyResolver  : Could not find key 'spring.web.resources.chain.strategy.content.enabled' in any property source
2024-01-13 22:39:12.441 TRACE 58992 --- [           main] o.s.c.e.PropertySourcesPropertyResolver  : Searching for key 'spring.web.resources.chain.enabled' in PropertySource 'Annotations'
2024-01-13 22:39:12.441 TRACE 58992 --- [           main] o.s.c.e.PropertySourcesPropertyResolver  : Searching for key 'spring.web.resources.chain.enabled' in PropertySource 'configurationProperties'
2024-01-13 22:39:12.441 TRACE 58992 --- [           main] o.s.c.e.PropertySourcesPropertyResolver  : Searching for key 'spring.web.resources.chain.enabled' in PropertySource 'test'
2024-01-13 22:39:12.441 TRACE 58992 --- [           main] o.s.c.e.PropertySourcesPropertyResolver  : Searching for key 'spring.web.resources.chain.enabled' in PropertySource 'Inlined Test Properties'
2024-01-13 22:39:12.441 TRACE 58992 --- [           main] o.s.c.e.PropertySourcesPropertyResolver  : Searching for key 'spring.web.resources.chain.enabled' in PropertySource 'systemProperties'
2024-01-13 22:39:12.441 TRACE 58992 --- [           main] o.s.c.e.PropertySourcesPropertyResolver  : Searching for key 'spring.web.resources.chain.enabled' in PropertySource 'systemEnvironment'
2024-01-13 22:39:12.441 TRACE 58992 --- [           main] o.s.c.e.PropertySourcesPropertyResolver  : Searching for key 'spring.web.resources.chain.enabled' in PropertySource 'random'
2024-01-13 22:39:12.441 TRACE 58992 --- [           main] o.s.c.e.PropertySourcesPropertyResolver  : Searching for key 'spring.web.resources.chain.enabled' in PropertySource 'Config resource 'class path resource [application.properties]' via location 'optional:classpath:/''
2024-01-13 22:39:12.441 TRACE 58992 --- [           main] o.s.c.e.PropertySourcesPropertyResolver  : Searching for key 'spring.web.resources.chain.enabled' in PropertySource 'Config resource 'class path resource [application.yml]' via location 'optional:classpath:/''
2024-01-13 22:39:12.441 TRACE 58992 --- [           main] o.s.c.e.PropertySourcesPropertyResolver  : Could not find key 'spring.web.resources.chain.enabled' in any property source
2024-01-13 22:39:12.442 TRACE 58992 --- [           main] .s.b.a.w.OnEnabledResourceChainCondition : Condition OnEnabledResourceChainCondition on org.springframework.boot.autoconfigure.web.servlet.WebMvcAutoConfiguration$ResourceChainCustomizerConfiguration did not match due to @ConditionalOnEnabledResourceChain did not find class org.webjars.WebJarAssetLocator
2024-01-13 22:39:12.442 TRACE 58992 --- [           main] o.s.b.f.s.DefaultListableBeanFactory     : Returning cached instance of singleton bean 'autoConfigurationReport'
2024-01-13 22:39:12.442 TRACE 58992 --- [           main] o.s.b.f.s.DefaultListableBeanFactory     : Returning cached instance of singleton bean 'autoConfigurationReport'
2024-01-13 22:39:12.442 TRACE 58992 --- [           main] o.s.b.f.s.DefaultListableBeanFactory     : Returning cached instance of singleton bean 'autoConfigurationReport'
2024-01-13 22:39:12.442 TRACE 58992 --- [           main] o.s.b.f.s.DefaultListableBeanFactory     : Returning cached instance of singleton bean 'autoConfigurationReport'
2024-01-13 22:39:12.442 TRACE 58992 --- [           main] o.s.b.f.s.DefaultListableBeanFactory     : Returning cached instance of singleton bean 'autoConfigurationReport'
2024-01-13 22:39:12.442 TRACE 58992 --- [           main] o.s.b.f.s.DefaultListableBeanFactory     : Returning cached instance of singleton bean 'autoConfigurationReport'
2024-01-13 22:39:12.442 TRACE 58992 --- [           main] o.s.b.f.s.DefaultListableBeanFactory     : Returning cached instance of singleton bean 'autoConfigurationReport'
2024-01-13 22:39:12.442 TRACE 58992 --- [           main] o.s.b.f.s.DefaultListableBeanFactory     : Returning cached instance of singleton bean 'autoConfigurationReport'
2024-01-13 22:39:12.442 TRACE 58992 --- [           main] o.s.b.f.s.DefaultListableBeanFactory     : Returning cached instance of singleton bean 'autoConfigurationReport'
2024-01-13 22:39:12.442 TRACE 58992 --- [           main] o.s.b.f.s.DefaultListableBeanFactory     : Returning cached instance of singleton bean 'autoConfigurationReport'
2024-01-13 22:39:12.442 TRACE 58992 --- [           main] o.s.b.f.s.DefaultListableBeanFactory     : Returning cached instance of singleton bean 'autoConfigurationReport'
2024-01-13 22:39:12.442 TRACE 58992 --- [           main] o.s.b.f.s.DefaultListableBeanFactory     : Returning cached instance of singleton bean 'autoConfigurationReport'
2024-01-13 22:39:12.442 TRACE 58992 --- [           main] o.s.b.f.s.DefaultListableBeanFactory     : Returning cached instance of singleton bean 'autoConfigurationReport'
2024-01-13 22:39:12.442 TRACE 58992 --- [           main] o.s.b.a.condition.OnClassCondition       : Condition OnClassCondition on org.springframework.boot.autoconfigure.jackson.JacksonAutoConfiguration matched due to @ConditionalOnClass found required class 'com.fasterxml.jackson.databind.ObjectMapper'
2024-01-13 22:39:12.442 TRACE 58992 --- [           main] o.s.b.f.s.DefaultListableBeanFactory     : Returning cached instance of singleton bean 'autoConfigurationReport'
2024-01-13 22:39:12.442 TRACE 58992 --- [           main] o.s.b.f.s.DefaultListableBeanFactory     : Returning cached instance of singleton bean 'autoConfigurationReport'
2024-01-13 22:39:12.442 TRACE 58992 --- [           main] o.s.b.f.s.DefaultListableBeanFactory     : Returning cached instance of singleton bean 'autoConfigurationReport'
2024-01-13 22:39:12.442 TRACE 58992 --- [           main] o.s.b.f.s.DefaultListableBeanFactory     : Returning cached instance of singleton bean 'autoConfigurationReport'
2024-01-13 22:39:12.442 TRACE 58992 --- [           main] o.s.b.f.s.DefaultListableBeanFactory     : Returning cached instance of singleton bean 'autoConfigurationReport'
2024-01-13 22:39:12.442 TRACE 58992 --- [           main] o.s.b.f.s.DefaultListableBeanFactory     : Returning cached instance of singleton bean 'autoConfigurationReport'
2024-01-13 22:39:12.442 TRACE 58992 --- [           main] o.s.b.f.s.DefaultListableBeanFactory     : Returning cached instance of singleton bean 'autoConfigurationReport'
2024-01-13 22:39:12.442 TRACE 58992 --- [           main] o.s.b.a.condition.OnClassCondition       : Condition OnClassCondition on org.springframework.boot.autoconfigure.jackson.JacksonAutoConfiguration$Jackson2ObjectMapperBuilderCustomizerConfiguration matched due to @ConditionalOnClass found required class 'org.springframework.http.converter.json.Jackson2ObjectMapperBuilder'
2024-01-13 22:39:12.442 TRACE 58992 --- [           main] o.s.b.f.s.DefaultListableBeanFactory     : Returning cached instance of singleton bean 'autoConfigurationReport'
2024-01-13 22:39:12.442 TRACE 58992 --- [           main] o.s.b.f.s.DefaultListableBeanFactory     : Returning cached instance of singleton bean 'autoConfigurationReport'
2024-01-13 22:39:12.442 TRACE 58992 --- [           main] o.s.b.f.s.DefaultListableBeanFactory     : Returning cached instance of singleton bean 'autoConfigurationReport'
2024-01-13 22:39:12.442 TRACE 58992 --- [           main] o.s.b.f.s.DefaultListableBeanFactory     : Returning cached instance of singleton bean 'autoConfigurationReport'
2024-01-13 22:39:12.442 TRACE 58992 --- [           main] o.s.b.f.s.DefaultListableBeanFactory     : Returning cached instance of singleton bean 'autoConfigurationReport'
2024-01-13 22:39:12.442 TRACE 58992 --- [           main] o.s.b.f.s.DefaultListableBeanFactory     : Returning cached instance of singleton bean 'autoConfigurationReport'
2024-01-13 22:39:12.442 TRACE 58992 --- [           main] o.s.b.f.s.DefaultListableBeanFactory     : Returning cached instance of singleton bean 'autoConfigurationReport'
2024-01-13 22:39:12.443 TRACE 58992 --- [           main] o.s.b.a.condition.OnClassCondition       : Condition OnClassCondition on org.springframework.boot.autoconfigure.jackson.JacksonAutoConfiguration$JacksonObjectMapperBuilderConfiguration matched due to @ConditionalOnClass found required class 'org.springframework.http.converter.json.Jackson2ObjectMapperBuilder'
2024-01-13 22:39:12.443 TRACE 58992 --- [           main] o.s.b.f.s.DefaultListableBeanFactory     : Returning cached instance of singleton bean 'autoConfigurationReport'
2024-01-13 22:39:12.443 TRACE 58992 --- [           main] o.s.b.f.s.DefaultListableBeanFactory     : Returning cached instance of singleton bean 'autoConfigurationReport'
2024-01-13 22:39:12.443 TRACE 58992 --- [           main] o.s.b.f.s.DefaultListableBeanFactory     : Returning cached instance of singleton bean 'autoConfigurationReport'
2024-01-13 22:39:12.443 TRACE 58992 --- [           main] o.s.b.f.s.DefaultListableBeanFactory     : Returning cached instance of singleton bean 'autoConfigurationReport'
2024-01-13 22:39:12.443 TRACE 58992 --- [           main] o.s.b.f.s.DefaultListableBeanFactory     : Returning cached instance of singleton bean 'autoConfigurationReport'
2024-01-13 22:39:12.443 TRACE 58992 --- [           main] o.s.b.f.s.DefaultListableBeanFactory     : Returning cached instance of singleton bean 'autoConfigurationReport'
2024-01-13 22:39:12.443 TRACE 58992 --- [           main] o.s.b.f.s.DefaultListableBeanFactory     : Returning cached instance of singleton bean 'autoConfigurationReport'
2024-01-13 22:39:12.443 TRACE 58992 --- [           main] o.s.b.a.condition.OnClassCondition       : Condition OnClassCondition on org.springframework.boot.autoconfigure.jackson.JacksonAutoConfiguration$ParameterNamesModuleConfiguration matched due to @ConditionalOnClass found required class 'com.fasterxml.jackson.module.paramnames.ParameterNamesModule'
2024-01-13 22:39:12.443 TRACE 58992 --- [           main] o.s.b.f.s.DefaultListableBeanFactory     : Returning cached instance of singleton bean 'autoConfigurationReport'
2024-01-13 22:39:12.443 TRACE 58992 --- [           main] o.s.b.f.s.DefaultListableBeanFactory     : Returning cached instance of singleton bean 'autoConfigurationReport'
2024-01-13 22:39:12.443 TRACE 58992 --- [           main] o.s.b.f.s.DefaultListableBeanFactory     : Returning cached instance of singleton bean 'autoConfigurationReport'
2024-01-13 22:39:12.443 TRACE 58992 --- [           main] o.s.b.f.s.DefaultListableBeanFactory     : Returning cached instance of singleton bean 'autoConfigurationReport'
2024-01-13 22:39:12.443 TRACE 58992 --- [           main] o.s.b.f.s.DefaultListableBeanFactory     : Returning cached instance of singleton bean 'autoConfigurationReport'
2024-01-13 22:39:12.443 TRACE 58992 --- [           main] o.s.b.f.s.DefaultListableBeanFactory     : Returning cached instance of singleton bean 'autoConfigurationReport'
2024-01-13 22:39:12.443 TRACE 58992 --- [           main] o.s.b.f.s.DefaultListableBeanFactory     : Returning cached instance of singleton bean 'autoConfigurationReport'
2024-01-13 22:39:12.443 TRACE 58992 --- [           main] o.s.b.a.condition.OnClassCondition       : Condition OnClassCondition on org.springframework.boot.autoconfigure.jackson.JacksonAutoConfiguration$JacksonObjectMapperConfiguration matched due to @ConditionalOnClass found required class 'org.springframework.http.converter.json.Jackson2ObjectMapperBuilder'
2024-01-13 22:39:12.443 TRACE 58992 --- [           main] o.s.b.f.s.DefaultListableBeanFactory     : Returning cached instance of singleton bean 'autoConfigurationReport'
2024-01-13 22:39:12.443 TRACE 58992 --- [           main] o.s.b.f.s.DefaultListableBeanFactory     : Returning cached instance of singleton bean 'autoConfigurationReport'
2024-01-13 22:39:12.443 TRACE 58992 --- [           main] o.s.b.f.s.DefaultListableBeanFactory     : Returning cached instance of singleton bean 'autoConfigurationReport'
2024-01-13 22:39:12.443 TRACE 58992 --- [           main] o.s.b.f.s.DefaultListableBeanFactory     : Returning cached instance of singleton bean 'autoConfigurationReport'
2024-01-13 22:39:12.443 TRACE 58992 --- [           main] o.s.b.f.s.DefaultListableBeanFactory     : Returning cached instance of singleton bean 'autoConfigurationReport'
2024-01-13 22:39:12.443 TRACE 58992 --- [           main] o.s.b.f.s.DefaultListableBeanFactory     : Returning cached instance of singleton bean 'autoConfigurationReport'
2024-01-13 22:39:12.443 TRACE 58992 --- [           main] o.s.b.f.s.DefaultListableBeanFactory     : Returning cached instance of singleton bean 'autoConfigurationReport'
2024-01-13 22:39:12.443 TRACE 58992 --- [           main] o.s.b.f.s.DefaultListableBeanFactory     : Returning cached instance of singleton bean 'autoConfigurationReport'
2024-01-13 22:39:12.443 TRACE 58992 --- [           main] o.s.b.f.s.DefaultListableBeanFactory     : Returning cached instance of singleton bean 'autoConfigurationReport'
2024-01-13 22:39:12.443 TRACE 58992 --- [           main] o.s.b.f.s.DefaultListableBeanFactory     : Returning cached instance of singleton bean 'autoConfigurationReport'
2024-01-13 22:39:12.443 TRACE 58992 --- [           main] o.s.b.f.s.DefaultListableBeanFactory     : Returning cached instance of singleton bean 'autoConfigurationReport'
2024-01-13 22:39:12.443 TRACE 58992 --- [           main] o.s.b.f.s.DefaultListableBeanFactory     : Returning cached instance of singleton bean 'autoConfigurationReport'
2024-01-13 22:39:12.443 TRACE 58992 --- [           main] o.s.b.f.s.DefaultListableBeanFactory     : Returning cached instance of singleton bean 'autoConfigurationReport'
2024-01-13 22:39:12.443 TRACE 58992 --- [           main] o.s.b.f.s.DefaultListableBeanFactory     : Returning cached instance of singleton bean 'autoConfigurationReport'
2024-01-13 22:39:12.443 TRACE 58992 --- [           main] o.s.b.f.s.DefaultListableBeanFactory     : Returning cached instance of singleton bean 'autoConfigurationReport'
2024-01-13 22:39:12.443 TRACE 58992 --- [           main] o.s.b.f.s.DefaultListableBeanFactory     : Returning cached instance of singleton bean 'autoConfigurationReport'
2024-01-13 22:39:12.443 TRACE 58992 --- [           main] o.s.b.f.s.DefaultListableBeanFactory     : Returning cached instance of singleton bean 'autoConfigurationReport'
2024-01-13 22:39:12.443 TRACE 58992 --- [           main] o.s.b.f.s.DefaultListableBeanFactory     : Returning cached instance of singleton bean 'autoConfigurationReport'
2024-01-13 22:39:12.443 TRACE 58992 --- [           main] o.s.b.f.s.DefaultListableBeanFactory     : Returning cached instance of singleton bean 'autoConfigurationReport'
2024-01-13 22:39:12.443 TRACE 58992 --- [           main] o.s.b.a.condition.OnClassCondition       : Condition OnClassCondition on org.springframework.boot.autoconfigure.cache.CacheAutoConfiguration matched due to @ConditionalOnClass found required class 'org.springframework.cache.CacheManager'
2024-01-13 22:39:12.443 TRACE 58992 --- [           main] o.s.b.f.s.DefaultListableBeanFactory     : Returning cached instance of singleton bean 'autoConfigurationReport'
2024-01-13 22:39:12.443 TRACE 58992 --- [           main] o.s.b.f.s.DefaultListableBeanFactory     : Returning cached instance of singleton bean 'autoConfigurationReport'
2024-01-13 22:39:12.443 TRACE 58992 --- [           main] o.s.b.f.s.DefaultListableBeanFactory     : Returning cached instance of singleton bean 'autoConfigurationReport'
2024-01-13 22:39:12.443 TRACE 58992 --- [           main] o.s.b.f.s.DefaultListableBeanFactory     : Returning cached instance of singleton bean 'autoConfigurationReport'
2024-01-13 22:39:12.443 TRACE 58992 --- [           main] o.s.b.f.s.DefaultListableBeanFactory     : Returning cached instance of singleton bean 'autoConfigurationReport'
2024-01-13 22:39:12.443 TRACE 58992 --- [           main] o.s.b.f.s.DefaultListableBeanFactory     : Returning cached instance of singleton bean 'autoConfigurationReport'
2024-01-13 22:39:12.443 TRACE 58992 --- [           main] o.s.b.f.s.DefaultListableBeanFactory     : Returning cached instance of singleton bean 'autoConfigurationReport'
2024-01-13 22:39:12.444 TRACE 58992 --- [           main] o.s.b.f.s.DefaultListableBeanFactory     : Returning cached instance of singleton bean 'autoConfigurationReport'
2024-01-13 22:39:12.444 TRACE 58992 --- [           main] o.s.b.f.s.DefaultListableBeanFactory     : Returning cached instance of singleton bean 'autoConfigurationReport'
2024-01-13 22:39:12.444 TRACE 58992 --- [           main] o.s.b.f.s.DefaultListableBeanFactory     : Returning cached instance of singleton bean 'autoConfigurationReport'
2024-01-13 22:39:12.444 TRACE 58992 --- [           main] o.s.b.f.s.DefaultListableBeanFactory     : Returning cached instance of singleton bean 'autoConfigurationReport'
2024-01-13 22:39:12.444 TRACE 58992 --- [           main] o.s.b.f.s.DefaultListableBeanFactory     : Returning cached instance of singleton bean 'autoConfigurationReport'
2024-01-13 22:39:12.444 TRACE 58992 --- [           main] o.s.b.f.s.DefaultListableBeanFactory     : Returning cached instance of singleton bean 'autoConfigurationReport'
2024-01-13 22:39:12.444 TRACE 58992 --- [           main] o.s.b.f.s.DefaultListableBeanFactory     : Returning cached instance of singleton bean 'autoConfigurationReport'
2024-01-13 22:39:12.444 TRACE 58992 --- [           main] o.s.b.a.condition.OnClassCondition       : Condition OnClassCondition on org.springframework.boot.autoconfigure.cache.JCacheCacheConfiguration did not match due to @ConditionalOnClass did not find required class 'javax.cache.Caching'
2024-01-13 22:39:12.444 TRACE 58992 --- [           main] o.s.b.f.s.DefaultListableBeanFactory     : Returning cached instance of singleton bean 'autoConfigurationReport'
2024-01-13 22:39:12.444 TRACE 58992 --- [           main] o.s.b.f.s.DefaultListableBeanFactory     : Returning cached instance of singleton bean 'autoConfigurationReport'
2024-01-13 22:39:12.444 TRACE 58992 --- [           main] o.s.b.a.AutoConfigurationImportSelector  : Filtered 1 auto configuration class in 0 ms
2024-01-13 22:39:12.444 TRACE 58992 --- [           main] o.s.b.f.s.DefaultListableBeanFactory     : Returning cached instance of singleton bean 'autoConfigurationReport'
2024-01-13 22:39:12.444 TRACE 58992 --- [           main] o.s.b.a.condition.OnClassCondition       : Condition OnClassCondition on org.springframework.boot.autoconfigure.cache.EhCacheCacheConfiguration did not match due to @ConditionalOnClass did not find required class 'net.sf.ehcache.Cache'
2024-01-13 22:39:12.444 TRACE 58992 --- [           main] o.s.b.f.s.DefaultListableBeanFactory     : Returning cached instance of singleton bean 'autoConfigurationReport'
2024-01-13 22:39:12.444 TRACE 58992 --- [           main] o.s.b.f.s.DefaultListableBeanFactory     : Returning cached instance of singleton bean 'autoConfigurationReport'
2024-01-13 22:39:12.444 TRACE 58992 --- [           main] o.s.b.a.AutoConfigurationImportSelector  : Filtered 1 auto configuration class in 0 ms
2024-01-13 22:39:12.444 TRACE 58992 --- [           main] o.s.b.f.s.DefaultListableBeanFactory     : Returning cached instance of singleton bean 'autoConfigurationReport'
2024-01-13 22:39:12.444 TRACE 58992 --- [           main] o.s.b.a.condition.OnClassCondition       : Condition OnClassCondition on org.springframework.boot.autoconfigure.cache.HazelcastCacheConfiguration did not match due to @ConditionalOnClass did not find required class 'com.hazelcast.core.HazelcastInstance'
2024-01-13 22:39:12.444 TRACE 58992 --- [           main] o.s.b.f.s.DefaultListableBeanFactory     : Returning cached instance of singleton bean 'autoConfigurationReport'
2024-01-13 22:39:12.444 TRACE 58992 --- [           main] o.s.b.f.s.DefaultListableBeanFactory     : Returning cached instance of singleton bean 'autoConfigurationReport'
2024-01-13 22:39:12.444 TRACE 58992 --- [           main] o.s.b.a.AutoConfigurationImportSelector  : Filtered 1 auto configuration class in 0 ms
2024-01-13 22:39:12.444 TRACE 58992 --- [           main] o.s.b.f.s.DefaultListableBeanFactory     : Returning cached instance of singleton bean 'autoConfigurationReport'
2024-01-13 22:39:12.444 TRACE 58992 --- [           main] o.s.b.a.condition.OnClassCondition       : Condition OnClassCondition on org.springframework.boot.autoconfigure.cache.InfinispanCacheConfiguration did not match due to @ConditionalOnClass did not find required class 'org.infinispan.spring.embedded.provider.SpringEmbeddedCacheManager'
2024-01-13 22:39:12.444 TRACE 58992 --- [           main] o.s.b.f.s.DefaultListableBeanFactory     : Returning cached instance of singleton bean 'autoConfigurationReport'
2024-01-13 22:39:12.444 TRACE 58992 --- [           main] o.s.b.f.s.DefaultListableBeanFactory     : Returning cached instance of singleton bean 'autoConfigurationReport'
2024-01-13 22:39:12.444 TRACE 58992 --- [           main] o.s.b.a.AutoConfigurationImportSelector  : Filtered 1 auto configuration class in 0 ms
2024-01-13 22:39:12.444 TRACE 58992 --- [           main] o.s.b.f.s.DefaultListableBeanFactory     : Returning cached instance of singleton bean 'autoConfigurationReport'
2024-01-13 22:39:12.444 TRACE 58992 --- [           main] o.s.b.a.condition.OnClassCondition       : Condition OnClassCondition on org.springframework.boot.autoconfigure.cache.CouchbaseCacheConfiguration did not match due to @ConditionalOnClass did not find required class 'com.couchbase.client.java.Cluster'
2024-01-13 22:39:12.444 TRACE 58992 --- [           main] o.s.b.f.s.DefaultListableBeanFactory     : Returning cached instance of singleton bean 'autoConfigurationReport'
2024-01-13 22:39:12.444 TRACE 58992 --- [           main] o.s.b.f.s.DefaultListableBeanFactory     : Returning cached instance of singleton bean 'autoConfigurationReport'
2024-01-13 22:39:12.444 TRACE 58992 --- [           main] o.s.b.a.AutoConfigurationImportSelector  : Filtered 1 auto configuration class in 0 ms
2024-01-13 22:39:12.444 TRACE 58992 --- [           main] o.s.b.f.s.DefaultListableBeanFactory     : Returning cached instance of singleton bean 'autoConfigurationReport'
2024-01-13 22:39:12.444 TRACE 58992 --- [           main] o.s.b.a.condition.OnClassCondition       : Condition OnClassCondition on org.springframework.boot.autoconfigure.cache.RedisCacheConfiguration did not match due to @ConditionalOnClass did not find required class 'org.springframework.data.redis.connection.RedisConnectionFactory'
2024-01-13 22:39:12.444 TRACE 58992 --- [           main] o.s.b.f.s.DefaultListableBeanFactory     : Returning cached instance of singleton bean 'autoConfigurationReport'
2024-01-13 22:39:12.444 TRACE 58992 --- [           main] o.s.b.f.s.DefaultListableBeanFactory     : Returning cached instance of singleton bean 'autoConfigurationReport'
2024-01-13 22:39:12.444 TRACE 58992 --- [           main] o.s.b.a.AutoConfigurationImportSelector  : Filtered 1 auto configuration class in 0 ms
2024-01-13 22:39:12.444 TRACE 58992 --- [           main] o.s.b.f.s.DefaultListableBeanFactory     : Returning cached instance of singleton bean 'autoConfigurationReport'
2024-01-13 22:39:12.444 TRACE 58992 --- [           main] o.s.b.a.condition.OnClassCondition       : Condition OnClassCondition on org.springframework.boot.autoconfigure.cache.CaffeineCacheConfiguration did not match due to @ConditionalOnClass did not find required class 'com.github.benmanes.caffeine.cache.Caffeine'
2024-01-13 22:39:12.444 TRACE 58992 --- [           main] o.s.b.f.s.DefaultListableBeanFactory     : Returning cached instance of singleton bean 'autoConfigurationReport'
2024-01-13 22:39:12.445 TRACE 58992 --- [           main] o.s.b.f.s.DefaultListableBeanFactory     : Returning cached instance of singleton bean 'autoConfigurationReport'
2024-01-13 22:39:12.445 TRACE 58992 --- [           main] o.s.b.a.AutoConfigurationImportSelector  : Filtered 1 auto configuration class in 0 ms
2024-01-13 22:39:12.445 TRACE 58992 --- [           main] o.s.b.f.s.DefaultListableBeanFactory     : Returning cached instance of singleton bean 'autoConfigurationReport'
2024-01-13 22:39:12.445 TRACE 58992 --- [           main] o.s.b.f.s.DefaultListableBeanFactory     : Returning cached instance of singleton bean 'autoConfigurationReport'
2024-01-13 22:39:12.445 TRACE 58992 --- [           main] o.s.b.f.s.DefaultListableBeanFactory     : Returning cached instance of singleton bean 'autoConfigurationReport'
2024-01-13 22:39:12.445 TRACE 58992 --- [           main] o.s.b.f.s.DefaultListableBeanFactory     : Returning cached instance of singleton bean 'autoConfigurationReport'
2024-01-13 22:39:12.445 TRACE 58992 --- [           main] o.s.b.f.s.DefaultListableBeanFactory     : Returning cached instance of singleton bean 'autoConfigurationReport'
2024-01-13 22:39:12.445 TRACE 58992 --- [           main] o.s.b.f.s.DefaultListableBeanFactory     : Returning cached instance of singleton bean 'autoConfigurationReport'
2024-01-13 22:39:12.445 TRACE 58992 --- [           main] o.s.b.f.s.DefaultListableBeanFactory     : Returning cached instance of singleton bean 'autoConfigurationReport'
2024-01-13 22:39:12.445 TRACE 58992 --- [           main] o.s.b.f.s.DefaultListableBeanFactory     : Returning cached instance of singleton bean 'autoConfigurationReport'
2024-01-13 22:39:12.445 TRACE 58992 --- [           main] o.s.b.f.s.DefaultListableBeanFactory     : Returning cached instance of singleton bean 'autoConfigurationReport'
2024-01-13 22:39:12.445 TRACE 58992 --- [           main] o.s.b.f.s.DefaultListableBeanFactory     : Returning cached instance of singleton bean 'autoConfigurationReport'
2024-01-13 22:39:12.445 TRACE 58992 --- [           main] o.s.b.f.s.DefaultListableBeanFactory     : Returning cached instance of singleton bean 'autoConfigurationReport'
2024-01-13 22:39:12.445 TRACE 58992 --- [           main] o.s.b.f.s.DefaultListableBeanFactory     : Returning cached instance of singleton bean 'autoConfigurationReport'
2024-01-13 22:39:12.445 TRACE 58992 --- [           main] o.s.b.a.cache.CacheCondition             : Condition CacheCondition on org.springframework.boot.autoconfigure.cache.GenericCacheConfiguration did not match due to Cache org.springframework.boot.autoconfigure.cache.GenericCacheConfiguration unknown cache type
2024-01-13 22:39:12.445 TRACE 58992 --- [           main] o.s.b.f.s.DefaultListableBeanFactory     : Returning cached instance of singleton bean 'autoConfigurationReport'
2024-01-13 22:39:12.445 TRACE 58992 --- [           main] o.s.b.f.s.DefaultListableBeanFactory     : Returning cached instance of singleton bean 'autoConfigurationReport'
2024-01-13 22:39:12.445 TRACE 58992 --- [           main] o.s.b.f.s.DefaultListableBeanFactory     : Returning cached instance of singleton bean 'autoConfigurationReport'
2024-01-13 22:39:12.445 TRACE 58992 --- [           main] o.s.b.f.s.DefaultListableBeanFactory     : Returning cached instance of singleton bean 'autoConfigurationReport'
2024-01-13 22:39:12.445 TRACE 58992 --- [           main] o.s.b.f.s.DefaultListableBeanFactory     : Returning cached instance of singleton bean 'autoConfigurationReport'
2024-01-13 22:39:12.445 TRACE 58992 --- [           main] o.s.b.f.s.DefaultListableBeanFactory     : Returning cached instance of singleton bean 'autoConfigurationReport'
2024-01-13 22:39:12.445 TRACE 58992 --- [           main] o.s.b.f.s.DefaultListableBeanFactory     : Returning cached instance of singleton bean 'autoConfigurationReport'
2024-01-13 22:39:12.445 TRACE 58992 --- [           main] o.s.b.a.cache.CacheCondition             : Condition CacheCondition on org.springframework.boot.autoconfigure.cache.SimpleCacheConfiguration did not match due to Cache org.springframework.boot.autoconfigure.cache.SimpleCacheConfiguration unknown cache type
2024-01-13 22:39:12.445 TRACE 58992 --- [           main] o.s.b.f.s.DefaultListableBeanFactory     : Returning cached instance of singleton bean 'autoConfigurationReport'
2024-01-13 22:39:12.445 TRACE 58992 --- [           main] o.s.b.a.cache.CacheCondition             : Condition CacheCondition on org.springframework.boot.autoconfigure.cache.NoOpCacheConfiguration matched due to Cache org.springframework.boot.autoconfigure.cache.NoOpCacheConfiguration NONE cache type
2024-01-13 22:39:12.445 TRACE 58992 --- [           main] o.s.b.f.s.DefaultListableBeanFactory     : Returning cached instance of singleton bean 'autoConfigurationReport'
2024-01-13 22:39:12.445 TRACE 58992 --- [           main] o.s.b.f.s.DefaultListableBeanFactory     : Returning cached instance of singleton bean 'autoConfigurationReport'
2024-01-13 22:39:12.445 TRACE 58992 --- [           main] o.s.b.f.s.DefaultListableBeanFactory     : Returning cached instance of singleton bean 'autoConfigurationReport'
2024-01-13 22:39:12.445 TRACE 58992 --- [           main] o.s.b.f.s.DefaultListableBeanFactory     : Returning cached instance of singleton bean 'autoConfigurationReport'
2024-01-13 22:39:12.445 TRACE 58992 --- [           main] o.s.b.f.s.DefaultListableBeanFactory     : Returning cached instance of singleton bean 'autoConfigurationReport'
2024-01-13 22:39:12.445 TRACE 58992 --- [           main] o.s.b.f.s.DefaultListableBeanFactory     : Returning cached instance of singleton bean 'autoConfigurationReport'
2024-01-13 22:39:12.445 TRACE 58992 --- [           main] o.s.b.f.s.DefaultListableBeanFactory     : Returning cached instance of singleton bean 'autoConfigurationReport'
2024-01-13 22:39:12.445 TRACE 58992 --- [           main] o.s.b.a.condition.OnClassCondition       : Condition OnClassCondition on org.springframework.boot.autoconfigure.cache.CacheAutoConfiguration$CacheManagerEntityManagerFactoryDependsOnPostProcessor matched due to @ConditionalOnClass found required class 'org.springframework.orm.jpa.LocalContainerEntityManagerFactoryBean'
2024-01-13 22:39:12.445 TRACE 58992 --- [           main] o.s.b.f.s.DefaultListableBeanFactory     : Returning cached instance of singleton bean 'autoConfigurationReport'
2024-01-13 22:39:12.445 TRACE 58992 --- [           main] o.s.b.f.s.DefaultListableBeanFactory     : Returning cached instance of singleton bean 'autoConfigurationReport'
2024-01-13 22:39:12.445 TRACE 58992 --- [           main] o.s.b.f.s.DefaultListableBeanFactory     : Returning cached instance of singleton bean 'autoConfigurationReport'
2024-01-13 22:39:12.446 TRACE 58992 --- [           main] o.s.b.f.s.DefaultListableBeanFactory     : Returning cached instance of singleton bean 'autoConfigurationReport'
2024-01-13 22:39:12.446 TRACE 58992 --- [           main] o.s.b.f.s.DefaultListableBeanFactory     : Returning cached instance of singleton bean 'autoConfigurationReport'
2024-01-13 22:39:12.446 TRACE 58992 --- [           main] o.s.b.f.s.DefaultListableBeanFactory     : Returning cached instance of singleton bean 'autoConfigurationReport'
2024-01-13 22:39:12.446 TRACE 58992 --- [           main] o.s.b.f.s.DefaultListableBeanFactory     : Returning cached instance of singleton bean 'autoConfigurationReport'
2024-01-13 22:39:12.446 TRACE 58992 --- [           main] o.s.b.f.s.DefaultListableBeanFactory     : Returning cached instance of singleton bean 'autoConfigurationReport'
2024-01-13 22:39:12.446 TRACE 58992 --- [           main] o.s.b.f.s.DefaultListableBeanFactory     : Returning cached instance of singleton bean 'autoConfigurationReport'
2024-01-13 22:39:12.446 TRACE 58992 --- [           main] o.s.b.f.s.DefaultListableBeanFactory     : Returning cached instance of singleton bean 'autoConfigurationReport'
2024-01-13 22:39:12.446 TRACE 58992 --- [           main] o.s.b.f.s.DefaultListableBeanFactory     : Returning cached instance of singleton bean 'autoConfigurationReport'
2024-01-13 22:39:12.446 TRACE 58992 --- [           main] o.s.b.f.s.DefaultListableBeanFactory     : Returning cached instance of singleton bean 'autoConfigurationReport'
2024-01-13 22:39:12.446 TRACE 58992 --- [           main] o.s.b.f.s.DefaultListableBeanFactory     : Returning cached instance of singleton bean 'autoConfigurationReport'
2024-01-13 22:39:12.446 TRACE 58992 --- [           main] o.s.b.f.s.DefaultListableBeanFactory     : Returning cached instance of singleton bean 'autoConfigurationReport'
2024-01-13 22:39:12.446 TRACE 58992 --- [           main] o.s.b.f.s.DefaultListableBeanFactory     : Returning cached instance of singleton bean 'autoConfigurationReport'
2024-01-13 22:39:12.446 TRACE 58992 --- [           main] o.s.b.f.s.DefaultListableBeanFactory     : Returning cached instance of singleton bean 'autoConfigurationReport'
2024-01-13 22:39:12.446 TRACE 58992 --- [           main] o.s.b.f.s.DefaultListableBeanFactory     : Returning cached instance of singleton bean 'autoConfigurationReport'
2024-01-13 22:39:12.446 TRACE 58992 --- [           main] o.s.b.f.s.DefaultListableBeanFactory     : Returning cached instance of singleton bean 'autoConfigurationReport'
2024-01-13 22:39:12.446 TRACE 58992 --- [           main] o.s.b.f.s.DefaultListableBeanFactory     : Returning cached instance of singleton bean 'autoConfigurationReport'
2024-01-13 22:39:12.446 TRACE 58992 --- [           main] o.s.b.a.condition.OnClassCondition       : Condition OnClassCondition on org.springframework.boot.autoconfigure.http.HttpMessageConvertersAutoConfiguration matched due to @ConditionalOnClass found required class 'org.springframework.http.converter.HttpMessageConverter'
2024-01-13 22:39:12.446 TRACE 58992 --- [           main] o.s.b.f.s.DefaultListableBeanFactory     : Returning cached instance of singleton bean 'autoConfigurationReport'
2024-01-13 22:39:12.446 TRACE 58992 --- [           main] ation$NotReactiveWebApplicationCondition : Condition HttpMessageConvertersAutoConfiguration.NotReactiveWebApplicationCondition on org.springframework.boot.autoconfigure.http.HttpMessageConvertersAutoConfiguration matched due to NoneNestedConditions 0 matched 1 did not; NestedCondition on HttpMessageConvertersAutoConfiguration.NotReactiveWebApplicationCondition.ReactiveWebApplication did not find reactive web application classes
2024-01-13 22:39:12.446 TRACE 58992 --- [           main] o.s.b.f.s.DefaultListableBeanFactory     : Returning cached instance of singleton bean 'autoConfigurationReport'
2024-01-13 22:39:12.446 TRACE 58992 --- [           main] o.s.b.f.s.DefaultListableBeanFactory     : Returning cached instance of singleton bean 'autoConfigurationReport'
2024-01-13 22:39:12.446 TRACE 58992 --- [           main] o.s.b.f.s.DefaultListableBeanFactory     : Returning cached instance of singleton bean 'autoConfigurationReport'
2024-01-13 22:39:12.446 TRACE 58992 --- [           main] o.s.b.f.s.DefaultListableBeanFactory     : Returning cached instance of singleton bean 'autoConfigurationReport'
2024-01-13 22:39:12.446 TRACE 58992 --- [           main] o.s.b.f.s.DefaultListableBeanFactory     : Returning cached instance of singleton bean 'autoConfigurationReport'
2024-01-13 22:39:12.446 TRACE 58992 --- [           main] o.s.b.f.s.DefaultListableBeanFactory     : Returning cached instance of singleton bean 'autoConfigurationReport'
2024-01-13 22:39:12.446 TRACE 58992 --- [           main] o.s.b.f.s.DefaultListableBeanFactory     : Returning cached instance of singleton bean 'autoConfigurationReport'
2024-01-13 22:39:12.446 TRACE 58992 --- [           main] o.s.b.a.condition.OnClassCondition       : Condition OnClassCondition on org.springframework.boot.autoconfigure.http.HttpMessageConvertersAutoConfiguration$StringHttpMessageConverterConfiguration matched due to @ConditionalOnClass found required class 'org.springframework.http.converter.StringHttpMessageConverter'
2024-01-13 22:39:12.446 TRACE 58992 --- [           main] o.s.b.f.s.DefaultListableBeanFactory     : Returning cached instance of singleton bean 'autoConfigurationReport'
2024-01-13 22:39:12.446 TRACE 58992 --- [           main] o.s.b.f.s.DefaultListableBeanFactory     : Returning cached instance of singleton bean 'autoConfigurationReport'
2024-01-13 22:39:12.446 TRACE 58992 --- [           main] o.s.b.f.s.DefaultListableBeanFactory     : Returning cached instance of singleton bean 'autoConfigurationReport'
2024-01-13 22:39:12.446 TRACE 58992 --- [           main] o.s.b.f.s.DefaultListableBeanFactory     : Returning cached instance of singleton bean 'autoConfigurationReport'
2024-01-13 22:39:12.446 TRACE 58992 --- [           main] o.s.b.f.s.DefaultListableBeanFactory     : Returning cached instance of singleton bean 'autoConfigurationReport'
2024-01-13 22:39:12.446 TRACE 58992 --- [           main] o.s.b.f.s.DefaultListableBeanFactory     : Returning cached instance of singleton bean 'autoConfigurationReport'
2024-01-13 22:39:12.446 TRACE 58992 --- [           main] o.s.b.f.s.DefaultListableBeanFactory     : Returning cached instance of singleton bean 'autoConfigurationReport'
2024-01-13 22:39:12.446 TRACE 58992 --- [           main] o.s.b.f.s.DefaultListableBeanFactory     : Returning cached instance of singleton bean 'autoConfigurationReport'
2024-01-13 22:39:12.446 TRACE 58992 --- [           main] o.s.b.f.s.DefaultListableBeanFactory     : Returning cached instance of singleton bean 'autoConfigurationReport'
2024-01-13 22:39:12.446 TRACE 58992 --- [           main] o.s.b.f.s.DefaultListableBeanFactory     : Returning cached instance of singleton bean 'autoConfigurationReport'
2024-01-13 22:39:12.446 TRACE 58992 --- [           main] o.s.b.f.s.DefaultListableBeanFactory     : Returning cached instance of singleton bean 'autoConfigurationReport'
2024-01-13 22:39:12.446 TRACE 58992 --- [           main] o.s.b.f.s.DefaultListableBeanFactory     : Returning cached instance of singleton bean 'autoConfigurationReport'
2024-01-13 22:39:12.446 TRACE 58992 --- [           main] o.s.b.f.s.DefaultListableBeanFactory     : Returning cached instance of singleton bean 'autoConfigurationReport'
2024-01-13 22:39:12.447 TRACE 58992 --- [           main] o.s.b.a.condition.OnClassCondition       : Condition OnClassCondition on org.springframework.boot.autoconfigure.http.JacksonHttpMessageConvertersConfiguration$MappingJackson2XmlHttpMessageConverterConfiguration did not match due to @ConditionalOnClass did not find required class 'com.fasterxml.jackson.dataformat.xml.XmlMapper'
2024-01-13 22:39:12.447 TRACE 58992 --- [           main] o.s.b.f.s.DefaultListableBeanFactory     : Returning cached instance of singleton bean 'autoConfigurationReport'
2024-01-13 22:39:12.447 TRACE 58992 --- [           main] o.s.b.a.condition.OnClassCondition       : Condition OnClassCondition on org.springframework.boot.autoconfigure.http.JacksonHttpMessageConvertersConfiguration$MappingJackson2HttpMessageConverterConfiguration matched due to @ConditionalOnClass found required class 'com.fasterxml.jackson.databind.ObjectMapper'
2024-01-13 22:39:12.447 TRACE 58992 --- [           main] o.s.b.f.s.DefaultListableBeanFactory     : Returning cached instance of singleton bean 'autoConfigurationReport'
2024-01-13 22:39:12.447 TRACE 58992 --- [           main] o.s.b.a.condition.OnPropertyCondition    : Condition OnPropertyCondition on org.springframework.boot.autoconfigure.http.JacksonHttpMessageConvertersConfiguration$MappingJackson2HttpMessageConverterConfiguration matched due to @ConditionalOnProperty (spring.mvc.converters.preferred-json-mapper=jackson) matched
2024-01-13 22:39:12.447 TRACE 58992 --- [           main] o.s.b.f.s.DefaultListableBeanFactory     : Returning cached instance of singleton bean 'autoConfigurationReport'
2024-01-13 22:39:12.447 TRACE 58992 --- [           main] o.s.b.f.s.DefaultListableBeanFactory     : Returning cached instance of singleton bean 'autoConfigurationReport'
2024-01-13 22:39:12.447 TRACE 58992 --- [           main] o.s.b.f.s.DefaultListableBeanFactory     : Returning cached instance of singleton bean 'autoConfigurationReport'
2024-01-13 22:39:12.447 TRACE 58992 --- [           main] o.s.b.f.s.DefaultListableBeanFactory     : Returning cached instance of singleton bean 'autoConfigurationReport'
2024-01-13 22:39:12.447 TRACE 58992 --- [           main] o.s.b.f.s.DefaultListableBeanFactory     : Returning cached instance of singleton bean 'autoConfigurationReport'
2024-01-13 22:39:12.447 TRACE 58992 --- [           main] o.s.b.f.s.DefaultListableBeanFactory     : Returning cached instance of singleton bean 'autoConfigurationReport'
2024-01-13 22:39:12.447 TRACE 58992 --- [           main] o.s.b.f.s.DefaultListableBeanFactory     : Returning cached instance of singleton bean 'autoConfigurationReport'
2024-01-13 22:39:12.447 TRACE 58992 --- [           main] o.s.b.a.condition.OnClassCondition       : Condition OnClassCondition on org.springframework.boot.autoconfigure.http.GsonHttpMessageConvertersConfiguration did not match due to @ConditionalOnClass did not find required class 'com.google.gson.Gson'
2024-01-13 22:39:12.447 TRACE 58992 --- [           main] o.s.b.f.s.DefaultListableBeanFactory     : Returning cached instance of singleton bean 'autoConfigurationReport'
2024-01-13 22:39:12.447 TRACE 58992 --- [           main] o.s.b.a.condition.OnClassCondition       : Condition OnClassCondition on org.springframework.boot.autoconfigure.http.JsonbHttpMessageConvertersConfiguration did not match due to @ConditionalOnClass did not find required class 'javax.json.bind.Jsonb'
2024-01-13 22:39:12.447 TRACE 58992 --- [           main] o.s.b.f.s.DefaultListableBeanFactory     : Returning cached instance of singleton bean 'autoConfigurationReport'
2024-01-13 22:39:12.447 TRACE 58992 --- [           main] o.s.b.f.s.DefaultListableBeanFactory     : Returning cached instance of singleton bean 'autoConfigurationReport'
2024-01-13 22:39:12.447 TRACE 58992 --- [           main] o.s.b.f.s.DefaultListableBeanFactory     : Returning cached instance of singleton bean 'autoConfigurationReport'
2024-01-13 22:39:12.447 TRACE 58992 --- [           main] o.s.b.f.s.DefaultListableBeanFactory     : Returning cached instance of singleton bean 'autoConfigurationReport'
2024-01-13 22:39:12.447 TRACE 58992 --- [           main] o.s.b.f.s.DefaultListableBeanFactory     : Returning cached instance of singleton bean 'autoConfigurationReport'
2024-01-13 22:39:12.447 TRACE 58992 --- [           main] o.s.b.f.s.DefaultListableBeanFactory     : Returning cached instance of singleton bean 'autoConfigurationReport'
2024-01-13 22:39:12.447 TRACE 58992 --- [           main] o.s.b.f.s.DefaultListableBeanFactory     : Returning cached instance of singleton bean 'autoConfigurationReport'
2024-01-13 22:39:12.447 TRACE 58992 --- [           main] o.s.b.f.s.DefaultListableBeanFactory     : Returning cached instance of singleton bean 'autoConfigurationReport'
2024-01-13 22:39:12.447 TRACE 58992 --- [           main] o.s.b.f.s.DefaultListableBeanFactory     : Returning cached instance of singleton bean 'autoConfigurationReport'
2024-01-13 22:39:12.447 TRACE 58992 --- [           main] o.s.b.f.s.DefaultListableBeanFactory     : Returning cached instance of singleton bean 'autoConfigurationReport'
2024-01-13 22:39:12.447 TRACE 58992 --- [           main] o.s.b.f.s.DefaultListableBeanFactory     : Returning cached instance of singleton bean 'autoConfigurationReport'
2024-01-13 22:39:12.447 TRACE 58992 --- [           main] o.s.b.f.s.DefaultListableBeanFactory     : Returning cached instance of singleton bean 'autoConfigurationReport'
2024-01-13 22:39:12.447 TRACE 58992 --- [           main] o.s.b.f.s.DefaultListableBeanFactory     : Returning cached instance of singleton bean 'autoConfigurationReport'
2024-01-13 22:39:12.447 TRACE 58992 --- [           main] o.s.b.a.condition.OnClassCondition       : Condition OnClassCondition on org.springframework.boot.autoconfigure.data.web.SpringDataWebAutoConfiguration matched due to @ConditionalOnClass found required classes 'org.springframework.data.web.PageableHandlerMethodArgumentResolver', 'org.springframework.web.servlet.config.annotation.WebMvcConfigurer'
2024-01-13 22:39:12.447 TRACE 58992 --- [           main] o.s.b.f.s.DefaultListableBeanFactory     : Returning cached instance of singleton bean 'autoConfigurationReport'
2024-01-13 22:39:12.447 TRACE 58992 --- [           main] o.s.b.a.c.OnWebApplicationCondition      : Condition OnWebApplicationCondition on org.springframework.boot.autoconfigure.data.web.SpringDataWebAutoConfiguration matched due to found 'session' scope
2024-01-13 22:39:12.447 TRACE 58992 --- [           main] o.s.b.f.s.DefaultListableBeanFactory     : Returning cached instance of singleton bean 'autoConfigurationReport'
2024-01-13 22:39:12.447 TRACE 58992 --- [           main] o.s.b.f.s.DefaultListableBeanFactory     : Returning cached instance of singleton bean 'autoConfigurationReport'
2024-01-13 22:39:12.447 TRACE 58992 --- [           main] o.s.b.f.s.DefaultListableBeanFactory     : Returning cached instance of singleton bean 'autoConfigurationReport'
2024-01-13 22:39:12.447 TRACE 58992 --- [           main] o.s.b.f.s.DefaultListableBeanFactory     : Returning cached instance of singleton bean 'autoConfigurationReport'
2024-01-13 22:39:12.447 TRACE 58992 --- [           main] o.s.b.f.s.DefaultListableBeanFactory     : Returning cached instance of singleton bean 'autoConfigurationReport'
2024-01-13 22:39:12.447 TRACE 58992 --- [           main] o.s.b.f.s.DefaultListableBeanFactory     : Returning cached instance of singleton bean 'autoConfigurationReport'
2024-01-13 22:39:12.447 TRACE 58992 --- [           main] o.s.b.f.s.DefaultListableBeanFactory     : Returning cached instance of singleton bean 'autoConfigurationReport'
2024-01-13 22:39:12.448 TRACE 58992 --- [           main] o.s.b.f.s.DefaultListableBeanFactory     : Returning cached instance of singleton bean 'autoConfigurationReport'
2024-01-13 22:39:12.448 TRACE 58992 --- [           main] o.s.b.f.s.DefaultListableBeanFactory     : Returning cached instance of singleton bean 'autoConfigurationReport'
2024-01-13 22:39:12.448 TRACE 58992 --- [           main] o.s.b.f.s.DefaultListableBeanFactory     : Returning cached instance of singleton bean 'autoConfigurationReport'
2024-01-13 22:39:12.448 TRACE 58992 --- [           main] o.s.b.f.s.DefaultListableBeanFactory     : Returning cached instance of singleton bean 'autoConfigurationReport'
2024-01-13 22:39:12.448 TRACE 58992 --- [           main] o.s.b.f.s.DefaultListableBeanFactory     : Returning cached instance of singleton bean 'autoConfigurationReport'
2024-01-13 22:39:12.448 TRACE 58992 --- [           main] o.s.b.f.s.DefaultListableBeanFactory     : Returning cached instance of singleton bean 'autoConfigurationReport'
2024-01-13 22:39:12.448 TRACE 58992 --- [           main] o.s.b.f.s.DefaultListableBeanFactory     : Returning cached instance of singleton bean 'autoConfigurationReport'
2024-01-13 22:39:12.448 TRACE 58992 --- [           main] o.s.b.f.s.DefaultListableBeanFactory     : Returning cached instance of singleton bean 'autoConfigurationReport'
2024-01-13 22:39:12.448 TRACE 58992 --- [           main] o.s.b.f.s.DefaultListableBeanFactory     : Returning cached instance of singleton bean 'autoConfigurationReport'
2024-01-13 22:39:12.448 TRACE 58992 --- [           main] o.s.b.f.s.DefaultListableBeanFactory     : Returning cached instance of singleton bean 'autoConfigurationReport'
2024-01-13 22:39:12.448 TRACE 58992 --- [           main] o.s.b.f.s.DefaultListableBeanFactory     : Returning cached instance of singleton bean 'autoConfigurationReport'
2024-01-13 22:39:12.448 TRACE 58992 --- [           main] o.s.b.f.s.DefaultListableBeanFactory     : Returning cached instance of singleton bean 'autoConfigurationReport'
2024-01-13 22:39:12.448 TRACE 58992 --- [           main] o.s.b.f.s.DefaultListableBeanFactory     : Returning cached instance of singleton bean 'autoConfigurationReport'
2024-01-13 22:39:12.448 TRACE 58992 --- [           main] o.s.b.f.s.DefaultListableBeanFactory     : Returning cached instance of singleton bean 'autoConfigurationReport'
2024-01-13 22:39:12.448 TRACE 58992 --- [           main] o.s.b.f.s.DefaultListableBeanFactory     : Returning cached instance of singleton bean 'autoConfigurationReport'
2024-01-13 22:39:12.448 TRACE 58992 --- [           main] o.s.b.f.s.DefaultListableBeanFactory     : Returning cached instance of singleton bean 'autoConfigurationReport'
2024-01-13 22:39:12.448 TRACE 58992 --- [           main] o.s.b.f.s.DefaultListableBeanFactory     : Returning cached instance of singleton bean 'autoConfigurationReport'
2024-01-13 22:39:12.448 TRACE 58992 --- [           main] o.s.b.f.s.DefaultListableBeanFactory     : Returning cached instance of singleton bean 'autoConfigurationReport'
2024-01-13 22:39:12.448 TRACE 58992 --- [           main] o.s.b.f.s.DefaultListableBeanFactory     : Returning cached instance of singleton bean 'autoConfigurationReport'
2024-01-13 22:39:12.448 TRACE 58992 --- [           main] o.s.b.f.s.DefaultListableBeanFactory     : Returning cached instance of singleton bean 'autoConfigurationReport'
2024-01-13 22:39:12.448 TRACE 58992 --- [           main] o.s.b.f.s.DefaultListableBeanFactory     : Returning cached instance of singleton bean 'autoConfigurationReport'
2024-01-13 22:39:12.448 TRACE 58992 --- [           main] o.s.b.f.s.DefaultListableBeanFactory     : Returning cached instance of singleton bean 'autoConfigurationReport'
2024-01-13 22:39:12.448 TRACE 58992 --- [           main] o.s.b.f.s.DefaultListableBeanFactory     : Returning cached instance of singleton bean 'autoConfigurationReport'
2024-01-13 22:39:12.448 TRACE 58992 --- [           main] o.s.b.f.s.DefaultListableBeanFactory     : Returning cached instance of singleton bean 'autoConfigurationReport'
2024-01-13 22:39:12.448 TRACE 58992 --- [           main] o.s.b.f.s.DefaultListableBeanFactory     : Returning cached instance of singleton bean 'autoConfigurationReport'
2024-01-13 22:39:12.448 TRACE 58992 --- [           main] o.s.b.f.s.DefaultListableBeanFactory     : Returning cached instance of singleton bean 'autoConfigurationReport'
2024-01-13 22:39:12.448 TRACE 58992 --- [           main] o.s.b.f.s.DefaultListableBeanFactory     : Returning cached instance of singleton bean 'autoConfigurationReport'
2024-01-13 22:39:12.448 TRACE 58992 --- [           main] o.s.b.f.s.DefaultListableBeanFactory     : Returning cached instance of singleton bean 'autoConfigurationReport'
2024-01-13 22:39:12.448 TRACE 58992 --- [           main] o.s.b.f.s.DefaultListableBeanFactory     : Returning cached instance of singleton bean 'autoConfigurationReport'
2024-01-13 22:39:12.448 TRACE 58992 --- [           main] o.s.b.f.s.DefaultListableBeanFactory     : Returning cached instance of singleton bean 'autoConfigurationReport'
2024-01-13 22:39:12.448 TRACE 58992 --- [           main] o.s.b.f.s.DefaultListableBeanFactory     : Returning cached instance of singleton bean 'autoConfigurationReport'
2024-01-13 22:39:12.448 TRACE 58992 --- [           main] o.s.b.f.s.DefaultListableBeanFactory     : Returning cached instance of singleton bean 'autoConfigurationReport'
2024-01-13 22:39:12.448 TRACE 58992 --- [           main] o.s.b.f.s.DefaultListableBeanFactory     : Returning cached instance of singleton bean 'autoConfigurationReport'
2024-01-13 22:39:12.448 TRACE 58992 --- [           main] o.s.b.f.s.DefaultListableBeanFactory     : Returning cached instance of singleton bean 'autoConfigurationReport'
2024-01-13 22:39:12.448 TRACE 58992 --- [           main] o.s.b.f.s.DefaultListableBeanFactory     : Returning cached instance of singleton bean 'autoConfigurationReport'
2024-01-13 22:39:12.448 TRACE 58992 --- [           main] o.s.b.f.s.DefaultListableBeanFactory     : Returning cached instance of singleton bean 'autoConfigurationReport'
2024-01-13 22:39:12.448 TRACE 58992 --- [           main] o.s.b.f.s.DefaultListableBeanFactory     : Returning cached instance of singleton bean 'autoConfigurationReport'
2024-01-13 22:39:12.448 TRACE 58992 --- [           main] o.s.b.f.s.DefaultListableBeanFactory     : Returning cached instance of singleton bean 'autoConfigurationReport'
2024-01-13 22:39:12.448 TRACE 58992 --- [           main] o.s.b.f.s.DefaultListableBeanFactory     : Returning cached instance of singleton bean 'autoConfigurationReport'
2024-01-13 22:39:12.448 TRACE 58992 --- [           main] o.s.b.f.s.DefaultListableBeanFactory     : Returning cached instance of singleton bean 'autoConfigurationReport'
2024-01-13 22:39:12.448 TRACE 58992 --- [           main] o.s.b.f.s.DefaultListableBeanFactory     : Returning cached instance of singleton bean 'autoConfigurationReport'
2024-01-13 22:39:12.448 TRACE 58992 --- [           main] o.s.b.f.s.DefaultListableBeanFactory     : Returning cached instance of singleton bean 'autoConfigurationReport'
2024-01-13 22:39:12.448 TRACE 58992 --- [           main] o.s.b.f.s.DefaultListableBeanFactory     : Returning cached instance of singleton bean 'autoConfigurationReport'
2024-01-13 22:39:12.448 TRACE 58992 --- [           main] o.s.b.f.s.DefaultListableBeanFactory     : Returning cached instance of singleton bean 'autoConfigurationReport'
2024-01-13 22:39:12.448 TRACE 58992 --- [           main] o.s.b.f.s.DefaultListableBeanFactory     : Returning cached instance of singleton bean 'autoConfigurationReport'
2024-01-13 22:39:12.448 TRACE 58992 --- [           main] o.s.b.f.s.DefaultListableBeanFactory     : Returning cached instance of singleton bean 'autoConfigurationReport'
2024-01-13 22:39:12.448 TRACE 58992 --- [           main] o.s.b.f.s.DefaultListableBeanFactory     : Returning cached instance of singleton bean 'autoConfigurationReport'
2024-01-13 22:39:12.448 TRACE 58992 --- [           main] o.s.b.f.s.DefaultListableBeanFactory     : Returning cached instance of singleton bean 'autoConfigurationReport'
2024-01-13 22:39:12.449 TRACE 58992 --- [           main] o.s.b.a.condition.OnClassCondition       : Condition OnClassCondition on org.springframework.boot.autoconfigure.hateoas.HypermediaAutoConfiguration matched due to @ConditionalOnClass found required classes 'org.springframework.hateoas.EntityModel', 'org.springframework.web.bind.annotation.RequestMapping', 'org.springframework.web.servlet.mvc.method.annotation.RequestMappingHandlerAdapter', 'org.springframework.plugin.core.Plugin'
2024-01-13 22:39:12.449 TRACE 58992 --- [           main] o.s.b.f.s.DefaultListableBeanFactory     : Returning cached instance of singleton bean 'autoConfigurationReport'
2024-01-13 22:39:12.449 TRACE 58992 --- [           main] o.s.b.a.c.OnWebApplicationCondition      : Condition OnWebApplicationCondition on org.springframework.boot.autoconfigure.hateoas.HypermediaAutoConfiguration matched due to @ConditionalOnWebApplication (required) found 'session' scope
2024-01-13 22:39:12.449 TRACE 58992 --- [           main] o.s.b.f.s.DefaultListableBeanFactory     : Returning cached instance of singleton bean 'autoConfigurationReport'
2024-01-13 22:39:12.449 TRACE 58992 --- [           main] o.s.b.f.s.DefaultListableBeanFactory     : Returning cached instance of singleton bean 'autoConfigurationReport'
2024-01-13 22:39:12.449 TRACE 58992 --- [           main] o.s.b.f.s.DefaultListableBeanFactory     : Returning cached instance of singleton bean 'autoConfigurationReport'
2024-01-13 22:39:12.449 TRACE 58992 --- [           main] o.s.b.f.s.DefaultListableBeanFactory     : Returning cached instance of singleton bean 'autoConfigurationReport'
2024-01-13 22:39:12.449 TRACE 58992 --- [           main] o.s.b.f.s.DefaultListableBeanFactory     : Returning cached instance of singleton bean 'autoConfigurationReport'
2024-01-13 22:39:12.449 TRACE 58992 --- [           main] o.s.b.f.s.DefaultListableBeanFactory     : Returning cached instance of singleton bean 'autoConfigurationReport'
2024-01-13 22:39:12.449 TRACE 58992 --- [           main] o.s.b.f.s.DefaultListableBeanFactory     : Returning cached instance of singleton bean 'autoConfigurationReport'
2024-01-13 22:39:12.449 TRACE 58992 --- [           main] o.s.b.a.condition.OnClassCondition       : Condition OnClassCondition on org.springframework.boot.autoconfigure.hateoas.HypermediaAutoConfiguration$HypermediaConfiguration matched due to @ConditionalOnClass found required class 'com.fasterxml.jackson.databind.ObjectMapper'
2024-01-13 22:39:12.449 TRACE 58992 --- [           main] o.s.b.f.s.DefaultListableBeanFactory     : Returning cached instance of singleton bean 'autoConfigurationReport'
2024-01-13 22:39:12.449 TRACE 58992 --- [           main] o.s.b.f.s.DefaultListableBeanFactory     : Returning cached instance of singleton bean 'autoConfigurationReport'
2024-01-13 22:39:12.449 TRACE 58992 --- [           main] o.s.b.f.s.DefaultListableBeanFactory     : Returning cached instance of singleton bean 'autoConfigurationReport'
2024-01-13 22:39:12.449 TRACE 58992 --- [           main] o.s.b.f.s.DefaultListableBeanFactory     : Returning cached instance of singleton bean 'autoConfigurationReport'
2024-01-13 22:39:12.449 TRACE 58992 --- [           main] o.s.b.f.s.DefaultListableBeanFactory     : Returning cached instance of singleton bean 'autoConfigurationReport'
2024-01-13 22:39:12.449 TRACE 58992 --- [           main] o.s.b.f.s.DefaultListableBeanFactory     : Returning cached instance of singleton bean 'autoConfigurationReport'
2024-01-13 22:39:12.449 TRACE 58992 --- [           main] o.s.b.f.s.DefaultListableBeanFactory     : Returning cached instance of singleton bean 'autoConfigurationReport'
2024-01-13 22:39:12.449 TRACE 58992 --- [           main] o.s.c.io.support.SpringFactoriesLoader   : Loaded [org.springframework.hateoas.config.MediaTypeConfigurationProvider] names: [org.springframework.hateoas.mediatype.collectionjson.CollectionJsonMediaTypeConfigurationProvider, org.springframework.hateoas.mediatype.hal.HalMediaTypeConfigurationProvider, org.springframework.hateoas.mediatype.hal.forms.HalFormsMediaTypeConfigurationProvider, org.springframework.hateoas.mediatype.uber.UberMediaTypeConfigurationProvider, org.springframework.hateoas.mediatype.problem.HttpProblemDetailsConfigurationProvider]
2024-01-13 22:39:12.449 TRACE 58992 --- [           main] o.s.b.f.s.DefaultListableBeanFactory     : Returning cached instance of singleton bean 'autoConfigurationReport'
2024-01-13 22:39:12.449 TRACE 58992 --- [           main] o.s.b.f.s.DefaultListableBeanFactory     : Returning cached instance of singleton bean 'autoConfigurationReport'
2024-01-13 22:39:12.449 TRACE 58992 --- [           main] o.s.b.f.s.DefaultListableBeanFactory     : Returning cached instance of singleton bean 'autoConfigurationReport'
2024-01-13 22:39:12.449 TRACE 58992 --- [           main] o.s.b.f.s.DefaultListableBeanFactory     : Returning cached instance of singleton bean 'autoConfigurationReport'
2024-01-13 22:39:12.449 TRACE 58992 --- [           main] o.s.b.f.s.DefaultListableBeanFactory     : Returning cached instance of singleton bean 'autoConfigurationReport'
2024-01-13 22:39:12.449 TRACE 58992 --- [           main] o.s.b.f.s.DefaultListableBeanFactory     : Returning cached instance of singleton bean 'autoConfigurationReport'
2024-01-13 22:39:12.449 TRACE 58992 --- [           main] o.s.b.f.s.DefaultListableBeanFactory     : Returning cached instance of singleton bean 'autoConfigurationReport'
2024-01-13 22:39:12.449 TRACE 58992 --- [           main] o.s.b.f.s.DefaultListableBeanFactory     : Returning cached instance of singleton bean 'autoConfigurationReport'
2024-01-13 22:39:12.449 TRACE 58992 --- [           main] o.s.b.f.s.DefaultListableBeanFactory     : Returning cached instance of singleton bean 'autoConfigurationReport'
2024-01-13 22:39:12.449 TRACE 58992 --- [           main] o.s.b.f.s.DefaultListableBeanFactory     : Returning cached instance of singleton bean 'autoConfigurationReport'
2024-01-13 22:39:12.449 TRACE 58992 --- [           main] o.s.b.f.s.DefaultListableBeanFactory     : Returning cached instance of singleton bean 'autoConfigurationReport'
2024-01-13 22:39:12.449 TRACE 58992 --- [           main] o.s.b.f.s.DefaultListableBeanFactory     : Returning cached instance of singleton bean 'autoConfigurationReport'
2024-01-13 22:39:12.449 TRACE 58992 --- [           main] o.s.b.f.s.DefaultListableBeanFactory     : Returning cached instance of singleton bean 'autoConfigurationReport'
2024-01-13 22:39:12.449 TRACE 58992 --- [           main] o.s.b.f.s.DefaultListableBeanFactory     : Returning cached instance of singleton bean 'autoConfigurationReport'
2024-01-13 22:39:12.449 TRACE 58992 --- [           main] o.s.b.f.s.DefaultListableBeanFactory     : Returning cached instance of singleton bean 'autoConfigurationReport'
2024-01-13 22:39:12.449 TRACE 58992 --- [           main] o.s.b.f.s.DefaultListableBeanFactory     : Returning cached instance of singleton bean 'autoConfigurationReport'
2024-01-13 22:39:12.449 TRACE 58992 --- [           main] o.s.b.f.s.DefaultListableBeanFactory     : Returning cached instance of singleton bean 'autoConfigurationReport'
2024-01-13 22:39:12.449 TRACE 58992 --- [           main] o.s.b.f.s.DefaultListableBeanFactory     : Returning cached instance of singleton bean 'autoConfigurationReport'
2024-01-13 22:39:12.450 TRACE 58992 --- [           main] o.s.b.f.s.DefaultListableBeanFactory     : Returning cached instance of singleton bean 'autoConfigurationReport'
2024-01-13 22:39:12.450 TRACE 58992 --- [           main] o.s.b.f.s.DefaultListableBeanFactory     : Returning cached instance of singleton bean 'autoConfigurationReport'
2024-01-13 22:39:12.450 TRACE 58992 --- [           main] o.s.b.f.s.DefaultListableBeanFactory     : Returning cached instance of singleton bean 'autoConfigurationReport'
2024-01-13 22:39:12.450 TRACE 58992 --- [           main] o.s.b.f.s.DefaultListableBeanFactory     : Returning cached instance of singleton bean 'autoConfigurationReport'
2024-01-13 22:39:12.450 TRACE 58992 --- [           main] o.s.b.f.s.DefaultListableBeanFactory     : Returning cached instance of singleton bean 'autoConfigurationReport'
2024-01-13 22:39:12.450 TRACE 58992 --- [           main] o.s.b.f.s.DefaultListableBeanFactory     : Returning cached instance of singleton bean 'autoConfigurationReport'
2024-01-13 22:39:12.450 TRACE 58992 --- [           main] o.s.b.f.s.DefaultListableBeanFactory     : Returning cached instance of singleton bean 'autoConfigurationReport'
2024-01-13 22:39:12.450 TRACE 58992 --- [           main] o.s.b.f.s.DefaultListableBeanFactory     : Returning cached instance of singleton bean 'autoConfigurationReport'
2024-01-13 22:39:12.450 TRACE 58992 --- [           main] o.s.b.f.s.DefaultListableBeanFactory     : Returning cached instance of singleton bean 'autoConfigurationReport'
2024-01-13 22:39:12.450 TRACE 58992 --- [           main] o.s.b.f.s.DefaultListableBeanFactory     : Returning cached instance of singleton bean 'autoConfigurationReport'
2024-01-13 22:39:12.450 TRACE 58992 --- [           main] o.s.b.f.s.DefaultListableBeanFactory     : Returning cached instance of singleton bean 'autoConfigurationReport'
2024-01-13 22:39:12.450 TRACE 58992 --- [           main] o.s.b.f.s.DefaultListableBeanFactory     : Returning cached instance of singleton bean 'autoConfigurationReport'
2024-01-13 22:39:12.450 TRACE 58992 --- [           main] o.s.b.f.s.DefaultListableBeanFactory     : Returning cached instance of singleton bean 'autoConfigurationReport'
2024-01-13 22:39:12.450 TRACE 58992 --- [           main] o.s.b.f.s.DefaultListableBeanFactory     : Returning cached instance of singleton bean 'autoConfigurationReport'
2024-01-13 22:39:12.450 TRACE 58992 --- [           main] o.s.b.f.s.DefaultListableBeanFactory     : Returning cached instance of singleton bean 'autoConfigurationReport'
2024-01-13 22:39:12.450 TRACE 58992 --- [           main] o.s.b.f.s.DefaultListableBeanFactory     : Returning cached instance of singleton bean 'autoConfigurationReport'
2024-01-13 22:39:12.450 TRACE 58992 --- [           main] o.s.b.f.s.DefaultListableBeanFactory     : Returning cached instance of singleton bean 'autoConfigurationReport'
2024-01-13 22:39:12.450 TRACE 58992 --- [           main] o.s.b.f.s.DefaultListableBeanFactory     : Returning cached instance of singleton bean 'autoConfigurationReport'
2024-01-13 22:39:12.450 TRACE 58992 --- [           main] o.s.b.f.s.DefaultListableBeanFactory     : Returning cached instance of singleton bean 'autoConfigurationReport'
2024-01-13 22:39:12.450 TRACE 58992 --- [           main] o.s.b.f.s.DefaultListableBeanFactory     : Returning cached instance of singleton bean 'autoConfigurationReport'
2024-01-13 22:39:12.450 TRACE 58992 --- [           main] o.s.b.f.s.DefaultListableBeanFactory     : Returning cached instance of singleton bean 'autoConfigurationReport'
2024-01-13 22:39:12.450 TRACE 58992 --- [           main] o.s.b.f.s.DefaultListableBeanFactory     : Returning cached instance of singleton bean 'autoConfigurationReport'
2024-01-13 22:39:12.450 TRACE 58992 --- [           main] o.s.b.f.s.DefaultListableBeanFactory     : Returning cached instance of singleton bean 'autoConfigurationReport'
2024-01-13 22:39:12.450 TRACE 58992 --- [           main] o.s.b.f.s.DefaultListableBeanFactory     : Returning cached instance of singleton bean 'autoConfigurationReport'
2024-01-13 22:39:12.450 TRACE 58992 --- [           main] o.s.b.f.s.DefaultListableBeanFactory     : Returning cached instance of singleton bean 'autoConfigurationReport'
2024-01-13 22:39:12.450 TRACE 58992 --- [           main] o.s.b.f.s.DefaultListableBeanFactory     : Returning cached instance of singleton bean 'autoConfigurationReport'
2024-01-13 22:39:12.450 TRACE 58992 --- [           main] o.s.b.f.s.DefaultListableBeanFactory     : Returning cached instance of singleton bean 'autoConfigurationReport'
2024-01-13 22:39:12.450 TRACE 58992 --- [           main] o.s.b.f.s.DefaultListableBeanFactory     : Returning cached instance of singleton bean 'autoConfigurationReport'
2024-01-13 22:39:12.450 TRACE 58992 --- [           main] o.s.b.f.s.DefaultListableBeanFactory     : Returning cached instance of singleton bean 'autoConfigurationReport'
2024-01-13 22:39:12.450 TRACE 58992 --- [           main] o.s.b.f.s.DefaultListableBeanFactory     : Returning cached instance of singleton bean 'autoConfigurationReport'
2024-01-13 22:39:12.450 TRACE 58992 --- [           main] o.s.b.f.s.DefaultListableBeanFactory     : Returning cached instance of singleton bean 'autoConfigurationReport'
2024-01-13 22:39:12.450 TRACE 58992 --- [           main] o.s.b.f.s.DefaultListableBeanFactory     : Returning cached instance of singleton bean 'autoConfigurationReport'
2024-01-13 22:39:12.450 TRACE 58992 --- [           main] o.s.b.f.s.DefaultListableBeanFactory     : Returning cached instance of singleton bean 'autoConfigurationReport'
2024-01-13 22:39:12.450 TRACE 58992 --- [           main] o.s.b.f.s.DefaultListableBeanFactory     : Returning cached instance of singleton bean 'autoConfigurationReport'
2024-01-13 22:39:12.450 TRACE 58992 --- [           main] o.s.b.f.s.DefaultListableBeanFactory     : Returning cached instance of singleton bean 'autoConfigurationReport'
2024-01-13 22:39:12.450 TRACE 58992 --- [           main] o.s.b.f.s.DefaultListableBeanFactory     : Returning cached instance of singleton bean 'autoConfigurationReport'
2024-01-13 22:39:12.450 TRACE 58992 --- [           main] o.s.b.f.s.DefaultListableBeanFactory     : Returning cached instance of singleton bean 'autoConfigurationReport'
2024-01-13 22:39:12.450 TRACE 58992 --- [           main] o.s.b.f.s.DefaultListableBeanFactory     : Returning cached instance of singleton bean 'autoConfigurationReport'
2024-01-13 22:39:12.450 TRACE 58992 --- [           main] o.s.b.f.s.DefaultListableBeanFactory     : Returning cached instance of singleton bean 'autoConfigurationReport'
2024-01-13 22:39:12.450 TRACE 58992 --- [           main] o.s.b.f.s.DefaultListableBeanFactory     : Returning cached instance of singleton bean 'autoConfigurationReport'
2024-01-13 22:39:12.450 TRACE 58992 --- [           main] o.s.b.f.s.DefaultListableBeanFactory     : Returning cached instance of singleton bean 'autoConfigurationReport'
2024-01-13 22:39:12.450 TRACE 58992 --- [           main] o.s.b.f.s.DefaultListableBeanFactory     : Returning cached instance of singleton bean 'autoConfigurationReport'
2024-01-13 22:39:12.450 TRACE 58992 --- [           main] o.s.b.f.s.DefaultListableBeanFactory     : Returning cached instance of singleton bean 'autoConfigurationReport'
2024-01-13 22:39:12.450 TRACE 58992 --- [           main] o.s.b.f.s.DefaultListableBeanFactory     : Returning cached instance of singleton bean 'autoConfigurationReport'
2024-01-13 22:39:12.450 TRACE 58992 --- [           main] o.s.b.f.s.DefaultListableBeanFactory     : Returning cached instance of singleton bean 'autoConfigurationReport'
2024-01-13 22:39:12.450 TRACE 58992 --- [           main] o.s.b.f.s.DefaultListableBeanFactory     : Returning cached instance of singleton bean 'autoConfigurationReport'
2024-01-13 22:39:12.450 TRACE 58992 --- [           main] o.s.b.f.s.DefaultListableBeanFactory     : Returning cached instance of singleton bean 'autoConfigurationReport'
2024-01-13 22:39:12.450 TRACE 58992 --- [           main] o.s.b.f.s.DefaultListableBeanFactory     : Returning cached instance of singleton bean 'autoConfigurationReport'
2024-01-13 22:39:12.450 TRACE 58992 --- [           main] o.s.b.f.s.DefaultListableBeanFactory     : Returning cached instance of singleton bean 'autoConfigurationReport'
2024-01-13 22:39:12.450 TRACE 58992 --- [           main] o.s.b.f.s.DefaultListableBeanFactory     : Returning cached instance of singleton bean 'autoConfigurationReport'
2024-01-13 22:39:12.450 TRACE 58992 --- [           main] o.s.b.f.s.DefaultListableBeanFactory     : Returning cached instance of singleton bean 'autoConfigurationReport'
2024-01-13 22:39:12.450 TRACE 58992 --- [           main] o.s.b.f.s.DefaultListableBeanFactory     : Returning cached instance of singleton bean 'autoConfigurationReport'
2024-01-13 22:39:12.450 TRACE 58992 --- [           main] o.s.b.f.s.DefaultListableBeanFactory     : Returning cached instance of singleton bean 'autoConfigurationReport'
2024-01-13 22:39:12.450 TRACE 58992 --- [           main] o.s.b.f.s.DefaultListableBeanFactory     : Returning cached instance of singleton bean 'autoConfigurationReport'
2024-01-13 22:39:12.451 TRACE 58992 --- [           main] o.s.b.a.condition.OnClassCondition       : Condition OnClassCondition on org.springframework.boot.autoconfigure.security.servlet.SecurityAutoConfiguration matched due to @ConditionalOnClass found required class 'org.springframework.security.authentication.DefaultAuthenticationEventPublisher'
2024-01-13 22:39:12.451 TRACE 58992 --- [           main] o.s.b.f.s.DefaultListableBeanFactory     : Returning cached instance of singleton bean 'autoConfigurationReport'
2024-01-13 22:39:12.451 TRACE 58992 --- [           main] o.s.b.f.s.DefaultListableBeanFactory     : Returning cached instance of singleton bean 'autoConfigurationReport'
2024-01-13 22:39:12.451 TRACE 58992 --- [           main] o.s.b.f.s.DefaultListableBeanFactory     : Returning cached instance of singleton bean 'autoConfigurationReport'
2024-01-13 22:39:12.451 TRACE 58992 --- [           main] o.s.b.f.s.DefaultListableBeanFactory     : Returning cached instance of singleton bean 'autoConfigurationReport'
2024-01-13 22:39:12.451 TRACE 58992 --- [           main] o.s.b.f.s.DefaultListableBeanFactory     : Returning cached instance of singleton bean 'autoConfigurationReport'
2024-01-13 22:39:12.451 TRACE 58992 --- [           main] o.s.b.f.s.DefaultListableBeanFactory     : Returning cached instance of singleton bean 'autoConfigurationReport'
2024-01-13 22:39:12.451 TRACE 58992 --- [           main] o.s.b.f.s.DefaultListableBeanFactory     : Returning cached instance of singleton bean 'autoConfigurationReport'
2024-01-13 22:39:12.451 TRACE 58992 --- [           main] o.s.b.a.c.OnWebApplicationCondition      : Condition OnWebApplicationCondition on org.springframework.boot.autoconfigure.security.servlet.SpringBootWebSecurityConfiguration matched due to found 'session' scope
2024-01-13 22:39:12.451 TRACE 58992 --- [           main] o.s.b.f.s.DefaultListableBeanFactory     : Returning cached instance of singleton bean 'autoConfigurationReport'
2024-01-13 22:39:12.451 TRACE 58992 --- [           main] o.s.b.f.s.DefaultListableBeanFactory     : Returning cached instance of singleton bean 'autoConfigurationReport'
2024-01-13 22:39:12.451 TRACE 58992 --- [           main] o.s.b.f.s.DefaultListableBeanFactory     : Returning cached instance of singleton bean 'autoConfigurationReport'
2024-01-13 22:39:12.451 TRACE 58992 --- [           main] o.s.b.f.s.DefaultListableBeanFactory     : Returning cached instance of singleton bean 'autoConfigurationReport'
2024-01-13 22:39:12.451 TRACE 58992 --- [           main] o.s.b.f.s.DefaultListableBeanFactory     : Returning cached instance of singleton bean 'autoConfigurationReport'
2024-01-13 22:39:12.451 TRACE 58992 --- [           main] o.s.b.f.s.DefaultListableBeanFactory     : Returning cached instance of singleton bean 'autoConfigurationReport'
2024-01-13 22:39:12.451 TRACE 58992 --- [           main] o.s.b.f.s.DefaultListableBeanFactory     : Returning cached instance of singleton bean 'autoConfigurationReport'
2024-01-13 22:39:12.451 TRACE 58992 --- [           main] o.s.b.a.condition.OnClassCondition       : Condition OnClassCondition on org.springframework.boot.autoconfigure.security.servlet.WebSecurityEnablerConfiguration matched due to @ConditionalOnClass found required class 'org.springframework.security.config.annotation.web.configuration.EnableWebSecurity'
2024-01-13 22:39:12.451 TRACE 58992 --- [           main] o.s.b.f.s.DefaultListableBeanFactory     : Returning cached instance of singleton bean 'autoConfigurationReport'
2024-01-13 22:39:12.451 TRACE 58992 --- [           main] o.s.b.a.c.OnWebApplicationCondition      : Condition OnWebApplicationCondition on org.springframework.boot.autoconfigure.security.servlet.WebSecurityEnablerConfiguration matched due to found 'session' scope
2024-01-13 22:39:12.451 TRACE 58992 --- [           main] o.s.b.f.s.DefaultListableBeanFactory     : Returning cached instance of singleton bean 'autoConfigurationReport'
2024-01-13 22:39:12.451 TRACE 58992 --- [           main] o.s.b.f.s.DefaultListableBeanFactory     : Returning cached instance of singleton bean 'autoConfigurationReport'
2024-01-13 22:39:12.451 TRACE 58992 --- [           main] o.s.b.f.s.DefaultListableBeanFactory     : Returning cached instance of singleton bean 'autoConfigurationReport'
2024-01-13 22:39:12.451 TRACE 58992 --- [           main] o.s.b.f.s.DefaultListableBeanFactory     : Returning cached instance of singleton bean 'autoConfigurationReport'
2024-01-13 22:39:12.451 TRACE 58992 --- [           main] o.s.b.f.s.DefaultListableBeanFactory     : Returning cached instance of singleton bean 'autoConfigurationReport'
2024-01-13 22:39:12.451 TRACE 58992 --- [           main] o.s.b.f.s.DefaultListableBeanFactory     : Returning cached instance of singleton bean 'autoConfigurationReport'
2024-01-13 22:39:12.451 TRACE 58992 --- [           main] o.s.b.f.s.DefaultListableBeanFactory     : Returning cached instance of singleton bean 'autoConfigurationReport'
2024-01-13 22:39:12.452 TRACE 58992 --- [           main] o.s.b.f.s.DefaultListableBeanFactory     : Returning cached instance of singleton bean 'autoConfigurationReport'
2024-01-13 22:39:12.452 TRACE 58992 --- [           main] o.s.b.f.s.DefaultListableBeanFactory     : Returning cached instance of singleton bean 'autoConfigurationReport'
2024-01-13 22:39:12.452 TRACE 58992 --- [           main] o.s.b.f.s.DefaultListableBeanFactory     : Returning cached instance of singleton bean 'autoConfigurationReport'
2024-01-13 22:39:12.452 TRACE 58992 --- [           main] o.s.b.f.s.DefaultListableBeanFactory     : Returning cached instance of singleton bean 'autoConfigurationReport'
2024-01-13 22:39:12.452 TRACE 58992 --- [           main] o.s.b.f.s.DefaultListableBeanFactory     : Returning cached instance of singleton bean 'autoConfigurationReport'
2024-01-13 22:39:12.452 TRACE 58992 --- [           main] o.s.b.f.s.DefaultListableBeanFactory     : Returning cached instance of singleton bean 'autoConfigurationReport'
2024-01-13 22:39:12.452 TRACE 58992 --- [           main] o.s.b.f.s.DefaultListableBeanFactory     : Returning cached instance of singleton bean 'autoConfigurationReport'
2024-01-13 22:39:12.452 TRACE 58992 --- [           main] o.s.b.f.s.DefaultListableBeanFactory     : Returning cached instance of singleton bean 'autoConfigurationReport'
2024-01-13 22:39:12.452 TRACE 58992 --- [           main] o.s.b.f.s.DefaultListableBeanFactory     : Returning cached instance of singleton bean 'autoConfigurationReport'
2024-01-13 22:39:12.452 TRACE 58992 --- [           main] o.s.b.f.s.DefaultListableBeanFactory     : Returning cached instance of singleton bean 'autoConfigurationReport'
2024-01-13 22:39:12.452 TRACE 58992 --- [           main] o.s.b.f.s.DefaultListableBeanFactory     : Returning cached instance of singleton bean 'autoConfigurationReport'
2024-01-13 22:39:12.452 TRACE 58992 --- [           main] o.s.b.f.s.DefaultListableBeanFactory     : Returning cached instance of singleton bean 'autoConfigurationReport'
2024-01-13 22:39:12.452 TRACE 58992 --- [           main] o.s.b.f.s.DefaultListableBeanFactory     : Returning cached instance of singleton bean 'autoConfigurationReport'
2024-01-13 22:39:12.452 TRACE 58992 --- [           main] o.s.b.f.s.DefaultListableBeanFactory     : Returning cached instance of singleton bean 'autoConfigurationReport'
2024-01-13 22:39:12.452 TRACE 58992 --- [           main] o.s.b.f.s.DefaultListableBeanFactory     : Returning cached instance of singleton bean 'autoConfigurationReport'
2024-01-13 22:39:12.452 TRACE 58992 --- [           main] o.s.b.f.s.DefaultListableBeanFactory     : Returning cached instance of singleton bean 'autoConfigurationReport'
2024-01-13 22:39:12.452 TRACE 58992 --- [           main] o.s.b.f.s.DefaultListableBeanFactory     : Returning cached instance of singleton bean 'autoConfigurationReport'
2024-01-13 22:39:12.452 TRACE 58992 --- [           main] o.s.b.f.s.DefaultListableBeanFactory     : Returning cached instance of singleton bean 'autoConfigurationReport'
2024-01-13 22:39:12.452 TRACE 58992 --- [           main] o.s.b.f.s.DefaultListableBeanFactory     : Returning cached instance of singleton bean 'autoConfigurationReport'
2024-01-13 22:39:12.452 TRACE 58992 --- [           main] o.s.b.f.s.DefaultListableBeanFactory     : Returning cached instance of singleton bean 'autoConfigurationReport'
2024-01-13 22:39:12.452 TRACE 58992 --- [           main] o.s.b.f.s.DefaultListableBeanFactory     : Returning cached instance of singleton bean 'autoConfigurationReport'
2024-01-13 22:39:12.452 TRACE 58992 --- [           main] o.s.b.f.s.DefaultListableBeanFactory     : Returning cached instance of singleton bean 'autoConfigurationReport'
2024-01-13 22:39:12.452 TRACE 58992 --- [           main] o.s.b.f.s.DefaultListableBeanFactory     : Returning cached instance of singleton bean 'autoConfigurationReport'
2024-01-13 22:39:12.452 TRACE 58992 --- [           main] o.s.b.f.s.DefaultListableBeanFactory     : Returning cached instance of singleton bean 'autoConfigurationReport'
2024-01-13 22:39:12.453 TRACE 58992 --- [           main] o.s.b.f.s.DefaultListableBeanFactory     : Returning cached instance of singleton bean 'autoConfigurationReport'
2024-01-13 22:39:12.453 TRACE 58992 --- [           main] o.s.b.f.s.DefaultListableBeanFactory     : Returning cached instance of singleton bean 'autoConfigurationReport'
2024-01-13 22:39:12.453 TRACE 58992 --- [           main] o.s.b.f.s.DefaultListableBeanFactory     : Returning cached instance of singleton bean 'autoConfigurationReport'
2024-01-13 22:39:12.453 TRACE 58992 --- [           main] o.s.b.f.s.DefaultListableBeanFactory     : Returning cached instance of singleton bean 'autoConfigurationReport'
2024-01-13 22:39:12.453 TRACE 58992 --- [           main] o.s.b.f.s.DefaultListableBeanFactory     : Returning cached instance of singleton bean 'autoConfigurationReport'
2024-01-13 22:39:12.453 TRACE 58992 --- [           main] o.s.b.f.s.DefaultListableBeanFactory     : Returning cached instance of singleton bean 'autoConfigurationReport'
2024-01-13 22:39:12.453 TRACE 58992 --- [           main] o.s.b.f.s.DefaultListableBeanFactory     : Returning cached instance of singleton bean 'autoConfigurationReport'
2024-01-13 22:39:12.453 TRACE 58992 --- [           main] o.s.b.f.s.DefaultListableBeanFactory     : Returning cached instance of singleton bean 'autoConfigurationReport'
2024-01-13 22:39:12.453 TRACE 58992 --- [           main] o.s.b.f.s.DefaultListableBeanFactory     : Returning cached instance of singleton bean 'autoConfigurationReport'
2024-01-13 22:39:12.453 TRACE 58992 --- [           main] o.s.b.f.s.DefaultListableBeanFactory     : Returning cached instance of singleton bean 'autoConfigurationReport'
2024-01-13 22:39:12.453 TRACE 58992 --- [           main] o.s.b.f.s.DefaultListableBeanFactory     : Returning cached instance of singleton bean 'autoConfigurationReport'
2024-01-13 22:39:12.453 TRACE 58992 --- [           main] o.s.b.f.s.DefaultListableBeanFactory     : Returning cached instance of singleton bean 'autoConfigurationReport'
2024-01-13 22:39:12.453 TRACE 58992 --- [           main] o.s.b.a.condition.OnClassCondition       : Condition OnClassCondition on org.springframework.boot.autoconfigure.security.SecurityDataConfiguration did not match due to @ConditionalOnClass did not find required class 'org.springframework.security.data.repository.query.SecurityEvaluationContextExtension'
2024-01-13 22:39:12.453 TRACE 58992 --- [           main] o.s.b.f.s.DefaultListableBeanFactory     : Returning cached instance of singleton bean 'autoConfigurationReport'
2024-01-13 22:39:12.453 TRACE 58992 --- [           main] o.s.b.f.s.DefaultListableBeanFactory     : Returning cached instance of singleton bean 'autoConfigurationReport'
2024-01-13 22:39:12.453 TRACE 58992 --- [           main] o.s.b.f.s.DefaultListableBeanFactory     : Returning cached instance of singleton bean 'autoConfigurationReport'
2024-01-13 22:39:12.453 TRACE 58992 --- [           main] o.s.b.f.s.DefaultListableBeanFactory     : Returning cached instance of singleton bean 'autoConfigurationReport'
2024-01-13 22:39:12.453 TRACE 58992 --- [           main] o.s.b.f.s.DefaultListableBeanFactory     : Returning cached instance of singleton bean 'autoConfigurationReport'
2024-01-13 22:39:12.453 TRACE 58992 --- [           main] o.s.b.f.s.DefaultListableBeanFactory     : Returning cached instance of singleton bean 'autoConfigurationReport'
2024-01-13 22:39:12.453 TRACE 58992 --- [           main] o.s.b.f.s.DefaultListableBeanFactory     : Returning cached instance of singleton bean 'autoConfigurationReport'
2024-01-13 22:39:12.453 TRACE 58992 --- [           main] o.s.b.f.s.DefaultListableBeanFactory     : Returning cached instance of singleton bean 'autoConfigurationReport'
2024-01-13 22:39:12.453 TRACE 58992 --- [           main] o.s.b.f.s.DefaultListableBeanFactory     : Returning cached instance of singleton bean 'autoConfigurationReport'
2024-01-13 22:39:12.453 TRACE 58992 --- [           main] o.s.b.f.s.DefaultListableBeanFactory     : Returning cached instance of singleton bean 'autoConfigurationReport'
2024-01-13 22:39:12.453 TRACE 58992 --- [           main] o.s.b.f.s.DefaultListableBeanFactory     : Returning cached instance of singleton bean 'autoConfigurationReport'
2024-01-13 22:39:12.453 TRACE 58992 --- [           main] o.s.b.f.s.DefaultListableBeanFactory     : Returning cached instance of singleton bean 'autoConfigurationReport'
2024-01-13 22:39:12.453 TRACE 58992 --- [           main] o.s.b.f.s.DefaultListableBeanFactory     : Returning cached instance of singleton bean 'autoConfigurationReport'
2024-01-13 22:39:12.453 TRACE 58992 --- [           main] o.s.b.a.condition.OnClassCondition       : Condition OnClassCondition on org.springframework.boot.autoconfigure.security.servlet.SecurityFilterAutoConfiguration matched due to @ConditionalOnClass found required classes 'org.springframework.security.web.context.AbstractSecurityWebApplicationInitializer', 'org.springframework.security.config.http.SessionCreationPolicy'
2024-01-13 22:39:12.453 TRACE 58992 --- [           main] o.s.b.f.s.DefaultListableBeanFactory     : Returning cached instance of singleton bean 'autoConfigurationReport'
2024-01-13 22:39:12.453 TRACE 58992 --- [           main] o.s.b.a.c.OnWebApplicationCondition      : Condition OnWebApplicationCondition on org.springframework.boot.autoconfigure.security.servlet.SecurityFilterAutoConfiguration matched due to found 'session' scope
2024-01-13 22:39:12.453 TRACE 58992 --- [           main] o.s.b.f.s.DefaultListableBeanFactory     : Returning cached instance of singleton bean 'autoConfigurationReport'
2024-01-13 22:39:12.453 TRACE 58992 --- [           main] o.s.b.f.s.DefaultListableBeanFactory     : Returning cached instance of singleton bean 'autoConfigurationReport'
2024-01-13 22:39:12.453 TRACE 58992 --- [           main] o.s.b.f.s.DefaultListableBeanFactory     : Returning cached instance of singleton bean 'autoConfigurationReport'
2024-01-13 22:39:12.453 TRACE 58992 --- [           main] o.s.b.f.s.DefaultListableBeanFactory     : Returning cached instance of singleton bean 'autoConfigurationReport'
2024-01-13 22:39:12.453 TRACE 58992 --- [           main] o.s.b.f.s.DefaultListableBeanFactory     : Returning cached instance of singleton bean 'autoConfigurationReport'
2024-01-13 22:39:12.453 TRACE 58992 --- [           main] o.s.b.f.s.DefaultListableBeanFactory     : Returning cached instance of singleton bean 'autoConfigurationReport'
2024-01-13 22:39:12.453 TRACE 58992 --- [           main] o.s.b.f.s.DefaultListableBeanFactory     : Returning cached instance of singleton bean 'autoConfigurationReport'
2024-01-13 22:39:12.454 TRACE 58992 --- [           main] o.s.b.f.s.DefaultListableBeanFactory     : Returning cached instance of singleton bean 'autoConfigurationReport'
2024-01-13 22:39:12.454 TRACE 58992 --- [           main] o.s.b.f.s.DefaultListableBeanFactory     : Returning cached instance of singleton bean 'autoConfigurationReport'
2024-01-13 22:39:12.454 TRACE 58992 --- [           main] o.s.b.f.s.DefaultListableBeanFactory     : Returning cached instance of singleton bean 'autoConfigurationReport'
2024-01-13 22:39:12.454 TRACE 58992 --- [           main] o.s.b.f.s.DefaultListableBeanFactory     : Returning cached instance of singleton bean 'autoConfigurationReport'
2024-01-13 22:39:12.454 TRACE 58992 --- [           main] o.s.b.f.s.DefaultListableBeanFactory     : Returning cached instance of singleton bean 'autoConfigurationReport'
2024-01-13 22:39:12.454 TRACE 58992 --- [           main] o.s.b.f.s.DefaultListableBeanFactory     : Returning cached instance of singleton bean 'autoConfigurationReport'
2024-01-13 22:39:12.454 TRACE 58992 --- [           main] o.s.b.f.s.DefaultListableBeanFactory     : Returning cached instance of singleton bean 'autoConfigurationReport'
2024-01-13 22:39:12.454 TRACE 58992 --- [           main] o.s.b.f.s.DefaultListableBeanFactory     : Returning cached instance of singleton bean 'autoConfigurationReport'
2024-01-13 22:39:12.454 TRACE 58992 --- [           main] o.s.b.f.s.DefaultListableBeanFactory     : Returning cached instance of singleton bean 'autoConfigurationReport'
2024-01-13 22:39:12.454 TRACE 58992 --- [           main] o.s.b.f.s.DefaultListableBeanFactory     : Returning cached instance of singleton bean 'autoConfigurationReport'
2024-01-13 22:39:12.454 TRACE 58992 --- [           main] o.s.b.f.s.DefaultListableBeanFactory     : Returning cached instance of singleton bean 'autoConfigurationReport'
2024-01-13 22:39:12.454 TRACE 58992 --- [           main] o.s.b.f.s.DefaultListableBeanFactory     : Returning cached instance of singleton bean 'autoConfigurationReport'
2024-01-13 22:39:12.454 TRACE 58992 --- [           main] o.s.b.a.condition.OnClassCondition       : Condition OnClassCondition on org.springframework.boot.autoconfigure.security.servlet.UserDetailsServiceAutoConfiguration matched due to @ConditionalOnClass found required class 'org.springframework.security.authentication.AuthenticationManager'
2024-01-13 22:39:12.454 TRACE 58992 --- [           main] o.s.b.f.s.DefaultListableBeanFactory     : Returning cached instance of singleton bean 'autoConfigurationReport'
2024-01-13 22:39:12.454 TRACE 58992 --- [           main] o.s.b.f.s.DefaultListableBeanFactory     : Returning cached instance of singleton bean 'autoConfigurationReport'
2024-01-13 22:39:12.454 TRACE 58992 --- [           main] o.s.b.f.s.DefaultListableBeanFactory     : Returning cached instance of singleton bean 'autoConfigurationReport'
2024-01-13 22:39:12.454 TRACE 58992 --- [           main] o.s.b.f.s.DefaultListableBeanFactory     : Returning cached instance of singleton bean 'autoConfigurationReport'
2024-01-13 22:39:12.454 TRACE 58992 --- [           main] o.s.b.f.s.DefaultListableBeanFactory     : Returning cached instance of singleton bean 'autoConfigurationReport'
2024-01-13 22:39:12.454 TRACE 58992 --- [           main] o.s.b.f.s.DefaultListableBeanFactory     : Returning cached instance of singleton bean 'autoConfigurationReport'
2024-01-13 22:39:12.454 TRACE 58992 --- [           main] o.s.b.f.s.DefaultListableBeanFactory     : Returning cached instance of singleton bean 'autoConfigurationReport'
2024-01-13 22:39:12.454 TRACE 58992 --- [           main] o.s.b.f.s.DefaultListableBeanFactory     : Returning cached instance of singleton bean 'autoConfigurationReport'
2024-01-13 22:39:12.454 TRACE 58992 --- [           main] o.s.b.f.s.DefaultListableBeanFactory     : Returning cached instance of singleton bean 'autoConfigurationReport'
2024-01-13 22:39:12.454 TRACE 58992 --- [           main] o.s.b.f.s.DefaultListableBeanFactory     : Returning cached instance of singleton bean 'autoConfigurationReport'
2024-01-13 22:39:12.454 TRACE 58992 --- [           main] o.s.b.f.s.DefaultListableBeanFactory     : Returning cached instance of singleton bean 'autoConfigurationReport'
2024-01-13 22:39:12.454 TRACE 58992 --- [           main] o.s.b.f.s.DefaultListableBeanFactory     : Returning cached instance of singleton bean 'autoConfigurationReport'
2024-01-13 22:39:12.454 TRACE 58992 --- [           main] o.s.b.f.s.DefaultListableBeanFactory     : Returning cached instance of singleton bean 'autoConfigurationReport'
2024-01-13 22:39:12.454 TRACE 58992 --- [           main] o.s.b.f.s.DefaultListableBeanFactory     : Returning cached instance of singleton bean 'autoConfigurationReport'
2024-01-13 22:39:12.454 TRACE 58992 --- [           main] o.s.b.f.s.DefaultListableBeanFactory     : Returning cached instance of singleton bean 'autoConfigurationReport'
2024-01-13 22:39:12.454 TRACE 58992 --- [           main] o.s.b.f.s.DefaultListableBeanFactory     : Returning cached instance of singleton bean 'autoConfigurationReport'
2024-01-13 22:39:12.454 TRACE 58992 --- [           main] o.s.b.f.s.DefaultListableBeanFactory     : Returning cached instance of singleton bean 'autoConfigurationReport'
2024-01-13 22:39:12.454 TRACE 58992 --- [           main] o.s.b.f.s.DefaultListableBeanFactory     : Returning cached instance of singleton bean 'autoConfigurationReport'
2024-01-13 22:39:12.454 TRACE 58992 --- [           main] o.s.b.f.s.DefaultListableBeanFactory     : Returning cached instance of singleton bean 'autoConfigurationReport'
2024-01-13 22:39:12.454 TRACE 58992 --- [           main] o.s.b.a.condition.OnClassCondition       : Condition OnClassCondition on org.springframework.boot.autoconfigure.thymeleaf.ThymeleafAutoConfiguration matched due to @ConditionalOnClass found required classes 'org.thymeleaf.templatemode.TemplateMode', 'org.thymeleaf.spring5.SpringTemplateEngine'
2024-01-13 22:39:12.454 TRACE 58992 --- [           main] o.s.b.f.s.DefaultListableBeanFactory     : Returning cached instance of singleton bean 'autoConfigurationReport'
2024-01-13 22:39:12.454 TRACE 58992 --- [           main] o.s.b.f.s.DefaultListableBeanFactory     : Returning cached instance of singleton bean 'autoConfigurationReport'
2024-01-13 22:39:12.454 TRACE 58992 --- [           main] o.s.b.f.s.DefaultListableBeanFactory     : Returning cached instance of singleton bean 'autoConfigurationReport'
2024-01-13 22:39:12.454 TRACE 58992 --- [           main] o.s.b.f.s.DefaultListableBeanFactory     : Returning cached instance of singleton bean 'autoConfigurationReport'
2024-01-13 22:39:12.454 TRACE 58992 --- [           main] o.s.b.f.s.DefaultListableBeanFactory     : Returning cached instance of singleton bean 'autoConfigurationReport'
2024-01-13 22:39:12.454 TRACE 58992 --- [           main] o.s.b.f.s.DefaultListableBeanFactory     : Returning cached instance of singleton bean 'autoConfigurationReport'
2024-01-13 22:39:12.454 TRACE 58992 --- [           main] o.s.b.f.s.DefaultListableBeanFactory     : Returning cached instance of singleton bean 'autoConfigurationReport'
2024-01-13 22:39:12.455 TRACE 58992 --- [           main] o.s.b.a.condition.OnClassCondition       : Condition OnClassCondition on org.springframework.boot.autoconfigure.thymeleaf.ThymeleafAutoConfiguration$ThymeleafJava8TimeDialect matched due to @ConditionalOnClass found required class 'org.thymeleaf.extras.java8time.dialect.Java8TimeDialect'
2024-01-13 22:39:12.455 TRACE 58992 --- [           main] o.s.b.f.s.DefaultListableBeanFactory     : Returning cached instance of singleton bean 'autoConfigurationReport'
2024-01-13 22:39:12.455 TRACE 58992 --- [           main] o.s.b.f.s.DefaultListableBeanFactory     : Returning cached instance of singleton bean 'autoConfigurationReport'
2024-01-13 22:39:12.455 TRACE 58992 --- [           main] o.s.b.f.s.DefaultListableBeanFactory     : Returning cached instance of singleton bean 'autoConfigurationReport'
2024-01-13 22:39:12.455 TRACE 58992 --- [           main] o.s.b.f.s.DefaultListableBeanFactory     : Returning cached instance of singleton bean 'autoConfigurationReport'
2024-01-13 22:39:12.455 TRACE 58992 --- [           main] o.s.b.f.s.DefaultListableBeanFactory     : Returning cached instance of singleton bean 'autoConfigurationReport'
2024-01-13 22:39:12.455 TRACE 58992 --- [           main] o.s.b.f.s.DefaultListableBeanFactory     : Returning cached instance of singleton bean 'autoConfigurationReport'
2024-01-13 22:39:12.455 TRACE 58992 --- [           main] o.s.b.f.s.DefaultListableBeanFactory     : Returning cached instance of singleton bean 'autoConfigurationReport'
2024-01-13 22:39:12.455 TRACE 58992 --- [           main] o.s.b.a.condition.OnClassCondition       : Condition OnClassCondition on org.springframework.boot.autoconfigure.thymeleaf.ThymeleafAutoConfiguration$ThymeleafSecurityDialectConfiguration did not match due to @ConditionalOnClass did not find required class 'org.thymeleaf.extras.springsecurity5.dialect.SpringSecurityDialect'
2024-01-13 22:39:12.455 TRACE 58992 --- [           main] o.s.b.f.s.DefaultListableBeanFactory     : Returning cached instance of singleton bean 'autoConfigurationReport'
2024-01-13 22:39:12.455 TRACE 58992 --- [           main] o.s.b.a.condition.OnClassCondition       : Condition OnClassCondition on org.springframework.boot.autoconfigure.thymeleaf.ThymeleafAutoConfiguration$DataAttributeDialectConfiguration did not match due to @ConditionalOnClass did not find required class 'com.github.mxab.thymeleaf.extras.dataattribute.dialect.DataAttributeDialect'
2024-01-13 22:39:12.455 TRACE 58992 --- [           main] o.s.b.f.s.DefaultListableBeanFactory     : Returning cached instance of singleton bean 'autoConfigurationReport'
2024-01-13 22:39:12.455 TRACE 58992 --- [           main] o.s.b.a.condition.OnClassCondition       : Condition OnClassCondition on org.springframework.boot.autoconfigure.thymeleaf.ThymeleafAutoConfiguration$ThymeleafWebLayoutConfiguration did not match due to @ConditionalOnClass did not find required class 'nz.net.ultraq.thymeleaf.LayoutDialect'
2024-01-13 22:39:12.455 TRACE 58992 --- [           main] o.s.b.f.s.DefaultListableBeanFactory     : Returning cached instance of singleton bean 'autoConfigurationReport'
2024-01-13 22:39:12.455 TRACE 58992 --- [           main] o.s.b.a.c.OnWebApplicationCondition      : Condition OnWebApplicationCondition on org.springframework.boot.autoconfigure.thymeleaf.ThymeleafAutoConfiguration$ThymeleafWebFluxConfiguration did not match due to did not find reactive web application classes
2024-01-13 22:39:12.455 TRACE 58992 --- [           main] o.s.b.f.s.DefaultListableBeanFactory     : Returning cached instance of singleton bean 'autoConfigurationReport'
2024-01-13 22:39:12.455 TRACE 58992 --- [           main] o.s.b.a.c.OnWebApplicationCondition      : Condition OnWebApplicationCondition on org.springframework.boot.autoconfigure.thymeleaf.ThymeleafAutoConfiguration$ThymeleafReactiveConfiguration did not match due to did not find reactive web application classes
2024-01-13 22:39:12.455 TRACE 58992 --- [           main] o.s.b.f.s.DefaultListableBeanFactory     : Returning cached instance of singleton bean 'autoConfigurationReport'
2024-01-13 22:39:12.455 TRACE 58992 --- [           main] o.s.b.a.c.OnWebApplicationCondition      : Condition OnWebApplicationCondition on org.springframework.boot.autoconfigure.thymeleaf.ThymeleafAutoConfiguration$ThymeleafWebMvcConfiguration matched due to found 'session' scope
2024-01-13 22:39:12.455 TRACE 58992 --- [           main] o.s.b.f.s.DefaultListableBeanFactory     : Returning cached instance of singleton bean 'autoConfigurationReport'
2024-01-13 22:39:12.456 TRACE 58992 --- [           main] o.s.b.a.condition.OnPropertyCondition    : Condition OnPropertyCondition on org.springframework.boot.autoconfigure.thymeleaf.ThymeleafAutoConfiguration$ThymeleafWebMvcConfiguration matched due to @ConditionalOnProperty (spring.thymeleaf.enabled) matched
2024-01-13 22:39:12.456 TRACE 58992 --- [           main] o.s.b.f.s.DefaultListableBeanFactory     : Returning cached instance of singleton bean 'autoConfigurationReport'
2024-01-13 22:39:12.456 TRACE 58992 --- [           main] o.s.b.f.s.DefaultListableBeanFactory     : Returning cached instance of singleton bean 'autoConfigurationReport'
2024-01-13 22:39:12.456 TRACE 58992 --- [           main] o.s.b.f.s.DefaultListableBeanFactory     : Returning cached instance of singleton bean 'autoConfigurationReport'
2024-01-13 22:39:12.456 TRACE 58992 --- [           main] o.s.b.f.s.DefaultListableBeanFactory     : Returning cached instance of singleton bean 'autoConfigurationReport'
2024-01-13 22:39:12.456 TRACE 58992 --- [           main] o.s.b.f.s.DefaultListableBeanFactory     : Returning cached instance of singleton bean 'autoConfigurationReport'
2024-01-13 22:39:12.456 TRACE 58992 --- [           main] o.s.b.f.s.DefaultListableBeanFactory     : Returning cached instance of singleton bean 'autoConfigurationReport'
2024-01-13 22:39:12.456 TRACE 58992 --- [           main] o.s.b.f.s.DefaultListableBeanFactory     : Returning cached instance of singleton bean 'autoConfigurationReport'
2024-01-13 22:39:12.456 TRACE 58992 --- [           main] o.s.b.f.s.DefaultListableBeanFactory     : Returning cached instance of singleton bean 'autoConfigurationReport'
2024-01-13 22:39:12.456 TRACE 58992 --- [           main] o.s.b.f.s.DefaultListableBeanFactory     : Returning cached instance of singleton bean 'autoConfigurationReport'
2024-01-13 22:39:12.456 TRACE 58992 --- [           main] o.s.b.f.s.DefaultListableBeanFactory     : Returning cached instance of singleton bean 'autoConfigurationReport'
2024-01-13 22:39:12.456 TRACE 58992 --- [           main] o.s.b.f.s.DefaultListableBeanFactory     : Returning cached instance of singleton bean 'autoConfigurationReport'
2024-01-13 22:39:12.456 TRACE 58992 --- [           main] o.s.b.f.s.DefaultListableBeanFactory     : Returning cached instance of singleton bean 'autoConfigurationReport'
2024-01-13 22:39:12.456 TRACE 58992 --- [           main] o.s.b.f.s.DefaultListableBeanFactory     : Returning cached instance of singleton bean 'autoConfigurationReport'
2024-01-13 22:39:12.456 TRACE 58992 --- [           main] o.s.b.f.s.DefaultListableBeanFactory     : Returning cached instance of singleton bean 'autoConfigurationReport'
2024-01-13 22:39:12.456 TRACE 58992 --- [           main] o.s.b.f.s.DefaultListableBeanFactory     : Returning cached instance of singleton bean 'autoConfigurationReport'
2024-01-13 22:39:12.456 TRACE 58992 --- [           main] o.s.b.f.s.DefaultListableBeanFactory     : Returning cached instance of singleton bean 'autoConfigurationReport'
2024-01-13 22:39:12.456 TRACE 58992 --- [           main] o.s.b.f.s.DefaultListableBeanFactory     : Returning cached instance of singleton bean 'autoConfigurationReport'
2024-01-13 22:39:12.456 TRACE 58992 --- [           main] o.s.b.f.s.DefaultListableBeanFactory     : Returning cached instance of singleton bean 'autoConfigurationReport'
2024-01-13 22:39:12.456 TRACE 58992 --- [           main] o.s.b.f.s.DefaultListableBeanFactory     : Returning cached instance of singleton bean 'autoConfigurationReport'
2024-01-13 22:39:12.456 TRACE 58992 --- [           main] o.s.b.f.s.DefaultListableBeanFactory     : Returning cached instance of singleton bean 'autoConfigurationReport'
2024-01-13 22:39:12.456 TRACE 58992 --- [           main] o.s.b.f.s.DefaultListableBeanFactory     : Returning cached instance of singleton bean 'autoConfigurationReport'
2024-01-13 22:39:12.456 TRACE 58992 --- [           main] o.s.b.f.s.DefaultListableBeanFactory     : Returning cached instance of singleton bean 'autoConfigurationReport'
2024-01-13 22:39:12.456 TRACE 58992 --- [           main] o.s.b.f.s.DefaultListableBeanFactory     : Returning cached instance of singleton bean 'autoConfigurationReport'
2024-01-13 22:39:12.456 TRACE 58992 --- [           main] o.s.b.f.s.DefaultListableBeanFactory     : Returning cached instance of singleton bean 'autoConfigurationReport'
2024-01-13 22:39:12.456 TRACE 58992 --- [           main] o.s.b.f.s.DefaultListableBeanFactory     : Returning cached instance of singleton bean 'autoConfigurationReport'
2024-01-13 22:39:12.456 TRACE 58992 --- [           main] o.s.b.f.s.DefaultListableBeanFactory     : Returning cached instance of singleton bean 'autoConfigurationReport'
2024-01-13 22:39:12.456 TRACE 58992 --- [           main] o.s.b.f.s.DefaultListableBeanFactory     : Returning cached instance of singleton bean 'autoConfigurationReport'
2024-01-13 22:39:12.456 TRACE 58992 --- [           main] o.s.b.f.s.DefaultListableBeanFactory     : Returning cached instance of singleton bean 'autoConfigurationReport'
2024-01-13 22:39:12.456 TRACE 58992 --- [           main] o.s.b.f.s.DefaultListableBeanFactory     : Returning cached instance of singleton bean 'autoConfigurationReport'
2024-01-13 22:39:12.456 TRACE 58992 --- [           main] o.s.b.f.s.DefaultListableBeanFactory     : Returning cached instance of singleton bean 'autoConfigurationReport'
2024-01-13 22:39:12.456 TRACE 58992 --- [           main] o.s.b.f.s.DefaultListableBeanFactory     : Returning cached instance of singleton bean 'autoConfigurationReport'
2024-01-13 22:39:12.456 TRACE 58992 --- [           main] o.s.b.f.s.DefaultListableBeanFactory     : Returning cached instance of singleton bean 'autoConfigurationReport'
2024-01-13 22:39:12.456 TRACE 58992 --- [           main] o.s.b.f.s.DefaultListableBeanFactory     : Returning cached instance of singleton bean 'autoConfigurationReport'
2024-01-13 22:39:12.456 TRACE 58992 --- [           main] o.s.b.f.s.DefaultListableBeanFactory     : Returning cached instance of singleton bean 'autoConfigurationReport'
2024-01-13 22:39:12.456 TRACE 58992 --- [           main] o.s.b.f.s.DefaultListableBeanFactory     : Returning cached instance of singleton bean 'autoConfigurationReport'
2024-01-13 22:39:12.456 TRACE 58992 --- [           main] o.s.b.f.s.DefaultListableBeanFactory     : Returning cached instance of singleton bean 'autoConfigurationReport'
2024-01-13 22:39:12.456 TRACE 58992 --- [           main] o.s.b.f.s.DefaultListableBeanFactory     : Returning cached instance of singleton bean 'autoConfigurationReport'
2024-01-13 22:39:12.456 TRACE 58992 --- [           main] o.s.b.a.condition.OnClassCondition       : Condition OnClassCondition on org.springframework.boot.autoconfigure.web.servlet.HttpEncodingAutoConfiguration matched due to @ConditionalOnClass found required class 'org.springframework.web.filter.CharacterEncodingFilter'
2024-01-13 22:39:12.456 TRACE 58992 --- [           main] o.s.b.f.s.DefaultListableBeanFactory     : Returning cached instance of singleton bean 'autoConfigurationReport'
2024-01-13 22:39:12.457 TRACE 58992 --- [           main] o.s.b.a.c.OnWebApplicationCondition      : Condition OnWebApplicationCondition on org.springframework.boot.autoconfigure.web.servlet.HttpEncodingAutoConfiguration matched due to found 'session' scope
2024-01-13 22:39:12.457 TRACE 58992 --- [           main] o.s.b.f.s.DefaultListableBeanFactory     : Returning cached instance of singleton bean 'autoConfigurationReport'
2024-01-13 22:39:12.457 TRACE 58992 --- [           main] o.s.b.a.condition.OnPropertyCondition    : Condition OnPropertyCondition on org.springframework.boot.autoconfigure.web.servlet.HttpEncodingAutoConfiguration matched due to @ConditionalOnProperty (server.servlet.encoding.enabled) matched
2024-01-13 22:39:12.457 TRACE 58992 --- [           main] o.s.b.f.s.DefaultListableBeanFactory     : Returning cached instance of singleton bean 'autoConfigurationReport'
2024-01-13 22:39:12.457 TRACE 58992 --- [           main] o.s.b.f.s.DefaultListableBeanFactory     : Returning cached instance of singleton bean 'autoConfigurationReport'
2024-01-13 22:39:12.457 TRACE 58992 --- [           main] o.s.b.f.s.DefaultListableBeanFactory     : Returning cached instance of singleton bean 'autoConfigurationReport'
2024-01-13 22:39:12.457 TRACE 58992 --- [           main] o.s.b.f.s.DefaultListableBeanFactory     : Returning cached instance of singleton bean 'autoConfigurationReport'
2024-01-13 22:39:12.457 TRACE 58992 --- [           main] o.s.b.f.s.DefaultListableBeanFactory     : Returning cached instance of singleton bean 'autoConfigurationReport'
2024-01-13 22:39:12.457 TRACE 58992 --- [           main] o.s.b.f.s.DefaultListableBeanFactory     : Returning cached instance of singleton bean 'autoConfigurationReport'
2024-01-13 22:39:12.457 TRACE 58992 --- [           main] o.s.b.f.s.DefaultListableBeanFactory     : Returning cached instance of singleton bean 'autoConfigurationReport'
2024-01-13 22:39:12.457 TRACE 58992 --- [           main] o.s.b.f.s.DefaultListableBeanFactory     : Returning cached instance of singleton bean 'autoConfigurationReport'
2024-01-13 22:39:12.457 TRACE 58992 --- [           main] o.s.b.f.s.DefaultListableBeanFactory     : Returning cached instance of singleton bean 'autoConfigurationReport'
2024-01-13 22:39:12.457 TRACE 58992 --- [           main] o.s.b.f.s.DefaultListableBeanFactory     : Returning cached instance of singleton bean 'autoConfigurationReport'
2024-01-13 22:39:12.457 TRACE 58992 --- [           main] o.s.b.f.s.DefaultListableBeanFactory     : Returning cached instance of singleton bean 'autoConfigurationReport'
2024-01-13 22:39:12.457 TRACE 58992 --- [           main] o.s.b.f.s.DefaultListableBeanFactory     : Returning cached instance of singleton bean 'autoConfigurationReport'
2024-01-13 22:39:12.457 TRACE 58992 --- [           main] o.s.b.f.s.DefaultListableBeanFactory     : Returning cached instance of singleton bean 'autoConfigurationReport'
2024-01-13 22:39:12.457 TRACE 58992 --- [           main] o.s.b.f.s.DefaultListableBeanFactory     : Returning cached instance of singleton bean 'autoConfigurationReport'
2024-01-13 22:39:12.457 TRACE 58992 --- [           main] o.s.b.f.s.DefaultListableBeanFactory     : Returning cached instance of singleton bean 'autoConfigurationReport'
2024-01-13 22:39:12.457 TRACE 58992 --- [           main] o.s.b.f.s.DefaultListableBeanFactory     : Returning cached instance of singleton bean 'autoConfigurationReport'
2024-01-13 22:39:12.457 TRACE 58992 --- [           main] o.s.b.f.s.DefaultListableBeanFactory     : Returning cached instance of singleton bean 'autoConfigurationReport'
2024-01-13 22:39:12.457 TRACE 58992 --- [           main] o.s.b.f.s.DefaultListableBeanFactory     : Returning cached instance of singleton bean 'autoConfigurationReport'
2024-01-13 22:39:12.457 TRACE 58992 --- [           main] o.s.b.f.s.DefaultListableBeanFactory     : Returning cached instance of singleton bean 'autoConfigurationReport'
2024-01-13 22:39:12.457 TRACE 58992 --- [           main] o.s.b.a.c.OnWebApplicationCondition      : Condition OnWebApplicationCondition on org.springframework.boot.test.autoconfigure.web.servlet.MockMvcAutoConfiguration matched due to found 'session' scope
2024-01-13 22:39:12.457 TRACE 58992 --- [           main] o.s.b.f.s.DefaultListableBeanFactory     : Returning cached instance of singleton bean 'autoConfigurationReport'
2024-01-13 22:39:12.457 TRACE 58992 --- [           main] o.s.b.f.s.DefaultListableBeanFactory     : Returning cached instance of singleton bean 'autoConfigurationReport'
2024-01-13 22:39:12.457 TRACE 58992 --- [           main] o.s.b.f.s.DefaultListableBeanFactory     : Returning cached instance of singleton bean 'autoConfigurationReport'
2024-01-13 22:39:12.457 TRACE 58992 --- [           main] o.s.b.f.s.DefaultListableBeanFactory     : Returning cached instance of singleton bean 'autoConfigurationReport'
2024-01-13 22:39:12.457 TRACE 58992 --- [           main] o.s.b.f.s.DefaultListableBeanFactory     : Returning cached instance of singleton bean 'autoConfigurationReport'
2024-01-13 22:39:12.457 TRACE 58992 --- [           main] o.s.b.f.s.DefaultListableBeanFactory     : Returning cached instance of singleton bean 'autoConfigurationReport'
2024-01-13 22:39:12.457 TRACE 58992 --- [           main] o.s.b.f.s.DefaultListableBeanFactory     : Returning cached instance of singleton bean 'autoConfigurationReport'
2024-01-13 22:39:12.457 TRACE 58992 --- [           main] o.s.b.f.s.DefaultListableBeanFactory     : Returning cached instance of singleton bean 'autoConfigurationReport'
2024-01-13 22:39:12.457 TRACE 58992 --- [           main] o.s.b.f.s.DefaultListableBeanFactory     : Returning cached instance of singleton bean 'autoConfigurationReport'
2024-01-13 22:39:12.457 TRACE 58992 --- [           main] o.s.b.f.s.DefaultListableBeanFactory     : Returning cached instance of singleton bean 'autoConfigurationReport'
2024-01-13 22:39:12.457 TRACE 58992 --- [           main] o.s.b.f.s.DefaultListableBeanFactory     : Returning cached instance of singleton bean 'autoConfigurationReport'
2024-01-13 22:39:12.457 TRACE 58992 --- [           main] o.s.b.f.s.DefaultListableBeanFactory     : Returning cached instance of singleton bean 'autoConfigurationReport'
2024-01-13 22:39:12.457 TRACE 58992 --- [           main] o.s.b.f.s.DefaultListableBeanFactory     : Returning cached instance of singleton bean 'autoConfigurationReport'
2024-01-13 22:39:12.457 TRACE 58992 --- [           main] o.s.b.f.s.DefaultListableBeanFactory     : Returning cached instance of singleton bean 'autoConfigurationReport'
2024-01-13 22:39:12.457 TRACE 58992 --- [           main] o.s.b.f.s.DefaultListableBeanFactory     : Returning cached instance of singleton bean 'autoConfigurationReport'
2024-01-13 22:39:12.457 TRACE 58992 --- [           main] o.s.b.f.s.DefaultListableBeanFactory     : Returning cached instance of singleton bean 'autoConfigurationReport'
2024-01-13 22:39:12.457 TRACE 58992 --- [           main] o.s.b.f.s.DefaultListableBeanFactory     : Returning cached instance of singleton bean 'autoConfigurationReport'
2024-01-13 22:39:12.457 TRACE 58992 --- [           main] o.s.b.f.s.DefaultListableBeanFactory     : Returning cached instance of singleton bean 'autoConfigurationReport'
2024-01-13 22:39:12.457 TRACE 58992 --- [           main] o.s.b.f.s.DefaultListableBeanFactory     : Returning cached instance of singleton bean 'autoConfigurationReport'
2024-01-13 22:39:12.457 TRACE 58992 --- [           main] o.s.b.a.condition.OnClassCondition       : Condition OnClassCondition on org.springframework.boot.test.autoconfigure.web.servlet.MockMvcSecurityConfiguration did not match due to @ConditionalOnClass did not find required class 'org.springframework.security.test.web.servlet.request.SecurityMockMvcRequestPostProcessors'
2024-01-13 22:39:12.457 TRACE 58992 --- [           main] o.s.b.f.s.DefaultListableBeanFactory     : Returning cached instance of singleton bean 'autoConfigurationReport'
2024-01-13 22:39:12.457 TRACE 58992 --- [           main] o.s.b.f.s.DefaultListableBeanFactory     : Returning cached instance of singleton bean 'autoConfigurationReport'
2024-01-13 22:39:12.457 TRACE 58992 --- [           main] o.s.b.f.s.DefaultListableBeanFactory     : Returning cached instance of singleton bean 'autoConfigurationReport'
2024-01-13 22:39:12.457 TRACE 58992 --- [           main] o.s.b.f.s.DefaultListableBeanFactory     : Returning cached instance of singleton bean 'autoConfigurationReport'
2024-01-13 22:39:12.457 TRACE 58992 --- [           main] o.s.b.f.s.DefaultListableBeanFactory     : Returning cached instance of singleton bean 'autoConfigurationReport'
2024-01-13 22:39:12.457 TRACE 58992 --- [           main] o.s.b.f.s.DefaultListableBeanFactory     : Returning cached instance of singleton bean 'autoConfigurationReport'
2024-01-13 22:39:12.457 TRACE 58992 --- [           main] o.s.b.f.s.DefaultListableBeanFactory     : Returning cached instance of singleton bean 'autoConfigurationReport'
2024-01-13 22:39:12.457 TRACE 58992 --- [           main] o.s.b.f.s.DefaultListableBeanFactory     : Returning cached instance of singleton bean 'autoConfigurationReport'
2024-01-13 22:39:12.457 TRACE 58992 --- [           main] o.s.b.f.s.DefaultListableBeanFactory     : Returning cached instance of singleton bean 'autoConfigurationReport'
2024-01-13 22:39:12.457 TRACE 58992 --- [           main] o.s.b.f.s.DefaultListableBeanFactory     : Returning cached instance of singleton bean 'autoConfigurationReport'
2024-01-13 22:39:12.457 TRACE 58992 --- [           main] o.s.b.f.s.DefaultListableBeanFactory     : Returning cached instance of singleton bean 'autoConfigurationReport'
2024-01-13 22:39:12.457 TRACE 58992 --- [           main] o.s.b.f.s.DefaultListableBeanFactory     : Returning cached instance of singleton bean 'autoConfigurationReport'
2024-01-13 22:39:12.457 TRACE 58992 --- [           main] o.s.b.f.s.DefaultListableBeanFactory     : Returning cached instance of singleton bean 'autoConfigurationReport'
2024-01-13 22:39:12.457 TRACE 58992 --- [           main] o.s.b.a.condition.OnClassCondition       : Condition OnClassCondition on org.springframework.boot.test.autoconfigure.web.servlet.MockMvcWebClientAutoConfiguration did not match due to @ConditionalOnClass did not find required class 'com.gargoylesoftware.htmlunit.WebClient'
2024-01-13 22:39:12.457 TRACE 58992 --- [           main] o.s.b.f.s.DefaultListableBeanFactory     : Returning cached instance of singleton bean 'autoConfigurationReport'
2024-01-13 22:39:12.457 TRACE 58992 --- [           main] o.s.b.f.s.DefaultListableBeanFactory     : Returning cached instance of singleton bean 'autoConfigurationReport'
2024-01-13 22:39:12.457 TRACE 58992 --- [           main] o.s.b.f.s.DefaultListableBeanFactory     : Returning cached instance of singleton bean 'autoConfigurationReport'
2024-01-13 22:39:12.457 TRACE 58992 --- [           main] o.s.b.f.s.DefaultListableBeanFactory     : Returning cached instance of singleton bean 'autoConfigurationReport'
2024-01-13 22:39:12.457 TRACE 58992 --- [           main] o.s.b.f.s.DefaultListableBeanFactory     : Returning cached instance of singleton bean 'autoConfigurationReport'
2024-01-13 22:39:12.457 TRACE 58992 --- [           main] o.s.b.f.s.DefaultListableBeanFactory     : Returning cached instance of singleton bean 'autoConfigurationReport'
2024-01-13 22:39:12.457 TRACE 58992 --- [           main] o.s.b.f.s.DefaultListableBeanFactory     : Returning cached instance of singleton bean 'autoConfigurationReport'
2024-01-13 22:39:12.457 TRACE 58992 --- [           main] o.s.b.f.s.DefaultListableBeanFactory     : Returning cached instance of singleton bean 'autoConfigurationReport'
2024-01-13 22:39:12.457 TRACE 58992 --- [           main] o.s.b.f.s.DefaultListableBeanFactory     : Returning cached instance of singleton bean 'autoConfigurationReport'
2024-01-13 22:39:12.457 TRACE 58992 --- [           main] o.s.b.f.s.DefaultListableBeanFactory     : Returning cached instance of singleton bean 'autoConfigurationReport'
2024-01-13 22:39:12.457 TRACE 58992 --- [           main] o.s.b.f.s.DefaultListableBeanFactory     : Returning cached instance of singleton bean 'autoConfigurationReport'
2024-01-13 22:39:12.457 TRACE 58992 --- [           main] o.s.b.f.s.DefaultListableBeanFactory     : Returning cached instance of singleton bean 'autoConfigurationReport'
2024-01-13 22:39:12.457 TRACE 58992 --- [           main] o.s.b.f.s.DefaultListableBeanFactory     : Returning cached instance of singleton bean 'autoConfigurationReport'
2024-01-13 22:39:12.457 TRACE 58992 --- [           main] o.s.b.a.condition.OnClassCondition       : Condition OnClassCondition on org.springframework.boot.test.autoconfigure.web.servlet.MockMvcWebDriverAutoConfiguration did not match due to @ConditionalOnClass did not find required class 'org.openqa.selenium.htmlunit.HtmlUnitDriver'
2024-01-13 22:39:12.457 TRACE 58992 --- [           main] o.s.b.f.s.DefaultListableBeanFactory     : Returning cached instance of singleton bean 'autoConfigurationReport'
2024-01-13 22:39:12.458 TRACE 58992 --- [           main] a.ConfigurationClassBeanDefinitionReader : Registered bean definition for imported class 'tacos.HomeControllerTest'
2024-01-13 22:39:12.458 TRACE 58992 --- [           main] a.ConfigurationClassBeanDefinitionReader : Registering bean definition for @Bean method tacos.SecurityConfiguration.passwordEncoder()
2024-01-13 22:39:12.458 TRACE 58992 --- [           main] a.ConfigurationClassBeanDefinitionReader : Registering bean definition for @Bean method tacos.SecurityConfiguration.userDetailsService()
2024-01-13 22:39:12.458 TRACE 58992 --- [           main] a.ConfigurationClassBeanDefinitionReader : Registering bean definition for @Bean method tacos.SecurityConfiguration.filterChain()
2024-01-13 22:39:12.458 TRACE 58992 --- [           main] a.ConfigurationClassBeanDefinitionReader : Registering bean definition for @Bean method tacos.TacoCloudApplicationJpa.dataLoad()
2024-01-13 22:39:12.458 TRACE 58992 --- [           main] o.s.b.a.condition.OnClassCondition       : Condition OnClassCondition on org.springframework.boot.autoconfigure.task.TaskExecutionAutoConfiguration matched due to @ConditionalOnClass found required class 'org.springframework.scheduling.concurrent.ThreadPoolTaskExecutor'
2024-01-13 22:39:12.458 TRACE 58992 --- [           main] o.s.b.f.s.DefaultListableBeanFactory     : Returning cached instance of singleton bean 'autoConfigurationReport'
2024-01-13 22:39:12.458 TRACE 58992 --- [           main] a.ConfigurationClassBeanDefinitionReader : Registered bean definition for imported class 'org.springframework.boot.autoconfigure.task.TaskExecutionAutoConfiguration'
2024-01-13 22:39:12.458 TRACE 58992 --- [           main] o.s.b.a.condition.OnBeanCondition        : Condition OnBeanCondition on org.springframework.boot.autoconfigure.task.TaskExecutionAutoConfiguration#taskExecutorBuilder matched due to @ConditionalOnMissingBean (types: org.springframework.boot.task.TaskExecutorBuilder; SearchStrategy: all) did not find any beans
2024-01-13 22:39:12.458 TRACE 58992 --- [           main] o.s.b.f.s.DefaultListableBeanFactory     : Returning cached instance of singleton bean 'autoConfigurationReport'
2024-01-13 22:39:12.458 TRACE 58992 --- [           main] a.ConfigurationClassBeanDefinitionReader : Registering bean definition for @Bean method org.springframework.boot.autoconfigure.task.TaskExecutionAutoConfiguration.taskExecutorBuilder()
2024-01-13 22:39:12.458 TRACE 58992 --- [           main] o.s.b.a.condition.OnBeanCondition        : Condition OnBeanCondition on org.springframework.boot.autoconfigure.task.TaskExecutionAutoConfiguration#applicationTaskExecutor matched due to @ConditionalOnMissingBean (types: java.util.concurrent.Executor; SearchStrategy: all) did not find any beans
2024-01-13 22:39:12.458 TRACE 58992 --- [           main] o.s.b.f.s.DefaultListableBeanFactory     : Returning cached instance of singleton bean 'autoConfigurationReport'
2024-01-13 22:39:12.458 TRACE 58992 --- [           main] o.s.b.f.s.DefaultListableBeanFactory     : Alias definition 'taskExecutor' registered for name 'applicationTaskExecutor'
2024-01-13 22:39:12.458 TRACE 58992 --- [           main] a.ConfigurationClassBeanDefinitionReader : Registering bean definition for @Bean method org.springframework.boot.autoconfigure.task.TaskExecutionAutoConfiguration.applicationTaskExecutor()
2024-01-13 22:39:12.458 TRACE 58992 --- [           main] o.s.b.a.condition.OnClassCondition       : Condition OnClassCondition on org.springframework.boot.autoconfigure.validation.ValidationAutoConfiguration matched due to @ConditionalOnClass found required class 'javax.validation.executable.ExecutableValidator'
2024-01-13 22:39:12.458 TRACE 58992 --- [           main] o.s.b.f.s.DefaultListableBeanFactory     : Returning cached instance of singleton bean 'autoConfigurationReport'
2024-01-13 22:39:12.459 TRACE 58992 --- [           main] o.s.b.a.condition.OnResourceCondition    : Condition OnResourceCondition on org.springframework.boot.autoconfigure.validation.ValidationAutoConfiguration matched due to @ConditionalOnResource found location classpath:META-INF/services/javax.validation.spi.ValidationProvider
2024-01-13 22:39:12.459 TRACE 58992 --- [           main] o.s.b.f.s.DefaultListableBeanFactory     : Returning cached instance of singleton bean 'autoConfigurationReport'
2024-01-13 22:39:12.459 TRACE 58992 --- [           main] a.ConfigurationClassBeanDefinitionReader : Registered bean definition for imported class 'org.springframework.boot.autoconfigure.validation.ValidationAutoConfiguration'
2024-01-13 22:39:12.459 TRACE 58992 --- [           main] o.s.b.a.condition.OnBeanCondition        : Condition OnBeanCondition on org.springframework.boot.autoconfigure.validation.ValidationAutoConfiguration#defaultValidator matched due to @ConditionalOnMissingBean (types: javax.validation.Validator; SearchStrategy: all) did not find any beans
2024-01-13 22:39:12.459 TRACE 58992 --- [           main] o.s.b.f.s.DefaultListableBeanFactory     : Returning cached instance of singleton bean 'autoConfigurationReport'
2024-01-13 22:39:12.459 TRACE 58992 --- [           main] a.ConfigurationClassBeanDefinitionReader : Registering bean definition for @Bean method org.springframework.boot.autoconfigure.validation.ValidationAutoConfiguration.defaultValidator()
2024-01-13 22:39:12.459 TRACE 58992 --- [           main] o.s.b.a.condition.OnBeanCondition        : Condition OnBeanCondition on org.springframework.boot.autoconfigure.validation.ValidationAutoConfiguration#methodValidationPostProcessor matched due to @ConditionalOnMissingBean (types: org.springframework.validation.beanvalidation.MethodValidationPostProcessor; SearchStrategy: all) did not find any beans
2024-01-13 22:39:12.459 TRACE 58992 --- [           main] o.s.b.f.s.DefaultListableBeanFactory     : Returning cached instance of singleton bean 'autoConfigurationReport'
2024-01-13 22:39:12.459 TRACE 58992 --- [           main] a.ConfigurationClassBeanDefinitionReader : Registering bean definition for @Bean method org.springframework.boot.autoconfigure.validation.ValidationAutoConfiguration.methodValidationPostProcessor()
2024-01-13 22:39:12.459 TRACE 58992 --- [           main] o.s.b.a.condition.OnClassCondition       : Condition OnClassCondition on org.springframework.boot.autoconfigure.web.servlet.error.ErrorMvcAutoConfiguration matched due to @ConditionalOnClass found required classes 'javax.servlet.Servlet', 'org.springframework.web.servlet.DispatcherServlet'
2024-01-13 22:39:12.459 TRACE 58992 --- [           main] o.s.b.f.s.DefaultListableBeanFactory     : Returning cached instance of singleton bean 'autoConfigurationReport'
2024-01-13 22:39:12.459 TRACE 58992 --- [           main] o.s.b.a.c.OnWebApplicationCondition      : Condition OnWebApplicationCondition on org.springframework.boot.autoconfigure.web.servlet.error.ErrorMvcAutoConfiguration matched due to found 'session' scope
2024-01-13 22:39:12.459 TRACE 58992 --- [           main] o.s.b.f.s.DefaultListableBeanFactory     : Returning cached instance of singleton bean 'autoConfigurationReport'
2024-01-13 22:39:12.459 TRACE 58992 --- [           main] o.s.b.a.condition.OnPropertyCondition    : Condition OnPropertyCondition on org.springframework.boot.autoconfigure.web.servlet.error.ErrorMvcAutoConfiguration$WhitelabelErrorViewConfiguration matched due to @ConditionalOnProperty (server.error.whitelabel.enabled) matched
2024-01-13 22:39:12.459 TRACE 58992 --- [           main] o.s.b.f.s.DefaultListableBeanFactory     : Returning cached instance of singleton bean 'autoConfigurationReport'
2024-01-13 22:39:12.459 TRACE 58992 --- [           main] o.s.c.io.support.SpringFactoriesLoader   : Loaded [org.springframework.boot.autoconfigure.template.TemplateAvailabilityProvider] names: [org.springframework.boot.autoconfigure.freemarker.FreeMarkerTemplateAvailabilityProvider, org.springframework.boot.autoconfigure.mustache.MustacheTemplateAvailabilityProvider, org.springframework.boot.autoconfigure.groovy.template.GroovyTemplateAvailabilityProvider, org.springframework.boot.autoconfigure.thymeleaf.ThymeleafTemplateAvailabilityProvider, org.springframework.boot.autoconfigure.web.servlet.JspTemplateAvailabilityProvider]
2024-01-13 22:39:12.459 TRACE 58992 --- [           main] o.s.c.e.PropertySourcesPropertyResolver  : Searching for key 'spring.template.provider.cache' in PropertySource 'Annotations'
2024-01-13 22:39:12.459 TRACE 58992 --- [           main] o.s.c.e.PropertySourcesPropertyResolver  : Searching for key 'spring.template.provider.cache' in PropertySource 'configurationProperties'
2024-01-13 22:39:12.459 TRACE 58992 --- [           main] o.s.c.e.PropertySourcesPropertyResolver  : Searching for key 'spring.template.provider.cache' in PropertySource 'test'
2024-01-13 22:39:12.459 TRACE 58992 --- [           main] o.s.c.e.PropertySourcesPropertyResolver  : Searching for key 'spring.template.provider.cache' in PropertySource 'Inlined Test Properties'
2024-01-13 22:39:12.459 TRACE 58992 --- [           main] o.s.c.e.PropertySourcesPropertyResolver  : Searching for key 'spring.template.provider.cache' in PropertySource 'systemProperties'
2024-01-13 22:39:12.459 TRACE 58992 --- [           main] o.s.c.e.PropertySourcesPropertyResolver  : Searching for key 'spring.template.provider.cache' in PropertySource 'systemEnvironment'
2024-01-13 22:39:12.459 TRACE 58992 --- [           main] o.s.c.e.PropertySourcesPropertyResolver  : Searching for key 'spring.template.provider.cache' in PropertySource 'random'
2024-01-13 22:39:12.459 TRACE 58992 --- [           main] o.s.c.e.PropertySourcesPropertyResolver  : Searching for key 'spring.template.provider.cache' in PropertySource 'Config resource 'class path resource [application.properties]' via location 'optional:classpath:/''
2024-01-13 22:39:12.459 TRACE 58992 --- [           main] o.s.c.e.PropertySourcesPropertyResolver  : Searching for key 'spring.template.provider.cache' in PropertySource 'Config resource 'class path resource [application.yml]' via location 'optional:classpath:/''
2024-01-13 22:39:12.459 TRACE 58992 --- [           main] o.s.c.e.PropertySourcesPropertyResolver  : Could not find key 'spring.template.provider.cache' in any property source
2024-01-13 22:39:12.459 TRACE 58992 --- [           main] o.s.c.e.PropertySourcesPropertyResolver  : Searching for key 'spring.thymeleaf.prefix' in PropertySource 'Annotations'
2024-01-13 22:39:12.459 TRACE 58992 --- [           main] o.s.c.e.PropertySourcesPropertyResolver  : Searching for key 'spring.thymeleaf.prefix' in PropertySource 'configurationProperties'
2024-01-13 22:39:12.459 TRACE 58992 --- [           main] o.s.c.e.PropertySourcesPropertyResolver  : Searching for key 'spring.thymeleaf.prefix' in PropertySource 'test'
2024-01-13 22:39:12.459 TRACE 58992 --- [           main] o.s.c.e.PropertySourcesPropertyResolver  : Searching for key 'spring.thymeleaf.prefix' in PropertySource 'Inlined Test Properties'
2024-01-13 22:39:12.459 TRACE 58992 --- [           main] o.s.c.e.PropertySourcesPropertyResolver  : Searching for key 'spring.thymeleaf.prefix' in PropertySource 'systemProperties'
2024-01-13 22:39:12.459 TRACE 58992 --- [           main] o.s.c.e.PropertySourcesPropertyResolver  : Searching for key 'spring.thymeleaf.prefix' in PropertySource 'systemEnvironment'
2024-01-13 22:39:12.459 TRACE 58992 --- [           main] o.s.c.e.PropertySourcesPropertyResolver  : Searching for key 'spring.thymeleaf.prefix' in PropertySource 'random'
2024-01-13 22:39:12.459 TRACE 58992 --- [           main] o.s.c.e.PropertySourcesPropertyResolver  : Searching for key 'spring.thymeleaf.prefix' in PropertySource 'Config resource 'class path resource [application.properties]' via location 'optional:classpath:/''
2024-01-13 22:39:12.459 TRACE 58992 --- [           main] o.s.c.e.PropertySourcesPropertyResolver  : Searching for key 'spring.thymeleaf.prefix' in PropertySource 'Config resource 'class path resource [application.yml]' via location 'optional:classpath:/''
2024-01-13 22:39:12.459 TRACE 58992 --- [           main] o.s.c.e.PropertySourcesPropertyResolver  : Could not find key 'spring.thymeleaf.prefix' in any property source
2024-01-13 22:39:12.459 TRACE 58992 --- [           main] o.s.c.e.PropertySourcesPropertyResolver  : Searching for key 'spring.thymeleaf.suffix' in PropertySource 'Annotations'
2024-01-13 22:39:12.459 TRACE 58992 --- [           main] o.s.c.e.PropertySourcesPropertyResolver  : Searching for key 'spring.thymeleaf.suffix' in PropertySource 'configurationProperties'
2024-01-13 22:39:12.459 TRACE 58992 --- [           main] o.s.c.e.PropertySourcesPropertyResolver  : Searching for key 'spring.thymeleaf.suffix' in PropertySource 'test'
2024-01-13 22:39:12.459 TRACE 58992 --- [           main] o.s.c.e.PropertySourcesPropertyResolver  : Searching for key 'spring.thymeleaf.suffix' in PropertySource 'Inlined Test Properties'
2024-01-13 22:39:12.459 TRACE 58992 --- [           main] o.s.c.e.PropertySourcesPropertyResolver  : Searching for key 'spring.thymeleaf.suffix' in PropertySource 'systemProperties'
2024-01-13 22:39:12.459 TRACE 58992 --- [           main] o.s.c.e.PropertySourcesPropertyResolver  : Searching for key 'spring.thymeleaf.suffix' in PropertySource 'systemEnvironment'
2024-01-13 22:39:12.459 TRACE 58992 --- [           main] o.s.c.e.PropertySourcesPropertyResolver  : Searching for key 'spring.thymeleaf.suffix' in PropertySource 'random'
2024-01-13 22:39:12.459 TRACE 58992 --- [           main] o.s.c.e.PropertySourcesPropertyResolver  : Searching for key 'spring.thymeleaf.suffix' in PropertySource 'Config resource 'class path resource [application.properties]' via location 'optional:classpath:/''
2024-01-13 22:39:12.459 TRACE 58992 --- [           main] o.s.c.e.PropertySourcesPropertyResolver  : Searching for key 'spring.thymeleaf.suffix' in PropertySource 'Config resource 'class path resource [application.yml]' via location 'optional:classpath:/''
2024-01-13 22:39:12.459 TRACE 58992 --- [           main] o.s.c.e.PropertySourcesPropertyResolver  : Could not find key 'spring.thymeleaf.suffix' in any property source
2024-01-13 22:39:12.459 TRACE 58992 --- [           main] figuration$ErrorTemplateMissingCondition : Condition ErrorMvcAutoConfiguration.ErrorTemplateMissingCondition on org.springframework.boot.autoconfigure.web.servlet.error.ErrorMvcAutoConfiguration$WhitelabelErrorViewConfiguration matched due to ErrorTemplate Missing did not find error template view
2024-01-13 22:39:12.459 TRACE 58992 --- [           main] o.s.b.f.s.DefaultListableBeanFactory     : Returning cached instance of singleton bean 'autoConfigurationReport'
2024-01-13 22:39:12.459 TRACE 58992 --- [           main] a.ConfigurationClassBeanDefinitionReader : Registered bean definition for imported class 'org.springframework.boot.autoconfigure.web.servlet.error.ErrorMvcAutoConfiguration$WhitelabelErrorViewConfiguration'
2024-01-13 22:39:12.460 TRACE 58992 --- [           main] o.s.b.a.condition.OnBeanCondition        : Condition OnBeanCondition on org.springframework.boot.autoconfigure.web.servlet.error.ErrorMvcAutoConfiguration$WhitelabelErrorViewConfiguration#defaultErrorView matched due to @ConditionalOnMissingBean (names: error; SearchStrategy: all) did not find any beans
2024-01-13 22:39:12.460 TRACE 58992 --- [           main] o.s.b.f.s.DefaultListableBeanFactory     : Returning cached instance of singleton bean 'autoConfigurationReport'
2024-01-13 22:39:12.460 TRACE 58992 --- [           main] a.ConfigurationClassBeanDefinitionReader : Registering bean definition for @Bean method org.springframework.boot.autoconfigure.web.servlet.error.ErrorMvcAutoConfiguration$WhitelabelErrorViewConfiguration.error()
2024-01-13 22:39:12.460 TRACE 58992 --- [           main] o.s.b.a.condition.OnBeanCondition        : Condition OnBeanCondition on org.springframework.boot.autoconfigure.web.servlet.error.ErrorMvcAutoConfiguration$WhitelabelErrorViewConfiguration#beanNameViewResolver matched due to @ConditionalOnMissingBean (types: org.springframework.web.servlet.view.BeanNameViewResolver; SearchStrategy: all) did not find any beans
2024-01-13 22:39:12.460 TRACE 58992 --- [           main] o.s.b.f.s.DefaultListableBeanFactory     : Returning cached instance of singleton bean 'autoConfigurationReport'
2024-01-13 22:39:12.460 TRACE 58992 --- [           main] a.ConfigurationClassBeanDefinitionReader : Registering bean definition for @Bean method org.springframework.boot.autoconfigure.web.servlet.error.ErrorMvcAutoConfiguration$WhitelabelErrorViewConfiguration.beanNameViewResolver()
2024-01-13 22:39:12.460 TRACE 58992 --- [           main] a.ConfigurationClassBeanDefinitionReader : Registered bean definition for imported class 'org.springframework.boot.autoconfigure.web.servlet.error.ErrorMvcAutoConfiguration$DefaultErrorViewResolverConfiguration'
2024-01-13 22:39:12.460 TRACE 58992 --- [           main] o.s.b.a.condition.OnBeanCondition        : Condition OnBeanCondition on org.springframework.boot.autoconfigure.web.servlet.error.ErrorMvcAutoConfiguration$DefaultErrorViewResolverConfiguration#conventionErrorViewResolver did not match due to @ConditionalOnBean (types: org.springframework.web.servlet.DispatcherServlet; SearchStrategy: all) did not find any beans of type org.springframework.web.servlet.DispatcherServlet
2024-01-13 22:39:12.460 TRACE 58992 --- [           main] o.s.b.f.s.DefaultListableBeanFactory     : Returning cached instance of singleton bean 'autoConfigurationReport'
2024-01-13 22:39:12.460 TRACE 58992 --- [           main] a.ConfigurationClassBeanDefinitionReader : Registered bean definition for imported class 'org.springframework.boot.autoconfigure.web.servlet.error.ErrorMvcAutoConfiguration'
2024-01-13 22:39:12.460 TRACE 58992 --- [           main] o.s.b.a.condition.OnBeanCondition        : Condition OnBeanCondition on org.springframework.boot.autoconfigure.web.servlet.error.ErrorMvcAutoConfiguration#errorAttributes matched due to @ConditionalOnMissingBean (types: org.springframework.boot.web.servlet.error.ErrorAttributes; SearchStrategy: current) did not find any beans
2024-01-13 22:39:12.460 TRACE 58992 --- [           main] o.s.b.f.s.DefaultListableBeanFactory     : Returning cached instance of singleton bean 'autoConfigurationReport'
2024-01-13 22:39:12.460 TRACE 58992 --- [           main] a.ConfigurationClassBeanDefinitionReader : Registering bean definition for @Bean method org.springframework.boot.autoconfigure.web.servlet.error.ErrorMvcAutoConfiguration.errorAttributes()
2024-01-13 22:39:12.460 TRACE 58992 --- [           main] o.s.b.a.condition.OnBeanCondition        : Condition OnBeanCondition on org.springframework.boot.autoconfigure.web.servlet.error.ErrorMvcAutoConfiguration#basicErrorController matched due to @ConditionalOnMissingBean (types: org.springframework.boot.web.servlet.error.ErrorController; SearchStrategy: current) did not find any beans
2024-01-13 22:39:12.460 TRACE 58992 --- [           main] o.s.b.f.s.DefaultListableBeanFactory     : Returning cached instance of singleton bean 'autoConfigurationReport'
2024-01-13 22:39:12.460 TRACE 58992 --- [           main] a.ConfigurationClassBeanDefinitionReader : Registering bean definition for @Bean method org.springframework.boot.autoconfigure.web.servlet.error.ErrorMvcAutoConfiguration.basicErrorController()
2024-01-13 22:39:12.460 TRACE 58992 --- [           main] a.ConfigurationClassBeanDefinitionReader : Registering bean definition for @Bean method org.springframework.boot.autoconfigure.web.servlet.error.ErrorMvcAutoConfiguration.errorPageCustomizer()
2024-01-13 22:39:12.460 TRACE 58992 --- [           main] a.ConfigurationClassBeanDefinitionReader : Registering bean definition for @Bean method org.springframework.boot.autoconfigure.web.servlet.error.ErrorMvcAutoConfiguration.preserveErrorControllerTargetClassPostProcessor()
2024-01-13 22:39:12.460 TRACE 58992 --- [           main] o.s.b.a.condition.OnClassCondition       : Condition OnClassCondition on org.springframework.boot.autoconfigure.web.servlet.WebMvcAutoConfiguration matched due to @ConditionalOnClass found required classes 'javax.servlet.Servlet', 'org.springframework.web.servlet.DispatcherServlet', 'org.springframework.web.servlet.config.annotation.WebMvcConfigurer'
2024-01-13 22:39:12.460 TRACE 58992 --- [           main] o.s.b.f.s.DefaultListableBeanFactory     : Returning cached instance of singleton bean 'autoConfigurationReport'
2024-01-13 22:39:12.460 TRACE 58992 --- [           main] o.s.b.a.c.OnWebApplicationCondition      : Condition OnWebApplicationCondition on org.springframework.boot.autoconfigure.web.servlet.WebMvcAutoConfiguration matched due to found 'session' scope
2024-01-13 22:39:12.460 TRACE 58992 --- [           main] o.s.b.f.s.DefaultListableBeanFactory     : Returning cached instance of singleton bean 'autoConfigurationReport'
2024-01-13 22:39:12.460 TRACE 58992 --- [           main] o.s.b.a.condition.OnBeanCondition        : Condition OnBeanCondition on org.springframework.boot.autoconfigure.web.servlet.WebMvcAutoConfiguration matched due to @ConditionalOnMissingBean (types: org.springframework.web.servlet.config.annotation.WebMvcConfigurationSupport; SearchStrategy: all) did not find any beans
2024-01-13 22:39:12.460 TRACE 58992 --- [           main] o.s.b.f.s.DefaultListableBeanFactory     : Returning cached instance of singleton bean 'autoConfigurationReport'
2024-01-13 22:39:12.460 TRACE 58992 --- [           main] a.ConfigurationClassBeanDefinitionReader : Registered bean definition for imported class 'org.springframework.boot.autoconfigure.web.servlet.WebMvcAutoConfiguration$EnableWebMvcConfiguration'
2024-01-13 22:39:12.460 TRACE 58992 --- [           main] a.ConfigurationClassBeanDefinitionReader : Registering bean definition for @Bean method org.springframework.boot.autoconfigure.web.servlet.WebMvcAutoConfiguration$EnableWebMvcConfiguration.requestMappingHandlerAdapter()
2024-01-13 22:39:12.460 TRACE 58992 --- [           main] a.ConfigurationClassBeanDefinitionReader : Registering bean definition for @Bean method org.springframework.boot.autoconfigure.web.servlet.WebMvcAutoConfiguration$EnableWebMvcConfiguration.requestMappingHandlerMapping()
2024-01-13 22:39:12.460 TRACE 58992 --- [           main] a.ConfigurationClassBeanDefinitionReader : Registering bean definition for @Bean method org.springframework.boot.autoconfigure.web.servlet.WebMvcAutoConfiguration$EnableWebMvcConfiguration.welcomePageHandlerMapping()
2024-01-13 22:39:12.460 TRACE 58992 --- [           main] o.s.b.a.condition.OnBeanCondition        : Condition OnBeanCondition on org.springframework.boot.autoconfigure.web.servlet.WebMvcAutoConfiguration$EnableWebMvcConfiguration#localeResolver matched due to @ConditionalOnMissingBean (names: localeResolver; SearchStrategy: all) did not find any beans
2024-01-13 22:39:12.460 TRACE 58992 --- [           main] o.s.b.f.s.DefaultListableBeanFactory     : Returning cached instance of singleton bean 'autoConfigurationReport'
2024-01-13 22:39:12.460 TRACE 58992 --- [           main] a.ConfigurationClassBeanDefinitionReader : Registering bean definition for @Bean method org.springframework.boot.autoconfigure.web.servlet.WebMvcAutoConfiguration$EnableWebMvcConfiguration.localeResolver()
2024-01-13 22:39:12.461 TRACE 58992 --- [           main] o.s.b.a.condition.OnBeanCondition        : Condition OnBeanCondition on org.springframework.boot.autoconfigure.web.servlet.WebMvcAutoConfiguration$EnableWebMvcConfiguration#themeResolver matched due to @ConditionalOnMissingBean (names: themeResolver; SearchStrategy: all) did not find any beans
2024-01-13 22:39:12.461 TRACE 58992 --- [           main] o.s.b.f.s.DefaultListableBeanFactory     : Returning cached instance of singleton bean 'autoConfigurationReport'
2024-01-13 22:39:12.461 TRACE 58992 --- [           main] a.ConfigurationClassBeanDefinitionReader : Registering bean definition for @Bean method org.springframework.boot.autoconfigure.web.servlet.WebMvcAutoConfiguration$EnableWebMvcConfiguration.themeResolver()
2024-01-13 22:39:12.461 TRACE 58992 --- [           main] o.s.b.a.condition.OnBeanCondition        : Condition OnBeanCondition on org.springframework.boot.autoconfigure.web.servlet.WebMvcAutoConfiguration$EnableWebMvcConfiguration#flashMapManager matched due to @ConditionalOnMissingBean (names: flashMapManager; SearchStrategy: all) did not find any beans
2024-01-13 22:39:12.461 TRACE 58992 --- [           main] o.s.b.f.s.DefaultListableBeanFactory     : Returning cached instance of singleton bean 'autoConfigurationReport'
2024-01-13 22:39:12.461 TRACE 58992 --- [           main] a.ConfigurationClassBeanDefinitionReader : Registering bean definition for @Bean method org.springframework.boot.autoconfigure.web.servlet.WebMvcAutoConfiguration$EnableWebMvcConfiguration.flashMapManager()
2024-01-13 22:39:12.461 TRACE 58992 --- [           main] a.ConfigurationClassBeanDefinitionReader : Registering bean definition for @Bean method org.springframework.boot.autoconfigure.web.servlet.WebMvcAutoConfiguration$EnableWebMvcConfiguration.mvcConversionService()
2024-01-13 22:39:12.461 TRACE 58992 --- [           main] a.ConfigurationClassBeanDefinitionReader : Registering bean definition for @Bean method org.springframework.boot.autoconfigure.web.servlet.WebMvcAutoConfiguration$EnableWebMvcConfiguration.mvcValidator()
2024-01-13 22:39:12.461 TRACE 58992 --- [           main] a.ConfigurationClassBeanDefinitionReader : Registering bean definition for @Bean method org.springframework.boot.autoconfigure.web.servlet.WebMvcAutoConfiguration$EnableWebMvcConfiguration.mvcContentNegotiationManager()
2024-01-13 22:39:12.461 TRACE 58992 --- [           main] a.ConfigurationClassBeanDefinitionReader : Registering bean definition for @Bean method org.springframework.boot.autoconfigure.web.servlet.WebMvcAutoConfiguration$EnableWebMvcConfiguration.mvcPatternParser()
2024-01-13 22:39:12.461 TRACE 58992 --- [           main] a.ConfigurationClassBeanDefinitionReader : Registering bean definition for @Bean method org.springframework.boot.autoconfigure.web.servlet.WebMvcAutoConfiguration$EnableWebMvcConfiguration.mvcUrlPathHelper()
2024-01-13 22:39:12.461 TRACE 58992 --- [           main] a.ConfigurationClassBeanDefinitionReader : Registering bean definition for @Bean method org.springframework.boot.autoconfigure.web.servlet.WebMvcAutoConfiguration$EnableWebMvcConfiguration.mvcPathMatcher()
2024-01-13 22:39:12.461 TRACE 58992 --- [           main] a.ConfigurationClassBeanDefinitionReader : Registering bean definition for @Bean method org.springframework.boot.autoconfigure.web.servlet.WebMvcAutoConfiguration$EnableWebMvcConfiguration.viewControllerHandlerMapping()
2024-01-13 22:39:12.461 TRACE 58992 --- [           main] a.ConfigurationClassBeanDefinitionReader : Registering bean definition for @Bean method org.springframework.boot.autoconfigure.web.servlet.WebMvcAutoConfiguration$EnableWebMvcConfiguration.beanNameHandlerMapping()
2024-01-13 22:39:12.461 TRACE 58992 --- [           main] a.ConfigurationClassBeanDefinitionReader : Registering bean definition for @Bean method org.springframework.boot.autoconfigure.web.servlet.WebMvcAutoConfiguration$EnableWebMvcConfiguration.routerFunctionMapping()
2024-01-13 22:39:12.461 TRACE 58992 --- [           main] a.ConfigurationClassBeanDefinitionReader : Registering bean definition for @Bean method org.springframework.boot.autoconfigure.web.servlet.WebMvcAutoConfiguration$EnableWebMvcConfiguration.resourceHandlerMapping()
2024-01-13 22:39:12.461 TRACE 58992 --- [           main] a.ConfigurationClassBeanDefinitionReader : Registering bean definition for @Bean method org.springframework.boot.autoconfigure.web.servlet.WebMvcAutoConfiguration$EnableWebMvcConfiguration.mvcResourceUrlProvider()
2024-01-13 22:39:12.461 TRACE 58992 --- [           main] a.ConfigurationClassBeanDefinitionReader : Registering bean definition for @Bean method org.springframework.boot.autoconfigure.web.servlet.WebMvcAutoConfiguration$EnableWebMvcConfiguration.defaultServletHandlerMapping()
2024-01-13 22:39:12.461 TRACE 58992 --- [           main] a.ConfigurationClassBeanDefinitionReader : Registering bean definition for @Bean method org.springframework.boot.autoconfigure.web.servlet.WebMvcAutoConfiguration$EnableWebMvcConfiguration.handlerFunctionAdapter()
2024-01-13 22:39:12.461 TRACE 58992 --- [           main] a.ConfigurationClassBeanDefinitionReader : Registering bean definition for @Bean method org.springframework.boot.autoconfigure.web.servlet.WebMvcAutoConfiguration$EnableWebMvcConfiguration.mvcUriComponentsContributor()
2024-01-13 22:39:12.461 TRACE 58992 --- [           main] a.ConfigurationClassBeanDefinitionReader : Registering bean definition for @Bean method org.springframework.boot.autoconfigure.web.servlet.WebMvcAutoConfiguration$EnableWebMvcConfiguration.httpRequestHandlerAdapter()
2024-01-13 22:39:12.461 TRACE 58992 --- [           main] a.ConfigurationClassBeanDefinitionReader : Registering bean definition for @Bean method org.springframework.boot.autoconfigure.web.servlet.WebMvcAutoConfiguration$EnableWebMvcConfiguration.simpleControllerHandlerAdapter()
2024-01-13 22:39:12.461 TRACE 58992 --- [           main] a.ConfigurationClassBeanDefinitionReader : Registering bean definition for @Bean method org.springframework.boot.autoconfigure.web.servlet.WebMvcAutoConfiguration$EnableWebMvcConfiguration.handlerExceptionResolver()
2024-01-13 22:39:12.461 TRACE 58992 --- [           main] a.ConfigurationClassBeanDefinitionReader : Registering bean definition for @Bean method org.springframework.boot.autoconfigure.web.servlet.WebMvcAutoConfiguration$EnableWebMvcConfiguration.mvcViewResolver()
2024-01-13 22:39:12.461 TRACE 58992 --- [           main] a.ConfigurationClassBeanDefinitionReader : Registering bean definition for @Bean method org.springframework.boot.autoconfigure.web.servlet.WebMvcAutoConfiguration$EnableWebMvcConfiguration.mvcHandlerMappingIntrospector()
2024-01-13 22:39:12.461 TRACE 58992 --- [           main] a.ConfigurationClassBeanDefinitionReader : Registering bean definition for @Bean method org.springframework.boot.autoconfigure.web.servlet.WebMvcAutoConfiguration$EnableWebMvcConfiguration.viewNameTranslator()
2024-01-13 22:39:12.461 TRACE 58992 --- [           main] a.ConfigurationClassBeanDefinitionReader : Registered bean definition for imported class 'org.springframework.boot.autoconfigure.web.servlet.WebMvcAutoConfiguration$WebMvcAutoConfigurationAdapter'
2024-01-13 22:39:12.461 TRACE 58992 --- [           main] o.s.b.a.condition.OnBeanCondition        : Condition OnBeanCondition on org.springframework.boot.autoconfigure.web.servlet.WebMvcAutoConfiguration$WebMvcAutoConfigurationAdapter#defaultViewResolver matched due to @ConditionalOnMissingBean (types: org.springframework.web.servlet.view.InternalResourceViewResolver; SearchStrategy: all) did not find any beans
2024-01-13 22:39:12.461 TRACE 58992 --- [           main] o.s.b.f.s.DefaultListableBeanFactory     : Returning cached instance of singleton bean 'autoConfigurationReport'
2024-01-13 22:39:12.461 TRACE 58992 --- [           main] a.ConfigurationClassBeanDefinitionReader : Registering bean definition for @Bean method org.springframework.boot.autoconfigure.web.servlet.WebMvcAutoConfiguration$WebMvcAutoConfigurationAdapter.defaultViewResolver()
2024-01-13 22:39:12.462 TRACE 58992 --- [           main] o.s.b.a.condition.OnBeanCondition        : Condition OnBeanCondition on org.springframework.boot.autoconfigure.web.servlet.WebMvcAutoConfiguration$WebMvcAutoConfigurationAdapter#beanNameViewResolver did not match due to @ConditionalOnMissingBean (types: org.springframework.web.servlet.view.BeanNameViewResolver; SearchStrategy: all) found beans of type 'org.springframework.web.servlet.view.BeanNameViewResolver' beanNameViewResolver
2024-01-13 22:39:12.462 TRACE 58992 --- [           main] o.s.b.f.s.DefaultListableBeanFactory     : Returning cached instance of singleton bean 'autoConfigurationReport'
2024-01-13 22:39:12.462 TRACE 58992 --- [           main] o.s.b.a.condition.OnBeanCondition        : Condition OnBeanCondition on org.springframework.boot.autoconfigure.web.servlet.WebMvcAutoConfiguration$WebMvcAutoConfigurationAdapter#viewResolver matched due to @ConditionalOnBean (types: org.springframework.web.servlet.ViewResolver; SearchStrategy: all) found beans 'defaultViewResolver', 'beanNameViewResolver', 'mvcViewResolver'; @ConditionalOnMissingBean (names: viewResolver types: org.springframework.web.servlet.view.ContentNegotiatingViewResolver; SearchStrategy: all) did not find any beans
2024-01-13 22:39:12.462 TRACE 58992 --- [           main] o.s.b.f.s.DefaultListableBeanFactory     : Returning cached instance of singleton bean 'autoConfigurationReport'
2024-01-13 22:39:12.462 TRACE 58992 --- [           main] o.s.b.a.condition.OnBeanCondition        : Condition OnBeanCondition on org.springframework.boot.autoconfigure.web.servlet.WebMvcAutoConfiguration$WebMvcAutoConfigurationAdapter#viewResolver matched due to @ConditionalOnBean (types: org.springframework.web.servlet.ViewResolver; SearchStrategy: all) found beans 'defaultViewResolver', 'beanNameViewResolver', 'mvcViewResolver'; @ConditionalOnMissingBean (names: viewResolver types: org.springframework.web.servlet.view.ContentNegotiatingViewResolver; SearchStrategy: all) did not find any beans
2024-01-13 22:39:12.462 TRACE 58992 --- [           main] o.s.b.f.s.DefaultListableBeanFactory     : Returning cached instance of singleton bean 'autoConfigurationReport'
2024-01-13 22:39:12.462 TRACE 58992 --- [           main] a.ConfigurationClassBeanDefinitionReader : Registering bean definition for @Bean method org.springframework.boot.autoconfigure.web.servlet.WebMvcAutoConfiguration$WebMvcAutoConfigurationAdapter.viewResolver()
2024-01-13 22:39:12.462 TRACE 58992 --- [           main] o.s.b.a.condition.OnBeanCondition        : Condition OnBeanCondition on org.springframework.boot.autoconfigure.web.servlet.WebMvcAutoConfiguration$WebMvcAutoConfigurationAdapter#requestContextFilter matched due to @ConditionalOnMissingBean (types: org.springframework.web.context.request.RequestContextListener,org.springframework.web.filter.RequestContextFilter; SearchStrategy: all) did not find any beans
2024-01-13 22:39:12.462 TRACE 58992 --- [           main] o.s.b.f.s.DefaultListableBeanFactory     : Returning cached instance of singleton bean 'autoConfigurationReport'
2024-01-13 22:39:12.462 TRACE 58992 --- [           main] o.s.b.a.condition.OnBeanCondition        : Condition OnBeanCondition on org.springframework.boot.autoconfigure.web.servlet.WebMvcAutoConfiguration$WebMvcAutoConfigurationAdapter#requestContextFilter matched due to @ConditionalOnMissingBean (types: org.springframework.web.context.request.RequestContextListener,org.springframework.web.filter.RequestContextFilter; SearchStrategy: all) did not find any beans
2024-01-13 22:39:12.462 TRACE 58992 --- [           main] o.s.b.f.s.DefaultListableBeanFactory     : Returning cached instance of singleton bean 'autoConfigurationReport'
2024-01-13 22:39:12.462 TRACE 58992 --- [           main] a.ConfigurationClassBeanDefinitionReader : Registering bean definition for @Bean method org.springframework.boot.autoconfigure.web.servlet.WebMvcAutoConfiguration$WebMvcAutoConfigurationAdapter.requestContextFilter()
2024-01-13 22:39:12.462 TRACE 58992 --- [           main] a.ConfigurationClassBeanDefinitionReader : Registered bean definition for imported class 'org.springframework.boot.autoconfigure.web.servlet.WebMvcAutoConfiguration'
2024-01-13 22:39:12.463 TRACE 58992 --- [           main] o.s.b.a.condition.OnPropertyCondition    : Condition OnPropertyCondition on org.springframework.boot.autoconfigure.web.servlet.WebMvcAutoConfiguration#hiddenHttpMethodFilter did not match due to @ConditionalOnProperty (spring.mvc.hiddenmethod.filter.enabled) did not find property 'enabled'
2024-01-13 22:39:12.463 TRACE 58992 --- [           main] o.s.b.f.s.DefaultListableBeanFactory     : Returning cached instance of singleton bean 'autoConfigurationReport'
2024-01-13 22:39:12.463 TRACE 58992 --- [           main] o.s.b.a.condition.OnPropertyCondition    : Condition OnPropertyCondition on org.springframework.boot.autoconfigure.web.servlet.WebMvcAutoConfiguration#formContentFilter matched due to @ConditionalOnProperty (spring.mvc.formcontent.filter.enabled) matched
2024-01-13 22:39:12.463 TRACE 58992 --- [           main] o.s.b.f.s.DefaultListableBeanFactory     : Returning cached instance of singleton bean 'autoConfigurationReport'
2024-01-13 22:39:12.463 TRACE 58992 --- [           main] o.s.b.a.condition.OnBeanCondition        : Condition OnBeanCondition on org.springframework.boot.autoconfigure.web.servlet.WebMvcAutoConfiguration#formContentFilter matched due to @ConditionalOnMissingBean (types: org.springframework.web.filter.FormContentFilter; SearchStrategy: all) did not find any beans
2024-01-13 22:39:12.463 TRACE 58992 --- [           main] o.s.b.f.s.DefaultListableBeanFactory     : Returning cached instance of singleton bean 'autoConfigurationReport'
2024-01-13 22:39:12.463 TRACE 58992 --- [           main] a.ConfigurationClassBeanDefinitionReader : Registering bean definition for @Bean method org.springframework.boot.autoconfigure.web.servlet.WebMvcAutoConfiguration.formContentFilter()
2024-01-13 22:39:12.463 TRACE 58992 --- [           main] o.s.b.a.condition.OnClassCondition       : Condition OnClassCondition on org.springframework.boot.autoconfigure.jackson.JacksonAutoConfiguration matched due to @ConditionalOnClass found required class 'com.fasterxml.jackson.databind.ObjectMapper'
2024-01-13 22:39:12.463 TRACE 58992 --- [           main] o.s.b.f.s.DefaultListableBeanFactory     : Returning cached instance of singleton bean 'autoConfigurationReport'
2024-01-13 22:39:12.463 TRACE 58992 --- [           main] o.s.b.a.condition.OnClassCondition       : Condition OnClassCondition on org.springframework.boot.autoconfigure.jackson.JacksonAutoConfiguration$Jackson2ObjectMapperBuilderCustomizerConfiguration matched due to @ConditionalOnClass found required class 'org.springframework.http.converter.json.Jackson2ObjectMapperBuilder'
2024-01-13 22:39:12.463 TRACE 58992 --- [           main] o.s.b.f.s.DefaultListableBeanFactory     : Returning cached instance of singleton bean 'autoConfigurationReport'
2024-01-13 22:39:12.463 TRACE 58992 --- [           main] a.ConfigurationClassBeanDefinitionReader : Registered bean definition for imported class 'org.springframework.boot.autoconfigure.jackson.JacksonAutoConfiguration$Jackson2ObjectMapperBuilderCustomizerConfiguration'
2024-01-13 22:39:12.463 TRACE 58992 --- [           main] a.ConfigurationClassBeanDefinitionReader : Registering bean definition for @Bean method org.springframework.boot.autoconfigure.jackson.JacksonAutoConfiguration$Jackson2ObjectMapperBuilderCustomizerConfiguration.standardJacksonObjectMapperBuilderCustomizer()
2024-01-13 22:39:12.463 TRACE 58992 --- [           main] o.s.b.a.condition.OnClassCondition       : Condition OnClassCondition on org.springframework.boot.autoconfigure.jackson.JacksonAutoConfiguration$JacksonObjectMapperBuilderConfiguration matched due to @ConditionalOnClass found required class 'org.springframework.http.converter.json.Jackson2ObjectMapperBuilder'
2024-01-13 22:39:12.463 TRACE 58992 --- [           main] o.s.b.f.s.DefaultListableBeanFactory     : Returning cached instance of singleton bean 'autoConfigurationReport'
2024-01-13 22:39:12.463 TRACE 58992 --- [           main] a.ConfigurationClassBeanDefinitionReader : Registered bean definition for imported class 'org.springframework.boot.autoconfigure.jackson.JacksonAutoConfiguration$JacksonObjectMapperBuilderConfiguration'
2024-01-13 22:39:12.463 TRACE 58992 --- [           main] o.s.b.a.condition.OnBeanCondition        : Condition OnBeanCondition on org.springframework.boot.autoconfigure.jackson.JacksonAutoConfiguration$JacksonObjectMapperBuilderConfiguration#jacksonObjectMapperBuilder matched due to @ConditionalOnMissingBean (types: org.springframework.http.converter.json.Jackson2ObjectMapperBuilder; SearchStrategy: all) did not find any beans
2024-01-13 22:39:12.463 TRACE 58992 --- [           main] o.s.b.f.s.DefaultListableBeanFactory     : Returning cached instance of singleton bean 'autoConfigurationReport'
2024-01-13 22:39:12.463 TRACE 58992 --- [           main] a.ConfigurationClassBeanDefinitionReader : Registering bean definition for @Bean method org.springframework.boot.autoconfigure.jackson.JacksonAutoConfiguration$JacksonObjectMapperBuilderConfiguration.jacksonObjectMapperBuilder()
2024-01-13 22:39:12.463 TRACE 58992 --- [           main] o.s.b.a.condition.OnClassCondition       : Condition OnClassCondition on org.springframework.boot.autoconfigure.jackson.JacksonAutoConfiguration$ParameterNamesModuleConfiguration matched due to @ConditionalOnClass found required class 'com.fasterxml.jackson.module.paramnames.ParameterNamesModule'
2024-01-13 22:39:12.463 TRACE 58992 --- [           main] o.s.b.f.s.DefaultListableBeanFactory     : Returning cached instance of singleton bean 'autoConfigurationReport'
2024-01-13 22:39:12.463 TRACE 58992 --- [           main] a.ConfigurationClassBeanDefinitionReader : Registered bean definition for imported class 'org.springframework.boot.autoconfigure.jackson.JacksonAutoConfiguration$ParameterNamesModuleConfiguration'
2024-01-13 22:39:12.463 TRACE 58992 --- [           main] o.s.b.a.condition.OnBeanCondition        : Condition OnBeanCondition on org.springframework.boot.autoconfigure.jackson.JacksonAutoConfiguration$ParameterNamesModuleConfiguration#parameterNamesModule matched due to @ConditionalOnMissingBean (types: com.fasterxml.jackson.module.paramnames.ParameterNamesModule; SearchStrategy: all) did not find any beans
2024-01-13 22:39:12.463 TRACE 58992 --- [           main] o.s.b.f.s.DefaultListableBeanFactory     : Returning cached instance of singleton bean 'autoConfigurationReport'
2024-01-13 22:39:12.463 TRACE 58992 --- [           main] a.ConfigurationClassBeanDefinitionReader : Registering bean definition for @Bean method org.springframework.boot.autoconfigure.jackson.JacksonAutoConfiguration$ParameterNamesModuleConfiguration.parameterNamesModule()
2024-01-13 22:39:12.463 TRACE 58992 --- [           main] o.s.b.a.condition.OnClassCondition       : Condition OnClassCondition on org.springframework.boot.autoconfigure.jackson.JacksonAutoConfiguration$JacksonObjectMapperConfiguration matched due to @ConditionalOnClass found required class 'org.springframework.http.converter.json.Jackson2ObjectMapperBuilder'
2024-01-13 22:39:12.463 TRACE 58992 --- [           main] o.s.b.f.s.DefaultListableBeanFactory     : Returning cached instance of singleton bean 'autoConfigurationReport'
2024-01-13 22:39:12.463 TRACE 58992 --- [           main] a.ConfigurationClassBeanDefinitionReader : Registered bean definition for imported class 'org.springframework.boot.autoconfigure.jackson.JacksonAutoConfiguration$JacksonObjectMapperConfiguration'
2024-01-13 22:39:12.463 TRACE 58992 --- [           main] o.s.b.a.condition.OnBeanCondition        : Condition OnBeanCondition on org.springframework.boot.autoconfigure.jackson.JacksonAutoConfiguration$JacksonObjectMapperConfiguration#jacksonObjectMapper matched due to @ConditionalOnMissingBean (types: com.fasterxml.jackson.databind.ObjectMapper; SearchStrategy: all) did not find any beans
2024-01-13 22:39:12.463 TRACE 58992 --- [           main] o.s.b.f.s.DefaultListableBeanFactory     : Returning cached instance of singleton bean 'autoConfigurationReport'
2024-01-13 22:39:12.463 TRACE 58992 --- [           main] a.ConfigurationClassBeanDefinitionReader : Registering bean definition for @Bean method org.springframework.boot.autoconfigure.jackson.JacksonAutoConfiguration$JacksonObjectMapperConfiguration.jacksonObjectMapper()
2024-01-13 22:39:12.463 TRACE 58992 --- [           main] a.ConfigurationClassBeanDefinitionReader : Registered bean definition for imported class 'org.springframework.boot.autoconfigure.jackson.JacksonAutoConfiguration'
2024-01-13 22:39:12.463 TRACE 58992 --- [           main] a.ConfigurationClassBeanDefinitionReader : Registering bean definition for @Bean method org.springframework.boot.autoconfigure.jackson.JacksonAutoConfiguration.jsonComponentModule()
2024-01-13 22:39:12.463 TRACE 58992 --- [           main] o.s.b.a.condition.OnClassCondition       : Condition OnClassCondition on org.springframework.boot.autoconfigure.cache.CacheAutoConfiguration matched due to @ConditionalOnClass found required class 'org.springframework.cache.CacheManager'
2024-01-13 22:39:12.463 TRACE 58992 --- [           main] o.s.b.f.s.DefaultListableBeanFactory     : Returning cached instance of singleton bean 'autoConfigurationReport'
2024-01-13 22:39:12.464 TRACE 58992 --- [           main] o.s.b.a.condition.OnBeanCondition        : Condition OnBeanCondition on org.springframework.boot.autoconfigure.cache.CacheAutoConfiguration did not match due to @ConditionalOnBean (types: org.springframework.cache.interceptor.CacheAspectSupport; SearchStrategy: all) did not find any beans of type org.springframework.cache.interceptor.CacheAspectSupport
2024-01-13 22:39:12.464 TRACE 58992 --- [           main] o.s.b.f.s.DefaultListableBeanFactory     : Returning cached instance of singleton bean 'autoConfigurationReport'
2024-01-13 22:39:12.464 TRACE 58992 --- [           main] o.s.b.a.condition.OnClassCondition       : Condition OnClassCondition on org.springframework.boot.autoconfigure.http.HttpMessageConvertersAutoConfiguration matched due to @ConditionalOnClass found required class 'org.springframework.http.converter.HttpMessageConverter'
2024-01-13 22:39:12.464 TRACE 58992 --- [           main] o.s.b.f.s.DefaultListableBeanFactory     : Returning cached instance of singleton bean 'autoConfigurationReport'
2024-01-13 22:39:12.464 TRACE 58992 --- [           main] o.s.b.a.condition.OnClassCondition       : Condition OnClassCondition on org.springframework.boot.autoconfigure.http.HttpMessageConvertersAutoConfiguration$StringHttpMessageConverterConfiguration matched due to @ConditionalOnClass found required class 'org.springframework.http.converter.StringHttpMessageConverter'
2024-01-13 22:39:12.464 TRACE 58992 --- [           main] o.s.b.f.s.DefaultListableBeanFactory     : Returning cached instance of singleton bean 'autoConfigurationReport'
2024-01-13 22:39:12.464 TRACE 58992 --- [           main] a.ConfigurationClassBeanDefinitionReader : Registered bean definition for imported class 'org.springframework.boot.autoconfigure.http.HttpMessageConvertersAutoConfiguration$StringHttpMessageConverterConfiguration'
2024-01-13 22:39:12.464 TRACE 58992 --- [           main] o.s.b.a.condition.OnBeanCondition        : Condition OnBeanCondition on org.springframework.boot.autoconfigure.http.HttpMessageConvertersAutoConfiguration$StringHttpMessageConverterConfiguration#stringHttpMessageConverter matched due to @ConditionalOnMissingBean (types: org.springframework.http.converter.StringHttpMessageConverter; SearchStrategy: all) did not find any beans
2024-01-13 22:39:12.464 TRACE 58992 --- [           main] o.s.b.f.s.DefaultListableBeanFactory     : Returning cached instance of singleton bean 'autoConfigurationReport'
2024-01-13 22:39:12.464 TRACE 58992 --- [           main] a.ConfigurationClassBeanDefinitionReader : Registering bean definition for @Bean method org.springframework.boot.autoconfigure.http.HttpMessageConvertersAutoConfiguration$StringHttpMessageConverterConfiguration.stringHttpMessageConverter()
2024-01-13 22:39:12.464 TRACE 58992 --- [           main] o.s.b.a.condition.OnClassCondition       : Condition OnClassCondition on org.springframework.boot.autoconfigure.http.JacksonHttpMessageConvertersConfiguration$MappingJackson2HttpMessageConverterConfiguration matched due to @ConditionalOnClass found required class 'com.fasterxml.jackson.databind.ObjectMapper'
2024-01-13 22:39:12.464 TRACE 58992 --- [           main] o.s.b.f.s.DefaultListableBeanFactory     : Returning cached instance of singleton bean 'autoConfigurationReport'
2024-01-13 22:39:12.464 TRACE 58992 --- [           main] o.s.b.a.condition.OnPropertyCondition    : Condition OnPropertyCondition on org.springframework.boot.autoconfigure.http.JacksonHttpMessageConvertersConfiguration$MappingJackson2HttpMessageConverterConfiguration matched due to @ConditionalOnProperty (spring.mvc.converters.preferred-json-mapper=jackson) matched
2024-01-13 22:39:12.464 TRACE 58992 --- [           main] o.s.b.f.s.DefaultListableBeanFactory     : Returning cached instance of singleton bean 'autoConfigurationReport'
2024-01-13 22:39:12.464 TRACE 58992 --- [           main] o.s.b.a.condition.OnBeanCondition        : Condition OnBeanCondition on org.springframework.boot.autoconfigure.http.JacksonHttpMessageConvertersConfiguration$MappingJackson2HttpMessageConverterConfiguration matched due to @ConditionalOnBean (types: com.fasterxml.jackson.databind.ObjectMapper; SearchStrategy: all) found bean 'jacksonObjectMapper'
2024-01-13 22:39:12.464 TRACE 58992 --- [           main] o.s.b.f.s.DefaultListableBeanFactory     : Returning cached instance of singleton bean 'autoConfigurationReport'
2024-01-13 22:39:12.464 TRACE 58992 --- [           main] a.ConfigurationClassBeanDefinitionReader : Registered bean definition for imported class 'org.springframework.boot.autoconfigure.http.JacksonHttpMessageConvertersConfiguration$MappingJackson2HttpMessageConverterConfiguration'
2024-01-13 22:39:12.465 TRACE 58992 --- [           main] o.s.b.a.condition.OnBeanCondition        : Condition OnBeanCondition on org.springframework.boot.autoconfigure.http.JacksonHttpMessageConvertersConfiguration$MappingJackson2HttpMessageConverterConfiguration#mappingJackson2HttpMessageConverter matched due to @ConditionalOnMissingBean (types: org.springframework.http.converter.json.MappingJackson2HttpMessageConverter ignored: org.springframework.hateoas.server.mvc.TypeConstrainedMappingJackson2HttpMessageConverter,org.springframework.data.rest.webmvc.alps.AlpsJsonHttpMessageConverter; SearchStrategy: all) did not find any beans
2024-01-13 22:39:12.465 TRACE 58992 --- [           main] o.s.b.f.s.DefaultListableBeanFactory     : Returning cached instance of singleton bean 'autoConfigurationReport'
2024-01-13 22:39:12.465 TRACE 58992 --- [           main] a.ConfigurationClassBeanDefinitionReader : Registering bean definition for @Bean method org.springframework.boot.autoconfigure.http.JacksonHttpMessageConvertersConfiguration$MappingJackson2HttpMessageConverterConfiguration.mappingJackson2HttpMessageConverter()
2024-01-13 22:39:12.465 TRACE 58992 --- [           main] a.ConfigurationClassBeanDefinitionReader : Registered bean definition for imported class 'org.springframework.boot.autoconfigure.http.JacksonHttpMessageConvertersConfiguration'
2024-01-13 22:39:12.465 TRACE 58992 --- [           main] a.ConfigurationClassBeanDefinitionReader : Registered bean definition for imported class 'org.springframework.boot.autoconfigure.http.HttpMessageConvertersAutoConfiguration'
2024-01-13 22:39:12.465 TRACE 58992 --- [           main] o.s.b.a.condition.OnBeanCondition        : Condition OnBeanCondition on org.springframework.boot.autoconfigure.http.HttpMessageConvertersAutoConfiguration#messageConverters matched due to @ConditionalOnMissingBean (types: org.springframework.boot.autoconfigure.http.HttpMessageConverters; SearchStrategy: all) did not find any beans
2024-01-13 22:39:12.465 TRACE 58992 --- [           main] o.s.b.f.s.DefaultListableBeanFactory     : Returning cached instance of singleton bean 'autoConfigurationReport'
2024-01-13 22:39:12.465 TRACE 58992 --- [           main] a.ConfigurationClassBeanDefinitionReader : Registering bean definition for @Bean method org.springframework.boot.autoconfigure.http.HttpMessageConvertersAutoConfiguration.messageConverters()
2024-01-13 22:39:12.465 TRACE 58992 --- [           main] o.s.b.a.condition.OnClassCondition       : Condition OnClassCondition on org.springframework.boot.autoconfigure.data.web.SpringDataWebAutoConfiguration matched due to @ConditionalOnClass found required classes 'org.springframework.data.web.PageableHandlerMethodArgumentResolver', 'org.springframework.web.servlet.config.annotation.WebMvcConfigurer'
2024-01-13 22:39:12.465 TRACE 58992 --- [           main] o.s.b.f.s.DefaultListableBeanFactory     : Returning cached instance of singleton bean 'autoConfigurationReport'
2024-01-13 22:39:12.465 TRACE 58992 --- [           main] o.s.b.a.c.OnWebApplicationCondition      : Condition OnWebApplicationCondition on org.springframework.boot.autoconfigure.data.web.SpringDataWebAutoConfiguration matched due to found 'session' scope
2024-01-13 22:39:12.465 TRACE 58992 --- [           main] o.s.b.f.s.DefaultListableBeanFactory     : Returning cached instance of singleton bean 'autoConfigurationReport'
2024-01-13 22:39:12.465 TRACE 58992 --- [           main] o.s.b.a.condition.OnBeanCondition        : Condition OnBeanCondition on org.springframework.boot.autoconfigure.data.web.SpringDataWebAutoConfiguration matched due to @ConditionalOnMissingBean (types: org.springframework.data.web.PageableHandlerMethodArgumentResolver; SearchStrategy: all) did not find any beans
2024-01-13 22:39:12.465 TRACE 58992 --- [           main] o.s.b.f.s.DefaultListableBeanFactory     : Returning cached instance of singleton bean 'autoConfigurationReport'
2024-01-13 22:39:12.465 TRACE 58992 --- [           main] a.ConfigurationClassBeanDefinitionReader : Registered bean definition for imported class 'org.springframework.data.web.config.ProjectingArgumentResolverRegistrar'
2024-01-13 22:39:12.465 TRACE 58992 --- [           main] a.ConfigurationClassBeanDefinitionReader : Registering bean definition for @Bean method org.springframework.data.web.config.ProjectingArgumentResolverRegistrar.projectingArgumentResolverBeanPostProcessor()
2024-01-13 22:39:12.465 TRACE 58992 --- [           main] a.ConfigurationClassBeanDefinitionReader : Registered bean definition for imported class 'org.springframework.data.web.config.HateoasAwareSpringDataWebConfiguration'
2024-01-13 22:39:12.465 TRACE 58992 --- [           main] a.ConfigurationClassBeanDefinitionReader : Registering bean definition for @Bean method org.springframework.data.web.config.HateoasAwareSpringDataWebConfiguration.pageableResolver()
2024-01-13 22:39:12.465 TRACE 58992 --- [           main] a.ConfigurationClassBeanDefinitionReader : Registering bean definition for @Bean method org.springframework.data.web.config.HateoasAwareSpringDataWebConfiguration.sortResolver()
2024-01-13 22:39:12.465 TRACE 58992 --- [           main] a.ConfigurationClassBeanDefinitionReader : Registering bean definition for @Bean method org.springframework.data.web.config.HateoasAwareSpringDataWebConfiguration.pagedResourcesAssembler()
2024-01-13 22:39:12.465 TRACE 58992 --- [           main] a.ConfigurationClassBeanDefinitionReader : Registering bean definition for @Bean method org.springframework.data.web.config.HateoasAwareSpringDataWebConfiguration.pagedResourcesAssemblerArgumentResolver()
2024-01-13 22:39:12.465 TRACE 58992 --- [           main] a.ConfigurationClassBeanDefinitionReader : Registered bean definition for imported class 'org.springframework.data.web.config.SpringDataJacksonConfiguration'
2024-01-13 22:39:12.465 TRACE 58992 --- [           main] a.ConfigurationClassBeanDefinitionReader : Registering bean definition for @Bean method org.springframework.data.web.config.SpringDataJacksonConfiguration.jacksonGeoModule()
2024-01-13 22:39:12.465 TRACE 58992 --- [           main] a.ConfigurationClassBeanDefinitionReader : Registered bean definition for imported class 'org.springframework.boot.autoconfigure.data.web.SpringDataWebAutoConfiguration'
2024-01-13 22:39:12.465 TRACE 58992 --- [           main] o.s.b.a.condition.OnBeanCondition        : Condition OnBeanCondition on org.springframework.boot.autoconfigure.data.web.SpringDataWebAutoConfiguration#pageableCustomizer matched due to @ConditionalOnMissingBean (types: org.springframework.data.web.config.PageableHandlerMethodArgumentResolverCustomizer; SearchStrategy: all) did not find any beans
2024-01-13 22:39:12.465 TRACE 58992 --- [           main] o.s.b.f.s.DefaultListableBeanFactory     : Returning cached instance of singleton bean 'autoConfigurationReport'
2024-01-13 22:39:12.465 TRACE 58992 --- [           main] a.ConfigurationClassBeanDefinitionReader : Registering bean definition for @Bean method org.springframework.boot.autoconfigure.data.web.SpringDataWebAutoConfiguration.pageableCustomizer()
2024-01-13 22:39:12.465 TRACE 58992 --- [           main] o.s.b.a.condition.OnBeanCondition        : Condition OnBeanCondition on org.springframework.boot.autoconfigure.data.web.SpringDataWebAutoConfiguration#sortCustomizer matched due to @ConditionalOnMissingBean (types: org.springframework.data.web.config.SortHandlerMethodArgumentResolverCustomizer; SearchStrategy: all) did not find any beans
2024-01-13 22:39:12.465 TRACE 58992 --- [           main] o.s.b.f.s.DefaultListableBeanFactory     : Returning cached instance of singleton bean 'autoConfigurationReport'
2024-01-13 22:39:12.465 TRACE 58992 --- [           main] a.ConfigurationClassBeanDefinitionReader : Registering bean definition for @Bean method org.springframework.boot.autoconfigure.data.web.SpringDataWebAutoConfiguration.sortCustomizer()
2024-01-13 22:39:12.466 TRACE 58992 --- [           main] o.s.b.a.condition.OnClassCondition       : Condition OnClassCondition on org.springframework.boot.autoconfigure.hateoas.HypermediaAutoConfiguration matched due to @ConditionalOnClass found required classes 'org.springframework.hateoas.EntityModel', 'org.springframework.web.bind.annotation.RequestMapping', 'org.springframework.web.servlet.mvc.method.annotation.RequestMappingHandlerAdapter', 'org.springframework.plugin.core.Plugin'
2024-01-13 22:39:12.466 TRACE 58992 --- [           main] o.s.b.f.s.DefaultListableBeanFactory     : Returning cached instance of singleton bean 'autoConfigurationReport'
2024-01-13 22:39:12.466 TRACE 58992 --- [           main] o.s.b.a.c.OnWebApplicationCondition      : Condition OnWebApplicationCondition on org.springframework.boot.autoconfigure.hateoas.HypermediaAutoConfiguration matched due to @ConditionalOnWebApplication (required) found 'session' scope
2024-01-13 22:39:12.466 TRACE 58992 --- [           main] o.s.b.f.s.DefaultListableBeanFactory     : Returning cached instance of singleton bean 'autoConfigurationReport'
2024-01-13 22:39:12.466 TRACE 58992 --- [           main] o.s.b.a.condition.OnClassCondition       : Condition OnClassCondition on org.springframework.boot.autoconfigure.hateoas.HypermediaAutoConfiguration$HypermediaConfiguration matched due to @ConditionalOnClass found required class 'com.fasterxml.jackson.databind.ObjectMapper'
2024-01-13 22:39:12.466 TRACE 58992 --- [           main] o.s.b.f.s.DefaultListableBeanFactory     : Returning cached instance of singleton bean 'autoConfigurationReport'
2024-01-13 22:39:12.466 TRACE 58992 --- [           main] o.s.b.a.condition.OnBeanCondition        : Condition OnBeanCondition on org.springframework.boot.autoconfigure.hateoas.HypermediaAutoConfiguration$HypermediaConfiguration matched due to @ConditionalOnMissingBean (types: org.springframework.hateoas.client.LinkDiscoverers; SearchStrategy: all) did not find any beans
2024-01-13 22:39:12.466 TRACE 58992 --- [           main] o.s.b.f.s.DefaultListableBeanFactory     : Returning cached instance of singleton bean 'autoConfigurationReport'
2024-01-13 22:39:12.466 TRACE 58992 --- [           main] a.ConfigurationClassBeanDefinitionReader : Registered bean definition for imported class 'org.springframework.hateoas.mediatype.hal.HalMediaTypeConfiguration'
2024-01-13 22:39:12.466 TRACE 58992 --- [           main] a.ConfigurationClassBeanDefinitionReader : Registering bean definition for @Bean method org.springframework.hateoas.mediatype.hal.HalMediaTypeConfiguration.halLinkDisocoverer()
2024-01-13 22:39:12.466 TRACE 58992 --- [           main] a.ConfigurationClassBeanDefinitionReader : Registered bean definition for imported class 'org.springframework.hateoas.config.WebTestHateoasConfiguration'
2024-01-13 22:39:12.466 TRACE 58992 --- [           main] a.ConfigurationClassBeanDefinitionReader : Registering bean definition for @Bean method org.springframework.hateoas.config.WebTestHateoasConfiguration.webTestClientConfigurer()
2024-01-13 22:39:12.466 TRACE 58992 --- [           main] a.ConfigurationClassBeanDefinitionReader : Registered bean definition for imported class 'org.springframework.hateoas.config.HateoasConfiguration'
2024-01-13 22:39:12.466 TRACE 58992 --- [           main] a.ConfigurationClassBeanDefinitionReader : Registering bean definition for @Bean method org.springframework.hateoas.config.HateoasConfiguration.messageResolver()
2024-01-13 22:39:12.466 TRACE 58992 --- [           main] a.ConfigurationClassBeanDefinitionReader : Registering bean definition for @Bean method org.springframework.hateoas.config.HateoasConfiguration.hypermediaWebMvcConverters()
2024-01-13 22:39:12.466 TRACE 58992 --- [           main] a.ConfigurationClassBeanDefinitionReader : Registering bean definition for @Bean method org.springframework.hateoas.config.HateoasConfiguration.defaultRelProvider()
2024-01-13 22:39:12.466 TRACE 58992 --- [           main] a.ConfigurationClassBeanDefinitionReader : Registering bean definition for @Bean method org.springframework.hateoas.config.HateoasConfiguration.annotationRelProvider()
2024-01-13 22:39:12.466 TRACE 58992 --- [           main] a.ConfigurationClassBeanDefinitionReader : Registering bean definition for @Bean method org.springframework.hateoas.config.HateoasConfiguration._relProvider()
2024-01-13 22:39:12.466 TRACE 58992 --- [           main] a.ConfigurationClassBeanDefinitionReader : Registering bean definition for @Bean method org.springframework.hateoas.config.HateoasConfiguration.relProviderPluginRegistry()
2024-01-13 22:39:12.466 TRACE 58992 --- [           main] a.ConfigurationClassBeanDefinitionReader : Registering bean definition for @Bean method org.springframework.hateoas.config.HateoasConfiguration.linkDiscoverers()
2024-01-13 22:39:12.466 TRACE 58992 --- [           main] a.ConfigurationClassBeanDefinitionReader : Registered bean definition for imported class 'org.springframework.hateoas.config.WebMvcEntityLinksConfiguration'
2024-01-13 22:39:12.466 TRACE 58992 --- [           main] a.ConfigurationClassBeanDefinitionReader : Registering bean definition for @Bean method org.springframework.hateoas.config.WebMvcEntityLinksConfiguration.webMvcEntityLinks()
2024-01-13 22:39:12.466 TRACE 58992 --- [           main] a.ConfigurationClassBeanDefinitionReader : Registering bean definition for @Bean method org.springframework.hateoas.config.WebMvcEntityLinksConfiguration.entityLinksPluginRegistry()
2024-01-13 22:39:12.466 TRACE 58992 --- [           main] a.ConfigurationClassBeanDefinitionReader : Registering bean definition for @Bean method org.springframework.hateoas.config.WebMvcEntityLinksConfiguration.delegatingEntityLinks()
2024-01-13 22:39:12.466 TRACE 58992 --- [           main] a.ConfigurationClassBeanDefinitionReader : Registered bean definition for imported class 'org.springframework.hateoas.config.WebMvcHateoasConfiguration'
2024-01-13 22:39:12.466 TRACE 58992 --- [           main] a.ConfigurationClassBeanDefinitionReader : Registering bean definition for @Bean method org.springframework.hateoas.config.WebMvcHateoasConfiguration.hypermediaWebMvcConfigurer()
2024-01-13 22:39:12.466 TRACE 58992 --- [           main] a.ConfigurationClassBeanDefinitionReader : Registering bean definition for @Bean method org.springframework.hateoas.config.WebMvcHateoasConfiguration.representationModelProcessorInvoker()
2024-01-13 22:39:12.466 TRACE 58992 --- [           main] a.ConfigurationClassBeanDefinitionReader : Registering bean definition for @Bean method org.springframework.hateoas.config.WebMvcHateoasConfiguration.hypermediaRepresentionModelProcessorConfigurator()
2024-01-13 22:39:12.466 TRACE 58992 --- [           main] a.ConfigurationClassBeanDefinitionReader : Registering bean definition for @Bean method org.springframework.hateoas.config.WebMvcHateoasConfiguration.webMvcLinkBuilderFactory()
2024-01-13 22:39:12.466 TRACE 58992 --- [           main] a.ConfigurationClassBeanDefinitionReader : Registered bean definition for imported class 'org.springframework.hateoas.config.RestTemplateHateoasConfiguration'
2024-01-13 22:39:12.466 TRACE 58992 --- [           main] a.ConfigurationClassBeanDefinitionReader : Registering bean definition for @Bean method org.springframework.hateoas.config.RestTemplateHateoasConfiguration.hypermediaRestTemplateBeanPostProcessor()
2024-01-13 22:39:12.466 TRACE 58992 --- [           main] a.ConfigurationClassBeanDefinitionReader : Registering bean definition for @Bean method org.springframework.hateoas.config.RestTemplateHateoasConfiguration.hypermediaRestTemplateConfigurer()
2024-01-13 22:39:12.466 TRACE 58992 --- [           main] a.ConfigurationClassBeanDefinitionReader : Registered bean definition for imported class 'org.springframework.boot.autoconfigure.hateoas.HypermediaAutoConfiguration$HypermediaConfiguration'
2024-01-13 22:39:12.466 TRACE 58992 --- [           main] a.ConfigurationClassBeanDefinitionReader : Registered bean definition for imported class 'org.springframework.boot.autoconfigure.hateoas.HypermediaAutoConfiguration'
2024-01-13 22:39:12.466 TRACE 58992 --- [           main] o.s.b.a.condition.OnClassCondition       : Condition OnClassCondition on org.springframework.boot.autoconfigure.hateoas.HypermediaAutoConfiguration#applicationJsonHalConfiguration matched due to @ConditionalOnClass found required class 'com.fasterxml.jackson.databind.ObjectMapper'
2024-01-13 22:39:12.466 TRACE 58992 --- [           main] o.s.b.f.s.DefaultListableBeanFactory     : Returning cached instance of singleton bean 'autoConfigurationReport'
2024-01-13 22:39:12.466 TRACE 58992 --- [           main] o.s.b.a.condition.OnPropertyCondition    : Condition OnPropertyCondition on org.springframework.boot.autoconfigure.hateoas.HypermediaAutoConfiguration#applicationJsonHalConfiguration matched due to @ConditionalOnProperty (spring.hateoas.use-hal-as-default-json-media-type) matched
2024-01-13 22:39:12.466 TRACE 58992 --- [           main] o.s.b.f.s.DefaultListableBeanFactory     : Returning cached instance of singleton bean 'autoConfigurationReport'
2024-01-13 22:39:12.467 TRACE 58992 --- [           main] o.s.b.a.condition.OnBeanCondition        : Condition OnBeanCondition on org.springframework.boot.autoconfigure.hateoas.HypermediaAutoConfiguration#applicationJsonHalConfiguration matched due to @ConditionalOnMissingBean (types: org.springframework.hateoas.mediatype.hal.HalConfiguration; SearchStrategy: all) did not find any beans
2024-01-13 22:39:12.467 TRACE 58992 --- [           main] o.s.b.f.s.DefaultListableBeanFactory     : Returning cached instance of singleton bean 'autoConfigurationReport'
2024-01-13 22:39:12.467 TRACE 58992 --- [           main] a.ConfigurationClassBeanDefinitionReader : Registering bean definition for @Bean method org.springframework.boot.autoconfigure.hateoas.HypermediaAutoConfiguration.applicationJsonHalConfiguration()
2024-01-13 22:39:12.467 TRACE 58992 --- [           main] o.s.b.a.condition.OnClassCondition       : Condition OnClassCondition on org.springframework.boot.autoconfigure.security.servlet.SecurityAutoConfiguration matched due to @ConditionalOnClass found required class 'org.springframework.security.authentication.DefaultAuthenticationEventPublisher'
2024-01-13 22:39:12.467 TRACE 58992 --- [           main] o.s.b.f.s.DefaultListableBeanFactory     : Returning cached instance of singleton bean 'autoConfigurationReport'
2024-01-13 22:39:12.467 TRACE 58992 --- [           main] o.s.b.a.c.OnWebApplicationCondition      : Condition OnWebApplicationCondition on org.springframework.boot.autoconfigure.security.servlet.SpringBootWebSecurityConfiguration matched due to found 'session' scope
2024-01-13 22:39:12.467 TRACE 58992 --- [           main] o.s.b.f.s.DefaultListableBeanFactory     : Returning cached instance of singleton bean 'autoConfigurationReport'
2024-01-13 22:39:12.467 TRACE 58992 --- [           main] o.s.b.a.s.DefaultWebSecurityCondition    : Condition DefaultWebSecurityCondition on org.springframework.boot.autoconfigure.security.servlet.SpringBootWebSecurityConfiguration did not match due to AllNestedConditions 1 matched 1 did not; NestedCondition on DefaultWebSecurityCondition.Beans @ConditionalOnMissingBean (types: org.springframework.security.config.annotation.web.configuration.WebSecurityConfigurerAdapter,org.springframework.security.web.SecurityFilterChain; SearchStrategy: all) found beans of type 'org.springframework.security.web.SecurityFilterChain' filterChain; NestedCondition on DefaultWebSecurityCondition.Classes @ConditionalOnClass found required classes 'org.springframework.security.web.SecurityFilterChain', 'org.springframework.security.config.annotation.web.builders.HttpSecurity'
2024-01-13 22:39:12.467 TRACE 58992 --- [           main] o.s.b.f.s.DefaultListableBeanFactory     : Returning cached instance of singleton bean 'autoConfigurationReport'
2024-01-13 22:39:12.467 TRACE 58992 --- [           main] o.s.b.a.condition.OnClassCondition       : Condition OnClassCondition on org.springframework.boot.autoconfigure.security.servlet.WebSecurityEnablerConfiguration matched due to @ConditionalOnClass found required class 'org.springframework.security.config.annotation.web.configuration.EnableWebSecurity'
2024-01-13 22:39:12.467 TRACE 58992 --- [           main] o.s.b.f.s.DefaultListableBeanFactory     : Returning cached instance of singleton bean 'autoConfigurationReport'
2024-01-13 22:39:12.467 TRACE 58992 --- [           main] o.s.b.a.c.OnWebApplicationCondition      : Condition OnWebApplicationCondition on org.springframework.boot.autoconfigure.security.servlet.WebSecurityEnablerConfiguration matched due to found 'session' scope
2024-01-13 22:39:12.467 TRACE 58992 --- [           main] o.s.b.f.s.DefaultListableBeanFactory     : Returning cached instance of singleton bean 'autoConfigurationReport'
2024-01-13 22:39:12.467 TRACE 58992 --- [           main] o.s.b.a.condition.OnBeanCondition        : Condition OnBeanCondition on org.springframework.boot.autoconfigure.security.servlet.WebSecurityEnablerConfiguration matched due to @ConditionalOnMissingBean (names: springSecurityFilterChain; SearchStrategy: all) did not find any beans
2024-01-13 22:39:12.467 TRACE 58992 --- [           main] o.s.b.f.s.DefaultListableBeanFactory     : Returning cached instance of singleton bean 'autoConfigurationReport'
2024-01-13 22:39:12.468 TRACE 58992 --- [           main] a.ConfigurationClassBeanDefinitionReader : Registered bean definition for imported class 'org.springframework.security.config.annotation.configuration.ObjectPostProcessorConfiguration'
2024-01-13 22:39:12.468 TRACE 58992 --- [           main] a.ConfigurationClassBeanDefinitionReader : Registering bean definition for @Bean method org.springframework.security.config.annotation.configuration.ObjectPostProcessorConfiguration.objectPostProcessor()
2024-01-13 22:39:12.468 TRACE 58992 --- [           main] a.ConfigurationClassBeanDefinitionReader : Registered bean definition for imported class 'org.springframework.security.config.annotation.authentication.configuration.AuthenticationConfiguration'
2024-01-13 22:39:12.468 TRACE 58992 --- [           main] a.ConfigurationClassBeanDefinitionReader : Registering bean definition for @Bean method org.springframework.security.config.annotation.authentication.configuration.AuthenticationConfiguration.authenticationManagerBuilder()
2024-01-13 22:39:12.468 TRACE 58992 --- [           main] a.ConfigurationClassBeanDefinitionReader : Registering bean definition for @Bean method org.springframework.security.config.annotation.authentication.configuration.AuthenticationConfiguration.enableGlobalAuthenticationAutowiredConfigurer()
2024-01-13 22:39:12.468 TRACE 58992 --- [           main] a.ConfigurationClassBeanDefinitionReader : Registering bean definition for @Bean method org.springframework.security.config.annotation.authentication.configuration.AuthenticationConfiguration.initializeUserDetailsBeanManagerConfigurer()
2024-01-13 22:39:12.468 TRACE 58992 --- [           main] a.ConfigurationClassBeanDefinitionReader : Registering bean definition for @Bean method org.springframework.security.config.annotation.authentication.configuration.AuthenticationConfiguration.initializeAuthenticationProviderBeanManagerConfigurer()
2024-01-13 22:39:12.468 TRACE 58992 --- [           main] a.ConfigurationClassBeanDefinitionReader : Registered bean definition for imported class 'org.springframework.security.config.annotation.web.configuration.WebSecurityConfiguration'
2024-01-13 22:39:12.468 TRACE 58992 --- [           main] a.ConfigurationClassBeanDefinitionReader : Registering bean definition for @Bean method org.springframework.security.config.annotation.web.configuration.WebSecurityConfiguration.delegatingApplicationListener()
2024-01-13 22:39:12.468 TRACE 58992 --- [           main] a.ConfigurationClassBeanDefinitionReader : Registering bean definition for @Bean method org.springframework.security.config.annotation.web.configuration.WebSecurityConfiguration.webSecurityExpressionHandler()
2024-01-13 22:39:12.468 TRACE 58992 --- [           main] a.ConfigurationClassBeanDefinitionReader : Registering bean definition for @Bean method org.springframework.security.config.annotation.web.configuration.WebSecurityConfiguration.springSecurityFilterChain()
2024-01-13 22:39:12.468 TRACE 58992 --- [           main] a.ConfigurationClassBeanDefinitionReader : Registering bean definition for @Bean method org.springframework.security.config.annotation.web.configuration.WebSecurityConfiguration.privilegeEvaluator()
2024-01-13 22:39:12.468 TRACE 58992 --- [           main] a.ConfigurationClassBeanDefinitionReader : Registering bean definition for @Bean method org.springframework.security.config.annotation.web.configuration.WebSecurityConfiguration.conversionServicePostProcessor()
2024-01-13 22:39:12.468 TRACE 58992 --- [           main] a.ConfigurationClassBeanDefinitionReader : Registering bean definition for @Bean method org.springframework.security.config.annotation.web.configuration.WebSecurityConfiguration.autowiredWebSecurityConfigurersIgnoreParents()
2024-01-13 22:39:12.468 TRACE 58992 --- [           main] a.ConfigurationClassBeanDefinitionReader : Registered bean definition for imported class 'org.springframework.security.config.annotation.web.configuration.WebMvcSecurityConfiguration'
2024-01-13 22:39:12.468 TRACE 58992 --- [           main] a.ConfigurationClassBeanDefinitionReader : Registering bean definition for @Bean method org.springframework.security.config.annotation.web.configuration.WebMvcSecurityConfiguration.requestDataValueProcessor()
2024-01-13 22:39:12.468 TRACE 58992 --- [           main] a.ConfigurationClassBeanDefinitionReader : Registered bean definition for imported class 'org.springframework.security.config.annotation.web.configuration.HttpSecurityConfiguration'
2024-01-13 22:39:12.468 TRACE 58992 --- [           main] a.ConfigurationClassBeanDefinitionReader : Registering bean definition for @Bean method org.springframework.security.config.annotation.web.configuration.HttpSecurityConfiguration.org.springframework.security.config.annotation.web.configuration.HttpSecurityConfiguration.httpSecurity()
2024-01-13 22:39:12.468 TRACE 58992 --- [           main] a.ConfigurationClassBeanDefinitionReader : Registered bean definition for imported class 'org.springframework.boot.autoconfigure.security.servlet.WebSecurityEnablerConfiguration'
2024-01-13 22:39:12.468 TRACE 58992 --- [           main] a.ConfigurationClassBeanDefinitionReader : Registered bean definition for imported class 'org.springframework.boot.autoconfigure.security.servlet.SecurityAutoConfiguration'
2024-01-13 22:39:12.468 TRACE 58992 --- [           main] o.s.b.a.condition.OnBeanCondition        : Condition OnBeanCondition on org.springframework.boot.autoconfigure.security.servlet.SecurityAutoConfiguration#authenticationEventPublisher matched due to @ConditionalOnMissingBean (types: org.springframework.security.authentication.AuthenticationEventPublisher; SearchStrategy: all) did not find any beans
2024-01-13 22:39:12.468 TRACE 58992 --- [           main] o.s.b.f.s.DefaultListableBeanFactory     : Returning cached instance of singleton bean 'autoConfigurationReport'
2024-01-13 22:39:12.468 TRACE 58992 --- [           main] a.ConfigurationClassBeanDefinitionReader : Registering bean definition for @Bean method org.springframework.boot.autoconfigure.security.servlet.SecurityAutoConfiguration.authenticationEventPublisher()
2024-01-13 22:39:12.468 TRACE 58992 --- [           main] o.s.b.a.condition.OnClassCondition       : Condition OnClassCondition on org.springframework.boot.autoconfigure.security.servlet.SecurityFilterAutoConfiguration matched due to @ConditionalOnClass found required classes 'org.springframework.security.web.context.AbstractSecurityWebApplicationInitializer', 'org.springframework.security.config.http.SessionCreationPolicy'
2024-01-13 22:39:12.468 TRACE 58992 --- [           main] o.s.b.f.s.DefaultListableBeanFactory     : Returning cached instance of singleton bean 'autoConfigurationReport'
2024-01-13 22:39:12.468 TRACE 58992 --- [           main] o.s.b.a.c.OnWebApplicationCondition      : Condition OnWebApplicationCondition on org.springframework.boot.autoconfigure.security.servlet.SecurityFilterAutoConfiguration matched due to found 'session' scope
2024-01-13 22:39:12.468 TRACE 58992 --- [           main] o.s.b.f.s.DefaultListableBeanFactory     : Returning cached instance of singleton bean 'autoConfigurationReport'
2024-01-13 22:39:12.468 TRACE 58992 --- [           main] a.ConfigurationClassBeanDefinitionReader : Registered bean definition for imported class 'org.springframework.boot.autoconfigure.security.servlet.SecurityFilterAutoConfiguration'
2024-01-13 22:39:12.468 TRACE 58992 --- [           main] o.s.b.a.condition.OnBeanCondition        : Condition OnBeanCondition on org.springframework.boot.autoconfigure.security.servlet.SecurityFilterAutoConfiguration#securityFilterChainRegistration matched due to @ConditionalOnBean (names: springSecurityFilterChain; SearchStrategy: all) found bean 'springSecurityFilterChain'
2024-01-13 22:39:12.468 TRACE 58992 --- [           main] o.s.b.f.s.DefaultListableBeanFactory     : Returning cached instance of singleton bean 'autoConfigurationReport'
2024-01-13 22:39:12.468 TRACE 58992 --- [           main] a.ConfigurationClassBeanDefinitionReader : Registering bean definition for @Bean method org.springframework.boot.autoconfigure.security.servlet.SecurityFilterAutoConfiguration.securityFilterChainRegistration()
2024-01-13 22:39:12.468 TRACE 58992 --- [           main] o.s.b.a.condition.OnClassCondition       : Condition OnClassCondition on org.springframework.boot.autoconfigure.security.servlet.UserDetailsServiceAutoConfiguration matched due to @ConditionalOnClass found required class 'org.springframework.security.authentication.AuthenticationManager'
2024-01-13 22:39:12.468 TRACE 58992 --- [           main] o.s.b.f.s.DefaultListableBeanFactory     : Returning cached instance of singleton bean 'autoConfigurationReport'
2024-01-13 22:39:12.469 TRACE 58992 --- [           main] o.s.b.a.condition.OnBeanCondition        : Condition OnBeanCondition on org.springframework.boot.autoconfigure.security.servlet.UserDetailsServiceAutoConfiguration did not match due to @ConditionalOnMissingBean (types: org.springframework.security.authentication.AuthenticationManager,org.springframework.security.authentication.AuthenticationProvider,org.springframework.security.core.userdetails.UserDetailsService,org.springframework.security.oauth2.jwt.JwtDecoder,org.springframework.security.oauth2.server.resource.introspection.OpaqueTokenIntrospector; SearchStrategy: all) found beans of type 'org.springframework.security.core.userdetails.UserDetailsService' userDetailsService
2024-01-13 22:39:12.469 TRACE 58992 --- [           main] o.s.b.f.s.DefaultListableBeanFactory     : Returning cached instance of singleton bean 'autoConfigurationReport'
2024-01-13 22:39:12.469 TRACE 58992 --- [           main] o.s.b.a.condition.OnClassCondition       : Condition OnClassCondition on org.springframework.boot.autoconfigure.thymeleaf.ThymeleafAutoConfiguration matched due to @ConditionalOnClass found required classes 'org.thymeleaf.templatemode.TemplateMode', 'org.thymeleaf.spring5.SpringTemplateEngine'
2024-01-13 22:39:12.469 TRACE 58992 --- [           main] o.s.b.f.s.DefaultListableBeanFactory     : Returning cached instance of singleton bean 'autoConfigurationReport'
2024-01-13 22:39:12.469 TRACE 58992 --- [           main] o.s.b.a.condition.OnClassCondition       : Condition OnClassCondition on org.springframework.boot.autoconfigure.thymeleaf.ThymeleafAutoConfiguration$ThymeleafJava8TimeDialect matched due to @ConditionalOnClass found required class 'org.thymeleaf.extras.java8time.dialect.Java8TimeDialect'
2024-01-13 22:39:12.469 TRACE 58992 --- [           main] o.s.b.f.s.DefaultListableBeanFactory     : Returning cached instance of singleton bean 'autoConfigurationReport'
2024-01-13 22:39:12.469 TRACE 58992 --- [           main] a.ConfigurationClassBeanDefinitionReader : Registered bean definition for imported class 'org.springframework.boot.autoconfigure.thymeleaf.ThymeleafAutoConfiguration$ThymeleafJava8TimeDialect'
2024-01-13 22:39:12.469 TRACE 58992 --- [           main] o.s.b.a.condition.OnBeanCondition        : Condition OnBeanCondition on org.springframework.boot.autoconfigure.thymeleaf.ThymeleafAutoConfiguration$ThymeleafJava8TimeDialect#java8TimeDialect matched due to @ConditionalOnMissingBean (types: org.thymeleaf.extras.java8time.dialect.Java8TimeDialect; SearchStrategy: all) did not find any beans
2024-01-13 22:39:12.469 TRACE 58992 --- [           main] o.s.b.f.s.DefaultListableBeanFactory     : Returning cached instance of singleton bean 'autoConfigurationReport'
2024-01-13 22:39:12.469 TRACE 58992 --- [           main] a.ConfigurationClassBeanDefinitionReader : Registering bean definition for @Bean method org.springframework.boot.autoconfigure.thymeleaf.ThymeleafAutoConfiguration$ThymeleafJava8TimeDialect.java8TimeDialect()
2024-01-13 22:39:12.469 TRACE 58992 --- [           main] o.s.b.a.c.OnWebApplicationCondition      : Condition OnWebApplicationCondition on org.springframework.boot.autoconfigure.thymeleaf.ThymeleafAutoConfiguration$ThymeleafWebMvcConfiguration matched due to found 'session' scope
2024-01-13 22:39:12.469 TRACE 58992 --- [           main] o.s.b.f.s.DefaultListableBeanFactory     : Returning cached instance of singleton bean 'autoConfigurationReport'
2024-01-13 22:39:12.469 TRACE 58992 --- [           main] o.s.b.a.condition.OnPropertyCondition    : Condition OnPropertyCondition on org.springframework.boot.autoconfigure.thymeleaf.ThymeleafAutoConfiguration$ThymeleafWebMvcConfiguration matched due to @ConditionalOnProperty (spring.thymeleaf.enabled) matched
2024-01-13 22:39:12.469 TRACE 58992 --- [           main] o.s.b.f.s.DefaultListableBeanFactory     : Returning cached instance of singleton bean 'autoConfigurationReport'
2024-01-13 22:39:12.469 TRACE 58992 --- [           main] a.ConfigurationClassBeanDefinitionReader : Registered bean definition for imported class 'org.springframework.boot.autoconfigure.thymeleaf.ThymeleafAutoConfiguration$ThymeleafWebMvcConfiguration$ThymeleafViewResolverConfiguration'
2024-01-13 22:39:12.469 TRACE 58992 --- [           main] o.s.b.a.condition.OnBeanCondition        : Condition OnBeanCondition on org.springframework.boot.autoconfigure.thymeleaf.ThymeleafAutoConfiguration$ThymeleafWebMvcConfiguration$ThymeleafViewResolverConfiguration#thymeleafViewResolver matched due to @ConditionalOnMissingBean (names: thymeleafViewResolver; SearchStrategy: all) did not find any beans
2024-01-13 22:39:12.469 TRACE 58992 --- [           main] o.s.b.f.s.DefaultListableBeanFactory     : Returning cached instance of singleton bean 'autoConfigurationReport'
2024-01-13 22:39:12.469 TRACE 58992 --- [           main] a.ConfigurationClassBeanDefinitionReader : Registering bean definition for @Bean method org.springframework.boot.autoconfigure.thymeleaf.ThymeleafAutoConfiguration$ThymeleafWebMvcConfiguration$ThymeleafViewResolverConfiguration.thymeleafViewResolver()
2024-01-13 22:39:12.470 TRACE 58992 --- [           main] a.ConfigurationClassBeanDefinitionReader : Registered bean definition for imported class 'org.springframework.boot.autoconfigure.thymeleaf.ThymeleafAutoConfiguration$ThymeleafWebMvcConfiguration'
2024-01-13 22:39:12.470 TRACE 58992 --- [           main] o.s.c.e.PropertySourcesPropertyResolver  : Searching for key 'spring.web.resources.chain.strategy.fixed.enabled' in PropertySource 'Annotations'
2024-01-13 22:39:12.470 TRACE 58992 --- [           main] o.s.c.e.PropertySourcesPropertyResolver  : Searching for key 'spring.web.resources.chain.strategy.fixed.enabled' in PropertySource 'configurationProperties'
2024-01-13 22:39:12.470 TRACE 58992 --- [           main] o.s.c.e.PropertySourcesPropertyResolver  : Searching for key 'spring.web.resources.chain.strategy.fixed.enabled' in PropertySource 'test'
2024-01-13 22:39:12.470 TRACE 58992 --- [           main] o.s.c.e.PropertySourcesPropertyResolver  : Searching for key 'spring.web.resources.chain.strategy.fixed.enabled' in PropertySource 'Inlined Test Properties'
2024-01-13 22:39:12.470 TRACE 58992 --- [           main] o.s.c.e.PropertySourcesPropertyResolver  : Searching for key 'spring.web.resources.chain.strategy.fixed.enabled' in PropertySource 'systemProperties'
2024-01-13 22:39:12.470 TRACE 58992 --- [           main] o.s.c.e.PropertySourcesPropertyResolver  : Searching for key 'spring.web.resources.chain.strategy.fixed.enabled' in PropertySource 'systemEnvironment'
2024-01-13 22:39:12.470 TRACE 58992 --- [           main] o.s.c.e.PropertySourcesPropertyResolver  : Searching for key 'spring.web.resources.chain.strategy.fixed.enabled' in PropertySource 'random'
2024-01-13 22:39:12.470 TRACE 58992 --- [           main] o.s.c.e.PropertySourcesPropertyResolver  : Searching for key 'spring.web.resources.chain.strategy.fixed.enabled' in PropertySource 'Config resource 'class path resource [application.properties]' via location 'optional:classpath:/''
2024-01-13 22:39:12.470 TRACE 58992 --- [           main] o.s.c.e.PropertySourcesPropertyResolver  : Searching for key 'spring.web.resources.chain.strategy.fixed.enabled' in PropertySource 'Config resource 'class path resource [application.yml]' via location 'optional:classpath:/''
2024-01-13 22:39:12.470 TRACE 58992 --- [           main] o.s.c.e.PropertySourcesPropertyResolver  : Could not find key 'spring.web.resources.chain.strategy.fixed.enabled' in any property source
2024-01-13 22:39:12.470 TRACE 58992 --- [           main] o.s.c.e.PropertySourcesPropertyResolver  : Searching for key 'spring.web.resources.chain.strategy.content.enabled' in PropertySource 'Annotations'
2024-01-13 22:39:12.470 TRACE 58992 --- [           main] o.s.c.e.PropertySourcesPropertyResolver  : Searching for key 'spring.web.resources.chain.strategy.content.enabled' in PropertySource 'configurationProperties'
2024-01-13 22:39:12.470 TRACE 58992 --- [           main] o.s.c.e.PropertySourcesPropertyResolver  : Searching for key 'spring.web.resources.chain.strategy.content.enabled' in PropertySource 'test'
2024-01-13 22:39:12.470 TRACE 58992 --- [           main] o.s.c.e.PropertySourcesPropertyResolver  : Searching for key 'spring.web.resources.chain.strategy.content.enabled' in PropertySource 'Inlined Test Properties'
2024-01-13 22:39:12.470 TRACE 58992 --- [           main] o.s.c.e.PropertySourcesPropertyResolver  : Searching for key 'spring.web.resources.chain.strategy.content.enabled' in PropertySource 'systemProperties'
2024-01-13 22:39:12.470 TRACE 58992 --- [           main] o.s.c.e.PropertySourcesPropertyResolver  : Searching for key 'spring.web.resources.chain.strategy.content.enabled' in PropertySource 'systemEnvironment'
2024-01-13 22:39:12.470 TRACE 58992 --- [           main] o.s.c.e.PropertySourcesPropertyResolver  : Searching for key 'spring.web.resources.chain.strategy.content.enabled' in PropertySource 'random'
2024-01-13 22:39:12.470 TRACE 58992 --- [           main] o.s.c.e.PropertySourcesPropertyResolver  : Searching for key 'spring.web.resources.chain.strategy.content.enabled' in PropertySource 'Config resource 'class path resource [application.properties]' via location 'optional:classpath:/''
2024-01-13 22:39:12.470 TRACE 58992 --- [           main] o.s.c.e.PropertySourcesPropertyResolver  : Searching for key 'spring.web.resources.chain.strategy.content.enabled' in PropertySource 'Config resource 'class path resource [application.yml]' via location 'optional:classpath:/''
2024-01-13 22:39:12.470 TRACE 58992 --- [           main] o.s.c.e.PropertySourcesPropertyResolver  : Could not find key 'spring.web.resources.chain.strategy.content.enabled' in any property source
2024-01-13 22:39:12.470 TRACE 58992 --- [           main] o.s.c.e.PropertySourcesPropertyResolver  : Searching for key 'spring.web.resources.chain.enabled' in PropertySource 'Annotations'
2024-01-13 22:39:12.470 TRACE 58992 --- [           main] o.s.c.e.PropertySourcesPropertyResolver  : Searching for key 'spring.web.resources.chain.enabled' in PropertySource 'configurationProperties'
2024-01-13 22:39:12.470 TRACE 58992 --- [           main] o.s.c.e.PropertySourcesPropertyResolver  : Searching for key 'spring.web.resources.chain.enabled' in PropertySource 'test'
2024-01-13 22:39:12.470 TRACE 58992 --- [           main] o.s.c.e.PropertySourcesPropertyResolver  : Searching for key 'spring.web.resources.chain.enabled' in PropertySource 'Inlined Test Properties'
2024-01-13 22:39:12.470 TRACE 58992 --- [           main] o.s.c.e.PropertySourcesPropertyResolver  : Searching for key 'spring.web.resources.chain.enabled' in PropertySource 'systemProperties'
2024-01-13 22:39:12.470 TRACE 58992 --- [           main] o.s.c.e.PropertySourcesPropertyResolver  : Searching for key 'spring.web.resources.chain.enabled' in PropertySource 'systemEnvironment'
2024-01-13 22:39:12.470 TRACE 58992 --- [           main] o.s.c.e.PropertySourcesPropertyResolver  : Searching for key 'spring.web.resources.chain.enabled' in PropertySource 'random'
2024-01-13 22:39:12.470 TRACE 58992 --- [           main] o.s.c.e.PropertySourcesPropertyResolver  : Searching for key 'spring.web.resources.chain.enabled' in PropertySource 'Config resource 'class path resource [application.properties]' via location 'optional:classpath:/''
2024-01-13 22:39:12.470 TRACE 58992 --- [           main] o.s.c.e.PropertySourcesPropertyResolver  : Searching for key 'spring.web.resources.chain.enabled' in PropertySource 'Config resource 'class path resource [application.yml]' via location 'optional:classpath:/''
2024-01-13 22:39:12.470 TRACE 58992 --- [           main] o.s.c.e.PropertySourcesPropertyResolver  : Could not find key 'spring.web.resources.chain.enabled' in any property source
2024-01-13 22:39:12.470 TRACE 58992 --- [           main] .s.b.a.w.OnEnabledResourceChainCondition : Condition OnEnabledResourceChainCondition on org.springframework.boot.autoconfigure.thymeleaf.ThymeleafAutoConfiguration$ThymeleafWebMvcConfiguration#resourceUrlEncodingFilter did not match due to @ConditionalOnEnabledResourceChain did not find class org.webjars.WebJarAssetLocator
2024-01-13 22:39:12.470 TRACE 58992 --- [           main] o.s.b.f.s.DefaultListableBeanFactory     : Returning cached instance of singleton bean 'autoConfigurationReport'
2024-01-13 22:39:12.470 TRACE 58992 --- [           main] a.ConfigurationClassBeanDefinitionReader : Registered bean definition for imported class 'org.springframework.boot.autoconfigure.thymeleaf.ThymeleafAutoConfiguration$ThymeleafDefaultConfiguration'
2024-01-13 22:39:12.470 TRACE 58992 --- [           main] o.s.b.a.condition.OnBeanCondition        : Condition OnBeanCondition on org.springframework.boot.autoconfigure.thymeleaf.ThymeleafAutoConfiguration$ThymeleafDefaultConfiguration#templateEngine matched due to @ConditionalOnMissingBean (types: org.thymeleaf.spring5.ISpringTemplateEngine; SearchStrategy: all) did not find any beans
2024-01-13 22:39:12.470 TRACE 58992 --- [           main] o.s.b.f.s.DefaultListableBeanFactory     : Returning cached instance of singleton bean 'autoConfigurationReport'
2024-01-13 22:39:12.470 TRACE 58992 --- [           main] a.ConfigurationClassBeanDefinitionReader : Registering bean definition for @Bean method org.springframework.boot.autoconfigure.thymeleaf.ThymeleafAutoConfiguration$ThymeleafDefaultConfiguration.templateEngine()
2024-01-13 22:39:12.470 TRACE 58992 --- [           main] o.s.b.a.condition.OnBeanCondition        : Condition OnBeanCondition on org.springframework.boot.autoconfigure.thymeleaf.ThymeleafAutoConfiguration$DefaultTemplateResolverConfiguration matched due to @ConditionalOnMissingBean (names: defaultTemplateResolver; SearchStrategy: all) did not find any beans
2024-01-13 22:39:12.470 TRACE 58992 --- [           main] o.s.b.f.s.DefaultListableBeanFactory     : Returning cached instance of singleton bean 'autoConfigurationReport'
2024-01-13 22:39:12.470 TRACE 58992 --- [           main] a.ConfigurationClassBeanDefinitionReader : Registered bean definition for imported class 'org.springframework.boot.autoconfigure.thymeleaf.ThymeleafAutoConfiguration$DefaultTemplateResolverConfiguration'
2024-01-13 22:39:12.470 TRACE 58992 --- [           main] a.ConfigurationClassBeanDefinitionReader : Registering bean definition for @Bean method org.springframework.boot.autoconfigure.thymeleaf.ThymeleafAutoConfiguration$DefaultTemplateResolverConfiguration.defaultTemplateResolver()
2024-01-13 22:39:12.470 TRACE 58992 --- [           main] a.ConfigurationClassBeanDefinitionReader : Registered bean definition for imported class 'org.springframework.boot.autoconfigure.thymeleaf.ThymeleafAutoConfiguration'
2024-01-13 22:39:12.471 TRACE 58992 --- [           main] o.s.b.a.condition.OnClassCondition       : Condition OnClassCondition on org.springframework.boot.autoconfigure.web.servlet.HttpEncodingAutoConfiguration matched due to @ConditionalOnClass found required class 'org.springframework.web.filter.CharacterEncodingFilter'
2024-01-13 22:39:12.471 TRACE 58992 --- [           main] o.s.b.f.s.DefaultListableBeanFactory     : Returning cached instance of singleton bean 'autoConfigurationReport'
2024-01-13 22:39:12.471 TRACE 58992 --- [           main] o.s.b.a.c.OnWebApplicationCondition      : Condition OnWebApplicationCondition on org.springframework.boot.autoconfigure.web.servlet.HttpEncodingAutoConfiguration matched due to found 'session' scope
2024-01-13 22:39:12.471 TRACE 58992 --- [           main] o.s.b.f.s.DefaultListableBeanFactory     : Returning cached instance of singleton bean 'autoConfigurationReport'
2024-01-13 22:39:12.471 TRACE 58992 --- [           main] o.s.b.a.condition.OnPropertyCondition    : Condition OnPropertyCondition on org.springframework.boot.autoconfigure.web.servlet.HttpEncodingAutoConfiguration matched due to @ConditionalOnProperty (server.servlet.encoding.enabled) matched
2024-01-13 22:39:12.471 TRACE 58992 --- [           main] o.s.b.f.s.DefaultListableBeanFactory     : Returning cached instance of singleton bean 'autoConfigurationReport'
2024-01-13 22:39:12.471 TRACE 58992 --- [           main] a.ConfigurationClassBeanDefinitionReader : Registered bean definition for imported class 'org.springframework.boot.autoconfigure.web.servlet.HttpEncodingAutoConfiguration'
2024-01-13 22:39:12.471 TRACE 58992 --- [           main] o.s.b.a.condition.OnBeanCondition        : Condition OnBeanCondition on org.springframework.boot.autoconfigure.web.servlet.HttpEncodingAutoConfiguration#characterEncodingFilter matched due to @ConditionalOnMissingBean (types: org.springframework.web.filter.CharacterEncodingFilter; SearchStrategy: all) did not find any beans
2024-01-13 22:39:12.471 TRACE 58992 --- [           main] o.s.b.f.s.DefaultListableBeanFactory     : Returning cached instance of singleton bean 'autoConfigurationReport'
2024-01-13 22:39:12.471 TRACE 58992 --- [           main] a.ConfigurationClassBeanDefinitionReader : Registering bean definition for @Bean method org.springframework.boot.autoconfigure.web.servlet.HttpEncodingAutoConfiguration.characterEncodingFilter()
2024-01-13 22:39:12.471 TRACE 58992 --- [           main] a.ConfigurationClassBeanDefinitionReader : Registering bean definition for @Bean method org.springframework.boot.autoconfigure.web.servlet.HttpEncodingAutoConfiguration.localeCharsetMappingsCustomizer()
2024-01-13 22:39:12.471 TRACE 58992 --- [           main] o.s.b.a.c.OnWebApplicationCondition      : Condition OnWebApplicationCondition on org.springframework.boot.test.autoconfigure.web.servlet.MockMvcAutoConfiguration matched due to found 'session' scope
2024-01-13 22:39:12.471 TRACE 58992 --- [           main] o.s.b.f.s.DefaultListableBeanFactory     : Returning cached instance of singleton bean 'autoConfigurationReport'
2024-01-13 22:39:12.471 TRACE 58992 --- [           main] a.ConfigurationClassBeanDefinitionReader : Registered bean definition for imported class 'org.springframework.boot.test.autoconfigure.web.servlet.MockMvcAutoConfiguration'
2024-01-13 22:39:12.471 TRACE 58992 --- [           main] o.s.b.a.condition.OnBeanCondition        : Condition OnBeanCondition on org.springframework.boot.test.autoconfigure.web.servlet.MockMvcAutoConfiguration#dispatcherServletPath matched due to @ConditionalOnMissingBean (types: org.springframework.boot.autoconfigure.web.servlet.DispatcherServletPath; SearchStrategy: all) did not find any beans
2024-01-13 22:39:12.471 TRACE 58992 --- [           main] o.s.b.f.s.DefaultListableBeanFactory     : Returning cached instance of singleton bean 'autoConfigurationReport'
2024-01-13 22:39:12.471 TRACE 58992 --- [           main] a.ConfigurationClassBeanDefinitionReader : Registering bean definition for @Bean method org.springframework.boot.test.autoconfigure.web.servlet.MockMvcAutoConfiguration.dispatcherServletPath()
2024-01-13 22:39:12.471 TRACE 58992 --- [           main] o.s.b.a.condition.OnBeanCondition        : Condition OnBeanCondition on org.springframework.boot.test.autoconfigure.web.servlet.MockMvcAutoConfiguration#mockMvcBuilder matched due to @ConditionalOnMissingBean (types: org.springframework.test.web.servlet.MockMvcBuilder; SearchStrategy: all) did not find any beans
2024-01-13 22:39:12.471 TRACE 58992 --- [           main] o.s.b.f.s.DefaultListableBeanFactory     : Returning cached instance of singleton bean 'autoConfigurationReport'
2024-01-13 22:39:12.471 TRACE 58992 --- [           main] a.ConfigurationClassBeanDefinitionReader : Registering bean definition for @Bean method org.springframework.boot.test.autoconfigure.web.servlet.MockMvcAutoConfiguration.mockMvcBuilder()
2024-01-13 22:39:12.471 TRACE 58992 --- [           main] a.ConfigurationClassBeanDefinitionReader : Registering bean definition for @Bean method org.springframework.boot.test.autoconfigure.web.servlet.MockMvcAutoConfiguration.springBootMockMvcBuilderCustomizer()
2024-01-13 22:39:12.471 TRACE 58992 --- [           main] o.s.b.a.condition.OnBeanCondition        : Condition OnBeanCondition on org.springframework.boot.test.autoconfigure.web.servlet.MockMvcAutoConfiguration#mockMvc matched due to @ConditionalOnMissingBean (types: org.springframework.test.web.servlet.MockMvc; SearchStrategy: all) did not find any beans
2024-01-13 22:39:12.471 TRACE 58992 --- [           main] o.s.b.f.s.DefaultListableBeanFactory     : Returning cached instance of singleton bean 'autoConfigurationReport'
2024-01-13 22:39:12.471 TRACE 58992 --- [           main] a.ConfigurationClassBeanDefinitionReader : Registering bean definition for @Bean method org.springframework.boot.test.autoconfigure.web.servlet.MockMvcAutoConfiguration.mockMvc()
2024-01-13 22:39:12.472 TRACE 58992 --- [           main] o.s.b.a.condition.OnBeanCondition        : Condition OnBeanCondition on org.springframework.boot.test.autoconfigure.web.servlet.MockMvcAutoConfiguration#dispatcherServlet matched due to @ConditionalOnMissingBean (types: org.springframework.web.servlet.DispatcherServlet; SearchStrategy: all) did not find any beans
2024-01-13 22:39:12.472 TRACE 58992 --- [           main] o.s.b.f.s.DefaultListableBeanFactory     : Returning cached instance of singleton bean 'autoConfigurationReport'
2024-01-13 22:39:12.472 TRACE 58992 --- [           main] a.ConfigurationClassBeanDefinitionReader : Registering bean definition for @Bean method org.springframework.boot.test.autoconfigure.web.servlet.MockMvcAutoConfiguration.dispatcherServlet()
2024-01-13 22:39:12.472 DEBUG 58992 --- [           main] o.s.b.f.s.DefaultListableBeanFactory     : Creating shared instance of singleton bean 'org.springframework.boot.test.context.ImportsContextCustomizer$ImportsCleanupPostProcessor'
2024-01-13 22:39:12.472 TRACE 58992 --- [           main] o.s.b.f.s.DefaultListableBeanFactory     : Creating instance of bean 'org.springframework.boot.test.context.ImportsContextCustomizer$ImportsCleanupPostProcessor'
2024-01-13 22:39:12.472 TRACE 58992 --- [           main] o.s.b.f.s.DefaultListableBeanFactory     : Eagerly caching bean 'org.springframework.boot.test.context.ImportsContextCustomizer$ImportsCleanupPostProcessor' to allow for resolving potential circular references
2024-01-13 22:39:12.472 TRACE 58992 --- [           main] o.s.b.f.s.DefaultListableBeanFactory     : Finished creating instance of bean 'org.springframework.boot.test.context.ImportsContextCustomizer$ImportsCleanupPostProcessor'
2024-01-13 22:39:12.473 TRACE 58992 --- [           main] o.s.c.a.ConfigurationClassEnhancer       : Successfully enhanced tacos.TacoCloudApplicationJpa; enhanced class name is: tacos.TacoCloudApplicationJpa$$EnhancerBySpringCGLIB$$9028a94d
2024-01-13 22:39:12.473 TRACE 58992 --- [           main] o.s.c.a.ConfigurationClassPostProcessor  : Replacing bean definition 'tacoCloudApplicationJpa' existing class 'tacos.TacoCloudApplicationJpa' with enhanced class 'tacos.TacoCloudApplicationJpa$$EnhancerBySpringCGLIB$$9028a94d'
2024-01-13 22:39:12.473 TRACE 58992 --- [           main] o.s.c.a.ConfigurationClassEnhancer       : Successfully enhanced tacos.SecurityConfiguration; enhanced class name is: tacos.SecurityConfiguration$$EnhancerBySpringCGLIB$$43cddb1c
2024-01-13 22:39:12.473 TRACE 58992 --- [           main] o.s.c.a.ConfigurationClassPostProcessor  : Replacing bean definition 'securityConfiguration' existing class 'tacos.SecurityConfiguration' with enhanced class 'tacos.SecurityConfiguration$$EnhancerBySpringCGLIB$$43cddb1c'
2024-01-13 22:39:12.473 DEBUG 58992 --- [           main] o.s.b.f.s.DefaultListableBeanFactory     : Creating shared instance of singleton bean 'org.springframework.boot.test.mock.mockito.MockitoPostProcessor'
2024-01-13 22:39:12.473 TRACE 58992 --- [           main] o.s.b.f.s.DefaultListableBeanFactory     : Creating instance of bean 'org.springframework.boot.test.mock.mockito.MockitoPostProcessor'
2024-01-13 22:39:12.473 TRACE 58992 --- [           main] o.s.b.f.s.DefaultListableBeanFactory     : Eagerly caching bean 'org.springframework.boot.test.mock.mockito.MockitoPostProcessor' to allow for resolving potential circular references
2024-01-13 22:39:12.473 TRACE 58992 --- [           main] o.s.b.f.s.DefaultListableBeanFactory     : Finished creating instance of bean 'org.springframework.boot.test.mock.mockito.MockitoPostProcessor'
2024-01-13 22:39:12.473 DEBUG 58992 --- [           main] o.s.b.f.s.DefaultListableBeanFactory     : Creating shared instance of singleton bean 'org.springframework.context.event.internalEventListenerProcessor'
2024-01-13 22:39:12.473 TRACE 58992 --- [           main] o.s.b.f.s.DefaultListableBeanFactory     : Creating instance of bean 'org.springframework.context.event.internalEventListenerProcessor'
2024-01-13 22:39:12.473 TRACE 58992 --- [           main] o.s.b.f.s.DefaultListableBeanFactory     : Eagerly caching bean 'org.springframework.context.event.internalEventListenerProcessor' to allow for resolving potential circular references
2024-01-13 22:39:12.473 TRACE 58992 --- [           main] o.s.b.f.s.DefaultListableBeanFactory     : Finished creating instance of bean 'org.springframework.context.event.internalEventListenerProcessor'
2024-01-13 22:39:12.473 DEBUG 58992 --- [           main] o.s.b.f.s.DefaultListableBeanFactory     : Creating shared instance of singleton bean 'preserveErrorControllerTargetClassPostProcessor'
2024-01-13 22:39:12.473 TRACE 58992 --- [           main] o.s.b.f.s.DefaultListableBeanFactory     : Creating instance of bean 'preserveErrorControllerTargetClassPostProcessor'
2024-01-13 22:39:12.473 TRACE 58992 --- [           main] o.s.b.f.s.DefaultListableBeanFactory     : Eagerly caching bean 'preserveErrorControllerTargetClassPostProcessor' to allow for resolving potential circular references
2024-01-13 22:39:12.473 TRACE 58992 --- [           main] o.s.b.f.s.DefaultListableBeanFactory     : Finished creating instance of bean 'preserveErrorControllerTargetClassPostProcessor'
2024-01-13 22:39:12.473 DEBUG 58992 --- [           main] o.s.b.f.s.DefaultListableBeanFactory     : Creating shared instance of singleton bean 'conversionServicePostProcessor'
2024-01-13 22:39:12.473 TRACE 58992 --- [           main] o.s.b.f.s.DefaultListableBeanFactory     : Creating instance of bean 'conversionServicePostProcessor'
2024-01-13 22:39:12.473 TRACE 58992 --- [           main] o.s.b.f.s.DefaultListableBeanFactory     : Eagerly caching bean 'conversionServicePostProcessor' to allow for resolving potential circular references
2024-01-13 22:39:12.473 TRACE 58992 --- [           main] o.s.b.f.s.DefaultListableBeanFactory     : Finished creating instance of bean 'conversionServicePostProcessor'
2024-01-13 22:39:12.474 DEBUG 58992 --- [           main] o.s.b.f.s.DefaultListableBeanFactory     : Creating shared instance of singleton bean 'org.springframework.context.event.internalEventListenerFactory'
2024-01-13 22:39:12.474 TRACE 58992 --- [           main] o.s.b.f.s.DefaultListableBeanFactory     : Creating instance of bean 'org.springframework.context.event.internalEventListenerFactory'
2024-01-13 22:39:12.474 TRACE 58992 --- [           main] o.s.b.f.s.DefaultListableBeanFactory     : Eagerly caching bean 'org.springframework.context.event.internalEventListenerFactory' to allow for resolving potential circular references
2024-01-13 22:39:12.474 TRACE 58992 --- [           main] o.s.b.f.s.DefaultListableBeanFactory     : Finished creating instance of bean 'org.springframework.context.event.internalEventListenerFactory'
2024-01-13 22:39:12.474 DEBUG 58992 --- [           main] o.s.b.f.s.DefaultListableBeanFactory     : Creating shared instance of singleton bean 'org.springframework.context.annotation.internalAutowiredAnnotationProcessor'
2024-01-13 22:39:12.474 TRACE 58992 --- [           main] o.s.b.f.s.DefaultListableBeanFactory     : Creating instance of bean 'org.springframework.context.annotation.internalAutowiredAnnotationProcessor'
2024-01-13 22:39:12.474 TRACE 58992 --- [           main] o.s.b.f.s.DefaultListableBeanFactory     : Eagerly caching bean 'org.springframework.context.annotation.internalAutowiredAnnotationProcessor' to allow for resolving potential circular references
2024-01-13 22:39:12.474 TRACE 58992 --- [           main] o.s.b.f.s.DefaultListableBeanFactory     : Finished creating instance of bean 'org.springframework.context.annotation.internalAutowiredAnnotationProcessor'
2024-01-13 22:39:12.474 DEBUG 58992 --- [           main] o.s.b.f.s.DefaultListableBeanFactory     : Creating shared instance of singleton bean 'org.springframework.context.annotation.internalCommonAnnotationProcessor'
2024-01-13 22:39:12.474 TRACE 58992 --- [           main] o.s.b.f.s.DefaultListableBeanFactory     : Creating instance of bean 'org.springframework.context.annotation.internalCommonAnnotationProcessor'
2024-01-13 22:39:12.474 TRACE 58992 --- [           main] o.s.b.f.s.DefaultListableBeanFactory     : Eagerly caching bean 'org.springframework.context.annotation.internalCommonAnnotationProcessor' to allow for resolving potential circular references
2024-01-13 22:39:12.474 TRACE 58992 --- [           main] o.s.b.f.s.DefaultListableBeanFactory     : Finished creating instance of bean 'org.springframework.context.annotation.internalCommonAnnotationProcessor'
2024-01-13 22:39:12.474 DEBUG 58992 --- [           main] o.s.b.f.s.DefaultListableBeanFactory     : Creating shared instance of singleton bean 'org.springframework.context.annotation.internalPersistenceAnnotationProcessor'
2024-01-13 22:39:12.474 TRACE 58992 --- [           main] o.s.b.f.s.DefaultListableBeanFactory     : Creating instance of bean 'org.springframework.context.annotation.internalPersistenceAnnotationProcessor'
2024-01-13 22:39:12.474 TRACE 58992 --- [           main] o.s.b.f.s.DefaultListableBeanFactory     : Eagerly caching bean 'org.springframework.context.annotation.internalPersistenceAnnotationProcessor' to allow for resolving potential circular references
2024-01-13 22:39:12.474 TRACE 58992 --- [           main] o.s.b.f.s.DefaultListableBeanFactory     : Finished creating instance of bean 'org.springframework.context.annotation.internalPersistenceAnnotationProcessor'
2024-01-13 22:39:12.474 DEBUG 58992 --- [           main] o.s.b.f.s.DefaultListableBeanFactory     : Creating shared instance of singleton bean 'org.springframework.boot.test.mock.mockito.MockitoPostProcessor$SpyPostProcessor'
2024-01-13 22:39:12.474 TRACE 58992 --- [           main] o.s.b.f.s.DefaultListableBeanFactory     : Creating instance of bean 'org.springframework.boot.test.mock.mockito.MockitoPostProcessor$SpyPostProcessor'
2024-01-13 22:39:12.474 TRACE 58992 --- [           main] o.s.b.f.s.DefaultListableBeanFactory     : Returning cached instance of singleton bean 'org.springframework.boot.test.mock.mockito.MockitoPostProcessor'
2024-01-13 22:39:12.474 TRACE 58992 --- [           main] o.s.b.f.s.DefaultListableBeanFactory     : Eagerly caching bean 'org.springframework.boot.test.mock.mockito.MockitoPostProcessor$SpyPostProcessor' to allow for resolving potential circular references
2024-01-13 22:39:12.474 TRACE 58992 --- [           main] o.s.b.f.s.DefaultListableBeanFactory     : Finished creating instance of bean 'org.springframework.boot.test.mock.mockito.MockitoPostProcessor$SpyPostProcessor'
2024-01-13 22:39:12.474 DEBUG 58992 --- [           main] o.s.b.f.s.DefaultListableBeanFactory     : Creating shared instance of singleton bean 'org.springframework.boot.context.properties.ConfigurationPropertiesBindingPostProcessor'
2024-01-13 22:39:12.474 TRACE 58992 --- [           main] o.s.b.f.s.DefaultListableBeanFactory     : Creating instance of bean 'org.springframework.boot.context.properties.ConfigurationPropertiesBindingPostProcessor'
2024-01-13 22:39:12.474 TRACE 58992 --- [           main] o.s.b.f.s.DefaultListableBeanFactory     : Eagerly caching bean 'org.springframework.boot.context.properties.ConfigurationPropertiesBindingPostProcessor' to allow for resolving potential circular references
2024-01-13 22:39:12.474 TRACE 58992 --- [           main] o.s.b.f.s.DefaultListableBeanFactory     : Invoking afterPropertiesSet() on bean with name 'org.springframework.boot.context.properties.ConfigurationPropertiesBindingPostProcessor'
2024-01-13 22:39:12.474 DEBUG 58992 --- [           main] o.s.b.f.s.DefaultListableBeanFactory     : Creating shared instance of singleton bean 'org.springframework.boot.context.internalConfigurationPropertiesBinder'
2024-01-13 22:39:12.474 TRACE 58992 --- [           main] o.s.b.f.s.DefaultListableBeanFactory     : Creating instance of bean 'org.springframework.boot.context.internalConfigurationPropertiesBinder'
2024-01-13 22:39:12.474 DEBUG 58992 --- [           main] o.s.b.f.s.DefaultListableBeanFactory     : Creating shared instance of singleton bean 'org.springframework.boot.context.internalConfigurationPropertiesBinderFactory'
2024-01-13 22:39:12.474 TRACE 58992 --- [           main] o.s.b.f.s.DefaultListableBeanFactory     : Creating instance of bean 'org.springframework.boot.context.internalConfigurationPropertiesBinderFactory'
2024-01-13 22:39:12.474 TRACE 58992 --- [           main] o.s.b.f.s.DefaultListableBeanFactory     : Eagerly caching bean 'org.springframework.boot.context.internalConfigurationPropertiesBinderFactory' to allow for resolving potential circular references
2024-01-13 22:39:12.474 TRACE 58992 --- [           main] o.s.b.f.s.DefaultListableBeanFactory     : Finished creating instance of bean 'org.springframework.boot.context.internalConfigurationPropertiesBinderFactory'
2024-01-13 22:39:12.475 TRACE 58992 --- [           main] o.s.b.f.s.DefaultListableBeanFactory     : Eagerly caching bean 'org.springframework.boot.context.internalConfigurationPropertiesBinder' to allow for resolving potential circular references
2024-01-13 22:39:12.475 TRACE 58992 --- [           main] o.s.b.f.s.DefaultListableBeanFactory     : Finished creating instance of bean 'org.springframework.boot.context.internalConfigurationPropertiesBinder'
2024-01-13 22:39:12.475 TRACE 58992 --- [           main] o.s.b.f.s.DefaultListableBeanFactory     : Finished creating instance of bean 'org.springframework.boot.context.properties.ConfigurationPropertiesBindingPostProcessor'
2024-01-13 22:39:12.475 TRACE 58992 --- [           main] o.s.b.f.s.DefaultListableBeanFactory     : Returning cached instance of singleton bean 'org.springframework.boot.test.mock.mockito.MockitoPostProcessor'
2024-01-13 22:39:12.475 DEBUG 58992 --- [           main] o.s.b.f.s.DefaultListableBeanFactory     : Creating shared instance of singleton bean 'methodValidationPostProcessor'
2024-01-13 22:39:12.475 TRACE 58992 --- [           main] o.s.b.f.s.DefaultListableBeanFactory     : Creating instance of bean 'methodValidationPostProcessor'
2024-01-13 22:39:12.475 TRACE 58992 --- [           main] o.s.b.f.s.DefaultListableBeanFactory     : Returning cached instance of singleton bean 'environment'
2024-01-13 22:39:12.475 TRACE 58992 --- [           main] o.s.aop.framework.JdkDynamicAopProxy     : Creating JDK dynamic proxy: org.springframework.context.annotation.ContextAnnotationAutowireCandidateResolver$1@465a121d
2024-01-13 22:39:12.475 DEBUG 58992 --- [           main] o.s.b.f.s.DefaultListableBeanFactory     : Autowiring by type from bean name 'methodValidationPostProcessor' via factory method to bean named 'environment'
2024-01-13 22:39:12.475 DEBUG 58992 --- [           main] o.s.b.f.s.DefaultListableBeanFactory     : Creating shared instance of singleton bean 'org.springframework.boot.context.properties.EnableConfigurationPropertiesRegistrar.methodValidationExcludeFilter'
2024-01-13 22:39:12.475 TRACE 58992 --- [           main] o.s.b.f.s.DefaultListableBeanFactory     : Creating instance of bean 'org.springframework.boot.context.properties.EnableConfigurationPropertiesRegistrar.methodValidationExcludeFilter'
2024-01-13 22:39:12.475 TRACE 58992 --- [           main] o.s.b.f.s.DefaultListableBeanFactory     : Eagerly caching bean 'org.springframework.boot.context.properties.EnableConfigurationPropertiesRegistrar.methodValidationExcludeFilter' to allow for resolving potential circular references
2024-01-13 22:39:12.475 TRACE 58992 --- [           main] o.s.beans.CachedIntrospectionResults     : Getting BeanInfo for class [org.springframework.boot.validation.beanvalidation.MethodValidationExcludeFilter$$Lambda$761/0x0000000801040200]
2024-01-13 22:39:12.475 TRACE 58992 --- [           main] o.s.beans.CachedIntrospectionResults     : Caching PropertyDescriptors for class [org.springframework.boot.validation.beanvalidation.MethodValidationExcludeFilter$$Lambda$761/0x0000000801040200]
2024-01-13 22:39:12.475 TRACE 58992 --- [           main] o.s.beans.CachedIntrospectionResults     : Found bean property 'class' of type [java.lang.Class]
2024-01-13 22:39:12.475 TRACE 58992 --- [           main] o.s.b.f.s.DefaultListableBeanFactory     : Finished creating instance of bean 'org.springframework.boot.context.properties.EnableConfigurationPropertiesRegistrar.methodValidationExcludeFilter'
2024-01-13 22:39:12.475 TRACE 58992 --- [           main] o.s.b.f.s.DefaultListableBeanFactory     : Returning cached instance of singleton bean 'org.springframework.boot.context.properties.EnableConfigurationPropertiesRegistrar.methodValidationExcludeFilter'
2024-01-13 22:39:12.475 TRACE 58992 --- [           main] o.s.c.e.PropertySourcesPropertyResolver  : Searching for key 'spring.aop.proxy-target-class' in PropertySource 'Annotations'
2024-01-13 22:39:12.475 TRACE 58992 --- [           main] o.s.c.e.PropertySourcesPropertyResolver  : Searching for key 'spring.aop.proxy-target-class' in PropertySource 'configurationProperties'
2024-01-13 22:39:12.476 TRACE 58992 --- [           main] o.s.c.e.PropertySourcesPropertyResolver  : Searching for key 'spring.aop.proxy-target-class' in PropertySource 'test'
2024-01-13 22:39:12.476 TRACE 58992 --- [           main] o.s.c.e.PropertySourcesPropertyResolver  : Searching for key 'spring.aop.proxy-target-class' in PropertySource 'Inlined Test Properties'
2024-01-13 22:39:12.476 TRACE 58992 --- [           main] o.s.c.e.PropertySourcesPropertyResolver  : Searching for key 'spring.aop.proxy-target-class' in PropertySource 'systemProperties'
2024-01-13 22:39:12.476 TRACE 58992 --- [           main] o.s.c.e.PropertySourcesPropertyResolver  : Searching for key 'spring.aop.proxy-target-class' in PropertySource 'systemEnvironment'
2024-01-13 22:39:12.476 TRACE 58992 --- [           main] o.s.c.e.PropertySourcesPropertyResolver  : Searching for key 'spring.aop.proxy-target-class' in PropertySource 'random'
2024-01-13 22:39:12.476 TRACE 58992 --- [           main] o.s.c.e.PropertySourcesPropertyResolver  : Searching for key 'spring.aop.proxy-target-class' in PropertySource 'Config resource 'class path resource [application.properties]' via location 'optional:classpath:/''
2024-01-13 22:39:12.476 TRACE 58992 --- [           main] o.s.c.e.PropertySourcesPropertyResolver  : Searching for key 'spring.aop.proxy-target-class' in PropertySource 'Config resource 'class path resource [application.yml]' via location 'optional:classpath:/''
2024-01-13 22:39:12.476 TRACE 58992 --- [           main] o.s.c.e.PropertySourcesPropertyResolver  : Could not find key 'spring.aop.proxy-target-class' in any property source
2024-01-13 22:39:12.476 TRACE 58992 --- [           main] o.s.b.f.s.DefaultListableBeanFactory     : Eagerly caching bean 'methodValidationPostProcessor' to allow for resolving potential circular references
2024-01-13 22:39:12.476 TRACE 58992 --- [           main] o.s.beans.CachedIntrospectionResults     : Getting BeanInfo for class [org.springframework.boot.validation.beanvalidation.FilteredMethodValidationPostProcessor]
2024-01-13 22:39:12.476 TRACE 58992 --- [           main] o.s.beans.CachedIntrospectionResults     : Caching PropertyDescriptors for class [org.springframework.boot.validation.beanvalidation.FilteredMethodValidationPostProcessor]
2024-01-13 22:39:12.476 TRACE 58992 --- [           main] o.s.beans.CachedIntrospectionResults     : Found bean property 'beanClassLoader' of type [java.lang.ClassLoader]
2024-01-13 22:39:12.476 TRACE 58992 --- [           main] o.s.beans.CachedIntrospectionResults     : Found bean property 'beanFactory' of type [org.springframework.beans.factory.BeanFactory]
2024-01-13 22:39:12.476 TRACE 58992 --- [           main] o.s.beans.CachedIntrospectionResults     : Found bean property 'beforeExistingAdvisors' of type [boolean]
2024-01-13 22:39:12.476 TRACE 58992 --- [           main] o.s.beans.CachedIntrospectionResults     : Found bean property 'class' of type [java.lang.Class]
2024-01-13 22:39:12.476 TRACE 58992 --- [           main] o.s.beans.CachedIntrospectionResults     : Found bean property 'exposeProxy' of type [boolean]
2024-01-13 22:39:12.476 TRACE 58992 --- [           main] o.s.beans.CachedIntrospectionResults     : Found bean property 'frozen' of type [boolean]
2024-01-13 22:39:12.476 TRACE 58992 --- [           main] o.s.beans.CachedIntrospectionResults     : Found bean property 'opaque' of type [boolean]
2024-01-13 22:39:12.476 TRACE 58992 --- [           main] o.s.beans.CachedIntrospectionResults     : Found bean property 'optimize' of type [boolean]
2024-01-13 22:39:12.476 TRACE 58992 --- [           main] o.s.beans.CachedIntrospectionResults     : Found bean property 'order' of type [int]
2024-01-13 22:39:12.477 TRACE 58992 --- [           main] o.s.beans.CachedIntrospectionResults     : Found bean property 'proxyClassLoader' of type [java.lang.ClassLoader]
2024-01-13 22:39:12.477 TRACE 58992 --- [           main] o.s.beans.CachedIntrospectionResults     : Found bean property 'proxyTargetClass' of type [boolean]
2024-01-13 22:39:12.477 TRACE 58992 --- [           main] o.s.beans.CachedIntrospectionResults     : Found bean property 'validatedAnnotationType' of type [java.lang.Class]
2024-01-13 22:39:12.477 TRACE 58992 --- [           main] o.s.beans.CachedIntrospectionResults     : Found bean property 'validator' of type [javax.validation.Validator]
2024-01-13 22:39:12.477 TRACE 58992 --- [           main] o.s.beans.CachedIntrospectionResults     : Found bean property 'validatorFactory' of type [javax.validation.ValidatorFactory]
2024-01-13 22:39:12.477 TRACE 58992 --- [           main] o.s.b.f.s.DefaultListableBeanFactory     : Invoking afterPropertiesSet() on bean with name 'methodValidationPostProcessor'
2024-01-13 22:39:12.477 TRACE 58992 --- [           main] o.s.b.f.s.DefaultListableBeanFactory     : Finished creating instance of bean 'methodValidationPostProcessor'
2024-01-13 22:39:12.477 DEBUG 58992 --- [           main] o.s.b.f.s.DefaultListableBeanFactory     : Creating shared instance of singleton bean 'projectingArgumentResolverBeanPostProcessor'
2024-01-13 22:39:12.477 TRACE 58992 --- [           main] o.s.b.f.s.DefaultListableBeanFactory     : Creating instance of bean 'projectingArgumentResolverBeanPostProcessor'
2024-01-13 22:39:12.477 TRACE 58992 --- [           main] o.s.b.f.s.DefaultListableBeanFactory     : Eagerly caching bean 'projectingArgumentResolverBeanPostProcessor' to allow for resolving potential circular references
2024-01-13 22:39:12.477 TRACE 58992 --- [           main] o.s.beans.CachedIntrospectionResults     : Getting BeanInfo for class [org.springframework.data.web.config.ProjectingArgumentResolverRegistrar$ProjectingArgumentResolverBeanPostProcessor]
2024-01-13 22:39:12.478 TRACE 58992 --- [           main] o.s.beans.CachedIntrospectionResults     : Caching PropertyDescriptors for class [org.springframework.data.web.config.ProjectingArgumentResolverRegistrar$ProjectingArgumentResolverBeanPostProcessor]
2024-01-13 22:39:12.478 TRACE 58992 --- [           main] o.s.beans.CachedIntrospectionResults     : Found bean property 'beanClassLoader' of type [java.lang.ClassLoader]
2024-01-13 22:39:12.478 TRACE 58992 --- [           main] o.s.beans.CachedIntrospectionResults     : Found bean property 'beanFactory' of type [org.springframework.beans.factory.BeanFactory]
2024-01-13 22:39:12.478 TRACE 58992 --- [           main] o.s.beans.CachedIntrospectionResults     : Found bean property 'class' of type [java.lang.Class]
2024-01-13 22:39:12.478 TRACE 58992 --- [           main] o.s.b.f.s.DefaultListableBeanFactory     : Finished creating instance of bean 'projectingArgumentResolverBeanPostProcessor'
2024-01-13 22:39:12.478 DEBUG 58992 --- [           main] o.s.b.f.s.DefaultListableBeanFactory     : Creating shared instance of singleton bean 'hypermediaRepresentionModelProcessorConfigurator'
2024-01-13 22:39:12.478 TRACE 58992 --- [           main] o.s.b.f.s.DefaultListableBeanFactory     : Creating instance of bean 'hypermediaRepresentionModelProcessorConfigurator'
2024-01-13 22:39:12.478 TRACE 58992 --- [           main] o.s.b.f.s.DefaultListableBeanFactory     : Eagerly caching bean 'hypermediaRepresentionModelProcessorConfigurator' to allow for resolving potential circular references
2024-01-13 22:39:12.478 TRACE 58992 --- [           main] o.s.beans.CachedIntrospectionResults     : Getting BeanInfo for class [org.springframework.hateoas.config.WebMvcHateoasConfiguration$HypermediaRepresentationModelBeanProcessorPostProcessor]
2024-01-13 22:39:12.478 TRACE 58992 --- [           main] o.s.beans.CachedIntrospectionResults     : Caching PropertyDescriptors for class [org.springframework.hateoas.config.WebMvcHateoasConfiguration$HypermediaRepresentationModelBeanProcessorPostProcessor]
2024-01-13 22:39:12.478 TRACE 58992 --- [           main] o.s.beans.CachedIntrospectionResults     : Found bean property 'class' of type [java.lang.Class]
2024-01-13 22:39:12.478 TRACE 58992 --- [           main] o.s.b.f.s.DefaultListableBeanFactory     : Finished creating instance of bean 'hypermediaRepresentionModelProcessorConfigurator'
2024-01-13 22:39:12.478 DEBUG 58992 --- [           main] o.s.b.f.s.DefaultListableBeanFactory     : Creating shared instance of singleton bean 'hypermediaRestTemplateBeanPostProcessor'
2024-01-13 22:39:12.478 TRACE 58992 --- [           main] o.s.b.f.s.DefaultListableBeanFactory     : Creating instance of bean 'hypermediaRestTemplateBeanPostProcessor'
2024-01-13 22:39:12.478 TRACE 58992 --- [           main] o.s.b.f.s.DefaultListableBeanFactory     : Eagerly caching bean 'hypermediaRestTemplateBeanPostProcessor' to allow for resolving potential circular references
2024-01-13 22:39:12.478 TRACE 58992 --- [           main] o.s.beans.CachedIntrospectionResults     : Getting BeanInfo for class [org.springframework.hateoas.config.RestTemplateHateoasConfiguration$HypermediaRestTemplateBeanPostProcessor]
2024-01-13 22:39:12.478 TRACE 58992 --- [           main] o.s.beans.CachedIntrospectionResults     : Caching PropertyDescriptors for class [org.springframework.hateoas.config.RestTemplateHateoasConfiguration$HypermediaRestTemplateBeanPostProcessor]
2024-01-13 22:39:12.478 TRACE 58992 --- [           main] o.s.beans.CachedIntrospectionResults     : Found bean property 'class' of type [java.lang.Class]
2024-01-13 22:39:12.478 TRACE 58992 --- [           main] o.s.b.f.s.DefaultListableBeanFactory     : Finished creating instance of bean 'hypermediaRestTemplateBeanPostProcessor'
2024-01-13 22:39:12.478 TRACE 58992 --- [           main] o.s.b.f.s.DefaultListableBeanFactory     : Returning cached instance of singleton bean 'org.springframework.boot.test.autoconfigure.properties.PropertyMappingContextCustomizer$PropertyMappingCheckBeanPostProcessor'
2024-01-13 22:39:12.478 TRACE 58992 --- [           main] o.s.w.c.s.GenericWebApplicationContext   : No 'messageSource' bean, using [Empty MessageSource]
2024-01-13 22:39:12.479 TRACE 58992 --- [           main] o.s.w.c.s.GenericWebApplicationContext   : No 'applicationEventMulticaster' bean, using [SimpleApplicationEventMulticaster]
2024-01-13 22:39:12.479 DEBUG 58992 --- [           main] o.s.u.c.s.UiApplicationContextUtils      : Unable to locate ThemeSource with name 'themeSource': using default [org.springframework.ui.context.support.ResourceBundleThemeSource@297db6ad]
2024-01-13 22:39:12.479 TRACE 58992 --- [           main] o.s.b.f.s.DefaultListableBeanFactory     : Pre-instantiating singletons in org.springframework.beans.factory.support.DefaultListableBeanFactory@405d123c: defining beans [org.springframework.context.annotation.internalConfigurationAnnotationProcessor,org.springframework.context.annotation.internalAutowiredAnnotationProcessor,org.springframework.context.annotation.internalCommonAnnotationProcessor,org.springframework.context.annotation.internalPersistenceAnnotationProcessor,org.springframework.context.event.internalEventListenerProcessor,org.springframework.context.event.internalEventListenerFactory,org.springframework.boot.test.context.ImportsContextCustomizer$ImportsCleanupPostProcessor,org.springframework.boot.test.mock.mockito.MockitoPostProcessor$SpyPostProcessor,org.springframework.boot.test.mock.mockito.MockitoPostProcessor,tacoCloudApplicationJpa,org.springframework.boot.autoconfigure.internalCachingMetadataReaderFactory,ingredientByIdConverter,securityConfiguration,designTacoController,orderController,registrationController,passwordEncoder,userDetailsService,filterChain,dataLoad,org.springframework.boot.autoconfigure.AutoConfigurationPackages,org.springframework.boot.autoconfigure.task.TaskExecutionAutoConfiguration,taskExecutorBuilder,applicationTaskExecutor,org.springframework.boot.context.properties.ConfigurationPropertiesBindingPostProcessor,org.springframework.boot.context.internalConfigurationPropertiesBinderFactory,org.springframework.boot.context.internalConfigurationPropertiesBinder,org.springframework.boot.context.properties.BoundConfigurationProperties,org.springframework.boot.context.properties.EnableConfigurationPropertiesRegistrar.methodValidationExcludeFilter,spring.task.execution-org.springframework.boot.autoconfigure.task.TaskExecutionProperties,org.springframework.boot.autoconfigure.validation.ValidationAutoConfiguration,defaultValidator,methodValidationPostProcessor,org.springframework.boot.autoconfigure.web.servlet.error.ErrorMvcAutoConfiguration$WhitelabelErrorViewConfiguration,error,beanNameViewResolver,org.springframework.boot.autoconfigure.web.servlet.error.ErrorMvcAutoConfiguration$DefaultErrorViewResolverConfiguration,spring.web-org.springframework.boot.autoconfigure.web.WebProperties,spring.resources-org.springframework.boot.autoconfigure.web.ResourceProperties,spring.mvc-org.springframework.boot.autoconfigure.web.servlet.WebMvcProperties,org.springframework.boot.autoconfigure.web.servlet.error.ErrorMvcAutoConfiguration,errorAttributes,basicErrorController,errorPageCustomizer,preserveErrorControllerTargetClassPostProcessor,server-org.springframework.boot.autoconfigure.web.ServerProperties,org.springframework.boot.autoconfigure.web.servlet.WebMvcAutoConfiguration$EnableWebMvcConfiguration,requestMappingHandlerAdapter,requestMappingHandlerMapping,welcomePageHandlerMapping,localeResolver,themeResolver,flashMapManager,mvcConversionService,mvcValidator,mvcContentNegotiationManager,mvcPatternParser,mvcUrlPathHelper,mvcPathMatcher,viewControllerHandlerMapping,beanNameHandlerMapping,routerFunctionMapping,resourceHandlerMapping,mvcResourceUrlProvider,defaultServletHandlerMapping,handlerFunctionAdapter,mvcUriComponentsContributor,httpRequestHandlerAdapter,simpleControllerHandlerAdapter,handlerExceptionResolver,mvcViewResolver,mvcHandlerMappingIntrospector,viewNameTranslator,org.springframework.boot.autoconfigure.web.servlet.WebMvcAutoConfiguration$WebMvcAutoConfigurationAdapter,defaultViewResolver,viewResolver,requestContextFilter,org.springframework.boot.autoconfigure.web.servlet.WebMvcAutoConfiguration,formContentFilter,org.springframework.boot.autoconfigure.jackson.JacksonAutoConfiguration$Jackson2ObjectMapperBuilderCustomizerConfiguration,standardJacksonObjectMapperBuilderCustomizer,spring.jackson-org.springframework.boot.autoconfigure.jackson.JacksonProperties,org.springframework.boot.autoconfigure.jackson.JacksonAutoConfiguration$JacksonObjectMapperBuilderConfiguration,jacksonObjectMapperBuilder,org.springframework.boot.autoconfigure.jackson.JacksonAutoConfiguration$ParameterNamesModuleConfiguration,parameterNamesModule,org.springframework.boot.autoconfigure.jackson.JacksonAutoConfiguration$JacksonObjectMapperConfiguration,jacksonObjectMapper,org.springframework.boot.autoconfigure.jackson.JacksonAutoConfiguration,jsonComponentModule,org.springframework.boot.autoconfigure.http.HttpMessageConvertersAutoConfiguration$StringHttpMessageConverterConfiguration,stringHttpMessageConverter,org.springframework.boot.autoconfigure.http.JacksonHttpMessageConvertersConfiguration$MappingJackson2HttpMessageConverterConfiguration,mappingJackson2HttpMessageConverter,org.springframework.boot.autoconfigure.http.JacksonHttpMessageConvertersConfiguration,org.springframework.boot.autoconfigure.http.HttpMessageConvertersAutoConfiguration,messageConverters,org.springframework.data.web.config.ProjectingArgumentResolverRegistrar,projectingArgumentResolverBeanPostProcessor,org.springframework.data.web.config.HateoasAwareSpringDataWebConfiguration,pageableResolver,sortResolver,pagedResourcesAssembler,pagedResourcesAssemblerArgumentResolver,org.springframework.data.web.config.SpringDataJacksonConfiguration,jacksonGeoModule,org.springframework.boot.autoconfigure.data.web.SpringDataWebAutoConfiguration,pageableCustomizer,sortCustomizer,spring.data.web-org.springframework.boot.autoconfigure.data.web.SpringDataWebProperties,org.springframework.hateoas.mediatype.hal.HalMediaTypeConfiguration,halLinkDisocoverer,org.springframework.hateoas.config.WebTestHateoasConfiguration,webTestClientConfigurer,org.springframework.hateoas.config.HateoasConfiguration,messageResolver,hypermediaWebMvcConverters,defaultRelProvider,annotationRelProvider,_relProvider,relProviderPluginRegistry,linkDiscoverers,linkDiscovererRegistry,org.springframework.hateoas.config.WebMvcEntityLinksConfiguration,webMvcEntityLinks,entityLinksPluginRegistry,delegatingEntityLinks,org.springframework.hateoas.config.WebMvcHateoasConfiguration,hypermediaWebMvcConfigurer,representationModelProcessorInvoker,hypermediaRepresentionModelProcessorConfigurator,webMvcLinkBuilderFactory,org.springframework.hateoas.config.RestTemplateHateoasConfiguration,hypermediaRestTemplateBeanPostProcessor,hypermediaRestTemplateConfigurer,org.springframework.boot.autoconfigure.hateoas.HypermediaAutoConfiguration$HypermediaConfiguration,org.springframework.boot.autoconfigure.hateoas.HypermediaAutoConfiguration,applicationJsonHalConfiguration,spring.hateoas-org.springframework.boot.autoconfigure.hateoas.HateoasProperties,org.springframework.security.config.annotation.configuration.ObjectPostProcessorConfiguration,objectPostProcessor,org.springframework.security.config.annotation.authentication.configuration.AuthenticationConfiguration,authenticationManagerBuilder,enableGlobalAuthenticationAutowiredConfigurer,initializeUserDetailsBeanManagerConfigurer,initializeAuthenticationProviderBeanManagerConfigurer,org.springframework.security.config.annotation.web.configuration.WebSecurityConfiguration,delegatingApplicationListener,webSecurityExpressionHandler,springSecurityFilterChain,privilegeEvaluator,conversionServicePostProcessor,autowiredWebSecurityConfigurersIgnoreParents,org.springframework.security.config.annotation.web.configuration.WebMvcSecurityConfiguration,requestDataValueProcessor,org.springframework.security.config.annotation.web.configuration.HttpSecurityConfiguration,org.springframework.security.config.annotation.web.configuration.HttpSecurityConfiguration.httpSecurity,org.springframework.boot.autoconfigure.security.servlet.WebSecurityEnablerConfiguration,org.springframework.boot.autoconfigure.security.servlet.SecurityAutoConfiguration,authenticationEventPublisher,spring.security-org.springframework.boot.autoconfigure.security.SecurityProperties,org.springframework.boot.autoconfigure.security.servlet.SecurityFilterAutoConfiguration,securityFilterChainRegistration,org.springframework.boot.autoconfigure.thymeleaf.ThymeleafAutoConfiguration$ThymeleafJava8TimeDialect,java8TimeDialect,org.springframework.boot.autoconfigure.thymeleaf.ThymeleafAutoConfiguration$ThymeleafWebMvcConfiguration$ThymeleafViewResolverConfiguration,thymeleafViewResolver,org.springframework.boot.autoconfigure.thymeleaf.ThymeleafAutoConfiguration$ThymeleafWebMvcConfiguration,org.springframework.boot.autoconfigure.thymeleaf.ThymeleafAutoConfiguration$ThymeleafDefaultConfiguration,templateEngine,org.springframework.boot.autoconfigure.thymeleaf.ThymeleafAutoConfiguration$DefaultTemplateResolverConfiguration,defaultTemplateResolver,org.springframework.boot.autoconfigure.thymeleaf.ThymeleafAutoConfiguration,spring.thymeleaf-org.springframework.boot.autoconfigure.thymeleaf.ThymeleafProperties,org.springframework.boot.autoconfigure.web.servlet.HttpEncodingAutoConfiguration,characterEncodingFilter,localeCharsetMappingsCustomizer,org.springframework.boot.test.autoconfigure.web.servlet.MockMvcAutoConfiguration,dispatcherServletPath,mockMvcBuilder,springBootMockMvcBuilderCustomizer,mockMvc,dispatcherServlet]; root of factory hierarchy
2024-01-13 22:39:12.479 TRACE 58992 --- [           main] o.s.b.f.s.DefaultListableBeanFactory     : Returning cached instance of singleton bean 'org.springframework.context.annotation.internalConfigurationAnnotationProcessor'
2024-01-13 22:39:12.479 TRACE 58992 --- [           main] o.s.b.f.s.DefaultListableBeanFactory     : Returning cached instance of singleton bean 'org.springframework.context.annotation.internalAutowiredAnnotationProcessor'
2024-01-13 22:39:12.479 TRACE 58992 --- [           main] o.s.b.f.s.DefaultListableBeanFactory     : Returning cached instance of singleton bean 'org.springframework.context.annotation.internalCommonAnnotationProcessor'
2024-01-13 22:39:12.479 TRACE 58992 --- [           main] o.s.b.f.s.DefaultListableBeanFactory     : Returning cached instance of singleton bean 'org.springframework.context.annotation.internalPersistenceAnnotationProcessor'
2024-01-13 22:39:12.479 TRACE 58992 --- [           main] o.s.b.f.s.DefaultListableBeanFactory     : Returning cached instance of singleton bean 'org.springframework.context.event.internalEventListenerProcessor'
2024-01-13 22:39:12.479 TRACE 58992 --- [           main] o.s.b.f.s.DefaultListableBeanFactory     : Returning cached instance of singleton bean 'org.springframework.context.event.internalEventListenerFactory'
2024-01-13 22:39:12.479 TRACE 58992 --- [           main] o.s.b.f.s.DefaultListableBeanFactory     : Returning cached instance of singleton bean 'org.springframework.boot.test.context.ImportsContextCustomizer$ImportsCleanupPostProcessor'
2024-01-13 22:39:12.479 TRACE 58992 --- [           main] o.s.b.f.s.DefaultListableBeanFactory     : Returning cached instance of singleton bean 'org.springframework.boot.test.mock.mockito.MockitoPostProcessor$SpyPostProcessor'
2024-01-13 22:39:12.479 TRACE 58992 --- [           main] o.s.b.f.s.DefaultListableBeanFactory     : Returning cached instance of singleton bean 'org.springframework.boot.test.mock.mockito.MockitoPostProcessor'
2024-01-13 22:39:12.479 DEBUG 58992 --- [           main] o.s.b.f.s.DefaultListableBeanFactory     : Creating shared instance of singleton bean 'tacoCloudApplicationJpa'
2024-01-13 22:39:12.479 TRACE 58992 --- [           main] o.s.b.f.s.DefaultListableBeanFactory     : Creating instance of bean 'tacoCloudApplicationJpa'
2024-01-13 22:39:12.479 TRACE 58992 --- [           main] o.s.b.f.s.DefaultListableBeanFactory     : Eagerly caching bean 'tacoCloudApplicationJpa' to allow for resolving potential circular references
2024-01-13 22:39:12.479 TRACE 58992 --- [           main] o.s.beans.CachedIntrospectionResults     : Getting BeanInfo for class [tacos.TacoCloudApplicationJpa$$EnhancerBySpringCGLIB$$9028a94d]
2024-01-13 22:39:12.479 TRACE 58992 --- [           main] o.s.beans.CachedIntrospectionResults     : Caching PropertyDescriptors for class [tacos.TacoCloudApplicationJpa$$EnhancerBySpringCGLIB$$9028a94d]
2024-01-13 22:39:12.479 TRACE 58992 --- [           main] o.s.beans.CachedIntrospectionResults     : Found bean property 'beanFactory' of type [org.springframework.beans.factory.BeanFactory]
2024-01-13 22:39:12.479 TRACE 58992 --- [           main] o.s.beans.CachedIntrospectionResults     : Found bean property 'class' of type [java.lang.Class]
2024-01-13 22:39:12.479 TRACE 58992 --- [           main] o.s.b.f.s.DefaultListableBeanFactory     : Finished creating instance of bean 'tacoCloudApplicationJpa'
2024-01-13 22:39:12.479 TRACE 58992 --- [           main] o.s.b.f.s.DefaultListableBeanFactory     : Returning cached instance of singleton bean 'org.springframework.boot.autoconfigure.internalCachingMetadataReaderFactory'
2024-01-13 22:39:12.480 DEBUG 58992 --- [           main] o.s.b.f.s.DefaultListableBeanFactory     : Creating shared instance of singleton bean 'ingredientByIdConverter'
2024-01-13 22:39:12.480 TRACE 58992 --- [           main] o.s.b.f.s.DefaultListableBeanFactory     : Creating instance of bean 'ingredientByIdConverter'
2024-01-13 22:39:12.480 TRACE 58992 --- [           main] o.s.b.f.s.DefaultListableBeanFactory     : Ignoring constructor [public tacos.IngredientByIdConverter(tacos.data.jdbc.IngredientDataRepository)] of bean 'ingredientByIdConverter': org.springframework.beans.factory.UnsatisfiedDependencyException: Error creating bean with name 'ingredientByIdConverter' defined in file [/Users/aselaillayapparachchi/IdeaProjects/learn-spring-in-action/taco-cloud-data-rest-jpa/target/classes/tacos/IngredientByIdConverter.class]: Unsatisfied dependency expressed through constructor parameter 0; nested exception is org.springframework.beans.factory.NoSuchBeanDefinitionException: No qualifying bean of type 'tacos.data.jdbc.IngredientDataRepository' available: expected at least 1 bean which qualifies as autowire candidate. Dependency annotations: {}
2024-01-13 22:39:12.480  WARN 58992 --- [           main] o.s.w.c.s.GenericWebApplicationContext   : Exception encountered during context initialization - cancelling refresh attempt: org.springframework.beans.factory.UnsatisfiedDependencyException: Error creating bean with name 'ingredientByIdConverter' defined in file [/Users/aselaillayapparachchi/IdeaProjects/learn-spring-in-action/taco-cloud-data-rest-jpa/target/classes/tacos/IngredientByIdConverter.class]: Unsatisfied dependency expressed through constructor parameter 0; nested exception is org.springframework.beans.factory.NoSuchBeanDefinitionException: No qualifying bean of type 'tacos.data.jdbc.IngredientDataRepository' available: expected at least 1 bean which qualifies as autowire candidate. Dependency annotations: {}
2024-01-13 22:39:12.480 TRACE 58992 --- [           main] o.s.b.f.s.DefaultListableBeanFactory     : Destroying singletons in org.springframework.beans.factory.support.DefaultListableBeanFactory@405d123c: defining beans [org.springframework.context.annotation.internalConfigurationAnnotationProcessor,org.springframework.context.annotation.internalAutowiredAnnotationProcessor,org.springframework.context.annotation.internalCommonAnnotationProcessor,org.springframework.context.annotation.internalPersistenceAnnotationProcessor,org.springframework.context.event.internalEventListenerProcessor,org.springframework.context.event.internalEventListenerFactory,org.springframework.boot.test.context.ImportsContextCustomizer$ImportsCleanupPostProcessor,org.springframework.boot.test.mock.mockito.MockitoPostProcessor$SpyPostProcessor,org.springframework.boot.test.mock.mockito.MockitoPostProcessor,tacoCloudApplicationJpa,org.springframework.boot.autoconfigure.internalCachingMetadataReaderFactory,ingredientByIdConverter,securityConfiguration,designTacoController,orderController,registrationController,passwordEncoder,userDetailsService,filterChain,dataLoad,org.springframework.boot.autoconfigure.AutoConfigurationPackages,org.springframework.boot.autoconfigure.task.TaskExecutionAutoConfiguration,taskExecutorBuilder,applicationTaskExecutor,org.springframework.boot.context.properties.ConfigurationPropertiesBindingPostProcessor,org.springframework.boot.context.internalConfigurationPropertiesBinderFactory,org.springframework.boot.context.internalConfigurationPropertiesBinder,org.springframework.boot.context.properties.BoundConfigurationProperties,org.springframework.boot.context.properties.EnableConfigurationPropertiesRegistrar.methodValidationExcludeFilter,spring.task.execution-org.springframework.boot.autoconfigure.task.TaskExecutionProperties,org.springframework.boot.autoconfigure.validation.ValidationAutoConfiguration,defaultValidator,methodValidationPostProcessor,org.springframework.boot.autoconfigure.web.servlet.error.ErrorMvcAutoConfiguration$WhitelabelErrorViewConfiguration,error,beanNameViewResolver,org.springframework.boot.autoconfigure.web.servlet.error.ErrorMvcAutoConfiguration$DefaultErrorViewResolverConfiguration,spring.web-org.springframework.boot.autoconfigure.web.WebProperties,spring.resources-org.springframework.boot.autoconfigure.web.ResourceProperties,spring.mvc-org.springframework.boot.autoconfigure.web.servlet.WebMvcProperties,org.springframework.boot.autoconfigure.web.servlet.error.ErrorMvcAutoConfiguration,errorAttributes,basicErrorController,errorPageCustomizer,preserveErrorControllerTargetClassPostProcessor,server-org.springframework.boot.autoconfigure.web.ServerProperties,org.springframework.boot.autoconfigure.web.servlet.WebMvcAutoConfiguration$EnableWebMvcConfiguration,requestMappingHandlerAdapter,requestMappingHandlerMapping,welcomePageHandlerMapping,localeResolver,themeResolver,flashMapManager,mvcConversionService,mvcValidator,mvcContentNegotiationManager,mvcPatternParser,mvcUrlPathHelper,mvcPathMatcher,viewControllerHandlerMapping,beanNameHandlerMapping,routerFunctionMapping,resourceHandlerMapping,mvcResourceUrlProvider,defaultServletHandlerMapping,handlerFunctionAdapter,mvcUriComponentsContributor,httpRequestHandlerAdapter,simpleControllerHandlerAdapter,handlerExceptionResolver,mvcViewResolver,mvcHandlerMappingIntrospector,viewNameTranslator,org.springframework.boot.autoconfigure.web.servlet.WebMvcAutoConfiguration$WebMvcAutoConfigurationAdapter,defaultViewResolver,viewResolver,requestContextFilter,org.springframework.boot.autoconfigure.web.servlet.WebMvcAutoConfiguration,formContentFilter,org.springframework.boot.autoconfigure.jackson.JacksonAutoConfiguration$Jackson2ObjectMapperBuilderCustomizerConfiguration,standardJacksonObjectMapperBuilderCustomizer,spring.jackson-org.springframework.boot.autoconfigure.jackson.JacksonProperties,org.springframework.boot.autoconfigure.jackson.JacksonAutoConfiguration$JacksonObjectMapperBuilderConfiguration,jacksonObjectMapperBuilder,org.springframework.boot.autoconfigure.jackson.JacksonAutoConfiguration$ParameterNamesModuleConfiguration,parameterNamesModule,org.springframework.boot.autoconfigure.jackson.JacksonAutoConfiguration$JacksonObjectMapperConfiguration,jacksonObjectMapper,org.springframework.boot.autoconfigure.jackson.JacksonAutoConfiguration,jsonComponentModule,org.springframework.boot.autoconfigure.http.HttpMessageConvertersAutoConfiguration$StringHttpMessageConverterConfiguration,stringHttpMessageConverter,org.springframework.boot.autoconfigure.http.JacksonHttpMessageConvertersConfiguration$MappingJackson2HttpMessageConverterConfiguration,mappingJackson2HttpMessageConverter,org.springframework.boot.autoconfigure.http.JacksonHttpMessageConvertersConfiguration,org.springframework.boot.autoconfigure.http.HttpMessageConvertersAutoConfiguration,messageConverters,org.springframework.data.web.config.ProjectingArgumentResolverRegistrar,projectingArgumentResolverBeanPostProcessor,org.springframework.data.web.config.HateoasAwareSpringDataWebConfiguration,pageableResolver,sortResolver,pagedResourcesAssembler,pagedResourcesAssemblerArgumentResolver,org.springframework.data.web.config.SpringDataJacksonConfiguration,jacksonGeoModule,org.springframework.boot.autoconfigure.data.web.SpringDataWebAutoConfiguration,pageableCustomizer,sortCustomizer,spring.data.web-org.springframework.boot.autoconfigure.data.web.SpringDataWebProperties,org.springframework.hateoas.mediatype.hal.HalMediaTypeConfiguration,halLinkDisocoverer,org.springframework.hateoas.config.WebTestHateoasConfiguration,webTestClientConfigurer,org.springframework.hateoas.config.HateoasConfiguration,messageResolver,hypermediaWebMvcConverters,defaultRelProvider,annotationRelProvider,_relProvider,relProviderPluginRegistry,linkDiscoverers,linkDiscovererRegistry,org.springframework.hateoas.config.WebMvcEntityLinksConfiguration,webMvcEntityLinks,entityLinksPluginRegistry,delegatingEntityLinks,org.springframework.hateoas.config.WebMvcHateoasConfiguration,hypermediaWebMvcConfigurer,representationModelProcessorInvoker,hypermediaRepresentionModelProcessorConfigurator,webMvcLinkBuilderFactory,org.springframework.hateoas.config.RestTemplateHateoasConfiguration,hypermediaRestTemplateBeanPostProcessor,hypermediaRestTemplateConfigurer,org.springframework.boot.autoconfigure.hateoas.HypermediaAutoConfiguration$HypermediaConfiguration,org.springframework.boot.autoconfigure.hateoas.HypermediaAutoConfiguration,applicationJsonHalConfiguration,spring.hateoas-org.springframework.boot.autoconfigure.hateoas.HateoasProperties,org.springframework.security.config.annotation.configuration.ObjectPostProcessorConfiguration,objectPostProcessor,org.springframework.security.config.annotation.authentication.configuration.AuthenticationConfiguration,authenticationManagerBuilder,enableGlobalAuthenticationAutowiredConfigurer,initializeUserDetailsBeanManagerConfigurer,initializeAuthenticationProviderBeanManagerConfigurer,org.springframework.security.config.annotation.web.configuration.WebSecurityConfiguration,delegatingApplicationListener,webSecurityExpressionHandler,springSecurityFilterChain,privilegeEvaluator,conversionServicePostProcessor,autowiredWebSecurityConfigurersIgnoreParents,org.springframework.security.config.annotation.web.configuration.WebMvcSecurityConfiguration,requestDataValueProcessor,org.springframework.security.config.annotation.web.configuration.HttpSecurityConfiguration,org.springframework.security.config.annotation.web.configuration.HttpSecurityConfiguration.httpSecurity,org.springframework.boot.autoconfigure.security.servlet.WebSecurityEnablerConfiguration,org.springframework.boot.autoconfigure.security.servlet.SecurityAutoConfiguration,authenticationEventPublisher,spring.security-org.springframework.boot.autoconfigure.security.SecurityProperties,org.springframework.boot.autoconfigure.security.servlet.SecurityFilterAutoConfiguration,securityFilterChainRegistration,org.springframework.boot.autoconfigure.thymeleaf.ThymeleafAutoConfiguration$ThymeleafJava8TimeDialect,java8TimeDialect,org.springframework.boot.autoconfigure.thymeleaf.ThymeleafAutoConfiguration$ThymeleafWebMvcConfiguration$ThymeleafViewResolverConfiguration,thymeleafViewResolver,org.springframework.boot.autoconfigure.thymeleaf.ThymeleafAutoConfiguration$ThymeleafWebMvcConfiguration,org.springframework.boot.autoconfigure.thymeleaf.ThymeleafAutoConfiguration$ThymeleafDefaultConfiguration,templateEngine,org.springframework.boot.autoconfigure.thymeleaf.ThymeleafAutoConfiguration$DefaultTemplateResolverConfiguration,defaultTemplateResolver,org.springframework.boot.autoconfigure.thymeleaf.ThymeleafAutoConfiguration,spring.thymeleaf-org.springframework.boot.autoconfigure.thymeleaf.ThymeleafProperties,org.springframework.boot.autoconfigure.web.servlet.HttpEncodingAutoConfiguration,characterEncodingFilter,localeCharsetMappingsCustomizer,org.springframework.boot.test.autoconfigure.web.servlet.MockMvcAutoConfiguration,dispatcherServletPath,mockMvcBuilder,springBootMockMvcBuilderCustomizer,mockMvc,dispatcherServlet]; root of factory hierarchy
2024-01-13 22:39:12.480 TRACE 58992 --- [           main] o.s.b.f.s.DefaultListableBeanFactory     : Retrieved dependent beans for bean 'org.springframework.boot.autoconfigure.internalCachingMetadataReaderFactory': [org.springframework.context.annotation.internalConfigurationAnnotationProcessor]
2024-01-13 22:39:12.481 DEBUG 58992 --- [           main] ConditionEvaluationReportLoggingListener : 


============================
CONDITIONS EVALUATION REPORT
============================


Positive matches:
-----------------

   ErrorMvcAutoConfiguration matched:
      - @ConditionalOnClass found required classes 'javax.servlet.Servlet', 'org.springframework.web.servlet.DispatcherServlet' (OnClassCondition)
      - found 'session' scope (OnWebApplicationCondition)

   ErrorMvcAutoConfiguration#basicErrorController matched:
      - @ConditionalOnMissingBean (types: org.springframework.boot.web.servlet.error.ErrorController; SearchStrategy: current) did not find any beans (OnBeanCondition)

   ErrorMvcAutoConfiguration#errorAttributes matched:
      - @ConditionalOnMissingBean (types: org.springframework.boot.web.servlet.error.ErrorAttributes; SearchStrategy: current) did not find any beans (OnBeanCondition)

   ErrorMvcAutoConfiguration.WhitelabelErrorViewConfiguration matched:
      - @ConditionalOnProperty (server.error.whitelabel.enabled) matched (OnPropertyCondition)
      - ErrorTemplate Missing did not find error template view (ErrorMvcAutoConfiguration.ErrorTemplateMissingCondition)

   ErrorMvcAutoConfiguration.WhitelabelErrorViewConfiguration#beanNameViewResolver matched:
      - @ConditionalOnMissingBean (types: org.springframework.web.servlet.view.BeanNameViewResolver; SearchStrategy: all) did not find any beans (OnBeanCondition)

   ErrorMvcAutoConfiguration.WhitelabelErrorViewConfiguration#defaultErrorView matched:
      - @ConditionalOnMissingBean (names: error; SearchStrategy: all) did not find any beans (OnBeanCondition)

   HttpEncodingAutoConfiguration matched:
      - @ConditionalOnClass found required class 'org.springframework.web.filter.CharacterEncodingFilter' (OnClassCondition)
      - found 'session' scope (OnWebApplicationCondition)
      - @ConditionalOnProperty (server.servlet.encoding.enabled) matched (OnPropertyCondition)

   HttpEncodingAutoConfiguration#characterEncodingFilter matched:
      - @ConditionalOnMissingBean (types: org.springframework.web.filter.CharacterEncodingFilter; SearchStrategy: all) did not find any beans (OnBeanCondition)

   HttpMessageConvertersAutoConfiguration matched:
      - @ConditionalOnClass found required class 'org.springframework.http.converter.HttpMessageConverter' (OnClassCondition)
      - NoneNestedConditions 0 matched 1 did not; NestedCondition on HttpMessageConvertersAutoConfiguration.NotReactiveWebApplicationCondition.ReactiveWebApplication did not find reactive web application classes (HttpMessageConvertersAutoConfiguration.NotReactiveWebApplicationCondition)

   HttpMessageConvertersAutoConfiguration#messageConverters matched:
      - @ConditionalOnMissingBean (types: org.springframework.boot.autoconfigure.http.HttpMessageConverters; SearchStrategy: all) did not find any beans (OnBeanCondition)

   HttpMessageConvertersAutoConfiguration.StringHttpMessageConverterConfiguration matched:
      - @ConditionalOnClass found required class 'org.springframework.http.converter.StringHttpMessageConverter' (OnClassCondition)

   HttpMessageConvertersAutoConfiguration.StringHttpMessageConverterConfiguration#stringHttpMessageConverter matched:
      - @ConditionalOnMissingBean (types: org.springframework.http.converter.StringHttpMessageConverter; SearchStrategy: all) did not find any beans (OnBeanCondition)

   HypermediaAutoConfiguration matched:
      - @ConditionalOnClass found required classes 'org.springframework.hateoas.EntityModel', 'org.springframework.web.bind.annotation.RequestMapping', 'org.springframework.web.servlet.mvc.method.annotation.RequestMappingHandlerAdapter', 'org.springframework.plugin.core.Plugin' (OnClassCondition)
      - @ConditionalOnWebApplication (required) found 'session' scope (OnWebApplicationCondition)

   HypermediaAutoConfiguration#applicationJsonHalConfiguration matched:
      - @ConditionalOnClass found required class 'com.fasterxml.jackson.databind.ObjectMapper' (OnClassCondition)
      - @ConditionalOnProperty (spring.hateoas.use-hal-as-default-json-media-type) matched (OnPropertyCondition)
      - @ConditionalOnMissingBean (types: org.springframework.hateoas.mediatype.hal.HalConfiguration; SearchStrategy: all) did not find any beans (OnBeanCondition)

   HypermediaAutoConfiguration.HypermediaConfiguration matched:
      - @ConditionalOnClass found required class 'com.fasterxml.jackson.databind.ObjectMapper' (OnClassCondition)
      - @ConditionalOnMissingBean (types: org.springframework.hateoas.client.LinkDiscoverers; SearchStrategy: all) did not find any beans (OnBeanCondition)

   JacksonAutoConfiguration matched:
      - @ConditionalOnClass found required class 'com.fasterxml.jackson.databind.ObjectMapper' (OnClassCondition)

   JacksonAutoConfiguration.Jackson2ObjectMapperBuilderCustomizerConfiguration matched:
      - @ConditionalOnClass found required class 'org.springframework.http.converter.json.Jackson2ObjectMapperBuilder' (OnClassCondition)

   JacksonAutoConfiguration.JacksonObjectMapperBuilderConfiguration matched:
      - @ConditionalOnClass found required class 'org.springframework.http.converter.json.Jackson2ObjectMapperBuilder' (OnClassCondition)

   JacksonAutoConfiguration.JacksonObjectMapperBuilderConfiguration#jacksonObjectMapperBuilder matched:
      - @ConditionalOnMissingBean (types: org.springframework.http.converter.json.Jackson2ObjectMapperBuilder; SearchStrategy: all) did not find any beans (OnBeanCondition)

   JacksonAutoConfiguration.JacksonObjectMapperConfiguration matched:
      - @ConditionalOnClass found required class 'org.springframework.http.converter.json.Jackson2ObjectMapperBuilder' (OnClassCondition)

   JacksonAutoConfiguration.JacksonObjectMapperConfiguration#jacksonObjectMapper matched:
      - @ConditionalOnMissingBean (types: com.fasterxml.jackson.databind.ObjectMapper; SearchStrategy: all) did not find any beans (OnBeanCondition)

   JacksonAutoConfiguration.ParameterNamesModuleConfiguration matched:
      - @ConditionalOnClass found required class 'com.fasterxml.jackson.module.paramnames.ParameterNamesModule' (OnClassCondition)

   JacksonAutoConfiguration.ParameterNamesModuleConfiguration#parameterNamesModule matched:
      - @ConditionalOnMissingBean (types: com.fasterxml.jackson.module.paramnames.ParameterNamesModule; SearchStrategy: all) did not find any beans (OnBeanCondition)

   JacksonHttpMessageConvertersConfiguration.MappingJackson2HttpMessageConverterConfiguration matched:
      - @ConditionalOnClass found required class 'com.fasterxml.jackson.databind.ObjectMapper' (OnClassCondition)
      - @ConditionalOnProperty (spring.mvc.converters.preferred-json-mapper=jackson) matched (OnPropertyCondition)
      - @ConditionalOnBean (types: com.fasterxml.jackson.databind.ObjectMapper; SearchStrategy: all) found bean 'jacksonObjectMapper' (OnBeanCondition)

   JacksonHttpMessageConvertersConfiguration.MappingJackson2HttpMessageConverterConfiguration#mappingJackson2HttpMessageConverter matched:
      - @ConditionalOnMissingBean (types: org.springframework.http.converter.json.MappingJackson2HttpMessageConverter ignored: org.springframework.hateoas.server.mvc.TypeConstrainedMappingJackson2HttpMessageConverter,org.springframework.data.rest.webmvc.alps.AlpsJsonHttpMessageConverter; SearchStrategy: all) did not find any beans (OnBeanCondition)

   MockMvcAutoConfiguration matched:
      - found 'session' scope (OnWebApplicationCondition)

   MockMvcAutoConfiguration#dispatcherServlet matched:
      - @ConditionalOnMissingBean (types: org.springframework.web.servlet.DispatcherServlet; SearchStrategy: all) did not find any beans (OnBeanCondition)

   MockMvcAutoConfiguration#dispatcherServletPath matched:
      - @ConditionalOnMissingBean (types: org.springframework.boot.autoconfigure.web.servlet.DispatcherServletPath; SearchStrategy: all) did not find any beans (OnBeanCondition)

   MockMvcAutoConfiguration#mockMvc matched:
      - @ConditionalOnMissingBean (types: org.springframework.test.web.servlet.MockMvc; SearchStrategy: all) did not find any beans (OnBeanCondition)

   MockMvcAutoConfiguration#mockMvcBuilder matched:
      - @ConditionalOnMissingBean (types: org.springframework.test.web.servlet.MockMvcBuilder; SearchStrategy: all) did not find any beans (OnBeanCondition)

   NoOpCacheConfiguration matched:
      - Cache org.springframework.boot.autoconfigure.cache.NoOpCacheConfiguration NONE cache type (CacheCondition)

   SecurityAutoConfiguration matched:
      - @ConditionalOnClass found required class 'org.springframework.security.authentication.DefaultAuthenticationEventPublisher' (OnClassCondition)

   SecurityAutoConfiguration#authenticationEventPublisher matched:
      - @ConditionalOnMissingBean (types: org.springframework.security.authentication.AuthenticationEventPublisher; SearchStrategy: all) did not find any beans (OnBeanCondition)

   SecurityFilterAutoConfiguration matched:
      - @ConditionalOnClass found required classes 'org.springframework.security.web.context.AbstractSecurityWebApplicationInitializer', 'org.springframework.security.config.http.SessionCreationPolicy' (OnClassCondition)
      - found 'session' scope (OnWebApplicationCondition)

   SecurityFilterAutoConfiguration#securityFilterChainRegistration matched:
      - @ConditionalOnBean (names: springSecurityFilterChain; SearchStrategy: all) found bean 'springSecurityFilterChain' (OnBeanCondition)

   SpringDataWebAutoConfiguration matched:
      - @ConditionalOnClass found required classes 'org.springframework.data.web.PageableHandlerMethodArgumentResolver', 'org.springframework.web.servlet.config.annotation.WebMvcConfigurer' (OnClassCondition)
      - found 'session' scope (OnWebApplicationCondition)
      - @ConditionalOnMissingBean (types: org.springframework.data.web.PageableHandlerMethodArgumentResolver; SearchStrategy: all) did not find any beans (OnBeanCondition)

   SpringDataWebAutoConfiguration#pageableCustomizer matched:
      - @ConditionalOnMissingBean (types: org.springframework.data.web.config.PageableHandlerMethodArgumentResolverCustomizer; SearchStrategy: all) did not find any beans (OnBeanCondition)

   SpringDataWebAutoConfiguration#sortCustomizer matched:
      - @ConditionalOnMissingBean (types: org.springframework.data.web.config.SortHandlerMethodArgumentResolverCustomizer; SearchStrategy: all) did not find any beans (OnBeanCondition)

   TaskExecutionAutoConfiguration matched:
      - @ConditionalOnClass found required class 'org.springframework.scheduling.concurrent.ThreadPoolTaskExecutor' (OnClassCondition)

   TaskExecutionAutoConfiguration#applicationTaskExecutor matched:
      - @ConditionalOnMissingBean (types: java.util.concurrent.Executor; SearchStrategy: all) did not find any beans (OnBeanCondition)

   TaskExecutionAutoConfiguration#taskExecutorBuilder matched:
      - @ConditionalOnMissingBean (types: org.springframework.boot.task.TaskExecutorBuilder; SearchStrategy: all) did not find any beans (OnBeanCondition)

   ThymeleafAutoConfiguration matched:
      - @ConditionalOnClass found required classes 'org.thymeleaf.templatemode.TemplateMode', 'org.thymeleaf.spring5.SpringTemplateEngine' (OnClassCondition)

   ThymeleafAutoConfiguration.DefaultTemplateResolverConfiguration matched:
      - @ConditionalOnMissingBean (names: defaultTemplateResolver; SearchStrategy: all) did not find any beans (OnBeanCondition)

   ThymeleafAutoConfiguration.ThymeleafDefaultConfiguration#templateEngine matched:
      - @ConditionalOnMissingBean (types: org.thymeleaf.spring5.ISpringTemplateEngine; SearchStrategy: all) did not find any beans (OnBeanCondition)

   ThymeleafAutoConfiguration.ThymeleafJava8TimeDialect matched:
      - @ConditionalOnClass found required class 'org.thymeleaf.extras.java8time.dialect.Java8TimeDialect' (OnClassCondition)

   ThymeleafAutoConfiguration.ThymeleafJava8TimeDialect#java8TimeDialect matched:
      - @ConditionalOnMissingBean (types: org.thymeleaf.extras.java8time.dialect.Java8TimeDialect; SearchStrategy: all) did not find any beans (OnBeanCondition)

   ThymeleafAutoConfiguration.ThymeleafWebMvcConfiguration matched:
      - found 'session' scope (OnWebApplicationCondition)
      - @ConditionalOnProperty (spring.thymeleaf.enabled) matched (OnPropertyCondition)

   ThymeleafAutoConfiguration.ThymeleafWebMvcConfiguration.ThymeleafViewResolverConfiguration#thymeleafViewResolver matched:
      - @ConditionalOnMissingBean (names: thymeleafViewResolver; SearchStrategy: all) did not find any beans (OnBeanCondition)

   ValidationAutoConfiguration matched:
      - @ConditionalOnClass found required class 'javax.validation.executable.ExecutableValidator' (OnClassCondition)
      - @ConditionalOnResource found location classpath:META-INF/services/javax.validation.spi.ValidationProvider (OnResourceCondition)

   ValidationAutoConfiguration#defaultValidator matched:
      - @ConditionalOnMissingBean (types: javax.validation.Validator; SearchStrategy: all) did not find any beans (OnBeanCondition)

   ValidationAutoConfiguration#methodValidationPostProcessor matched:
      - @ConditionalOnMissingBean (types: org.springframework.validation.beanvalidation.MethodValidationPostProcessor; SearchStrategy: all) did not find any beans (OnBeanCondition)

   WebMvcAutoConfiguration matched:
      - @ConditionalOnClass found required classes 'javax.servlet.Servlet', 'org.springframework.web.servlet.DispatcherServlet', 'org.springframework.web.servlet.config.annotation.WebMvcConfigurer' (OnClassCondition)
      - found 'session' scope (OnWebApplicationCondition)
      - @ConditionalOnMissingBean (types: org.springframework.web.servlet.config.annotation.WebMvcConfigurationSupport; SearchStrategy: all) did not find any beans (OnBeanCondition)

   WebMvcAutoConfiguration#formContentFilter matched:
      - @ConditionalOnProperty (spring.mvc.formcontent.filter.enabled) matched (OnPropertyCondition)
      - @ConditionalOnMissingBean (types: org.springframework.web.filter.FormContentFilter; SearchStrategy: all) did not find any beans (OnBeanCondition)

   WebMvcAutoConfiguration.EnableWebMvcConfiguration#flashMapManager matched:
      - @ConditionalOnMissingBean (names: flashMapManager; SearchStrategy: all) did not find any beans (OnBeanCondition)

   WebMvcAutoConfiguration.EnableWebMvcConfiguration#localeResolver matched:
      - @ConditionalOnMissingBean (names: localeResolver; SearchStrategy: all) did not find any beans (OnBeanCondition)

   WebMvcAutoConfiguration.EnableWebMvcConfiguration#themeResolver matched:
      - @ConditionalOnMissingBean (names: themeResolver; SearchStrategy: all) did not find any beans (OnBeanCondition)

   WebMvcAutoConfiguration.WebMvcAutoConfigurationAdapter#defaultViewResolver matched:
      - @ConditionalOnMissingBean (types: org.springframework.web.servlet.view.InternalResourceViewResolver; SearchStrategy: all) did not find any beans (OnBeanCondition)

   WebMvcAutoConfiguration.WebMvcAutoConfigurationAdapter#requestContextFilter matched:
      - @ConditionalOnMissingBean (types: org.springframework.web.context.request.RequestContextListener,org.springframework.web.filter.RequestContextFilter; SearchStrategy: all) did not find any beans (OnBeanCondition)

   WebMvcAutoConfiguration.WebMvcAutoConfigurationAdapter#viewResolver matched:
      - @ConditionalOnBean (types: org.springframework.web.servlet.ViewResolver; SearchStrategy: all) found beans 'defaultViewResolver', 'beanNameViewResolver', 'mvcViewResolver'; @ConditionalOnMissingBean (names: viewResolver types: org.springframework.web.servlet.view.ContentNegotiatingViewResolver; SearchStrategy: all) did not find any beans (OnBeanCondition)

   WebSecurityEnablerConfiguration matched:
      - @ConditionalOnClass found required class 'org.springframework.security.config.annotation.web.configuration.EnableWebSecurity' (OnClassCondition)
      - found 'session' scope (OnWebApplicationCondition)
      - @ConditionalOnMissingBean (names: springSecurityFilterChain; SearchStrategy: all) did not find any beans (OnBeanCondition)


Negative matches:
-----------------

   CacheAutoConfiguration:
      Did not match:
         - @ConditionalOnBean (types: org.springframework.cache.interceptor.CacheAspectSupport; SearchStrategy: all) did not find any beans of type org.springframework.cache.interceptor.CacheAspectSupport (OnBeanCondition)
      Matched:
         - @ConditionalOnClass found required class 'org.springframework.cache.CacheManager' (OnClassCondition)

   CacheAutoConfiguration.CacheManagerEntityManagerFactoryDependsOnPostProcessor:
      Did not match:
         - Ancestor org.springframework.boot.autoconfigure.cache.CacheAutoConfiguration did not match (ConditionEvaluationReport.AncestorsMatchedCondition)
      Matched:
         - @ConditionalOnClass found required class 'org.springframework.orm.jpa.LocalContainerEntityManagerFactoryBean' (OnClassCondition)

   CaffeineCacheConfiguration:
      Did not match:
         - @ConditionalOnClass did not find required class 'com.github.benmanes.caffeine.cache.Caffeine' (OnClassCondition)

   CouchbaseCacheConfiguration:
      Did not match:
         - @ConditionalOnClass did not find required class 'com.couchbase.client.java.Cluster' (OnClassCondition)

   EhCacheCacheConfiguration:
      Did not match:
         - @ConditionalOnClass did not find required class 'net.sf.ehcache.Cache' (OnClassCondition)

   ErrorMvcAutoConfiguration.DefaultErrorViewResolverConfiguration#conventionErrorViewResolver:
      Did not match:
         - @ConditionalOnBean (types: org.springframework.web.servlet.DispatcherServlet; SearchStrategy: all) did not find any beans of type org.springframework.web.servlet.DispatcherServlet (OnBeanCondition)

   FreeMarkerAutoConfiguration:
      Did not match:
         - @ConditionalOnClass did not find required class 'freemarker.template.Configuration' (OnClassCondition)

   GenericCacheConfiguration:
      Did not match:
         - Cache org.springframework.boot.autoconfigure.cache.GenericCacheConfiguration unknown cache type (CacheCondition)

   GroovyTemplateAutoConfiguration:
      Did not match:
         - @ConditionalOnClass did not find required class 'groovy.text.markup.MarkupTemplateEngine' (OnClassCondition)

   GsonAutoConfiguration:
      Did not match:
         - @ConditionalOnClass did not find required class 'com.google.gson.Gson' (OnClassCondition)

   GsonHttpMessageConvertersConfiguration:
      Did not match:
         - @ConditionalOnClass did not find required class 'com.google.gson.Gson' (OnClassCondition)

   HazelcastCacheConfiguration:
      Did not match:
         - @ConditionalOnClass did not find required class 'com.hazelcast.core.HazelcastInstance' (OnClassCondition)

   InfinispanCacheConfiguration:
      Did not match:
         - @ConditionalOnClass did not find required class 'org.infinispan.spring.embedded.provider.SpringEmbeddedCacheManager' (OnClassCondition)

   JCacheCacheConfiguration:
      Did not match:
         - @ConditionalOnClass did not find required class 'javax.cache.Caching' (OnClassCondition)

   JacksonHttpMessageConvertersConfiguration.MappingJackson2XmlHttpMessageConverterConfiguration:
      Did not match:
         - @ConditionalOnClass did not find required class 'com.fasterxml.jackson.dataformat.xml.XmlMapper' (OnClassCondition)

   JsonbAutoConfiguration:
      Did not match:
         - @ConditionalOnClass did not find required class 'javax.json.bind.Jsonb' (OnClassCondition)

   JsonbHttpMessageConvertersConfiguration:
      Did not match:
         - @ConditionalOnClass did not find required class 'javax.json.bind.Jsonb' (OnClassCondition)

   MessageSourceAutoConfiguration:
      Did not match:
         - ResourceBundle did not find bundle with basename messages (MessageSourceAutoConfiguration.ResourceBundleCondition)

   MockMvcSecurityConfiguration:
      Did not match:
         - @ConditionalOnClass did not find required class 'org.springframework.security.test.web.servlet.request.SecurityMockMvcRequestPostProcessors' (OnClassCondition)

   MockMvcWebClientAutoConfiguration:
      Did not match:
         - @ConditionalOnClass did not find required class 'com.gargoylesoftware.htmlunit.WebClient' (OnClassCondition)

   MockMvcWebDriverAutoConfiguration:
      Did not match:
         - @ConditionalOnClass did not find required class 'org.openqa.selenium.htmlunit.HtmlUnitDriver' (OnClassCondition)

   MustacheAutoConfiguration:
      Did not match:
         - @ConditionalOnClass did not find required class 'com.samskivert.mustache.Mustache' (OnClassCondition)

   OAuth2ClientAutoConfiguration:
      Did not match:
         - @ConditionalOnClass did not find required class 'org.springframework.security.oauth2.client.registration.ClientRegistration' (OnClassCondition)

   OAuth2ResourceServerAutoConfiguration:
      Did not match:
         - @ConditionalOnClass did not find required class 'org.springframework.security.oauth2.server.resource.BearerTokenAuthenticationToken' (OnClassCondition)

   RedisCacheConfiguration:
      Did not match:
         - @ConditionalOnClass did not find required class 'org.springframework.data.redis.connection.RedisConnectionFactory' (OnClassCondition)

   SecurityDataConfiguration:
      Did not match:
         - @ConditionalOnClass did not find required class 'org.springframework.security.data.repository.query.SecurityEvaluationContextExtension' (OnClassCondition)

   SimpleCacheConfiguration:
      Did not match:
         - Cache org.springframework.boot.autoconfigure.cache.SimpleCacheConfiguration unknown cache type (CacheCondition)

   SpringBootWebSecurityConfiguration:
      Did not match:
         - AllNestedConditions 1 matched 1 did not; NestedCondition on DefaultWebSecurityCondition.Beans @ConditionalOnMissingBean (types: org.springframework.security.config.annotation.web.configuration.WebSecurityConfigurerAdapter,org.springframework.security.web.SecurityFilterChain; SearchStrategy: all) found beans of type 'org.springframework.security.web.SecurityFilterChain' filterChain; NestedCondition on DefaultWebSecurityCondition.Classes @ConditionalOnClass found required classes 'org.springframework.security.web.SecurityFilterChain', 'org.springframework.security.config.annotation.web.builders.HttpSecurity' (DefaultWebSecurityCondition)
      Matched:
         - found 'session' scope (OnWebApplicationCondition)

   ThymeleafAutoConfiguration.DataAttributeDialectConfiguration:
      Did not match:
         - @ConditionalOnClass did not find required class 'com.github.mxab.thymeleaf.extras.dataattribute.dialect.DataAttributeDialect' (OnClassCondition)

   ThymeleafAutoConfiguration.ThymeleafReactiveConfiguration:
      Did not match:
         - did not find reactive web application classes (OnWebApplicationCondition)

   ThymeleafAutoConfiguration.ThymeleafSecurityDialectConfiguration:
      Did not match:
         - @ConditionalOnClass did not find required class 'org.thymeleaf.extras.springsecurity5.dialect.SpringSecurityDialect' (OnClassCondition)

   ThymeleafAutoConfiguration.ThymeleafWebFluxConfiguration:
      Did not match:
         - did not find reactive web application classes (OnWebApplicationCondition)

   ThymeleafAutoConfiguration.ThymeleafWebLayoutConfiguration:
      Did not match:
         - @ConditionalOnClass did not find required class 'nz.net.ultraq.thymeleaf.LayoutDialect' (OnClassCondition)

   ThymeleafAutoConfiguration.ThymeleafWebMvcConfiguration#resourceUrlEncodingFilter:
      Did not match:
         - @ConditionalOnEnabledResourceChain did not find class org.webjars.WebJarAssetLocator (OnEnabledResourceChainCondition)

   UserDetailsServiceAutoConfiguration:
      Did not match:
         - @ConditionalOnMissingBean (types: org.springframework.security.authentication.AuthenticationManager,org.springframework.security.authentication.AuthenticationProvider,org.springframework.security.core.userdetails.UserDetailsService,org.springframework.security.oauth2.jwt.JwtDecoder,org.springframework.security.oauth2.server.resource.introspection.OpaqueTokenIntrospector; SearchStrategy: all) found beans of type 'org.springframework.security.core.userdetails.UserDetailsService' userDetailsService (OnBeanCondition)
      Matched:
         - @ConditionalOnClass found required class 'org.springframework.security.authentication.AuthenticationManager' (OnClassCondition)

   WebMvcAutoConfiguration#hiddenHttpMethodFilter:
      Did not match:
         - @ConditionalOnProperty (spring.mvc.hiddenmethod.filter.enabled) did not find property 'enabled' (OnPropertyCondition)

   WebMvcAutoConfiguration.ResourceChainCustomizerConfiguration:
      Did not match:
         - @ConditionalOnEnabledResourceChain did not find class org.webjars.WebJarAssetLocator (OnEnabledResourceChainCondition)

   WebMvcAutoConfiguration.WebMvcAutoConfigurationAdapter#beanNameViewResolver:
      Did not match:
         - @ConditionalOnMissingBean (types: org.springframework.web.servlet.view.BeanNameViewResolver; SearchStrategy: all) found beans of type 'org.springframework.web.servlet.view.BeanNameViewResolver' beanNameViewResolver (OnBeanCondition)


Exclusions:
-----------

    None


Unconditional classes:
----------------------

    None



2024-01-13 22:39:12.482 TRACE 58992 --- [           main] o.s.boot.diagnostics.FailureAnalyzers    : Failed to load org.springframework.boot.liquibase.LiquibaseChangelogMissingFailureAnalyzer

java.lang.NoClassDefFoundError: liquibase/exception/ChangeLogParseException
	at java.base/java.lang.Class.getDeclaredConstructors0(Native Method) ~[na:na]
	at java.base/java.lang.Class.privateGetDeclaredConstructors(Class.java:3373) ~[na:na]
	at java.base/java.lang.Class.getConstructor0(Class.java:3578) ~[na:na]
	at java.base/java.lang.Class.getDeclaredConstructor(Class.java:2754) ~[na:na]
	at org.springframework.boot.diagnostics.FailureAnalyzers.createAnalyzer(FailureAnalyzers.java:91) ~[spring-boot-2.5.3.jar:2.5.3]
	at org.springframework.boot.diagnostics.FailureAnalyzers.loadFailureAnalyzers(FailureAnalyzers.java:77) ~[spring-boot-2.5.3.jar:2.5.3]
	at org.springframework.boot.diagnostics.FailureAnalyzers.<init>(FailureAnalyzers.java:64) ~[spring-boot-2.5.3.jar:2.5.3]
	at org.springframework.boot.diagnostics.FailureAnalyzers.<init>(FailureAnalyzers.java:59) ~[spring-boot-2.5.3.jar:2.5.3]
	at java.base/jdk.internal.reflect.NativeConstructorAccessorImpl.newInstance0(Native Method) ~[na:na]
	at java.base/jdk.internal.reflect.NativeConstructorAccessorImpl.newInstance(NativeConstructorAccessorImpl.java:77) ~[na:na]
	at java.base/jdk.internal.reflect.DelegatingConstructorAccessorImpl.newInstance(DelegatingConstructorAccessorImpl.java:45) ~[na:na]
	at java.base/java.lang.reflect.Constructor.newInstanceWithCaller(Constructor.java:499) ~[na:na]
	at java.base/java.lang.reflect.Constructor.newInstance(Constructor.java:480) ~[na:na]
	at org.springframework.beans.BeanUtils.instantiateClass(BeanUtils.java:208) ~[spring-beans-5.3.9.jar:5.3.9]
	at org.springframework.boot.SpringApplication.createSpringFactoriesInstances(SpringApplication.java:471) ~[spring-boot-2.5.3.jar:2.5.3]
	at org.springframework.boot.SpringApplication.getSpringFactoriesInstances(SpringApplication.java:457) ~[spring-boot-2.5.3.jar:2.5.3]
	at org.springframework.boot.SpringApplication.getExceptionReporters(SpringApplication.java:822) ~[spring-boot-2.5.3.jar:2.5.3]
	at org.springframework.boot.SpringApplication.handleRunFailure(SpringApplication.java:808) ~[spring-boot-2.5.3.jar:2.5.3]
	at org.springframework.boot.SpringApplication.run(SpringApplication.java:348) ~[spring-boot-2.5.3.jar:2.5.3]
	at org.springframework.boot.test.context.SpringBootContextLoader.loadContext(SpringBootContextLoader.java:123) ~[spring-boot-test-2.5.3.jar:2.5.3]
	at org.springframework.test.context.cache.DefaultCacheAwareContextLoaderDelegate.loadContextInternal(DefaultCacheAwareContextLoaderDelegate.java:99) ~[spring-test-5.3.9.jar:5.3.9]
	at org.springframework.test.context.cache.DefaultCacheAwareContextLoaderDelegate.loadContext(DefaultCacheAwareContextLoaderDelegate.java:124) ~[spring-test-5.3.9.jar:5.3.9]
	at org.springframework.test.context.support.DefaultTestContext.getApplicationContext(DefaultTestContext.java:124) ~[spring-test-5.3.9.jar:5.3.9]
	at org.springframework.boot.test.autoconfigure.SpringBootDependencyInjectionTestExecutionListener.outputConditionEvaluationReport(SpringBootDependencyInjectionTestExecutionListener.java:53) ~[spring-boot-test-autoconfigure-2.5.3.jar:2.5.3]
	at org.springframework.boot.test.autoconfigure.SpringBootDependencyInjectionTestExecutionListener.prepareTestInstance(SpringBootDependencyInjectionTestExecutionListener.java:46) ~[spring-boot-test-autoconfigure-2.5.3.jar:2.5.3]
	at org.springframework.test.context.TestContextManager.prepareTestInstance(TestContextManager.java:244) ~[spring-test-5.3.9.jar:5.3.9]
	at org.springframework.test.context.junit.jupiter.SpringExtension.postProcessTestInstance(SpringExtension.java:138) ~[spring-test-5.3.9.jar:5.3.9]
	at org.junit.jupiter.engine.descriptor.ClassBasedTestDescriptor.lambda$invokeTestInstancePostProcessors$6(ClassBasedTestDescriptor.java:350) ~[junit-jupiter-engine-5.7.2.jar:5.7.2]
	at org.junit.jupiter.engine.descriptor.ClassBasedTestDescriptor.executeAndMaskThrowable(ClassBasedTestDescriptor.java:355) ~[junit-jupiter-engine-5.7.2.jar:5.7.2]
	at org.junit.jupiter.engine.descriptor.ClassBasedTestDescriptor.lambda$invokeTestInstancePostProcessors$7(ClassBasedTestDescriptor.java:350) ~[junit-jupiter-engine-5.7.2.jar:5.7.2]
	at java.base/java.util.stream.ReferencePipeline$3$1.accept(ReferencePipeline.java:197) ~[na:na]
	at java.base/java.util.stream.ReferencePipeline$2$1.accept(ReferencePipeline.java:179) ~[na:na]
	at java.base/java.util.ArrayList$ArrayListSpliterator.forEachRemaining(ArrayList.java:1625) ~[na:na]
	at java.base/java.util.stream.AbstractPipeline.copyInto(AbstractPipeline.java:509) ~[na:na]
	at java.base/java.util.stream.AbstractPipeline.wrapAndCopyInto(AbstractPipeline.java:499) ~[na:na]
	at java.base/java.util.stream.StreamSpliterators$WrappingSpliterator.forEachRemaining(StreamSpliterators.java:310) ~[na:na]
	at java.base/java.util.stream.Streams$ConcatSpliterator.forEachRemaining(Streams.java:735) ~[na:na]
	at java.base/java.util.stream.Streams$ConcatSpliterator.forEachRemaining(Streams.java:734) ~[na:na]
	at java.base/java.util.stream.ReferencePipeline$Head.forEach(ReferencePipeline.java:762) ~[na:na]
	at org.junit.jupiter.engine.descriptor.ClassBasedTestDescriptor.invokeTestInstancePostProcessors(ClassBasedTestDescriptor.java:349) ~[junit-jupiter-engine-5.7.2.jar:5.7.2]
	at org.junit.jupiter.engine.descriptor.ClassBasedTestDescriptor.lambda$instantiateAndPostProcessTestInstance$4(ClassBasedTestDescriptor.java:270) ~[junit-jupiter-engine-5.7.2.jar:5.7.2]
	at org.junit.platform.engine.support.hierarchical.ThrowableCollector.execute(ThrowableCollector.java:73) ~[junit-platform-engine-1.7.2.jar:1.7.2]
	at org.junit.jupiter.engine.descriptor.ClassBasedTestDescriptor.instantiateAndPostProcessTestInstance(ClassBasedTestDescriptor.java:269) ~[junit-jupiter-engine-5.7.2.jar:5.7.2]
	at org.junit.jupiter.engine.descriptor.ClassBasedTestDescriptor.lambda$testInstancesProvider$2(ClassBasedTestDescriptor.java:259) ~[junit-jupiter-engine-5.7.2.jar:5.7.2]
	at java.base/java.util.Optional.orElseGet(Optional.java:364) ~[na:na]
	at org.junit.jupiter.engine.descriptor.ClassBasedTestDescriptor.lambda$testInstancesProvider$3(ClassBasedTestDescriptor.java:258) ~[junit-jupiter-engine-5.7.2.jar:5.7.2]
	at org.junit.jupiter.engine.execution.TestInstancesProvider.getTestInstances(TestInstancesProvider.java:31) ~[junit-jupiter-engine-5.7.2.jar:5.7.2]
	at org.junit.jupiter.engine.descriptor.TestMethodTestDescriptor.lambda$prepare$0(TestMethodTestDescriptor.java:101) ~[junit-jupiter-engine-5.7.2.jar:5.7.2]
	at org.junit.platform.engine.support.hierarchical.ThrowableCollector.execute(ThrowableCollector.java:73) ~[junit-platform-engine-1.7.2.jar:1.7.2]
	at org.junit.jupiter.engine.descriptor.TestMethodTestDescriptor.prepare(TestMethodTestDescriptor.java:100) ~[junit-jupiter-engine-5.7.2.jar:5.7.2]
	at org.junit.jupiter.engine.descriptor.TestMethodTestDescriptor.prepare(TestMethodTestDescriptor.java:65) ~[junit-jupiter-engine-5.7.2.jar:5.7.2]
	at org.junit.platform.engine.support.hierarchical.NodeTestTask.lambda$prepare$1(NodeTestTask.java:111) ~[junit-platform-engine-1.7.2.jar:1.7.2]
	at org.junit.platform.engine.support.hierarchical.ThrowableCollector.execute(ThrowableCollector.java:73) ~[junit-platform-engine-1.7.2.jar:1.7.2]
	at org.junit.platform.engine.support.hierarchical.NodeTestTask.prepare(NodeTestTask.java:111) ~[junit-platform-engine-1.7.2.jar:1.7.2]
	at org.junit.platform.engine.support.hierarchical.NodeTestTask.execute(NodeTestTask.java:79) ~[junit-platform-engine-1.7.2.jar:1.7.2]
	at java.base/java.util.ArrayList.forEach(ArrayList.java:1511) ~[na:na]
	at org.junit.platform.engine.support.hierarchical.SameThreadHierarchicalTestExecutorService.invokeAll(SameThreadHierarchicalTestExecutorService.java:38) ~[junit-platform-engine-1.7.2.jar:1.7.2]
	at org.junit.platform.engine.support.hierarchical.NodeTestTask.lambda$executeRecursively$5(NodeTestTask.java:143) ~[junit-platform-engine-1.7.2.jar:1.7.2]
	at org.junit.platform.engine.support.hierarchical.ThrowableCollector.execute(ThrowableCollector.java:73) ~[junit-platform-engine-1.7.2.jar:1.7.2]
	at org.junit.platform.engine.support.hierarchical.NodeTestTask.lambda$executeRecursively$7(NodeTestTask.java:129) ~[junit-platform-engine-1.7.2.jar:1.7.2]
	at org.junit.platform.engine.support.hierarchical.Node.around(Node.java:137) ~[junit-platform-engine-1.7.2.jar:1.7.2]
	at org.junit.platform.engine.support.hierarchical.NodeTestTask.lambda$executeRecursively$8(NodeTestTask.java:127) ~[junit-platform-engine-1.7.2.jar:1.7.2]
	at org.junit.platform.engine.support.hierarchical.ThrowableCollector.execute(ThrowableCollector.java:73) ~[junit-platform-engine-1.7.2.jar:1.7.2]
	at org.junit.platform.engine.support.hierarchical.NodeTestTask.executeRecursively(NodeTestTask.java:126) ~[junit-platform-engine-1.7.2.jar:1.7.2]
	at org.junit.platform.engine.support.hierarchical.NodeTestTask.execute(NodeTestTask.java:84) ~[junit-platform-engine-1.7.2.jar:1.7.2]
	at java.base/java.util.ArrayList.forEach(ArrayList.java:1511) ~[na:na]
	at org.junit.platform.engine.support.hierarchical.SameThreadHierarchicalTestExecutorService.invokeAll(SameThreadHierarchicalTestExecutorService.java:38) ~[junit-platform-engine-1.7.2.jar:1.7.2]
	at org.junit.platform.engine.support.hierarchical.NodeTestTask.lambda$executeRecursively$5(NodeTestTask.java:143) ~[junit-platform-engine-1.7.2.jar:1.7.2]
	at org.junit.platform.engine.support.hierarchical.ThrowableCollector.execute(ThrowableCollector.java:73) ~[junit-platform-engine-1.7.2.jar:1.7.2]
	at org.junit.platform.engine.support.hierarchical.NodeTestTask.lambda$executeRecursively$7(NodeTestTask.java:129) ~[junit-platform-engine-1.7.2.jar:1.7.2]
	at org.junit.platform.engine.support.hierarchical.Node.around(Node.java:137) ~[junit-platform-engine-1.7.2.jar:1.7.2]
	at org.junit.platform.engine.support.hierarchical.NodeTestTask.lambda$executeRecursively$8(NodeTestTask.java:127) ~[junit-platform-engine-1.7.2.jar:1.7.2]
	at org.junit.platform.engine.support.hierarchical.ThrowableCollector.execute(ThrowableCollector.java:73) ~[junit-platform-engine-1.7.2.jar:1.7.2]
	at org.junit.platform.engine.support.hierarchical.NodeTestTask.executeRecursively(NodeTestTask.java:126) ~[junit-platform-engine-1.7.2.jar:1.7.2]
	at org.junit.platform.engine.support.hierarchical.NodeTestTask.execute(NodeTestTask.java:84) ~[junit-platform-engine-1.7.2.jar:1.7.2]
	at org.junit.platform.engine.support.hierarchical.SameThreadHierarchicalTestExecutorService.submit(SameThreadHierarchicalTestExecutorService.java:32) ~[junit-platform-engine-1.7.2.jar:1.7.2]
	at org.junit.platform.engine.support.hierarchical.HierarchicalTestExecutor.execute(HierarchicalTestExecutor.java:57) ~[junit-platform-engine-1.7.2.jar:1.7.2]
	at org.junit.platform.engine.support.hierarchical.HierarchicalTestEngine.execute(HierarchicalTestEngine.java:51) ~[junit-platform-engine-1.7.2.jar:1.7.2]
	at org.junit.platform.launcher.core.DefaultLauncher.execute(DefaultLauncher.java:220) ~[junit-platform-launcher-1.3.1.jar:1.3.1]
	at org.junit.platform.launcher.core.DefaultLauncher.lambda$execute$6(DefaultLauncher.java:188) ~[junit-platform-launcher-1.3.1.jar:1.3.1]
	at org.junit.platform.launcher.core.DefaultLauncher.withInterceptedStreams(DefaultLauncher.java:202) ~[junit-platform-launcher-1.3.1.jar:1.3.1]
	at org.junit.platform.launcher.core.DefaultLauncher.execute(DefaultLauncher.java:181) ~[junit-platform-launcher-1.3.1.jar:1.3.1]
	at org.junit.platform.launcher.core.DefaultLauncher.execute(DefaultLauncher.java:128) ~[junit-platform-launcher-1.3.1.jar:1.3.1]
	at org.apache.maven.surefire.junitplatform.JUnitPlatformProvider.invokeAllTests(JUnitPlatformProvider.java:150) ~[surefire-junit-platform-2.22.2.jar:2.22.2]
	at org.apache.maven.surefire.junitplatform.JUnitPlatformProvider.invoke(JUnitPlatformProvider.java:124) ~[surefire-junit-platform-2.22.2.jar:2.22.2]
	at org.apache.maven.surefire.booter.ForkedBooter.invokeProviderInSameClassLoader(ForkedBooter.java:384) ~[surefire-booter-2.22.2.jar:2.22.2]
	at org.apache.maven.surefire.booter.ForkedBooter.runSuitesInProcess(ForkedBooter.java:345) ~[surefire-booter-2.22.2.jar:2.22.2]
	at org.apache.maven.surefire.booter.ForkedBooter.execute(ForkedBooter.java:126) ~[surefire-booter-2.22.2.jar:2.22.2]
	at org.apache.maven.surefire.booter.ForkedBooter.main(ForkedBooter.java:418) ~[surefire-booter-2.22.2.jar:2.22.2]
Caused by: java.lang.ClassNotFoundException: liquibase.exception.ChangeLogParseException
	at java.base/jdk.internal.loader.BuiltinClassLoader.loadClass(BuiltinClassLoader.java:641) ~[na:na]
	at java.base/jdk.internal.loader.ClassLoaders$AppClassLoader.loadClass(ClassLoaders.java:188) ~[na:na]
	at java.base/java.lang.ClassLoader.loadClass(ClassLoader.java:520) ~[na:na]
	... 89 common frames omitted

2024-01-13 22:39:12.482 TRACE 58992 --- [           main] o.s.c.io.support.SpringFactoriesLoader   : Loaded [org.springframework.boot.diagnostics.FailureAnalysisReporter] names: [org.springframework.boot.diagnostics.LoggingFailureAnalysisReporter]
2024-01-13 22:39:12.482 DEBUG 58992 --- [           main] o.s.b.d.LoggingFailureAnalysisReporter   : Application failed to start due to an exception

org.springframework.beans.factory.NoSuchBeanDefinitionException: No qualifying bean of type 'tacos.data.jdbc.IngredientDataRepository' available: expected at least 1 bean which qualifies as autowire candidate. Dependency annotations: {}
	at org.springframework.beans.factory.support.DefaultListableBeanFactory.raiseNoMatchingBeanFound(DefaultListableBeanFactory.java:1790) ~[spring-beans-5.3.9.jar:5.3.9]
	at org.springframework.beans.factory.support.DefaultListableBeanFactory.doResolveDependency(DefaultListableBeanFactory.java:1346) ~[spring-beans-5.3.9.jar:5.3.9]
	at org.springframework.beans.factory.support.DefaultListableBeanFactory.resolveDependency(DefaultListableBeanFactory.java:1300) ~[spring-beans-5.3.9.jar:5.3.9]
	at org.springframework.beans.factory.support.ConstructorResolver.resolveAutowiredArgument(ConstructorResolver.java:887) ~[spring-beans-5.3.9.jar:5.3.9]
	at org.springframework.beans.factory.support.ConstructorResolver.createArgumentArray(ConstructorResolver.java:791) ~[spring-beans-5.3.9.jar:5.3.9]
	at org.springframework.beans.factory.support.ConstructorResolver.autowireConstructor(ConstructorResolver.java:229) ~[spring-beans-5.3.9.jar:5.3.9]
	at org.springframework.beans.factory.support.AbstractAutowireCapableBeanFactory.autowireConstructor(AbstractAutowireCapableBeanFactory.java:1354) ~[spring-beans-5.3.9.jar:5.3.9]
	at org.springframework.beans.factory.support.AbstractAutowireCapableBeanFactory.createBeanInstance(AbstractAutowireCapableBeanFactory.java:1204) ~[spring-beans-5.3.9.jar:5.3.9]
	at org.springframework.beans.factory.support.AbstractAutowireCapableBeanFactory.doCreateBean(AbstractAutowireCapableBeanFactory.java:564) ~[spring-beans-5.3.9.jar:5.3.9]
	at org.springframework.beans.factory.support.AbstractAutowireCapableBeanFactory.createBean(AbstractAutowireCapableBeanFactory.java:524) ~[spring-beans-5.3.9.jar:5.3.9]
	at org.springframework.beans.factory.support.AbstractBeanFactory.lambda$doGetBean$0(AbstractBeanFactory.java:335) ~[spring-beans-5.3.9.jar:5.3.9]
	at org.springframework.beans.factory.support.DefaultSingletonBeanRegistry.getSingleton(DefaultSingletonBeanRegistry.java:234) ~[spring-beans-5.3.9.jar:5.3.9]
	at org.springframework.beans.factory.support.AbstractBeanFactory.doGetBean(AbstractBeanFactory.java:333) ~[spring-beans-5.3.9.jar:5.3.9]
	at org.springframework.beans.factory.support.AbstractBeanFactory.getBean(AbstractBeanFactory.java:208) ~[spring-beans-5.3.9.jar:5.3.9]
	at org.springframework.beans.factory.support.DefaultListableBeanFactory.preInstantiateSingletons(DefaultListableBeanFactory.java:944) ~[spring-beans-5.3.9.jar:5.3.9]
	at org.springframework.context.support.AbstractApplicationContext.finishBeanFactoryInitialization(AbstractApplicationContext.java:918) ~[spring-context-5.3.9.jar:5.3.9]
	at org.springframework.context.support.AbstractApplicationContext.refresh(AbstractApplicationContext.java:583) ~[spring-context-5.3.9.jar:5.3.9]
	at org.springframework.boot.SpringApplication.refresh(SpringApplication.java:754) ~[spring-boot-2.5.3.jar:2.5.3]
	at org.springframework.boot.SpringApplication.refreshContext(SpringApplication.java:434) ~[spring-boot-2.5.3.jar:2.5.3]
	at org.springframework.boot.SpringApplication.run(SpringApplication.java:338) ~[spring-boot-2.5.3.jar:2.5.3]
	at org.springframework.boot.test.context.SpringBootContextLoader.loadContext(SpringBootContextLoader.java:123) ~[spring-boot-test-2.5.3.jar:2.5.3]
	at org.springframework.test.context.cache.DefaultCacheAwareContextLoaderDelegate.loadContextInternal(DefaultCacheAwareContextLoaderDelegate.java:99) ~[spring-test-5.3.9.jar:5.3.9]
	at org.springframework.test.context.cache.DefaultCacheAwareContextLoaderDelegate.loadContext(DefaultCacheAwareContextLoaderDelegate.java:124) ~[spring-test-5.3.9.jar:5.3.9]
	at org.springframework.test.context.support.DefaultTestContext.getApplicationContext(DefaultTestContext.java:124) ~[spring-test-5.3.9.jar:5.3.9]
	at org.springframework.boot.test.autoconfigure.SpringBootDependencyInjectionTestExecutionListener.outputConditionEvaluationReport(SpringBootDependencyInjectionTestExecutionListener.java:53) ~[spring-boot-test-autoconfigure-2.5.3.jar:2.5.3]
	at org.springframework.boot.test.autoconfigure.SpringBootDependencyInjectionTestExecutionListener.prepareTestInstance(SpringBootDependencyInjectionTestExecutionListener.java:46) ~[spring-boot-test-autoconfigure-2.5.3.jar:2.5.3]
	at org.springframework.test.context.TestContextManager.prepareTestInstance(TestContextManager.java:244) ~[spring-test-5.3.9.jar:5.3.9]
	at org.springframework.test.context.junit.jupiter.SpringExtension.postProcessTestInstance(SpringExtension.java:138) ~[spring-test-5.3.9.jar:5.3.9]
	at org.junit.jupiter.engine.descriptor.ClassBasedTestDescriptor.lambda$invokeTestInstancePostProcessors$6(ClassBasedTestDescriptor.java:350) ~[junit-jupiter-engine-5.7.2.jar:5.7.2]
	at org.junit.jupiter.engine.descriptor.ClassBasedTestDescriptor.executeAndMaskThrowable(ClassBasedTestDescriptor.java:355) ~[junit-jupiter-engine-5.7.2.jar:5.7.2]
	at org.junit.jupiter.engine.descriptor.ClassBasedTestDescriptor.lambda$invokeTestInstancePostProcessors$7(ClassBasedTestDescriptor.java:350) ~[junit-jupiter-engine-5.7.2.jar:5.7.2]
	at java.base/java.util.stream.ReferencePipeline$3$1.accept(ReferencePipeline.java:197) ~[na:na]
	at java.base/java.util.stream.ReferencePipeline$2$1.accept(ReferencePipeline.java:179) ~[na:na]
	at java.base/java.util.ArrayList$ArrayListSpliterator.forEachRemaining(ArrayList.java:1625) ~[na:na]
	at java.base/java.util.stream.AbstractPipeline.copyInto(AbstractPipeline.java:509) ~[na:na]
	at java.base/java.util.stream.AbstractPipeline.wrapAndCopyInto(AbstractPipeline.java:499) ~[na:na]
	at java.base/java.util.stream.StreamSpliterators$WrappingSpliterator.forEachRemaining(StreamSpliterators.java:310) ~[na:na]
	at java.base/java.util.stream.Streams$ConcatSpliterator.forEachRemaining(Streams.java:735) ~[na:na]
	at java.base/java.util.stream.Streams$ConcatSpliterator.forEachRemaining(Streams.java:734) ~[na:na]
	at java.base/java.util.stream.ReferencePipeline$Head.forEach(ReferencePipeline.java:762) ~[na:na]
	at org.junit.jupiter.engine.descriptor.ClassBasedTestDescriptor.invokeTestInstancePostProcessors(ClassBasedTestDescriptor.java:349) ~[junit-jupiter-engine-5.7.2.jar:5.7.2]
	at org.junit.jupiter.engine.descriptor.ClassBasedTestDescriptor.lambda$instantiateAndPostProcessTestInstance$4(ClassBasedTestDescriptor.java:270) ~[junit-jupiter-engine-5.7.2.jar:5.7.2]
	at org.junit.platform.engine.support.hierarchical.ThrowableCollector.execute(ThrowableCollector.java:73) ~[junit-platform-engine-1.7.2.jar:1.7.2]
	at org.junit.jupiter.engine.descriptor.ClassBasedTestDescriptor.instantiateAndPostProcessTestInstance(ClassBasedTestDescriptor.java:269) ~[junit-jupiter-engine-5.7.2.jar:5.7.2]
	at org.junit.jupiter.engine.descriptor.ClassBasedTestDescriptor.lambda$testInstancesProvider$2(ClassBasedTestDescriptor.java:259) ~[junit-jupiter-engine-5.7.2.jar:5.7.2]
	at java.base/java.util.Optional.orElseGet(Optional.java:364) ~[na:na]
	at org.junit.jupiter.engine.descriptor.ClassBasedTestDescriptor.lambda$testInstancesProvider$3(ClassBasedTestDescriptor.java:258) ~[junit-jupiter-engine-5.7.2.jar:5.7.2]
	at org.junit.jupiter.engine.execution.TestInstancesProvider.getTestInstances(TestInstancesProvider.java:31) ~[junit-jupiter-engine-5.7.2.jar:5.7.2]
	at org.junit.jupiter.engine.descriptor.TestMethodTestDescriptor.lambda$prepare$0(TestMethodTestDescriptor.java:101) ~[junit-jupiter-engine-5.7.2.jar:5.7.2]
	at org.junit.platform.engine.support.hierarchical.ThrowableCollector.execute(ThrowableCollector.java:73) ~[junit-platform-engine-1.7.2.jar:1.7.2]
	at org.junit.jupiter.engine.descriptor.TestMethodTestDescriptor.prepare(TestMethodTestDescriptor.java:100) ~[junit-jupiter-engine-5.7.2.jar:5.7.2]
	at org.junit.jupiter.engine.descriptor.TestMethodTestDescriptor.prepare(TestMethodTestDescriptor.java:65) ~[junit-jupiter-engine-5.7.2.jar:5.7.2]
	at org.junit.platform.engine.support.hierarchical.NodeTestTask.lambda$prepare$1(NodeTestTask.java:111) ~[junit-platform-engine-1.7.2.jar:1.7.2]
	at org.junit.platform.engine.support.hierarchical.ThrowableCollector.execute(ThrowableCollector.java:73) ~[junit-platform-engine-1.7.2.jar:1.7.2]
	at org.junit.platform.engine.support.hierarchical.NodeTestTask.prepare(NodeTestTask.java:111) ~[junit-platform-engine-1.7.2.jar:1.7.2]
	at org.junit.platform.engine.support.hierarchical.NodeTestTask.execute(NodeTestTask.java:79) ~[junit-platform-engine-1.7.2.jar:1.7.2]
	at java.base/java.util.ArrayList.forEach(ArrayList.java:1511) ~[na:na]
	at org.junit.platform.engine.support.hierarchical.SameThreadHierarchicalTestExecutorService.invokeAll(SameThreadHierarchicalTestExecutorService.java:38) ~[junit-platform-engine-1.7.2.jar:1.7.2]
	at org.junit.platform.engine.support.hierarchical.NodeTestTask.lambda$executeRecursively$5(NodeTestTask.java:143) ~[junit-platform-engine-1.7.2.jar:1.7.2]
	at org.junit.platform.engine.support.hierarchical.ThrowableCollector.execute(ThrowableCollector.java:73) ~[junit-platform-engine-1.7.2.jar:1.7.2]
	at org.junit.platform.engine.support.hierarchical.NodeTestTask.lambda$executeRecursively$7(NodeTestTask.java:129) ~[junit-platform-engine-1.7.2.jar:1.7.2]
	at org.junit.platform.engine.support.hierarchical.Node.around(Node.java:137) ~[junit-platform-engine-1.7.2.jar:1.7.2]
	at org.junit.platform.engine.support.hierarchical.NodeTestTask.lambda$executeRecursively$8(NodeTestTask.java:127) ~[junit-platform-engine-1.7.2.jar:1.7.2]
	at org.junit.platform.engine.support.hierarchical.ThrowableCollector.execute(ThrowableCollector.java:73) ~[junit-platform-engine-1.7.2.jar:1.7.2]
	at org.junit.platform.engine.support.hierarchical.NodeTestTask.executeRecursively(NodeTestTask.java:126) ~[junit-platform-engine-1.7.2.jar:1.7.2]
	at org.junit.platform.engine.support.hierarchical.NodeTestTask.execute(NodeTestTask.java:84) ~[junit-platform-engine-1.7.2.jar:1.7.2]
	at java.base/java.util.ArrayList.forEach(ArrayList.java:1511) ~[na:na]
	at org.junit.platform.engine.support.hierarchical.SameThreadHierarchicalTestExecutorService.invokeAll(SameThreadHierarchicalTestExecutorService.java:38) ~[junit-platform-engine-1.7.2.jar:1.7.2]
	at org.junit.platform.engine.support.hierarchical.NodeTestTask.lambda$executeRecursively$5(NodeTestTask.java:143) ~[junit-platform-engine-1.7.2.jar:1.7.2]
	at org.junit.platform.engine.support.hierarchical.ThrowableCollector.execute(ThrowableCollector.java:73) ~[junit-platform-engine-1.7.2.jar:1.7.2]
	at org.junit.platform.engine.support.hierarchical.NodeTestTask.lambda$executeRecursively$7(NodeTestTask.java:129) ~[junit-platform-engine-1.7.2.jar:1.7.2]
	at org.junit.platform.engine.support.hierarchical.Node.around(Node.java:137) ~[junit-platform-engine-1.7.2.jar:1.7.2]
	at org.junit.platform.engine.support.hierarchical.NodeTestTask.lambda$executeRecursively$8(NodeTestTask.java:127) ~[junit-platform-engine-1.7.2.jar:1.7.2]
	at org.junit.platform.engine.support.hierarchical.ThrowableCollector.execute(ThrowableCollector.java:73) ~[junit-platform-engine-1.7.2.jar:1.7.2]
	at org.junit.platform.engine.support.hierarchical.NodeTestTask.executeRecursively(NodeTestTask.java:126) ~[junit-platform-engine-1.7.2.jar:1.7.2]
	at org.junit.platform.engine.support.hierarchical.NodeTestTask.execute(NodeTestTask.java:84) ~[junit-platform-engine-1.7.2.jar:1.7.2]
	at org.junit.platform.engine.support.hierarchical.SameThreadHierarchicalTestExecutorService.submit(SameThreadHierarchicalTestExecutorService.java:32) ~[junit-platform-engine-1.7.2.jar:1.7.2]
	at org.junit.platform.engine.support.hierarchical.HierarchicalTestExecutor.execute(HierarchicalTestExecutor.java:57) ~[junit-platform-engine-1.7.2.jar:1.7.2]
	at org.junit.platform.engine.support.hierarchical.HierarchicalTestEngine.execute(HierarchicalTestEngine.java:51) ~[junit-platform-engine-1.7.2.jar:1.7.2]
	at org.junit.platform.launcher.core.DefaultLauncher.execute(DefaultLauncher.java:220) ~[junit-platform-launcher-1.3.1.jar:1.3.1]
	at org.junit.platform.launcher.core.DefaultLauncher.lambda$execute$6(DefaultLauncher.java:188) ~[junit-platform-launcher-1.3.1.jar:1.3.1]
	at org.junit.platform.launcher.core.DefaultLauncher.withInterceptedStreams(DefaultLauncher.java:202) ~[junit-platform-launcher-1.3.1.jar:1.3.1]
	at org.junit.platform.launcher.core.DefaultLauncher.execute(DefaultLauncher.java:181) ~[junit-platform-launcher-1.3.1.jar:1.3.1]
	at org.junit.platform.launcher.core.DefaultLauncher.execute(DefaultLauncher.java:128) ~[junit-platform-launcher-1.3.1.jar:1.3.1]
	at org.apache.maven.surefire.junitplatform.JUnitPlatformProvider.invokeAllTests(JUnitPlatformProvider.java:150) ~[surefire-junit-platform-2.22.2.jar:2.22.2]
	at org.apache.maven.surefire.junitplatform.JUnitPlatformProvider.invoke(JUnitPlatformProvider.java:124) ~[surefire-junit-platform-2.22.2.jar:2.22.2]
	at org.apache.maven.surefire.booter.ForkedBooter.invokeProviderInSameClassLoader(ForkedBooter.java:384) ~[surefire-booter-2.22.2.jar:2.22.2]
	at org.apache.maven.surefire.booter.ForkedBooter.runSuitesInProcess(ForkedBooter.java:345) ~[surefire-booter-2.22.2.jar:2.22.2]
	at org.apache.maven.surefire.booter.ForkedBooter.execute(ForkedBooter.java:126) ~[surefire-booter-2.22.2.jar:2.22.2]
	at org.apache.maven.surefire.booter.ForkedBooter.main(ForkedBooter.java:418) ~[surefire-booter-2.22.2.jar:2.22.2]

2024-01-13 22:39:12.482 ERROR 58992 --- [           main] o.s.b.d.LoggingFailureAnalysisReporter   : 

***************************
APPLICATION FAILED TO START
***************************

Description:

Parameter 0 of constructor in tacos.IngredientByIdConverter required a bean of type 'tacos.data.jdbc.IngredientDataRepository' that could not be found.


Action:

Consider defining a bean of type 'tacos.data.jdbc.IngredientDataRepository' in your configuration.

2024-01-13 22:39:12.483 ERROR 58992 --- [           main] o.s.test.context.TestContextManager      : Caught exception while allowing TestExecutionListener [org.springframework.boot.test.autoconfigure.SpringBootDependencyInjectionTestExecutionListener@625430f8] to prepare test instance [tacos.HomeControllerTest@23e0b938]

java.lang.IllegalStateException: Failed to load ApplicationContext
	at org.springframework.test.context.cache.DefaultCacheAwareContextLoaderDelegate.loadContext(DefaultCacheAwareContextLoaderDelegate.java:132) ~[spring-test-5.3.9.jar:5.3.9]
	at org.springframework.test.context.support.DefaultTestContext.getApplicationContext(DefaultTestContext.java:124) ~[spring-test-5.3.9.jar:5.3.9]
	at org.springframework.test.context.support.DependencyInjectionTestExecutionListener.injectDependencies(DependencyInjectionTestExecutionListener.java:118) ~[spring-test-5.3.9.jar:5.3.9]
	at org.springframework.test.context.support.DependencyInjectionTestExecutionListener.prepareTestInstance(DependencyInjectionTestExecutionListener.java:83) ~[spring-test-5.3.9.jar:5.3.9]
	at org.springframework.boot.test.autoconfigure.SpringBootDependencyInjectionTestExecutionListener.prepareTestInstance(SpringBootDependencyInjectionTestExecutionListener.java:43) ~[spring-boot-test-autoconfigure-2.5.3.jar:2.5.3]
	at org.springframework.test.context.TestContextManager.prepareTestInstance(TestContextManager.java:244) ~[spring-test-5.3.9.jar:5.3.9]
	at org.springframework.test.context.junit.jupiter.SpringExtension.postProcessTestInstance(SpringExtension.java:138) ~[spring-test-5.3.9.jar:5.3.9]
	at org.junit.jupiter.engine.descriptor.ClassBasedTestDescriptor.lambda$invokeTestInstancePostProcessors$6(ClassBasedTestDescriptor.java:350) ~[junit-jupiter-engine-5.7.2.jar:5.7.2]
	at org.junit.jupiter.engine.descriptor.ClassBasedTestDescriptor.executeAndMaskThrowable(ClassBasedTestDescriptor.java:355) ~[junit-jupiter-engine-5.7.2.jar:5.7.2]
	at org.junit.jupiter.engine.descriptor.ClassBasedTestDescriptor.lambda$invokeTestInstancePostProcessors$7(ClassBasedTestDescriptor.java:350) ~[junit-jupiter-engine-5.7.2.jar:5.7.2]
	at java.base/java.util.stream.ReferencePipeline$3$1.accept(ReferencePipeline.java:197) ~[na:na]
	at java.base/java.util.stream.ReferencePipeline$2$1.accept(ReferencePipeline.java:179) ~[na:na]
	at java.base/java.util.ArrayList$ArrayListSpliterator.forEachRemaining(ArrayList.java:1625) ~[na:na]
	at java.base/java.util.stream.AbstractPipeline.copyInto(AbstractPipeline.java:509) ~[na:na]
	at java.base/java.util.stream.AbstractPipeline.wrapAndCopyInto(AbstractPipeline.java:499) ~[na:na]
	at java.base/java.util.stream.StreamSpliterators$WrappingSpliterator.forEachRemaining(StreamSpliterators.java:310) ~[na:na]
	at java.base/java.util.stream.Streams$ConcatSpliterator.forEachRemaining(Streams.java:735) ~[na:na]
	at java.base/java.util.stream.Streams$ConcatSpliterator.forEachRemaining(Streams.java:734) ~[na:na]
	at java.base/java.util.stream.ReferencePipeline$Head.forEach(ReferencePipeline.java:762) ~[na:na]
	at org.junit.jupiter.engine.descriptor.ClassBasedTestDescriptor.invokeTestInstancePostProcessors(ClassBasedTestDescriptor.java:349) ~[junit-jupiter-engine-5.7.2.jar:5.7.2]
	at org.junit.jupiter.engine.descriptor.ClassBasedTestDescriptor.lambda$instantiateAndPostProcessTestInstance$4(ClassBasedTestDescriptor.java:270) ~[junit-jupiter-engine-5.7.2.jar:5.7.2]
	at org.junit.platform.engine.support.hierarchical.ThrowableCollector.execute(ThrowableCollector.java:73) ~[junit-platform-engine-1.7.2.jar:1.7.2]
	at org.junit.jupiter.engine.descriptor.ClassBasedTestDescriptor.instantiateAndPostProcessTestInstance(ClassBasedTestDescriptor.java:269) ~[junit-jupiter-engine-5.7.2.jar:5.7.2]
	at org.junit.jupiter.engine.descriptor.ClassBasedTestDescriptor.lambda$testInstancesProvider$2(ClassBasedTestDescriptor.java:259) ~[junit-jupiter-engine-5.7.2.jar:5.7.2]
	at java.base/java.util.Optional.orElseGet(Optional.java:364) ~[na:na]
	at org.junit.jupiter.engine.descriptor.ClassBasedTestDescriptor.lambda$testInstancesProvider$3(ClassBasedTestDescriptor.java:258) ~[junit-jupiter-engine-5.7.2.jar:5.7.2]
	at org.junit.jupiter.engine.execution.TestInstancesProvider.getTestInstances(TestInstancesProvider.java:31) ~[junit-jupiter-engine-5.7.2.jar:5.7.2]
	at org.junit.jupiter.engine.descriptor.TestMethodTestDescriptor.lambda$prepare$0(TestMethodTestDescriptor.java:101) ~[junit-jupiter-engine-5.7.2.jar:5.7.2]
	at org.junit.platform.engine.support.hierarchical.ThrowableCollector.execute(ThrowableCollector.java:73) ~[junit-platform-engine-1.7.2.jar:1.7.2]
	at org.junit.jupiter.engine.descriptor.TestMethodTestDescriptor.prepare(TestMethodTestDescriptor.java:100) ~[junit-jupiter-engine-5.7.2.jar:5.7.2]
	at org.junit.jupiter.engine.descriptor.TestMethodTestDescriptor.prepare(TestMethodTestDescriptor.java:65) ~[junit-jupiter-engine-5.7.2.jar:5.7.2]
	at org.junit.platform.engine.support.hierarchical.NodeTestTask.lambda$prepare$1(NodeTestTask.java:111) ~[junit-platform-engine-1.7.2.jar:1.7.2]
	at org.junit.platform.engine.support.hierarchical.ThrowableCollector.execute(ThrowableCollector.java:73) ~[junit-platform-engine-1.7.2.jar:1.7.2]
	at org.junit.platform.engine.support.hierarchical.NodeTestTask.prepare(NodeTestTask.java:111) ~[junit-platform-engine-1.7.2.jar:1.7.2]
	at org.junit.platform.engine.support.hierarchical.NodeTestTask.execute(NodeTestTask.java:79) ~[junit-platform-engine-1.7.2.jar:1.7.2]
	at java.base/java.util.ArrayList.forEach(ArrayList.java:1511) ~[na:na]
	at org.junit.platform.engine.support.hierarchical.SameThreadHierarchicalTestExecutorService.invokeAll(SameThreadHierarchicalTestExecutorService.java:38) ~[junit-platform-engine-1.7.2.jar:1.7.2]
	at org.junit.platform.engine.support.hierarchical.NodeTestTask.lambda$executeRecursively$5(NodeTestTask.java:143) ~[junit-platform-engine-1.7.2.jar:1.7.2]
	at org.junit.platform.engine.support.hierarchical.ThrowableCollector.execute(ThrowableCollector.java:73) ~[junit-platform-engine-1.7.2.jar:1.7.2]
	at org.junit.platform.engine.support.hierarchical.NodeTestTask.lambda$executeRecursively$7(NodeTestTask.java:129) ~[junit-platform-engine-1.7.2.jar:1.7.2]
	at org.junit.platform.engine.support.hierarchical.Node.around(Node.java:137) ~[junit-platform-engine-1.7.2.jar:1.7.2]
	at org.junit.platform.engine.support.hierarchical.NodeTestTask.lambda$executeRecursively$8(NodeTestTask.java:127) ~[junit-platform-engine-1.7.2.jar:1.7.2]
	at org.junit.platform.engine.support.hierarchical.ThrowableCollector.execute(ThrowableCollector.java:73) ~[junit-platform-engine-1.7.2.jar:1.7.2]
	at org.junit.platform.engine.support.hierarchical.NodeTestTask.executeRecursively(NodeTestTask.java:126) ~[junit-platform-engine-1.7.2.jar:1.7.2]
	at org.junit.platform.engine.support.hierarchical.NodeTestTask.execute(NodeTestTask.java:84) ~[junit-platform-engine-1.7.2.jar:1.7.2]
	at java.base/java.util.ArrayList.forEach(ArrayList.java:1511) ~[na:na]
	at org.junit.platform.engine.support.hierarchical.SameThreadHierarchicalTestExecutorService.invokeAll(SameThreadHierarchicalTestExecutorService.java:38) ~[junit-platform-engine-1.7.2.jar:1.7.2]
	at org.junit.platform.engine.support.hierarchical.NodeTestTask.lambda$executeRecursively$5(NodeTestTask.java:143) ~[junit-platform-engine-1.7.2.jar:1.7.2]
	at org.junit.platform.engine.support.hierarchical.ThrowableCollector.execute(ThrowableCollector.java:73) ~[junit-platform-engine-1.7.2.jar:1.7.2]
	at org.junit.platform.engine.support.hierarchical.NodeTestTask.lambda$executeRecursively$7(NodeTestTask.java:129) ~[junit-platform-engine-1.7.2.jar:1.7.2]
	at org.junit.platform.engine.support.hierarchical.Node.around(Node.java:137) ~[junit-platform-engine-1.7.2.jar:1.7.2]
	at org.junit.platform.engine.support.hierarchical.NodeTestTask.lambda$executeRecursively$8(NodeTestTask.java:127) ~[junit-platform-engine-1.7.2.jar:1.7.2]
	at org.junit.platform.engine.support.hierarchical.ThrowableCollector.execute(ThrowableCollector.java:73) ~[junit-platform-engine-1.7.2.jar:1.7.2]
	at org.junit.platform.engine.support.hierarchical.NodeTestTask.executeRecursively(NodeTestTask.java:126) ~[junit-platform-engine-1.7.2.jar:1.7.2]
	at org.junit.platform.engine.support.hierarchical.NodeTestTask.execute(NodeTestTask.java:84) ~[junit-platform-engine-1.7.2.jar:1.7.2]
	at org.junit.platform.engine.support.hierarchical.SameThreadHierarchicalTestExecutorService.submit(SameThreadHierarchicalTestExecutorService.java:32) ~[junit-platform-engine-1.7.2.jar:1.7.2]
	at org.junit.platform.engine.support.hierarchical.HierarchicalTestExecutor.execute(HierarchicalTestExecutor.java:57) ~[junit-platform-engine-1.7.2.jar:1.7.2]
	at org.junit.platform.engine.support.hierarchical.HierarchicalTestEngine.execute(HierarchicalTestEngine.java:51) ~[junit-platform-engine-1.7.2.jar:1.7.2]
	at org.junit.platform.launcher.core.DefaultLauncher.execute(DefaultLauncher.java:220) ~[junit-platform-launcher-1.3.1.jar:1.3.1]
	at org.junit.platform.launcher.core.DefaultLauncher.lambda$execute$6(DefaultLauncher.java:188) ~[junit-platform-launcher-1.3.1.jar:1.3.1]
	at org.junit.platform.launcher.core.DefaultLauncher.withInterceptedStreams(DefaultLauncher.java:202) ~[junit-platform-launcher-1.3.1.jar:1.3.1]
	at org.junit.platform.launcher.core.DefaultLauncher.execute(DefaultLauncher.java:181) ~[junit-platform-launcher-1.3.1.jar:1.3.1]
	at org.junit.platform.launcher.core.DefaultLauncher.execute(DefaultLauncher.java:128) ~[junit-platform-launcher-1.3.1.jar:1.3.1]
	at org.apache.maven.surefire.junitplatform.JUnitPlatformProvider.invokeAllTests(JUnitPlatformProvider.java:150) ~[surefire-junit-platform-2.22.2.jar:2.22.2]
	at org.apache.maven.surefire.junitplatform.JUnitPlatformProvider.invoke(JUnitPlatformProvider.java:124) ~[surefire-junit-platform-2.22.2.jar:2.22.2]
	at org.apache.maven.surefire.booter.ForkedBooter.invokeProviderInSameClassLoader(ForkedBooter.java:384) ~[surefire-booter-2.22.2.jar:2.22.2]
	at org.apache.maven.surefire.booter.ForkedBooter.runSuitesInProcess(ForkedBooter.java:345) ~[surefire-booter-2.22.2.jar:2.22.2]
	at org.apache.maven.surefire.booter.ForkedBooter.execute(ForkedBooter.java:126) ~[surefire-booter-2.22.2.jar:2.22.2]
	at org.apache.maven.surefire.booter.ForkedBooter.main(ForkedBooter.java:418) ~[surefire-booter-2.22.2.jar:2.22.2]
Caused by: org.springframework.beans.factory.UnsatisfiedDependencyException: Error creating bean with name 'ingredientByIdConverter' defined in file [/Users/aselaillayapparachchi/IdeaProjects/learn-spring-in-action/taco-cloud-data-rest-jpa/target/classes/tacos/IngredientByIdConverter.class]: Unsatisfied dependency expressed through constructor parameter 0; nested exception is org.springframework.beans.factory.NoSuchBeanDefinitionException: No qualifying bean of type 'tacos.data.jdbc.IngredientDataRepository' available: expected at least 1 bean which qualifies as autowire candidate. Dependency annotations: {}
	at org.springframework.beans.factory.support.ConstructorResolver.createArgumentArray(ConstructorResolver.java:800) ~[spring-beans-5.3.9.jar:5.3.9]
	at org.springframework.beans.factory.support.ConstructorResolver.autowireConstructor(ConstructorResolver.java:229) ~[spring-beans-5.3.9.jar:5.3.9]
	at org.springframework.beans.factory.support.AbstractAutowireCapableBeanFactory.autowireConstructor(AbstractAutowireCapableBeanFactory.java:1354) ~[spring-beans-5.3.9.jar:5.3.9]
	at org.springframework.beans.factory.support.AbstractAutowireCapableBeanFactory.createBeanInstance(AbstractAutowireCapableBeanFactory.java:1204) ~[spring-beans-5.3.9.jar:5.3.9]
	at org.springframework.beans.factory.support.AbstractAutowireCapableBeanFactory.doCreateBean(AbstractAutowireCapableBeanFactory.java:564) ~[spring-beans-5.3.9.jar:5.3.9]
	at org.springframework.beans.factory.support.AbstractAutowireCapableBeanFactory.createBean(AbstractAutowireCapableBeanFactory.java:524) ~[spring-beans-5.3.9.jar:5.3.9]
	at org.springframework.beans.factory.support.AbstractBeanFactory.lambda$doGetBean$0(AbstractBeanFactory.java:335) ~[spring-beans-5.3.9.jar:5.3.9]
	at org.springframework.beans.factory.support.DefaultSingletonBeanRegistry.getSingleton(DefaultSingletonBeanRegistry.java:234) ~[spring-beans-5.3.9.jar:5.3.9]
	at org.springframework.beans.factory.support.AbstractBeanFactory.doGetBean(AbstractBeanFactory.java:333) ~[spring-beans-5.3.9.jar:5.3.9]
	at org.springframework.beans.factory.support.AbstractBeanFactory.getBean(AbstractBeanFactory.java:208) ~[spring-beans-5.3.9.jar:5.3.9]
	at org.springframework.beans.factory.support.DefaultListableBeanFactory.preInstantiateSingletons(DefaultListableBeanFactory.java:944) ~[spring-beans-5.3.9.jar:5.3.9]
	at org.springframework.context.support.AbstractApplicationContext.finishBeanFactoryInitialization(AbstractApplicationContext.java:918) ~[spring-context-5.3.9.jar:5.3.9]
	at org.springframework.context.support.AbstractApplicationContext.refresh(AbstractApplicationContext.java:583) ~[spring-context-5.3.9.jar:5.3.9]
	at org.springframework.boot.SpringApplication.refresh(SpringApplication.java:754) ~[spring-boot-2.5.3.jar:2.5.3]
	at org.springframework.boot.SpringApplication.refreshContext(SpringApplication.java:434) ~[spring-boot-2.5.3.jar:2.5.3]
	at org.springframework.boot.SpringApplication.run(SpringApplication.java:338) ~[spring-boot-2.5.3.jar:2.5.3]
	at org.springframework.boot.test.context.SpringBootContextLoader.loadContext(SpringBootContextLoader.java:123) ~[spring-boot-test-2.5.3.jar:2.5.3]
	at org.springframework.test.context.cache.DefaultCacheAwareContextLoaderDelegate.loadContextInternal(DefaultCacheAwareContextLoaderDelegate.java:99) ~[spring-test-5.3.9.jar:5.3.9]
	at org.springframework.test.context.cache.DefaultCacheAwareContextLoaderDelegate.loadContext(DefaultCacheAwareContextLoaderDelegate.java:124) ~[spring-test-5.3.9.jar:5.3.9]
	... 68 common frames omitted
Caused by: org.springframework.beans.factory.NoSuchBeanDefinitionException: No qualifying bean of type 'tacos.data.jdbc.IngredientDataRepository' available: expected at least 1 bean which qualifies as autowire candidate. Dependency annotations: {}
	at org.springframework.beans.factory.support.DefaultListableBeanFactory.raiseNoMatchingBeanFound(DefaultListableBeanFactory.java:1790) ~[spring-beans-5.3.9.jar:5.3.9]
	at org.springframework.beans.factory.support.DefaultListableBeanFactory.doResolveDependency(DefaultListableBeanFactory.java:1346) ~[spring-beans-5.3.9.jar:5.3.9]
	at org.springframework.beans.factory.support.DefaultListableBeanFactory.resolveDependency(DefaultListableBeanFactory.java:1300) ~[spring-beans-5.3.9.jar:5.3.9]
	at org.springframework.beans.factory.support.ConstructorResolver.resolveAutowiredArgument(ConstructorResolver.java:887) ~[spring-beans-5.3.9.jar:5.3.9]
	at org.springframework.beans.factory.support.ConstructorResolver.createArgumentArray(ConstructorResolver.java:791) ~[spring-beans-5.3.9.jar:5.3.9]
	... 86 common frames omitted

]]></system-out>
  </testcase>
</testsuite>